[2024-12-23 10:32:26,182] {taskinstance.py:896} INFO - Dependencies all met for <TaskInstance: run_python_script_dag.run_python_script 2024-12-23T10:32:24.831799+00:00 [queued]>
[2024-12-23 10:32:26,223] {taskinstance.py:896} INFO - Dependencies all met for <TaskInstance: run_python_script_dag.run_python_script 2024-12-23T10:32:24.831799+00:00 [queued]>
[2024-12-23 10:32:26,223] {taskinstance.py:1087} INFO - 
--------------------------------------------------------------------------------
[2024-12-23 10:32:26,223] {taskinstance.py:1088} INFO - Starting attempt 1 of 1
[2024-12-23 10:32:26,224] {taskinstance.py:1089} INFO - 
--------------------------------------------------------------------------------
[2024-12-23 10:32:26,241] {taskinstance.py:1107} INFO - Executing <Task(BashOperator): run_python_script> on 2024-12-23T10:32:24.831799+00:00
[2024-12-23 10:32:26,255] {standard_task_runner.py:76} INFO - Running: ['***', 'tasks', 'run', 'run_python_script_dag', 'run_python_script', '2024-12-23T10:32:24.831799+00:00', '--job-id', '6', '--pool', 'default_pool', '--raw', '--subdir', 'DAGS_FOLDER/creation.py', '--cfg-path', '/tmp/tmpoei81rjx', '--error-file', '/tmp/tmpa2qvlvk9']
[2024-12-23 10:32:26,256] {standard_task_runner.py:77} INFO - Job 6: Subtask run_python_script
[2024-12-23 10:32:26,252] {standard_task_runner.py:52} INFO - Started process 1412 to run task
[2024-12-23 10:32:26,480] {logging_mixin.py:104} INFO - Running <TaskInstance: run_python_script_dag.run_python_script 2024-12-23T10:32:24.831799+00:00 [running]> on host 21ac49de6db4
[2024-12-23 10:32:26,639] {taskinstance.py:1302} INFO - Exporting the following env vars:
AIRFLOW_CTX_DAG_OWNER=***
AIRFLOW_CTX_DAG_ID=run_python_script_dag
AIRFLOW_CTX_TASK_ID=run_python_script
AIRFLOW_CTX_EXECUTION_DATE=2024-12-23T10:32:24.831799+00:00
AIRFLOW_CTX_DAG_RUN_ID=manual__2024-12-23T10:32:24.831799+00:00
[2024-12-23 10:32:26,640] {subprocess.py:52} INFO - Tmp dir root location: 
 /tmp
[2024-12-23 10:32:26,642] {subprocess.py:63} INFO - Running command: ['bash', '-c', 'cd /opt/***/scripts/ && python tableCreation.py']
[2024-12-23 10:32:26,660] {subprocess.py:75} INFO - Output:
[2024-12-23 10:32:27,431] {subprocess.py:83} INFO - Command exited with return code 0
[2024-12-23 10:32:27,514] {taskinstance.py:1211} INFO - Marking task as SUCCESS. dag_id=run_python_script_dag, task_id=run_python_script, execution_date=20241223T103224, start_date=20241223T103226, end_date=20241223T103227
[2024-12-23 10:32:27,576] {taskinstance.py:1265} INFO - 0 downstream tasks scheduled from follow-on schedule check
[2024-12-23 10:32:27,623] {local_task_job.py:151} INFO - Task exited with return code 0
