[2024-12-17 10:50:19,883] {scheduler_job.py:182} INFO - Started process (PID=93) to work on /home/airflow/.local/lib/python3.6/site-packages/airflow/example_dags/example_external_task_marker_dag.py
[2024-12-17 10:50:19,884] {scheduler_job.py:633} INFO - Processing file /home/airflow/.local/lib/python3.6/site-packages/airflow/example_dags/example_external_task_marker_dag.py for tasks to queue
[2024-12-17 10:50:19,884] {logging_mixin.py:104} INFO - [2024-12-17 10:50:19,884] {dagbag.py:496} INFO - Filling up the DagBag from /home/airflow/.local/lib/python3.6/site-packages/airflow/example_dags/example_external_task_marker_dag.py
[2024-12-17 10:50:19,911] {scheduler_job.py:643} INFO - DAG(s) dict_keys(['example_external_task_marker_parent', 'example_external_task_marker_child']) retrieved from /home/airflow/.local/lib/python3.6/site-packages/airflow/example_dags/example_external_task_marker_dag.py
[2024-12-17 10:50:25,212] {logging_mixin.py:104} INFO - [2024-12-17 10:50:25,211] {dag.py:1833} INFO - Sync 2 DAGs
[2024-12-17 10:50:25,238] {logging_mixin.py:104} INFO - [2024-12-17 10:50:25,234] {dag.py:1852} INFO - Creating ORM DAG for example_external_task_marker_child
[2024-12-17 10:50:25,239] {logging_mixin.py:104} INFO - [2024-12-17 10:50:25,239] {dag.py:1852} INFO - Creating ORM DAG for example_external_task_marker_parent
[2024-12-17 10:50:25,250] {logging_mixin.py:104} INFO - [2024-12-17 10:50:25,250] {dag.py:2306} INFO - Setting next_dagrun for example_external_task_marker_child to None
[2024-12-17 10:50:25,251] {logging_mixin.py:104} INFO - [2024-12-17 10:50:25,251] {dag.py:2306} INFO - Setting next_dagrun for example_external_task_marker_parent to None
[2024-12-17 10:50:25,291] {scheduler_job.py:190} INFO - Processing /home/airflow/.local/lib/python3.6/site-packages/airflow/example_dags/example_external_task_marker_dag.py took 5.412 seconds
[2024-12-17 10:51:05,015] {scheduler_job.py:182} INFO - Started process (PID=192) to work on /home/airflow/.local/lib/python3.6/site-packages/airflow/example_dags/example_external_task_marker_dag.py
[2024-12-17 10:51:05,016] {scheduler_job.py:633} INFO - Processing file /home/airflow/.local/lib/python3.6/site-packages/airflow/example_dags/example_external_task_marker_dag.py for tasks to queue
[2024-12-17 10:51:05,017] {logging_mixin.py:104} INFO - [2024-12-17 10:51:05,017] {dagbag.py:496} INFO - Filling up the DagBag from /home/airflow/.local/lib/python3.6/site-packages/airflow/example_dags/example_external_task_marker_dag.py
[2024-12-17 10:51:05,046] {scheduler_job.py:643} INFO - DAG(s) dict_keys(['example_external_task_marker_parent', 'example_external_task_marker_child']) retrieved from /home/airflow/.local/lib/python3.6/site-packages/airflow/example_dags/example_external_task_marker_dag.py
[2024-12-17 10:51:05,079] {logging_mixin.py:104} INFO - [2024-12-17 10:51:05,079] {dag.py:1833} INFO - Sync 2 DAGs
[2024-12-17 10:51:05,100] {logging_mixin.py:104} INFO - [2024-12-17 10:51:05,100] {dag.py:2306} INFO - Setting next_dagrun for example_external_task_marker_child to None
[2024-12-17 10:51:05,101] {logging_mixin.py:104} INFO - [2024-12-17 10:51:05,101] {dag.py:2306} INFO - Setting next_dagrun for example_external_task_marker_parent to None
[2024-12-17 10:51:05,119] {scheduler_job.py:190} INFO - Processing /home/airflow/.local/lib/python3.6/site-packages/airflow/example_dags/example_external_task_marker_dag.py took 0.119 seconds
[2024-12-17 10:51:35,771] {scheduler_job.py:182} INFO - Started process (PID=251) to work on /home/airflow/.local/lib/python3.6/site-packages/airflow/example_dags/example_external_task_marker_dag.py
[2024-12-17 10:51:35,773] {scheduler_job.py:633} INFO - Processing file /home/airflow/.local/lib/python3.6/site-packages/airflow/example_dags/example_external_task_marker_dag.py for tasks to queue
[2024-12-17 10:51:35,774] {logging_mixin.py:104} INFO - [2024-12-17 10:51:35,774] {dagbag.py:496} INFO - Filling up the DagBag from /home/airflow/.local/lib/python3.6/site-packages/airflow/example_dags/example_external_task_marker_dag.py
[2024-12-17 10:51:35,810] {scheduler_job.py:643} INFO - DAG(s) dict_keys(['example_external_task_marker_parent', 'example_external_task_marker_child']) retrieved from /home/airflow/.local/lib/python3.6/site-packages/airflow/example_dags/example_external_task_marker_dag.py
[2024-12-17 10:51:36,324] {logging_mixin.py:104} INFO - [2024-12-17 10:51:36,324] {dag.py:1833} INFO - Sync 2 DAGs
[2024-12-17 10:51:36,378] {logging_mixin.py:104} INFO - [2024-12-17 10:51:36,378] {dag.py:2306} INFO - Setting next_dagrun for example_external_task_marker_child to None
[2024-12-17 10:51:36,378] {logging_mixin.py:104} INFO - [2024-12-17 10:51:36,378] {dag.py:2306} INFO - Setting next_dagrun for example_external_task_marker_parent to None
[2024-12-17 10:51:36,392] {scheduler_job.py:190} INFO - Processing /home/airflow/.local/lib/python3.6/site-packages/airflow/example_dags/example_external_task_marker_dag.py took 0.625 seconds
[2024-12-17 10:52:06,614] {scheduler_job.py:182} INFO - Started process (PID=302) to work on /home/airflow/.local/lib/python3.6/site-packages/airflow/example_dags/example_external_task_marker_dag.py
[2024-12-17 10:52:06,617] {scheduler_job.py:633} INFO - Processing file /home/airflow/.local/lib/python3.6/site-packages/airflow/example_dags/example_external_task_marker_dag.py for tasks to queue
[2024-12-17 10:52:06,618] {logging_mixin.py:104} INFO - [2024-12-17 10:52:06,617] {dagbag.py:496} INFO - Filling up the DagBag from /home/airflow/.local/lib/python3.6/site-packages/airflow/example_dags/example_external_task_marker_dag.py
[2024-12-17 10:52:06,631] {scheduler_job.py:643} INFO - DAG(s) dict_keys(['example_external_task_marker_parent', 'example_external_task_marker_child']) retrieved from /home/airflow/.local/lib/python3.6/site-packages/airflow/example_dags/example_external_task_marker_dag.py
[2024-12-17 10:52:06,838] {logging_mixin.py:104} INFO - [2024-12-17 10:52:06,837] {dag.py:1833} INFO - Sync 2 DAGs
[2024-12-17 10:52:06,869] {logging_mixin.py:104} INFO - [2024-12-17 10:52:06,869] {dag.py:2306} INFO - Setting next_dagrun for example_external_task_marker_child to None
[2024-12-17 10:52:06,869] {logging_mixin.py:104} INFO - [2024-12-17 10:52:06,869] {dag.py:2306} INFO - Setting next_dagrun for example_external_task_marker_parent to None
[2024-12-17 10:52:06,892] {scheduler_job.py:190} INFO - Processing /home/airflow/.local/lib/python3.6/site-packages/airflow/example_dags/example_external_task_marker_dag.py took 0.283 seconds
[2024-12-17 10:52:37,182] {scheduler_job.py:182} INFO - Started process (PID=355) to work on /home/airflow/.local/lib/python3.6/site-packages/airflow/example_dags/example_external_task_marker_dag.py
[2024-12-17 10:52:37,183] {scheduler_job.py:633} INFO - Processing file /home/airflow/.local/lib/python3.6/site-packages/airflow/example_dags/example_external_task_marker_dag.py for tasks to queue
[2024-12-17 10:52:37,183] {logging_mixin.py:104} INFO - [2024-12-17 10:52:37,183] {dagbag.py:496} INFO - Filling up the DagBag from /home/airflow/.local/lib/python3.6/site-packages/airflow/example_dags/example_external_task_marker_dag.py
[2024-12-17 10:52:37,197] {scheduler_job.py:643} INFO - DAG(s) dict_keys(['example_external_task_marker_parent', 'example_external_task_marker_child']) retrieved from /home/airflow/.local/lib/python3.6/site-packages/airflow/example_dags/example_external_task_marker_dag.py
[2024-12-17 10:52:37,432] {logging_mixin.py:104} INFO - [2024-12-17 10:52:37,432] {dag.py:1833} INFO - Sync 2 DAGs
[2024-12-17 10:52:37,449] {logging_mixin.py:104} INFO - [2024-12-17 10:52:37,448] {dag.py:2306} INFO - Setting next_dagrun for example_external_task_marker_child to None
[2024-12-17 10:52:37,449] {logging_mixin.py:104} INFO - [2024-12-17 10:52:37,449] {dag.py:2306} INFO - Setting next_dagrun for example_external_task_marker_parent to None
[2024-12-17 10:52:37,468] {scheduler_job.py:190} INFO - Processing /home/airflow/.local/lib/python3.6/site-packages/airflow/example_dags/example_external_task_marker_dag.py took 0.290 seconds
[2024-12-17 10:53:08,019] {scheduler_job.py:182} INFO - Started process (PID=413) to work on /home/airflow/.local/lib/python3.6/site-packages/airflow/example_dags/example_external_task_marker_dag.py
[2024-12-17 10:53:08,024] {scheduler_job.py:633} INFO - Processing file /home/airflow/.local/lib/python3.6/site-packages/airflow/example_dags/example_external_task_marker_dag.py for tasks to queue
[2024-12-17 10:53:08,024] {logging_mixin.py:104} INFO - [2024-12-17 10:53:08,024] {dagbag.py:496} INFO - Filling up the DagBag from /home/airflow/.local/lib/python3.6/site-packages/airflow/example_dags/example_external_task_marker_dag.py
[2024-12-17 10:53:08,041] {scheduler_job.py:643} INFO - DAG(s) dict_keys(['example_external_task_marker_parent', 'example_external_task_marker_child']) retrieved from /home/airflow/.local/lib/python3.6/site-packages/airflow/example_dags/example_external_task_marker_dag.py
[2024-12-17 10:53:08,269] {logging_mixin.py:104} INFO - [2024-12-17 10:53:08,269] {dag.py:1833} INFO - Sync 2 DAGs
[2024-12-17 10:53:08,281] {logging_mixin.py:104} INFO - [2024-12-17 10:53:08,281] {dag.py:2306} INFO - Setting next_dagrun for example_external_task_marker_child to None
[2024-12-17 10:53:08,281] {logging_mixin.py:104} INFO - [2024-12-17 10:53:08,281] {dag.py:2306} INFO - Setting next_dagrun for example_external_task_marker_parent to None
[2024-12-17 10:53:08,297] {scheduler_job.py:190} INFO - Processing /home/airflow/.local/lib/python3.6/site-packages/airflow/example_dags/example_external_task_marker_dag.py took 0.282 seconds
[2024-12-17 10:53:38,796] {scheduler_job.py:182} INFO - Started process (PID=463) to work on /home/airflow/.local/lib/python3.6/site-packages/airflow/example_dags/example_external_task_marker_dag.py
[2024-12-17 10:53:38,797] {scheduler_job.py:633} INFO - Processing file /home/airflow/.local/lib/python3.6/site-packages/airflow/example_dags/example_external_task_marker_dag.py for tasks to queue
[2024-12-17 10:53:38,798] {logging_mixin.py:104} INFO - [2024-12-17 10:53:38,797] {dagbag.py:496} INFO - Filling up the DagBag from /home/airflow/.local/lib/python3.6/site-packages/airflow/example_dags/example_external_task_marker_dag.py
[2024-12-17 10:53:38,817] {scheduler_job.py:643} INFO - DAG(s) dict_keys(['example_external_task_marker_parent', 'example_external_task_marker_child']) retrieved from /home/airflow/.local/lib/python3.6/site-packages/airflow/example_dags/example_external_task_marker_dag.py
[2024-12-17 10:53:39,038] {logging_mixin.py:104} INFO - [2024-12-17 10:53:39,038] {dag.py:1833} INFO - Sync 2 DAGs
[2024-12-17 10:53:39,054] {logging_mixin.py:104} INFO - [2024-12-17 10:53:39,054] {dag.py:2306} INFO - Setting next_dagrun for example_external_task_marker_child to None
[2024-12-17 10:53:39,055] {logging_mixin.py:104} INFO - [2024-12-17 10:53:39,055] {dag.py:2306} INFO - Setting next_dagrun for example_external_task_marker_parent to None
[2024-12-17 10:53:39,067] {scheduler_job.py:190} INFO - Processing /home/airflow/.local/lib/python3.6/site-packages/airflow/example_dags/example_external_task_marker_dag.py took 0.274 seconds
[2024-12-17 10:54:09,820] {scheduler_job.py:182} INFO - Started process (PID=526) to work on /home/airflow/.local/lib/python3.6/site-packages/airflow/example_dags/example_external_task_marker_dag.py
[2024-12-17 10:54:09,821] {scheduler_job.py:633} INFO - Processing file /home/airflow/.local/lib/python3.6/site-packages/airflow/example_dags/example_external_task_marker_dag.py for tasks to queue
[2024-12-17 10:54:09,822] {logging_mixin.py:104} INFO - [2024-12-17 10:54:09,821] {dagbag.py:496} INFO - Filling up the DagBag from /home/airflow/.local/lib/python3.6/site-packages/airflow/example_dags/example_external_task_marker_dag.py
[2024-12-17 10:54:09,885] {scheduler_job.py:643} INFO - DAG(s) dict_keys(['example_external_task_marker_parent', 'example_external_task_marker_child']) retrieved from /home/airflow/.local/lib/python3.6/site-packages/airflow/example_dags/example_external_task_marker_dag.py
[2024-12-17 10:54:10,307] {logging_mixin.py:104} INFO - [2024-12-17 10:54:10,307] {dag.py:1833} INFO - Sync 2 DAGs
[2024-12-17 10:54:10,358] {logging_mixin.py:104} INFO - [2024-12-17 10:54:10,358] {dag.py:2306} INFO - Setting next_dagrun for example_external_task_marker_child to None
[2024-12-17 10:54:10,359] {logging_mixin.py:104} INFO - [2024-12-17 10:54:10,359] {dag.py:2306} INFO - Setting next_dagrun for example_external_task_marker_parent to None
[2024-12-17 10:54:10,458] {scheduler_job.py:190} INFO - Processing /home/airflow/.local/lib/python3.6/site-packages/airflow/example_dags/example_external_task_marker_dag.py took 0.654 seconds
[2024-12-17 10:54:41,363] {scheduler_job.py:182} INFO - Started process (PID=589) to work on /home/airflow/.local/lib/python3.6/site-packages/airflow/example_dags/example_external_task_marker_dag.py
[2024-12-17 10:54:41,366] {scheduler_job.py:633} INFO - Processing file /home/airflow/.local/lib/python3.6/site-packages/airflow/example_dags/example_external_task_marker_dag.py for tasks to queue
[2024-12-17 10:54:41,369] {logging_mixin.py:104} INFO - [2024-12-17 10:54:41,366] {dagbag.py:496} INFO - Filling up the DagBag from /home/airflow/.local/lib/python3.6/site-packages/airflow/example_dags/example_external_task_marker_dag.py
[2024-12-17 10:54:41,396] {scheduler_job.py:643} INFO - DAG(s) dict_keys(['example_external_task_marker_parent', 'example_external_task_marker_child']) retrieved from /home/airflow/.local/lib/python3.6/site-packages/airflow/example_dags/example_external_task_marker_dag.py
[2024-12-17 10:54:41,684] {logging_mixin.py:104} INFO - [2024-12-17 10:54:41,684] {dag.py:1833} INFO - Sync 2 DAGs
[2024-12-17 10:54:41,699] {logging_mixin.py:104} INFO - [2024-12-17 10:54:41,699] {dag.py:2306} INFO - Setting next_dagrun for example_external_task_marker_child to None
[2024-12-17 10:54:41,700] {logging_mixin.py:104} INFO - [2024-12-17 10:54:41,700] {dag.py:2306} INFO - Setting next_dagrun for example_external_task_marker_parent to None
[2024-12-17 10:54:41,722] {scheduler_job.py:190} INFO - Processing /home/airflow/.local/lib/python3.6/site-packages/airflow/example_dags/example_external_task_marker_dag.py took 0.362 seconds
[2024-12-17 10:55:11,925] {scheduler_job.py:182} INFO - Started process (PID=640) to work on /home/airflow/.local/lib/python3.6/site-packages/airflow/example_dags/example_external_task_marker_dag.py
[2024-12-17 10:55:11,926] {scheduler_job.py:633} INFO - Processing file /home/airflow/.local/lib/python3.6/site-packages/airflow/example_dags/example_external_task_marker_dag.py for tasks to queue
[2024-12-17 10:55:11,927] {logging_mixin.py:104} INFO - [2024-12-17 10:55:11,927] {dagbag.py:496} INFO - Filling up the DagBag from /home/airflow/.local/lib/python3.6/site-packages/airflow/example_dags/example_external_task_marker_dag.py
[2024-12-17 10:55:11,941] {scheduler_job.py:643} INFO - DAG(s) dict_keys(['example_external_task_marker_parent', 'example_external_task_marker_child']) retrieved from /home/airflow/.local/lib/python3.6/site-packages/airflow/example_dags/example_external_task_marker_dag.py
[2024-12-17 10:55:11,976] {logging_mixin.py:104} INFO - [2024-12-17 10:55:11,976] {dag.py:1833} INFO - Sync 2 DAGs
[2024-12-17 10:55:12,007] {logging_mixin.py:104} INFO - [2024-12-17 10:55:12,007] {dag.py:2306} INFO - Setting next_dagrun for example_external_task_marker_child to None
[2024-12-17 10:55:12,008] {logging_mixin.py:104} INFO - [2024-12-17 10:55:12,008] {dag.py:2306} INFO - Setting next_dagrun for example_external_task_marker_parent to None
[2024-12-17 10:55:12,030] {scheduler_job.py:190} INFO - Processing /home/airflow/.local/lib/python3.6/site-packages/airflow/example_dags/example_external_task_marker_dag.py took 0.108 seconds
[2024-12-17 10:55:42,595] {scheduler_job.py:182} INFO - Started process (PID=697) to work on /home/airflow/.local/lib/python3.6/site-packages/airflow/example_dags/example_external_task_marker_dag.py
[2024-12-17 10:55:42,596] {scheduler_job.py:633} INFO - Processing file /home/airflow/.local/lib/python3.6/site-packages/airflow/example_dags/example_external_task_marker_dag.py for tasks to queue
[2024-12-17 10:55:42,597] {logging_mixin.py:104} INFO - [2024-12-17 10:55:42,597] {dagbag.py:496} INFO - Filling up the DagBag from /home/airflow/.local/lib/python3.6/site-packages/airflow/example_dags/example_external_task_marker_dag.py
[2024-12-17 10:55:42,630] {scheduler_job.py:643} INFO - DAG(s) dict_keys(['example_external_task_marker_parent', 'example_external_task_marker_child']) retrieved from /home/airflow/.local/lib/python3.6/site-packages/airflow/example_dags/example_external_task_marker_dag.py
[2024-12-17 10:55:42,677] {logging_mixin.py:104} INFO - [2024-12-17 10:55:42,676] {dag.py:1833} INFO - Sync 2 DAGs
[2024-12-17 10:55:42,696] {logging_mixin.py:104} INFO - [2024-12-17 10:55:42,696] {dag.py:2306} INFO - Setting next_dagrun for example_external_task_marker_child to None
[2024-12-17 10:55:42,697] {logging_mixin.py:104} INFO - [2024-12-17 10:55:42,697] {dag.py:2306} INFO - Setting next_dagrun for example_external_task_marker_parent to None
[2024-12-17 10:55:42,712] {scheduler_job.py:190} INFO - Processing /home/airflow/.local/lib/python3.6/site-packages/airflow/example_dags/example_external_task_marker_dag.py took 0.121 seconds
[2024-12-17 10:56:13,281] {scheduler_job.py:182} INFO - Started process (PID=748) to work on /home/airflow/.local/lib/python3.6/site-packages/airflow/example_dags/example_external_task_marker_dag.py
[2024-12-17 10:56:13,282] {scheduler_job.py:633} INFO - Processing file /home/airflow/.local/lib/python3.6/site-packages/airflow/example_dags/example_external_task_marker_dag.py for tasks to queue
[2024-12-17 10:56:13,283] {logging_mixin.py:104} INFO - [2024-12-17 10:56:13,283] {dagbag.py:496} INFO - Filling up the DagBag from /home/airflow/.local/lib/python3.6/site-packages/airflow/example_dags/example_external_task_marker_dag.py
[2024-12-17 10:56:13,296] {scheduler_job.py:643} INFO - DAG(s) dict_keys(['example_external_task_marker_parent', 'example_external_task_marker_child']) retrieved from /home/airflow/.local/lib/python3.6/site-packages/airflow/example_dags/example_external_task_marker_dag.py
[2024-12-17 10:56:13,554] {logging_mixin.py:104} INFO - [2024-12-17 10:56:13,554] {dag.py:1833} INFO - Sync 2 DAGs
[2024-12-17 10:56:13,573] {logging_mixin.py:104} INFO - [2024-12-17 10:56:13,573] {dag.py:2306} INFO - Setting next_dagrun for example_external_task_marker_child to None
[2024-12-17 10:56:13,573] {logging_mixin.py:104} INFO - [2024-12-17 10:56:13,573] {dag.py:2306} INFO - Setting next_dagrun for example_external_task_marker_parent to None
[2024-12-17 10:56:13,592] {scheduler_job.py:190} INFO - Processing /home/airflow/.local/lib/python3.6/site-packages/airflow/example_dags/example_external_task_marker_dag.py took 0.314 seconds
[2024-12-17 10:56:43,935] {scheduler_job.py:182} INFO - Started process (PID=809) to work on /home/airflow/.local/lib/python3.6/site-packages/airflow/example_dags/example_external_task_marker_dag.py
[2024-12-17 10:56:43,937] {scheduler_job.py:633} INFO - Processing file /home/airflow/.local/lib/python3.6/site-packages/airflow/example_dags/example_external_task_marker_dag.py for tasks to queue
[2024-12-17 10:56:43,938] {logging_mixin.py:104} INFO - [2024-12-17 10:56:43,937] {dagbag.py:496} INFO - Filling up the DagBag from /home/airflow/.local/lib/python3.6/site-packages/airflow/example_dags/example_external_task_marker_dag.py
[2024-12-17 10:56:43,975] {scheduler_job.py:643} INFO - DAG(s) dict_keys(['example_external_task_marker_parent', 'example_external_task_marker_child']) retrieved from /home/airflow/.local/lib/python3.6/site-packages/airflow/example_dags/example_external_task_marker_dag.py
[2024-12-17 10:56:44,029] {logging_mixin.py:104} INFO - [2024-12-17 10:56:44,029] {dag.py:1833} INFO - Sync 2 DAGs
[2024-12-17 10:56:44,060] {logging_mixin.py:104} INFO - [2024-12-17 10:56:44,060] {dag.py:2306} INFO - Setting next_dagrun for example_external_task_marker_child to None
[2024-12-17 10:56:44,061] {logging_mixin.py:104} INFO - [2024-12-17 10:56:44,061] {dag.py:2306} INFO - Setting next_dagrun for example_external_task_marker_parent to None
[2024-12-17 10:56:44,085] {scheduler_job.py:190} INFO - Processing /home/airflow/.local/lib/python3.6/site-packages/airflow/example_dags/example_external_task_marker_dag.py took 0.154 seconds
[2024-12-17 10:57:14,888] {scheduler_job.py:182} INFO - Started process (PID=859) to work on /home/airflow/.local/lib/python3.6/site-packages/airflow/example_dags/example_external_task_marker_dag.py
[2024-12-17 10:57:14,889] {scheduler_job.py:633} INFO - Processing file /home/airflow/.local/lib/python3.6/site-packages/airflow/example_dags/example_external_task_marker_dag.py for tasks to queue
[2024-12-17 10:57:14,892] {logging_mixin.py:104} INFO - [2024-12-17 10:57:14,890] {dagbag.py:496} INFO - Filling up the DagBag from /home/airflow/.local/lib/python3.6/site-packages/airflow/example_dags/example_external_task_marker_dag.py
[2024-12-17 10:57:14,906] {scheduler_job.py:643} INFO - DAG(s) dict_keys(['example_external_task_marker_parent', 'example_external_task_marker_child']) retrieved from /home/airflow/.local/lib/python3.6/site-packages/airflow/example_dags/example_external_task_marker_dag.py
[2024-12-17 10:57:15,136] {logging_mixin.py:104} INFO - [2024-12-17 10:57:15,136] {dag.py:1833} INFO - Sync 2 DAGs
[2024-12-17 10:57:15,155] {logging_mixin.py:104} INFO - [2024-12-17 10:57:15,155] {dag.py:2306} INFO - Setting next_dagrun for example_external_task_marker_child to None
[2024-12-17 10:57:15,156] {logging_mixin.py:104} INFO - [2024-12-17 10:57:15,156] {dag.py:2306} INFO - Setting next_dagrun for example_external_task_marker_parent to None
[2024-12-17 10:57:15,174] {scheduler_job.py:190} INFO - Processing /home/airflow/.local/lib/python3.6/site-packages/airflow/example_dags/example_external_task_marker_dag.py took 0.288 seconds
[2024-12-17 10:57:45,712] {scheduler_job.py:182} INFO - Started process (PID=919) to work on /home/airflow/.local/lib/python3.6/site-packages/airflow/example_dags/example_external_task_marker_dag.py
[2024-12-17 10:57:45,713] {scheduler_job.py:633} INFO - Processing file /home/airflow/.local/lib/python3.6/site-packages/airflow/example_dags/example_external_task_marker_dag.py for tasks to queue
[2024-12-17 10:57:45,713] {logging_mixin.py:104} INFO - [2024-12-17 10:57:45,713] {dagbag.py:496} INFO - Filling up the DagBag from /home/airflow/.local/lib/python3.6/site-packages/airflow/example_dags/example_external_task_marker_dag.py
[2024-12-17 10:57:45,726] {scheduler_job.py:643} INFO - DAG(s) dict_keys(['example_external_task_marker_parent', 'example_external_task_marker_child']) retrieved from /home/airflow/.local/lib/python3.6/site-packages/airflow/example_dags/example_external_task_marker_dag.py
[2024-12-17 10:57:45,752] {logging_mixin.py:104} INFO - [2024-12-17 10:57:45,752] {dag.py:1833} INFO - Sync 2 DAGs
[2024-12-17 10:57:45,771] {logging_mixin.py:104} INFO - [2024-12-17 10:57:45,770] {dag.py:2306} INFO - Setting next_dagrun for example_external_task_marker_child to None
[2024-12-17 10:57:45,772] {logging_mixin.py:104} INFO - [2024-12-17 10:57:45,772] {dag.py:2306} INFO - Setting next_dagrun for example_external_task_marker_parent to None
[2024-12-17 10:57:45,784] {scheduler_job.py:190} INFO - Processing /home/airflow/.local/lib/python3.6/site-packages/airflow/example_dags/example_external_task_marker_dag.py took 0.076 seconds
[2024-12-17 10:58:16,337] {scheduler_job.py:182} INFO - Started process (PID=970) to work on /home/airflow/.local/lib/python3.6/site-packages/airflow/example_dags/example_external_task_marker_dag.py
[2024-12-17 10:58:16,338] {scheduler_job.py:633} INFO - Processing file /home/airflow/.local/lib/python3.6/site-packages/airflow/example_dags/example_external_task_marker_dag.py for tasks to queue
[2024-12-17 10:58:16,338] {logging_mixin.py:104} INFO - [2024-12-17 10:58:16,338] {dagbag.py:496} INFO - Filling up the DagBag from /home/airflow/.local/lib/python3.6/site-packages/airflow/example_dags/example_external_task_marker_dag.py
[2024-12-17 10:58:16,350] {scheduler_job.py:643} INFO - DAG(s) dict_keys(['example_external_task_marker_parent', 'example_external_task_marker_child']) retrieved from /home/airflow/.local/lib/python3.6/site-packages/airflow/example_dags/example_external_task_marker_dag.py
[2024-12-17 10:58:16,566] {logging_mixin.py:104} INFO - [2024-12-17 10:58:16,566] {dag.py:1833} INFO - Sync 2 DAGs
[2024-12-17 10:58:16,580] {logging_mixin.py:104} INFO - [2024-12-17 10:58:16,580] {dag.py:2306} INFO - Setting next_dagrun for example_external_task_marker_child to None
[2024-12-17 10:58:16,581] {logging_mixin.py:104} INFO - [2024-12-17 10:58:16,581] {dag.py:2306} INFO - Setting next_dagrun for example_external_task_marker_parent to None
[2024-12-17 10:58:16,603] {scheduler_job.py:190} INFO - Processing /home/airflow/.local/lib/python3.6/site-packages/airflow/example_dags/example_external_task_marker_dag.py took 0.270 seconds
[2024-12-17 10:58:47,401] {scheduler_job.py:182} INFO - Started process (PID=1030) to work on /home/airflow/.local/lib/python3.6/site-packages/airflow/example_dags/example_external_task_marker_dag.py
[2024-12-17 10:58:47,402] {scheduler_job.py:633} INFO - Processing file /home/airflow/.local/lib/python3.6/site-packages/airflow/example_dags/example_external_task_marker_dag.py for tasks to queue
[2024-12-17 10:58:47,402] {logging_mixin.py:104} INFO - [2024-12-17 10:58:47,402] {dagbag.py:496} INFO - Filling up the DagBag from /home/airflow/.local/lib/python3.6/site-packages/airflow/example_dags/example_external_task_marker_dag.py
[2024-12-17 10:58:47,414] {scheduler_job.py:643} INFO - DAG(s) dict_keys(['example_external_task_marker_parent', 'example_external_task_marker_child']) retrieved from /home/airflow/.local/lib/python3.6/site-packages/airflow/example_dags/example_external_task_marker_dag.py
[2024-12-17 10:58:47,605] {logging_mixin.py:104} INFO - [2024-12-17 10:58:47,605] {dag.py:1833} INFO - Sync 2 DAGs
[2024-12-17 10:58:47,621] {logging_mixin.py:104} INFO - [2024-12-17 10:58:47,621] {dag.py:2306} INFO - Setting next_dagrun for example_external_task_marker_child to None
[2024-12-17 10:58:47,622] {logging_mixin.py:104} INFO - [2024-12-17 10:58:47,622] {dag.py:2306} INFO - Setting next_dagrun for example_external_task_marker_parent to None
[2024-12-17 10:58:47,641] {scheduler_job.py:190} INFO - Processing /home/airflow/.local/lib/python3.6/site-packages/airflow/example_dags/example_external_task_marker_dag.py took 0.244 seconds
