[2024-12-17 10:50:06,170] {scheduler_job.py:182} INFO - Started process (PID=75) to work on /home/airflow/.local/lib/python3.6/site-packages/airflow/example_dags/example_trigger_controller_dag.py
[2024-12-17 10:50:06,172] {scheduler_job.py:633} INFO - Processing file /home/airflow/.local/lib/python3.6/site-packages/airflow/example_dags/example_trigger_controller_dag.py for tasks to queue
[2024-12-17 10:50:06,173] {logging_mixin.py:104} INFO - [2024-12-17 10:50:06,172] {dagbag.py:496} INFO - Filling up the DagBag from /home/airflow/.local/lib/python3.6/site-packages/airflow/example_dags/example_trigger_controller_dag.py
[2024-12-17 10:50:06,187] {scheduler_job.py:643} INFO - DAG(s) dict_keys(['example_trigger_controller_dag']) retrieved from /home/airflow/.local/lib/python3.6/site-packages/airflow/example_dags/example_trigger_controller_dag.py
[2024-12-17 10:50:12,135] {logging_mixin.py:104} INFO - [2024-12-17 10:50:12,129] {dag.py:1833} INFO - Sync 1 DAGs
[2024-12-17 10:50:12,162] {logging_mixin.py:104} INFO - [2024-12-17 10:50:12,161] {dag.py:1852} INFO - Creating ORM DAG for example_trigger_controller_dag
[2024-12-17 10:50:12,173] {logging_mixin.py:104} INFO - [2024-12-17 10:50:12,172] {dag.py:2306} INFO - Setting next_dagrun for example_trigger_controller_dag to 2024-12-15 00:00:00+00:00
[2024-12-17 10:50:12,210] {scheduler_job.py:190} INFO - Processing /home/airflow/.local/lib/python3.6/site-packages/airflow/example_dags/example_trigger_controller_dag.py took 6.273 seconds
[2024-12-17 10:51:04,103] {scheduler_job.py:182} INFO - Started process (PID=187) to work on /home/airflow/.local/lib/python3.6/site-packages/airflow/example_dags/example_trigger_controller_dag.py
[2024-12-17 10:51:04,106] {scheduler_job.py:633} INFO - Processing file /home/airflow/.local/lib/python3.6/site-packages/airflow/example_dags/example_trigger_controller_dag.py for tasks to queue
[2024-12-17 10:51:04,118] {logging_mixin.py:104} INFO - [2024-12-17 10:51:04,118] {dagbag.py:496} INFO - Filling up the DagBag from /home/airflow/.local/lib/python3.6/site-packages/airflow/example_dags/example_trigger_controller_dag.py
[2024-12-17 10:51:04,191] {scheduler_job.py:643} INFO - DAG(s) dict_keys(['example_trigger_controller_dag']) retrieved from /home/airflow/.local/lib/python3.6/site-packages/airflow/example_dags/example_trigger_controller_dag.py
[2024-12-17 10:51:04,256] {logging_mixin.py:104} INFO - [2024-12-17 10:51:04,255] {dag.py:1833} INFO - Sync 1 DAGs
[2024-12-17 10:51:04,291] {logging_mixin.py:104} INFO - [2024-12-17 10:51:04,291] {dag.py:2306} INFO - Setting next_dagrun for example_trigger_controller_dag to 2024-12-15 00:00:00+00:00
[2024-12-17 10:51:04,355] {scheduler_job.py:190} INFO - Processing /home/airflow/.local/lib/python3.6/site-packages/airflow/example_dags/example_trigger_controller_dag.py took 0.268 seconds
[2024-12-17 10:51:34,799] {scheduler_job.py:182} INFO - Started process (PID=246) to work on /home/airflow/.local/lib/python3.6/site-packages/airflow/example_dags/example_trigger_controller_dag.py
[2024-12-17 10:51:34,800] {scheduler_job.py:633} INFO - Processing file /home/airflow/.local/lib/python3.6/site-packages/airflow/example_dags/example_trigger_controller_dag.py for tasks to queue
[2024-12-17 10:51:34,801] {logging_mixin.py:104} INFO - [2024-12-17 10:51:34,801] {dagbag.py:496} INFO - Filling up the DagBag from /home/airflow/.local/lib/python3.6/site-packages/airflow/example_dags/example_trigger_controller_dag.py
[2024-12-17 10:51:34,829] {scheduler_job.py:643} INFO - DAG(s) dict_keys(['example_trigger_controller_dag']) retrieved from /home/airflow/.local/lib/python3.6/site-packages/airflow/example_dags/example_trigger_controller_dag.py
[2024-12-17 10:51:34,918] {logging_mixin.py:104} INFO - [2024-12-17 10:51:34,918] {dag.py:1833} INFO - Sync 1 DAGs
[2024-12-17 10:51:34,952] {logging_mixin.py:104} INFO - [2024-12-17 10:51:34,951] {dag.py:2306} INFO - Setting next_dagrun for example_trigger_controller_dag to 2024-12-15 00:00:00+00:00
[2024-12-17 10:51:35,000] {scheduler_job.py:190} INFO - Processing /home/airflow/.local/lib/python3.6/site-packages/airflow/example_dags/example_trigger_controller_dag.py took 0.206 seconds
[2024-12-17 10:52:05,162] {scheduler_job.py:182} INFO - Started process (PID=296) to work on /home/airflow/.local/lib/python3.6/site-packages/airflow/example_dags/example_trigger_controller_dag.py
[2024-12-17 10:52:05,163] {scheduler_job.py:633} INFO - Processing file /home/airflow/.local/lib/python3.6/site-packages/airflow/example_dags/example_trigger_controller_dag.py for tasks to queue
[2024-12-17 10:52:05,164] {logging_mixin.py:104} INFO - [2024-12-17 10:52:05,164] {dagbag.py:496} INFO - Filling up the DagBag from /home/airflow/.local/lib/python3.6/site-packages/airflow/example_dags/example_trigger_controller_dag.py
[2024-12-17 10:52:05,176] {scheduler_job.py:643} INFO - DAG(s) dict_keys(['example_trigger_controller_dag']) retrieved from /home/airflow/.local/lib/python3.6/site-packages/airflow/example_dags/example_trigger_controller_dag.py
[2024-12-17 10:52:05,202] {logging_mixin.py:104} INFO - [2024-12-17 10:52:05,202] {dag.py:1833} INFO - Sync 1 DAGs
[2024-12-17 10:52:05,217] {logging_mixin.py:104} INFO - [2024-12-17 10:52:05,217] {dag.py:2306} INFO - Setting next_dagrun for example_trigger_controller_dag to 2024-12-15 00:00:00+00:00
[2024-12-17 10:52:05,231] {scheduler_job.py:190} INFO - Processing /home/airflow/.local/lib/python3.6/site-packages/airflow/example_dags/example_trigger_controller_dag.py took 0.073 seconds
[2024-12-17 10:52:35,715] {scheduler_job.py:182} INFO - Started process (PID=346) to work on /home/airflow/.local/lib/python3.6/site-packages/airflow/example_dags/example_trigger_controller_dag.py
[2024-12-17 10:52:35,717] {scheduler_job.py:633} INFO - Processing file /home/airflow/.local/lib/python3.6/site-packages/airflow/example_dags/example_trigger_controller_dag.py for tasks to queue
[2024-12-17 10:52:35,718] {logging_mixin.py:104} INFO - [2024-12-17 10:52:35,718] {dagbag.py:496} INFO - Filling up the DagBag from /home/airflow/.local/lib/python3.6/site-packages/airflow/example_dags/example_trigger_controller_dag.py
[2024-12-17 10:52:35,729] {scheduler_job.py:643} INFO - DAG(s) dict_keys(['example_trigger_controller_dag']) retrieved from /home/airflow/.local/lib/python3.6/site-packages/airflow/example_dags/example_trigger_controller_dag.py
[2024-12-17 10:52:35,755] {logging_mixin.py:104} INFO - [2024-12-17 10:52:35,755] {dag.py:1833} INFO - Sync 1 DAGs
[2024-12-17 10:52:35,774] {logging_mixin.py:104} INFO - [2024-12-17 10:52:35,774] {dag.py:2306} INFO - Setting next_dagrun for example_trigger_controller_dag to 2024-12-15 00:00:00+00:00
[2024-12-17 10:52:35,787] {scheduler_job.py:190} INFO - Processing /home/airflow/.local/lib/python3.6/site-packages/airflow/example_dags/example_trigger_controller_dag.py took 0.077 seconds
[2024-12-17 10:53:06,607] {scheduler_job.py:182} INFO - Started process (PID=407) to work on /home/airflow/.local/lib/python3.6/site-packages/airflow/example_dags/example_trigger_controller_dag.py
[2024-12-17 10:53:06,608] {scheduler_job.py:633} INFO - Processing file /home/airflow/.local/lib/python3.6/site-packages/airflow/example_dags/example_trigger_controller_dag.py for tasks to queue
[2024-12-17 10:53:06,608] {logging_mixin.py:104} INFO - [2024-12-17 10:53:06,608] {dagbag.py:496} INFO - Filling up the DagBag from /home/airflow/.local/lib/python3.6/site-packages/airflow/example_dags/example_trigger_controller_dag.py
[2024-12-17 10:53:06,643] {scheduler_job.py:643} INFO - DAG(s) dict_keys(['example_trigger_controller_dag']) retrieved from /home/airflow/.local/lib/python3.6/site-packages/airflow/example_dags/example_trigger_controller_dag.py
[2024-12-17 10:53:06,689] {logging_mixin.py:104} INFO - [2024-12-17 10:53:06,688] {dag.py:1833} INFO - Sync 1 DAGs
[2024-12-17 10:53:06,718] {logging_mixin.py:104} INFO - [2024-12-17 10:53:06,718] {dag.py:2306} INFO - Setting next_dagrun for example_trigger_controller_dag to 2024-12-15 00:00:00+00:00
[2024-12-17 10:53:06,747] {scheduler_job.py:190} INFO - Processing /home/airflow/.local/lib/python3.6/site-packages/airflow/example_dags/example_trigger_controller_dag.py took 0.144 seconds
[2024-12-17 10:53:37,355] {scheduler_job.py:182} INFO - Started process (PID=457) to work on /home/airflow/.local/lib/python3.6/site-packages/airflow/example_dags/example_trigger_controller_dag.py
[2024-12-17 10:53:37,358] {scheduler_job.py:633} INFO - Processing file /home/airflow/.local/lib/python3.6/site-packages/airflow/example_dags/example_trigger_controller_dag.py for tasks to queue
[2024-12-17 10:53:37,359] {logging_mixin.py:104} INFO - [2024-12-17 10:53:37,359] {dagbag.py:496} INFO - Filling up the DagBag from /home/airflow/.local/lib/python3.6/site-packages/airflow/example_dags/example_trigger_controller_dag.py
[2024-12-17 10:53:37,373] {scheduler_job.py:643} INFO - DAG(s) dict_keys(['example_trigger_controller_dag']) retrieved from /home/airflow/.local/lib/python3.6/site-packages/airflow/example_dags/example_trigger_controller_dag.py
[2024-12-17 10:53:37,399] {logging_mixin.py:104} INFO - [2024-12-17 10:53:37,399] {dag.py:1833} INFO - Sync 1 DAGs
[2024-12-17 10:53:37,414] {logging_mixin.py:104} INFO - [2024-12-17 10:53:37,414] {dag.py:2306} INFO - Setting next_dagrun for example_trigger_controller_dag to 2024-12-15 00:00:00+00:00
[2024-12-17 10:53:37,428] {scheduler_job.py:190} INFO - Processing /home/airflow/.local/lib/python3.6/site-packages/airflow/example_dags/example_trigger_controller_dag.py took 0.078 seconds
[2024-12-17 10:54:07,587] {scheduler_job.py:182} INFO - Started process (PID=518) to work on /home/airflow/.local/lib/python3.6/site-packages/airflow/example_dags/example_trigger_controller_dag.py
[2024-12-17 10:54:07,588] {scheduler_job.py:633} INFO - Processing file /home/airflow/.local/lib/python3.6/site-packages/airflow/example_dags/example_trigger_controller_dag.py for tasks to queue
[2024-12-17 10:54:07,588] {logging_mixin.py:104} INFO - [2024-12-17 10:54:07,588] {dagbag.py:496} INFO - Filling up the DagBag from /home/airflow/.local/lib/python3.6/site-packages/airflow/example_dags/example_trigger_controller_dag.py
[2024-12-17 10:54:07,603] {scheduler_job.py:643} INFO - DAG(s) dict_keys(['example_trigger_controller_dag']) retrieved from /home/airflow/.local/lib/python3.6/site-packages/airflow/example_dags/example_trigger_controller_dag.py
[2024-12-17 10:54:07,630] {logging_mixin.py:104} INFO - [2024-12-17 10:54:07,630] {dag.py:1833} INFO - Sync 1 DAGs
[2024-12-17 10:54:07,646] {logging_mixin.py:104} INFO - [2024-12-17 10:54:07,646] {dag.py:2306} INFO - Setting next_dagrun for example_trigger_controller_dag to 2024-12-15 00:00:00+00:00
[2024-12-17 10:54:07,662] {scheduler_job.py:190} INFO - Processing /home/airflow/.local/lib/python3.6/site-packages/airflow/example_dags/example_trigger_controller_dag.py took 0.080 seconds
[2024-12-17 10:54:38,209] {scheduler_job.py:182} INFO - Started process (PID=570) to work on /home/airflow/.local/lib/python3.6/site-packages/airflow/example_dags/example_trigger_controller_dag.py
[2024-12-17 10:54:38,209] {scheduler_job.py:633} INFO - Processing file /home/airflow/.local/lib/python3.6/site-packages/airflow/example_dags/example_trigger_controller_dag.py for tasks to queue
[2024-12-17 10:54:38,210] {logging_mixin.py:104} INFO - [2024-12-17 10:54:38,210] {dagbag.py:496} INFO - Filling up the DagBag from /home/airflow/.local/lib/python3.6/site-packages/airflow/example_dags/example_trigger_controller_dag.py
[2024-12-17 10:54:38,222] {scheduler_job.py:643} INFO - DAG(s) dict_keys(['example_trigger_controller_dag']) retrieved from /home/airflow/.local/lib/python3.6/site-packages/airflow/example_dags/example_trigger_controller_dag.py
[2024-12-17 10:54:38,247] {logging_mixin.py:104} INFO - [2024-12-17 10:54:38,247] {dag.py:1833} INFO - Sync 1 DAGs
[2024-12-17 10:54:38,263] {logging_mixin.py:104} INFO - [2024-12-17 10:54:38,263] {dag.py:2306} INFO - Setting next_dagrun for example_trigger_controller_dag to 2024-12-15 00:00:00+00:00
[2024-12-17 10:54:38,275] {scheduler_job.py:190} INFO - Processing /home/airflow/.local/lib/python3.6/site-packages/airflow/example_dags/example_trigger_controller_dag.py took 0.069 seconds
[2024-12-17 10:55:09,195] {scheduler_job.py:182} INFO - Started process (PID=631) to work on /home/airflow/.local/lib/python3.6/site-packages/airflow/example_dags/example_trigger_controller_dag.py
[2024-12-17 10:55:09,196] {scheduler_job.py:633} INFO - Processing file /home/airflow/.local/lib/python3.6/site-packages/airflow/example_dags/example_trigger_controller_dag.py for tasks to queue
[2024-12-17 10:55:09,197] {logging_mixin.py:104} INFO - [2024-12-17 10:55:09,197] {dagbag.py:496} INFO - Filling up the DagBag from /home/airflow/.local/lib/python3.6/site-packages/airflow/example_dags/example_trigger_controller_dag.py
[2024-12-17 10:55:09,217] {scheduler_job.py:643} INFO - DAG(s) dict_keys(['example_trigger_controller_dag']) retrieved from /home/airflow/.local/lib/python3.6/site-packages/airflow/example_dags/example_trigger_controller_dag.py
[2024-12-17 10:55:09,248] {logging_mixin.py:104} INFO - [2024-12-17 10:55:09,248] {dag.py:1833} INFO - Sync 1 DAGs
[2024-12-17 10:55:09,266] {logging_mixin.py:104} INFO - [2024-12-17 10:55:09,265] {dag.py:2306} INFO - Setting next_dagrun for example_trigger_controller_dag to 2024-12-15 00:00:00+00:00
[2024-12-17 10:55:09,290] {scheduler_job.py:190} INFO - Processing /home/airflow/.local/lib/python3.6/site-packages/airflow/example_dags/example_trigger_controller_dag.py took 0.099 seconds
[2024-12-17 10:55:40,054] {scheduler_job.py:182} INFO - Started process (PID=688) to work on /home/airflow/.local/lib/python3.6/site-packages/airflow/example_dags/example_trigger_controller_dag.py
[2024-12-17 10:55:40,055] {scheduler_job.py:633} INFO - Processing file /home/airflow/.local/lib/python3.6/site-packages/airflow/example_dags/example_trigger_controller_dag.py for tasks to queue
[2024-12-17 10:55:40,056] {logging_mixin.py:104} INFO - [2024-12-17 10:55:40,056] {dagbag.py:496} INFO - Filling up the DagBag from /home/airflow/.local/lib/python3.6/site-packages/airflow/example_dags/example_trigger_controller_dag.py
[2024-12-17 10:55:40,068] {scheduler_job.py:643} INFO - DAG(s) dict_keys(['example_trigger_controller_dag']) retrieved from /home/airflow/.local/lib/python3.6/site-packages/airflow/example_dags/example_trigger_controller_dag.py
[2024-12-17 10:55:40,118] {logging_mixin.py:104} INFO - [2024-12-17 10:55:40,118] {dag.py:1833} INFO - Sync 1 DAGs
[2024-12-17 10:55:40,144] {logging_mixin.py:104} INFO - [2024-12-17 10:55:40,144] {dag.py:2306} INFO - Setting next_dagrun for example_trigger_controller_dag to 2024-12-15 00:00:00+00:00
[2024-12-17 10:55:40,174] {scheduler_job.py:190} INFO - Processing /home/airflow/.local/lib/python3.6/site-packages/airflow/example_dags/example_trigger_controller_dag.py took 0.124 seconds
[2024-12-17 10:56:10,879] {scheduler_job.py:182} INFO - Started process (PID=742) to work on /home/airflow/.local/lib/python3.6/site-packages/airflow/example_dags/example_trigger_controller_dag.py
[2024-12-17 10:56:10,882] {scheduler_job.py:633} INFO - Processing file /home/airflow/.local/lib/python3.6/site-packages/airflow/example_dags/example_trigger_controller_dag.py for tasks to queue
[2024-12-17 10:56:10,883] {logging_mixin.py:104} INFO - [2024-12-17 10:56:10,882] {dagbag.py:496} INFO - Filling up the DagBag from /home/airflow/.local/lib/python3.6/site-packages/airflow/example_dags/example_trigger_controller_dag.py
[2024-12-17 10:56:10,892] {scheduler_job.py:643} INFO - DAG(s) dict_keys(['example_trigger_controller_dag']) retrieved from /home/airflow/.local/lib/python3.6/site-packages/airflow/example_dags/example_trigger_controller_dag.py
[2024-12-17 10:56:10,911] {logging_mixin.py:104} INFO - [2024-12-17 10:56:10,911] {dag.py:1833} INFO - Sync 1 DAGs
[2024-12-17 10:56:10,926] {logging_mixin.py:104} INFO - [2024-12-17 10:56:10,925] {dag.py:2306} INFO - Setting next_dagrun for example_trigger_controller_dag to 2024-12-15 00:00:00+00:00
[2024-12-17 10:56:10,940] {scheduler_job.py:190} INFO - Processing /home/airflow/.local/lib/python3.6/site-packages/airflow/example_dags/example_trigger_controller_dag.py took 0.064 seconds
[2024-12-17 10:56:41,528] {scheduler_job.py:182} INFO - Started process (PID=794) to work on /home/airflow/.local/lib/python3.6/site-packages/airflow/example_dags/example_trigger_controller_dag.py
[2024-12-17 10:56:41,530] {scheduler_job.py:633} INFO - Processing file /home/airflow/.local/lib/python3.6/site-packages/airflow/example_dags/example_trigger_controller_dag.py for tasks to queue
[2024-12-17 10:56:41,530] {logging_mixin.py:104} INFO - [2024-12-17 10:56:41,530] {dagbag.py:496} INFO - Filling up the DagBag from /home/airflow/.local/lib/python3.6/site-packages/airflow/example_dags/example_trigger_controller_dag.py
[2024-12-17 10:56:41,552] {scheduler_job.py:643} INFO - DAG(s) dict_keys(['example_trigger_controller_dag']) retrieved from /home/airflow/.local/lib/python3.6/site-packages/airflow/example_dags/example_trigger_controller_dag.py
[2024-12-17 10:56:41,582] {logging_mixin.py:104} INFO - [2024-12-17 10:56:41,582] {dag.py:1833} INFO - Sync 1 DAGs
[2024-12-17 10:56:41,601] {logging_mixin.py:104} INFO - [2024-12-17 10:56:41,601] {dag.py:2306} INFO - Setting next_dagrun for example_trigger_controller_dag to 2024-12-15 00:00:00+00:00
[2024-12-17 10:56:41,616] {scheduler_job.py:190} INFO - Processing /home/airflow/.local/lib/python3.6/site-packages/airflow/example_dags/example_trigger_controller_dag.py took 0.093 seconds
[2024-12-17 10:57:12,158] {scheduler_job.py:182} INFO - Started process (PID=853) to work on /home/airflow/.local/lib/python3.6/site-packages/airflow/example_dags/example_trigger_controller_dag.py
[2024-12-17 10:57:12,159] {scheduler_job.py:633} INFO - Processing file /home/airflow/.local/lib/python3.6/site-packages/airflow/example_dags/example_trigger_controller_dag.py for tasks to queue
[2024-12-17 10:57:12,159] {logging_mixin.py:104} INFO - [2024-12-17 10:57:12,159] {dagbag.py:496} INFO - Filling up the DagBag from /home/airflow/.local/lib/python3.6/site-packages/airflow/example_dags/example_trigger_controller_dag.py
[2024-12-17 10:57:12,171] {scheduler_job.py:643} INFO - DAG(s) dict_keys(['example_trigger_controller_dag']) retrieved from /home/airflow/.local/lib/python3.6/site-packages/airflow/example_dags/example_trigger_controller_dag.py
[2024-12-17 10:57:12,194] {logging_mixin.py:104} INFO - [2024-12-17 10:57:12,194] {dag.py:1833} INFO - Sync 1 DAGs
[2024-12-17 10:57:12,210] {logging_mixin.py:104} INFO - [2024-12-17 10:57:12,210] {dag.py:2306} INFO - Setting next_dagrun for example_trigger_controller_dag to 2024-12-15 00:00:00+00:00
[2024-12-17 10:57:12,239] {scheduler_job.py:190} INFO - Processing /home/airflow/.local/lib/python3.6/site-packages/airflow/example_dags/example_trigger_controller_dag.py took 0.084 seconds
[2024-12-17 10:57:42,845] {scheduler_job.py:182} INFO - Started process (PID=903) to work on /home/airflow/.local/lib/python3.6/site-packages/airflow/example_dags/example_trigger_controller_dag.py
[2024-12-17 10:57:42,846] {scheduler_job.py:633} INFO - Processing file /home/airflow/.local/lib/python3.6/site-packages/airflow/example_dags/example_trigger_controller_dag.py for tasks to queue
[2024-12-17 10:57:42,847] {logging_mixin.py:104} INFO - [2024-12-17 10:57:42,847] {dagbag.py:496} INFO - Filling up the DagBag from /home/airflow/.local/lib/python3.6/site-packages/airflow/example_dags/example_trigger_controller_dag.py
[2024-12-17 10:57:42,863] {scheduler_job.py:643} INFO - DAG(s) dict_keys(['example_trigger_controller_dag']) retrieved from /home/airflow/.local/lib/python3.6/site-packages/airflow/example_dags/example_trigger_controller_dag.py
[2024-12-17 10:57:42,884] {logging_mixin.py:104} INFO - [2024-12-17 10:57:42,884] {dag.py:1833} INFO - Sync 1 DAGs
[2024-12-17 10:57:42,904] {logging_mixin.py:104} INFO - [2024-12-17 10:57:42,904] {dag.py:2306} INFO - Setting next_dagrun for example_trigger_controller_dag to 2024-12-15 00:00:00+00:00
[2024-12-17 10:57:42,922] {scheduler_job.py:190} INFO - Processing /home/airflow/.local/lib/python3.6/site-packages/airflow/example_dags/example_trigger_controller_dag.py took 0.081 seconds
[2024-12-17 10:58:13,596] {scheduler_job.py:182} INFO - Started process (PID=964) to work on /home/airflow/.local/lib/python3.6/site-packages/airflow/example_dags/example_trigger_controller_dag.py
[2024-12-17 10:58:13,597] {scheduler_job.py:633} INFO - Processing file /home/airflow/.local/lib/python3.6/site-packages/airflow/example_dags/example_trigger_controller_dag.py for tasks to queue
[2024-12-17 10:58:13,598] {logging_mixin.py:104} INFO - [2024-12-17 10:58:13,598] {dagbag.py:496} INFO - Filling up the DagBag from /home/airflow/.local/lib/python3.6/site-packages/airflow/example_dags/example_trigger_controller_dag.py
[2024-12-17 10:58:13,610] {scheduler_job.py:643} INFO - DAG(s) dict_keys(['example_trigger_controller_dag']) retrieved from /home/airflow/.local/lib/python3.6/site-packages/airflow/example_dags/example_trigger_controller_dag.py
[2024-12-17 10:58:13,674] {logging_mixin.py:104} INFO - [2024-12-17 10:58:13,674] {dag.py:1833} INFO - Sync 1 DAGs
[2024-12-17 10:58:13,691] {logging_mixin.py:104} INFO - [2024-12-17 10:58:13,691] {dag.py:2306} INFO - Setting next_dagrun for example_trigger_controller_dag to 2024-12-15 00:00:00+00:00
[2024-12-17 10:58:13,720] {scheduler_job.py:190} INFO - Processing /home/airflow/.local/lib/python3.6/site-packages/airflow/example_dags/example_trigger_controller_dag.py took 0.127 seconds
[2024-12-17 10:58:44,662] {scheduler_job.py:182} INFO - Started process (PID=1021) to work on /home/airflow/.local/lib/python3.6/site-packages/airflow/example_dags/example_trigger_controller_dag.py
[2024-12-17 10:58:44,663] {scheduler_job.py:633} INFO - Processing file /home/airflow/.local/lib/python3.6/site-packages/airflow/example_dags/example_trigger_controller_dag.py for tasks to queue
[2024-12-17 10:58:44,663] {logging_mixin.py:104} INFO - [2024-12-17 10:58:44,663] {dagbag.py:496} INFO - Filling up the DagBag from /home/airflow/.local/lib/python3.6/site-packages/airflow/example_dags/example_trigger_controller_dag.py
[2024-12-17 10:58:44,686] {scheduler_job.py:643} INFO - DAG(s) dict_keys(['example_trigger_controller_dag']) retrieved from /home/airflow/.local/lib/python3.6/site-packages/airflow/example_dags/example_trigger_controller_dag.py
[2024-12-17 10:58:44,744] {logging_mixin.py:104} INFO - [2024-12-17 10:58:44,744] {dag.py:1833} INFO - Sync 1 DAGs
[2024-12-17 10:58:44,780] {logging_mixin.py:104} INFO - [2024-12-17 10:58:44,779] {dag.py:2306} INFO - Setting next_dagrun for example_trigger_controller_dag to 2024-12-15 00:00:00+00:00
[2024-12-17 10:58:44,816] {scheduler_job.py:190} INFO - Processing /home/airflow/.local/lib/python3.6/site-packages/airflow/example_dags/example_trigger_controller_dag.py took 0.167 seconds
