[2024-12-17 10:50:28,915] {scheduler_job.py:182} INFO - Started process (PID=114) to work on /home/airflow/.local/lib/python3.6/site-packages/airflow/example_dags/example_task_group_decorator.py
[2024-12-17 10:50:28,918] {scheduler_job.py:633} INFO - Processing file /home/airflow/.local/lib/python3.6/site-packages/airflow/example_dags/example_task_group_decorator.py for tasks to queue
[2024-12-17 10:50:28,919] {logging_mixin.py:104} INFO - [2024-12-17 10:50:28,918] {dagbag.py:496} INFO - Filling up the DagBag from /home/airflow/.local/lib/python3.6/site-packages/airflow/example_dags/example_task_group_decorator.py
[2024-12-17 10:50:28,952] {scheduler_job.py:643} INFO - DAG(s) dict_keys(['example_task_group_decorator']) retrieved from /home/airflow/.local/lib/python3.6/site-packages/airflow/example_dags/example_task_group_decorator.py
[2024-12-17 10:50:31,791] {logging_mixin.py:104} INFO - [2024-12-17 10:50:31,790] {dag.py:1833} INFO - Sync 1 DAGs
[2024-12-17 10:50:31,803] {logging_mixin.py:104} INFO - [2024-12-17 10:50:31,801] {dag.py:1852} INFO - Creating ORM DAG for example_task_group_decorator
[2024-12-17 10:50:31,810] {logging_mixin.py:104} INFO - [2024-12-17 10:50:31,810] {dag.py:2306} INFO - Setting next_dagrun for example_task_group_decorator to 2024-12-15 00:00:00+00:00
[2024-12-17 10:50:31,827] {scheduler_job.py:190} INFO - Processing /home/airflow/.local/lib/python3.6/site-packages/airflow/example_dags/example_task_group_decorator.py took 2.916 seconds
[2024-12-17 10:51:05,406] {scheduler_job.py:182} INFO - Started process (PID=196) to work on /home/airflow/.local/lib/python3.6/site-packages/airflow/example_dags/example_task_group_decorator.py
[2024-12-17 10:51:05,412] {scheduler_job.py:633} INFO - Processing file /home/airflow/.local/lib/python3.6/site-packages/airflow/example_dags/example_task_group_decorator.py for tasks to queue
[2024-12-17 10:51:05,413] {logging_mixin.py:104} INFO - [2024-12-17 10:51:05,413] {dagbag.py:496} INFO - Filling up the DagBag from /home/airflow/.local/lib/python3.6/site-packages/airflow/example_dags/example_task_group_decorator.py
[2024-12-17 10:51:05,477] {scheduler_job.py:643} INFO - DAG(s) dict_keys(['example_task_group_decorator']) retrieved from /home/airflow/.local/lib/python3.6/site-packages/airflow/example_dags/example_task_group_decorator.py
[2024-12-17 10:51:05,835] {logging_mixin.py:104} INFO - [2024-12-17 10:51:05,835] {dag.py:1833} INFO - Sync 1 DAGs
[2024-12-17 10:51:05,869] {logging_mixin.py:104} INFO - [2024-12-17 10:51:05,869] {dag.py:2306} INFO - Setting next_dagrun for example_task_group_decorator to 2024-12-15 00:00:00+00:00
[2024-12-17 10:51:05,897] {scheduler_job.py:190} INFO - Processing /home/airflow/.local/lib/python3.6/site-packages/airflow/example_dags/example_task_group_decorator.py took 0.496 seconds
[2024-12-17 10:51:36,527] {scheduler_job.py:182} INFO - Started process (PID=255) to work on /home/airflow/.local/lib/python3.6/site-packages/airflow/example_dags/example_task_group_decorator.py
[2024-12-17 10:51:36,528] {scheduler_job.py:633} INFO - Processing file /home/airflow/.local/lib/python3.6/site-packages/airflow/example_dags/example_task_group_decorator.py for tasks to queue
[2024-12-17 10:51:36,529] {logging_mixin.py:104} INFO - [2024-12-17 10:51:36,529] {dagbag.py:496} INFO - Filling up the DagBag from /home/airflow/.local/lib/python3.6/site-packages/airflow/example_dags/example_task_group_decorator.py
[2024-12-17 10:51:36,561] {scheduler_job.py:643} INFO - DAG(s) dict_keys(['example_task_group_decorator']) retrieved from /home/airflow/.local/lib/python3.6/site-packages/airflow/example_dags/example_task_group_decorator.py
[2024-12-17 10:51:36,866] {logging_mixin.py:104} INFO - [2024-12-17 10:51:36,866] {dag.py:1833} INFO - Sync 1 DAGs
[2024-12-17 10:51:36,881] {logging_mixin.py:104} INFO - [2024-12-17 10:51:36,881] {dag.py:2306} INFO - Setting next_dagrun for example_task_group_decorator to 2024-12-15 00:00:00+00:00
[2024-12-17 10:51:36,900] {scheduler_job.py:190} INFO - Processing /home/airflow/.local/lib/python3.6/site-packages/airflow/example_dags/example_task_group_decorator.py took 0.378 seconds
[2024-12-17 10:52:07,036] {scheduler_job.py:182} INFO - Started process (PID=307) to work on /home/airflow/.local/lib/python3.6/site-packages/airflow/example_dags/example_task_group_decorator.py
[2024-12-17 10:52:07,038] {scheduler_job.py:633} INFO - Processing file /home/airflow/.local/lib/python3.6/site-packages/airflow/example_dags/example_task_group_decorator.py for tasks to queue
[2024-12-17 10:52:07,039] {logging_mixin.py:104} INFO - [2024-12-17 10:52:07,039] {dagbag.py:496} INFO - Filling up the DagBag from /home/airflow/.local/lib/python3.6/site-packages/airflow/example_dags/example_task_group_decorator.py
[2024-12-17 10:52:07,064] {scheduler_job.py:643} INFO - DAG(s) dict_keys(['example_task_group_decorator']) retrieved from /home/airflow/.local/lib/python3.6/site-packages/airflow/example_dags/example_task_group_decorator.py
[2024-12-17 10:52:07,254] {logging_mixin.py:104} INFO - [2024-12-17 10:52:07,254] {dag.py:1833} INFO - Sync 1 DAGs
[2024-12-17 10:52:07,268] {logging_mixin.py:104} INFO - [2024-12-17 10:52:07,267] {dag.py:2306} INFO - Setting next_dagrun for example_task_group_decorator to 2024-12-15 00:00:00+00:00
[2024-12-17 10:52:07,283] {scheduler_job.py:190} INFO - Processing /home/airflow/.local/lib/python3.6/site-packages/airflow/example_dags/example_task_group_decorator.py took 0.252 seconds
[2024-12-17 10:52:37,469] {scheduler_job.py:182} INFO - Started process (PID=358) to work on /home/airflow/.local/lib/python3.6/site-packages/airflow/example_dags/example_task_group_decorator.py
[2024-12-17 10:52:37,470] {scheduler_job.py:633} INFO - Processing file /home/airflow/.local/lib/python3.6/site-packages/airflow/example_dags/example_task_group_decorator.py for tasks to queue
[2024-12-17 10:52:37,471] {logging_mixin.py:104} INFO - [2024-12-17 10:52:37,471] {dagbag.py:496} INFO - Filling up the DagBag from /home/airflow/.local/lib/python3.6/site-packages/airflow/example_dags/example_task_group_decorator.py
[2024-12-17 10:52:37,491] {scheduler_job.py:643} INFO - DAG(s) dict_keys(['example_task_group_decorator']) retrieved from /home/airflow/.local/lib/python3.6/site-packages/airflow/example_dags/example_task_group_decorator.py
[2024-12-17 10:52:37,657] {logging_mixin.py:104} INFO - [2024-12-17 10:52:37,657] {dag.py:1833} INFO - Sync 1 DAGs
[2024-12-17 10:52:37,667] {logging_mixin.py:104} INFO - [2024-12-17 10:52:37,667] {dag.py:2306} INFO - Setting next_dagrun for example_task_group_decorator to 2024-12-15 00:00:00+00:00
[2024-12-17 10:52:37,688] {scheduler_job.py:190} INFO - Processing /home/airflow/.local/lib/python3.6/site-packages/airflow/example_dags/example_task_group_decorator.py took 0.223 seconds
[2024-12-17 10:53:08,323] {scheduler_job.py:182} INFO - Started process (PID=417) to work on /home/airflow/.local/lib/python3.6/site-packages/airflow/example_dags/example_task_group_decorator.py
[2024-12-17 10:53:08,324] {scheduler_job.py:633} INFO - Processing file /home/airflow/.local/lib/python3.6/site-packages/airflow/example_dags/example_task_group_decorator.py for tasks to queue
[2024-12-17 10:53:08,325] {logging_mixin.py:104} INFO - [2024-12-17 10:53:08,325] {dagbag.py:496} INFO - Filling up the DagBag from /home/airflow/.local/lib/python3.6/site-packages/airflow/example_dags/example_task_group_decorator.py
[2024-12-17 10:53:08,352] {scheduler_job.py:643} INFO - DAG(s) dict_keys(['example_task_group_decorator']) retrieved from /home/airflow/.local/lib/python3.6/site-packages/airflow/example_dags/example_task_group_decorator.py
[2024-12-17 10:53:08,568] {logging_mixin.py:104} INFO - [2024-12-17 10:53:08,568] {dag.py:1833} INFO - Sync 1 DAGs
[2024-12-17 10:53:08,579] {logging_mixin.py:104} INFO - [2024-12-17 10:53:08,579] {dag.py:2306} INFO - Setting next_dagrun for example_task_group_decorator to 2024-12-15 00:00:00+00:00
[2024-12-17 10:53:08,594] {scheduler_job.py:190} INFO - Processing /home/airflow/.local/lib/python3.6/site-packages/airflow/example_dags/example_task_group_decorator.py took 0.274 seconds
[2024-12-17 10:53:39,110] {scheduler_job.py:182} INFO - Started process (PID=468) to work on /home/airflow/.local/lib/python3.6/site-packages/airflow/example_dags/example_task_group_decorator.py
[2024-12-17 10:53:39,111] {scheduler_job.py:633} INFO - Processing file /home/airflow/.local/lib/python3.6/site-packages/airflow/example_dags/example_task_group_decorator.py for tasks to queue
[2024-12-17 10:53:39,112] {logging_mixin.py:104} INFO - [2024-12-17 10:53:39,112] {dagbag.py:496} INFO - Filling up the DagBag from /home/airflow/.local/lib/python3.6/site-packages/airflow/example_dags/example_task_group_decorator.py
[2024-12-17 10:53:39,144] {scheduler_job.py:643} INFO - DAG(s) dict_keys(['example_task_group_decorator']) retrieved from /home/airflow/.local/lib/python3.6/site-packages/airflow/example_dags/example_task_group_decorator.py
[2024-12-17 10:53:39,435] {logging_mixin.py:104} INFO - [2024-12-17 10:53:39,435] {dag.py:1833} INFO - Sync 1 DAGs
[2024-12-17 10:53:39,466] {logging_mixin.py:104} INFO - [2024-12-17 10:53:39,465] {dag.py:2306} INFO - Setting next_dagrun for example_task_group_decorator to 2024-12-15 00:00:00+00:00
[2024-12-17 10:53:39,729] {scheduler_job.py:190} INFO - Processing /home/airflow/.local/lib/python3.6/site-packages/airflow/example_dags/example_task_group_decorator.py took 0.622 seconds
[2024-12-17 10:54:09,979] {scheduler_job.py:182} INFO - Started process (PID=528) to work on /home/airflow/.local/lib/python3.6/site-packages/airflow/example_dags/example_task_group_decorator.py
[2024-12-17 10:54:09,981] {scheduler_job.py:633} INFO - Processing file /home/airflow/.local/lib/python3.6/site-packages/airflow/example_dags/example_task_group_decorator.py for tasks to queue
[2024-12-17 10:54:09,982] {logging_mixin.py:104} INFO - [2024-12-17 10:54:09,981] {dagbag.py:496} INFO - Filling up the DagBag from /home/airflow/.local/lib/python3.6/site-packages/airflow/example_dags/example_task_group_decorator.py
[2024-12-17 10:54:10,019] {scheduler_job.py:643} INFO - DAG(s) dict_keys(['example_task_group_decorator']) retrieved from /home/airflow/.local/lib/python3.6/site-packages/airflow/example_dags/example_task_group_decorator.py
[2024-12-17 10:54:10,437] {logging_mixin.py:104} INFO - [2024-12-17 10:54:10,437] {dag.py:1833} INFO - Sync 1 DAGs
[2024-12-17 10:54:10,483] {logging_mixin.py:104} INFO - [2024-12-17 10:54:10,483] {dag.py:2306} INFO - Setting next_dagrun for example_task_group_decorator to 2024-12-15 00:00:00+00:00
[2024-12-17 10:54:10,510] {scheduler_job.py:190} INFO - Processing /home/airflow/.local/lib/python3.6/site-packages/airflow/example_dags/example_task_group_decorator.py took 0.537 seconds
[2024-12-17 10:54:41,401] {scheduler_job.py:182} INFO - Started process (PID=590) to work on /home/airflow/.local/lib/python3.6/site-packages/airflow/example_dags/example_task_group_decorator.py
[2024-12-17 10:54:41,403] {scheduler_job.py:633} INFO - Processing file /home/airflow/.local/lib/python3.6/site-packages/airflow/example_dags/example_task_group_decorator.py for tasks to queue
[2024-12-17 10:54:41,403] {logging_mixin.py:104} INFO - [2024-12-17 10:54:41,403] {dagbag.py:496} INFO - Filling up the DagBag from /home/airflow/.local/lib/python3.6/site-packages/airflow/example_dags/example_task_group_decorator.py
[2024-12-17 10:54:41,427] {scheduler_job.py:643} INFO - DAG(s) dict_keys(['example_task_group_decorator']) retrieved from /home/airflow/.local/lib/python3.6/site-packages/airflow/example_dags/example_task_group_decorator.py
[2024-12-17 10:54:41,822] {logging_mixin.py:104} INFO - [2024-12-17 10:54:41,822] {dag.py:1833} INFO - Sync 1 DAGs
[2024-12-17 10:54:41,878] {logging_mixin.py:104} INFO - [2024-12-17 10:54:41,878] {dag.py:2306} INFO - Setting next_dagrun for example_task_group_decorator to 2024-12-15 00:00:00+00:00
[2024-12-17 10:54:41,895] {scheduler_job.py:190} INFO - Processing /home/airflow/.local/lib/python3.6/site-packages/airflow/example_dags/example_task_group_decorator.py took 0.509 seconds
[2024-12-17 10:55:11,940] {scheduler_job.py:182} INFO - Started process (PID=641) to work on /home/airflow/.local/lib/python3.6/site-packages/airflow/example_dags/example_task_group_decorator.py
[2024-12-17 10:55:11,941] {scheduler_job.py:633} INFO - Processing file /home/airflow/.local/lib/python3.6/site-packages/airflow/example_dags/example_task_group_decorator.py for tasks to queue
[2024-12-17 10:55:11,942] {logging_mixin.py:104} INFO - [2024-12-17 10:55:11,942] {dagbag.py:496} INFO - Filling up the DagBag from /home/airflow/.local/lib/python3.6/site-packages/airflow/example_dags/example_task_group_decorator.py
[2024-12-17 10:55:11,974] {scheduler_job.py:643} INFO - DAG(s) dict_keys(['example_task_group_decorator']) retrieved from /home/airflow/.local/lib/python3.6/site-packages/airflow/example_dags/example_task_group_decorator.py
[2024-12-17 10:55:12,219] {logging_mixin.py:104} INFO - [2024-12-17 10:55:12,219] {dag.py:1833} INFO - Sync 1 DAGs
[2024-12-17 10:55:12,234] {logging_mixin.py:104} INFO - [2024-12-17 10:55:12,233] {dag.py:2306} INFO - Setting next_dagrun for example_task_group_decorator to 2024-12-15 00:00:00+00:00
[2024-12-17 10:55:12,297] {scheduler_job.py:190} INFO - Processing /home/airflow/.local/lib/python3.6/site-packages/airflow/example_dags/example_task_group_decorator.py took 0.361 seconds
[2024-12-17 10:55:42,840] {scheduler_job.py:182} INFO - Started process (PID=701) to work on /home/airflow/.local/lib/python3.6/site-packages/airflow/example_dags/example_task_group_decorator.py
[2024-12-17 10:55:42,841] {scheduler_job.py:633} INFO - Processing file /home/airflow/.local/lib/python3.6/site-packages/airflow/example_dags/example_task_group_decorator.py for tasks to queue
[2024-12-17 10:55:42,841] {logging_mixin.py:104} INFO - [2024-12-17 10:55:42,841] {dagbag.py:496} INFO - Filling up the DagBag from /home/airflow/.local/lib/python3.6/site-packages/airflow/example_dags/example_task_group_decorator.py
[2024-12-17 10:55:42,865] {scheduler_job.py:643} INFO - DAG(s) dict_keys(['example_task_group_decorator']) retrieved from /home/airflow/.local/lib/python3.6/site-packages/airflow/example_dags/example_task_group_decorator.py
[2024-12-17 10:55:43,152] {logging_mixin.py:104} INFO - [2024-12-17 10:55:43,152] {dag.py:1833} INFO - Sync 1 DAGs
[2024-12-17 10:55:43,171] {logging_mixin.py:104} INFO - [2024-12-17 10:55:43,171] {dag.py:2306} INFO - Setting next_dagrun for example_task_group_decorator to 2024-12-15 00:00:00+00:00
[2024-12-17 10:55:43,200] {scheduler_job.py:190} INFO - Processing /home/airflow/.local/lib/python3.6/site-packages/airflow/example_dags/example_task_group_decorator.py took 0.363 seconds
[2024-12-17 10:56:13,618] {scheduler_job.py:182} INFO - Started process (PID=752) to work on /home/airflow/.local/lib/python3.6/site-packages/airflow/example_dags/example_task_group_decorator.py
[2024-12-17 10:56:13,640] {scheduler_job.py:633} INFO - Processing file /home/airflow/.local/lib/python3.6/site-packages/airflow/example_dags/example_task_group_decorator.py for tasks to queue
[2024-12-17 10:56:13,648] {logging_mixin.py:104} INFO - [2024-12-17 10:56:13,648] {dagbag.py:496} INFO - Filling up the DagBag from /home/airflow/.local/lib/python3.6/site-packages/airflow/example_dags/example_task_group_decorator.py
[2024-12-17 10:56:13,681] {scheduler_job.py:643} INFO - DAG(s) dict_keys(['example_task_group_decorator']) retrieved from /home/airflow/.local/lib/python3.6/site-packages/airflow/example_dags/example_task_group_decorator.py
[2024-12-17 10:56:13,900] {logging_mixin.py:104} INFO - [2024-12-17 10:56:13,900] {dag.py:1833} INFO - Sync 1 DAGs
[2024-12-17 10:56:13,915] {logging_mixin.py:104} INFO - [2024-12-17 10:56:13,915] {dag.py:2306} INFO - Setting next_dagrun for example_task_group_decorator to 2024-12-15 00:00:00+00:00
[2024-12-17 10:56:13,929] {scheduler_job.py:190} INFO - Processing /home/airflow/.local/lib/python3.6/site-packages/airflow/example_dags/example_task_group_decorator.py took 0.315 seconds
[2024-12-17 10:56:44,735] {scheduler_job.py:182} INFO - Started process (PID=814) to work on /home/airflow/.local/lib/python3.6/site-packages/airflow/example_dags/example_task_group_decorator.py
[2024-12-17 10:56:44,773] {scheduler_job.py:633} INFO - Processing file /home/airflow/.local/lib/python3.6/site-packages/airflow/example_dags/example_task_group_decorator.py for tasks to queue
[2024-12-17 10:56:44,774] {logging_mixin.py:104} INFO - [2024-12-17 10:56:44,774] {dagbag.py:496} INFO - Filling up the DagBag from /home/airflow/.local/lib/python3.6/site-packages/airflow/example_dags/example_task_group_decorator.py
[2024-12-17 10:56:45,099] {scheduler_job.py:643} INFO - DAG(s) dict_keys(['example_task_group_decorator']) retrieved from /home/airflow/.local/lib/python3.6/site-packages/airflow/example_dags/example_task_group_decorator.py
[2024-12-17 10:56:45,385] {logging_mixin.py:104} INFO - [2024-12-17 10:56:45,385] {dag.py:1833} INFO - Sync 1 DAGs
[2024-12-17 10:56:45,397] {logging_mixin.py:104} INFO - [2024-12-17 10:56:45,397] {dag.py:2306} INFO - Setting next_dagrun for example_task_group_decorator to 2024-12-15 00:00:00+00:00
[2024-12-17 10:56:45,411] {scheduler_job.py:190} INFO - Processing /home/airflow/.local/lib/python3.6/site-packages/airflow/example_dags/example_task_group_decorator.py took 0.679 seconds
[2024-12-17 10:57:15,526] {scheduler_job.py:182} INFO - Started process (PID=866) to work on /home/airflow/.local/lib/python3.6/site-packages/airflow/example_dags/example_task_group_decorator.py
[2024-12-17 10:57:15,527] {scheduler_job.py:633} INFO - Processing file /home/airflow/.local/lib/python3.6/site-packages/airflow/example_dags/example_task_group_decorator.py for tasks to queue
[2024-12-17 10:57:15,527] {logging_mixin.py:104} INFO - [2024-12-17 10:57:15,527] {dagbag.py:496} INFO - Filling up the DagBag from /home/airflow/.local/lib/python3.6/site-packages/airflow/example_dags/example_task_group_decorator.py
[2024-12-17 10:57:15,548] {scheduler_job.py:643} INFO - DAG(s) dict_keys(['example_task_group_decorator']) retrieved from /home/airflow/.local/lib/python3.6/site-packages/airflow/example_dags/example_task_group_decorator.py
[2024-12-17 10:57:15,751] {logging_mixin.py:104} INFO - [2024-12-17 10:57:15,751] {dag.py:1833} INFO - Sync 1 DAGs
[2024-12-17 10:57:15,764] {logging_mixin.py:104} INFO - [2024-12-17 10:57:15,764] {dag.py:2306} INFO - Setting next_dagrun for example_task_group_decorator to 2024-12-15 00:00:00+00:00
[2024-12-17 10:57:15,775] {scheduler_job.py:190} INFO - Processing /home/airflow/.local/lib/python3.6/site-packages/airflow/example_dags/example_task_group_decorator.py took 0.253 seconds
[2024-12-17 10:57:46,024] {scheduler_job.py:182} INFO - Started process (PID=923) to work on /home/airflow/.local/lib/python3.6/site-packages/airflow/example_dags/example_task_group_decorator.py
[2024-12-17 10:57:46,026] {scheduler_job.py:633} INFO - Processing file /home/airflow/.local/lib/python3.6/site-packages/airflow/example_dags/example_task_group_decorator.py for tasks to queue
[2024-12-17 10:57:46,026] {logging_mixin.py:104} INFO - [2024-12-17 10:57:46,026] {dagbag.py:496} INFO - Filling up the DagBag from /home/airflow/.local/lib/python3.6/site-packages/airflow/example_dags/example_task_group_decorator.py
[2024-12-17 10:57:46,061] {scheduler_job.py:643} INFO - DAG(s) dict_keys(['example_task_group_decorator']) retrieved from /home/airflow/.local/lib/python3.6/site-packages/airflow/example_dags/example_task_group_decorator.py
[2024-12-17 10:57:46,315] {logging_mixin.py:104} INFO - [2024-12-17 10:57:46,315] {dag.py:1833} INFO - Sync 1 DAGs
[2024-12-17 10:57:46,334] {logging_mixin.py:104} INFO - [2024-12-17 10:57:46,334] {dag.py:2306} INFO - Setting next_dagrun for example_task_group_decorator to 2024-12-15 00:00:00+00:00
[2024-12-17 10:57:46,346] {scheduler_job.py:190} INFO - Processing /home/airflow/.local/lib/python3.6/site-packages/airflow/example_dags/example_task_group_decorator.py took 0.327 seconds
[2024-12-17 10:58:16,633] {scheduler_job.py:182} INFO - Started process (PID=974) to work on /home/airflow/.local/lib/python3.6/site-packages/airflow/example_dags/example_task_group_decorator.py
[2024-12-17 10:58:16,634] {scheduler_job.py:633} INFO - Processing file /home/airflow/.local/lib/python3.6/site-packages/airflow/example_dags/example_task_group_decorator.py for tasks to queue
[2024-12-17 10:58:16,635] {logging_mixin.py:104} INFO - [2024-12-17 10:58:16,635] {dagbag.py:496} INFO - Filling up the DagBag from /home/airflow/.local/lib/python3.6/site-packages/airflow/example_dags/example_task_group_decorator.py
[2024-12-17 10:58:16,672] {scheduler_job.py:643} INFO - DAG(s) dict_keys(['example_task_group_decorator']) retrieved from /home/airflow/.local/lib/python3.6/site-packages/airflow/example_dags/example_task_group_decorator.py
[2024-12-17 10:58:16,903] {logging_mixin.py:104} INFO - [2024-12-17 10:58:16,903] {dag.py:1833} INFO - Sync 1 DAGs
[2024-12-17 10:58:16,918] {logging_mixin.py:104} INFO - [2024-12-17 10:58:16,918] {dag.py:2306} INFO - Setting next_dagrun for example_task_group_decorator to 2024-12-15 00:00:00+00:00
[2024-12-17 10:58:16,932] {scheduler_job.py:190} INFO - Processing /home/airflow/.local/lib/python3.6/site-packages/airflow/example_dags/example_task_group_decorator.py took 0.304 seconds
[2024-12-17 10:58:47,877] {scheduler_job.py:182} INFO - Started process (PID=1034) to work on /home/airflow/.local/lib/python3.6/site-packages/airflow/example_dags/example_task_group_decorator.py
[2024-12-17 10:58:47,878] {scheduler_job.py:633} INFO - Processing file /home/airflow/.local/lib/python3.6/site-packages/airflow/example_dags/example_task_group_decorator.py for tasks to queue
[2024-12-17 10:58:47,879] {logging_mixin.py:104} INFO - [2024-12-17 10:58:47,879] {dagbag.py:496} INFO - Filling up the DagBag from /home/airflow/.local/lib/python3.6/site-packages/airflow/example_dags/example_task_group_decorator.py
[2024-12-17 10:58:47,903] {scheduler_job.py:643} INFO - DAG(s) dict_keys(['example_task_group_decorator']) retrieved from /home/airflow/.local/lib/python3.6/site-packages/airflow/example_dags/example_task_group_decorator.py
[2024-12-17 10:58:48,101] {logging_mixin.py:104} INFO - [2024-12-17 10:58:48,101] {dag.py:1833} INFO - Sync 1 DAGs
[2024-12-17 10:58:48,116] {logging_mixin.py:104} INFO - [2024-12-17 10:58:48,115] {dag.py:2306} INFO - Setting next_dagrun for example_task_group_decorator to 2024-12-15 00:00:00+00:00
[2024-12-17 10:58:48,133] {scheduler_job.py:190} INFO - Processing /home/airflow/.local/lib/python3.6/site-packages/airflow/example_dags/example_task_group_decorator.py took 0.260 seconds
