[2024-12-17 10:50:35,638] {scheduler_job.py:182} INFO - Started process (PID=126) to work on /home/airflow/.local/lib/python3.6/site-packages/airflow/example_dags/example_kubernetes_executor.py
[2024-12-17 10:50:35,639] {scheduler_job.py:633} INFO - Processing file /home/airflow/.local/lib/python3.6/site-packages/airflow/example_dags/example_kubernetes_executor.py for tasks to queue
[2024-12-17 10:50:35,640] {logging_mixin.py:104} INFO - [2024-12-17 10:50:35,640] {dagbag.py:496} INFO - Filling up the DagBag from /home/airflow/.local/lib/python3.6/site-packages/airflow/example_dags/example_kubernetes_executor.py
[2024-12-17 10:50:35,656] {scheduler_job.py:643} INFO - DAG(s) dict_keys(['example_kubernetes_executor']) retrieved from /home/airflow/.local/lib/python3.6/site-packages/airflow/example_dags/example_kubernetes_executor.py
[2024-12-17 10:50:40,908] {logging_mixin.py:104} INFO - [2024-12-17 10:50:40,907] {dag.py:1833} INFO - Sync 1 DAGs
[2024-12-17 10:50:40,934] {logging_mixin.py:104} INFO - [2024-12-17 10:50:40,933] {dag.py:1852} INFO - Creating ORM DAG for example_kubernetes_executor
[2024-12-17 10:50:40,965] {logging_mixin.py:104} INFO - [2024-12-17 10:50:40,964] {dag.py:2306} INFO - Setting next_dagrun for example_kubernetes_executor to None
[2024-12-17 10:50:41,020] {scheduler_job.py:190} INFO - Processing /home/airflow/.local/lib/python3.6/site-packages/airflow/example_dags/example_kubernetes_executor.py took 5.390 seconds
[2024-12-17 10:51:11,355] {scheduler_job.py:182} INFO - Started process (PID=209) to work on /home/airflow/.local/lib/python3.6/site-packages/airflow/example_dags/example_kubernetes_executor.py
[2024-12-17 10:51:11,356] {scheduler_job.py:633} INFO - Processing file /home/airflow/.local/lib/python3.6/site-packages/airflow/example_dags/example_kubernetes_executor.py for tasks to queue
[2024-12-17 10:51:11,358] {logging_mixin.py:104} INFO - [2024-12-17 10:51:11,358] {dagbag.py:496} INFO - Filling up the DagBag from /home/airflow/.local/lib/python3.6/site-packages/airflow/example_dags/example_kubernetes_executor.py
[2024-12-17 10:51:11,376] {scheduler_job.py:643} INFO - DAG(s) dict_keys(['example_kubernetes_executor']) retrieved from /home/airflow/.local/lib/python3.6/site-packages/airflow/example_dags/example_kubernetes_executor.py
[2024-12-17 10:51:11,427] {logging_mixin.py:104} INFO - [2024-12-17 10:51:11,427] {dag.py:1833} INFO - Sync 1 DAGs
[2024-12-17 10:51:11,449] {logging_mixin.py:104} INFO - [2024-12-17 10:51:11,449] {dag.py:2306} INFO - Setting next_dagrun for example_kubernetes_executor to None
[2024-12-17 10:51:11,470] {scheduler_job.py:190} INFO - Processing /home/airflow/.local/lib/python3.6/site-packages/airflow/example_dags/example_kubernetes_executor.py took 0.120 seconds
[2024-12-17 10:51:42,179] {scheduler_job.py:182} INFO - Started process (PID=259) to work on /home/airflow/.local/lib/python3.6/site-packages/airflow/example_dags/example_kubernetes_executor.py
[2024-12-17 10:51:42,180] {scheduler_job.py:633} INFO - Processing file /home/airflow/.local/lib/python3.6/site-packages/airflow/example_dags/example_kubernetes_executor.py for tasks to queue
[2024-12-17 10:51:42,181] {logging_mixin.py:104} INFO - [2024-12-17 10:51:42,180] {dagbag.py:496} INFO - Filling up the DagBag from /home/airflow/.local/lib/python3.6/site-packages/airflow/example_dags/example_kubernetes_executor.py
[2024-12-17 10:51:42,192] {scheduler_job.py:643} INFO - DAG(s) dict_keys(['example_kubernetes_executor']) retrieved from /home/airflow/.local/lib/python3.6/site-packages/airflow/example_dags/example_kubernetes_executor.py
[2024-12-17 10:51:42,220] {logging_mixin.py:104} INFO - [2024-12-17 10:51:42,220] {dag.py:1833} INFO - Sync 1 DAGs
[2024-12-17 10:51:42,236] {logging_mixin.py:104} INFO - [2024-12-17 10:51:42,236] {dag.py:2306} INFO - Setting next_dagrun for example_kubernetes_executor to None
[2024-12-17 10:51:42,248] {scheduler_job.py:190} INFO - Processing /home/airflow/.local/lib/python3.6/site-packages/airflow/example_dags/example_kubernetes_executor.py took 0.074 seconds
[2024-12-17 10:52:12,574] {scheduler_job.py:182} INFO - Started process (PID=309) to work on /home/airflow/.local/lib/python3.6/site-packages/airflow/example_dags/example_kubernetes_executor.py
[2024-12-17 10:52:12,576] {scheduler_job.py:633} INFO - Processing file /home/airflow/.local/lib/python3.6/site-packages/airflow/example_dags/example_kubernetes_executor.py for tasks to queue
[2024-12-17 10:52:12,576] {logging_mixin.py:104} INFO - [2024-12-17 10:52:12,576] {dagbag.py:496} INFO - Filling up the DagBag from /home/airflow/.local/lib/python3.6/site-packages/airflow/example_dags/example_kubernetes_executor.py
[2024-12-17 10:52:12,587] {scheduler_job.py:643} INFO - DAG(s) dict_keys(['example_kubernetes_executor']) retrieved from /home/airflow/.local/lib/python3.6/site-packages/airflow/example_dags/example_kubernetes_executor.py
[2024-12-17 10:52:12,617] {logging_mixin.py:104} INFO - [2024-12-17 10:52:12,615] {dag.py:1833} INFO - Sync 1 DAGs
[2024-12-17 10:52:12,636] {logging_mixin.py:104} INFO - [2024-12-17 10:52:12,635] {dag.py:2306} INFO - Setting next_dagrun for example_kubernetes_executor to None
[2024-12-17 10:52:12,650] {scheduler_job.py:190} INFO - Processing /home/airflow/.local/lib/python3.6/site-packages/airflow/example_dags/example_kubernetes_executor.py took 0.079 seconds
[2024-12-17 10:52:43,379] {scheduler_job.py:182} INFO - Started process (PID=370) to work on /home/airflow/.local/lib/python3.6/site-packages/airflow/example_dags/example_kubernetes_executor.py
[2024-12-17 10:52:43,381] {scheduler_job.py:633} INFO - Processing file /home/airflow/.local/lib/python3.6/site-packages/airflow/example_dags/example_kubernetes_executor.py for tasks to queue
[2024-12-17 10:52:43,382] {logging_mixin.py:104} INFO - [2024-12-17 10:52:43,382] {dagbag.py:496} INFO - Filling up the DagBag from /home/airflow/.local/lib/python3.6/site-packages/airflow/example_dags/example_kubernetes_executor.py
[2024-12-17 10:52:43,395] {scheduler_job.py:643} INFO - DAG(s) dict_keys(['example_kubernetes_executor']) retrieved from /home/airflow/.local/lib/python3.6/site-packages/airflow/example_dags/example_kubernetes_executor.py
[2024-12-17 10:52:43,425] {logging_mixin.py:104} INFO - [2024-12-17 10:52:43,425] {dag.py:1833} INFO - Sync 1 DAGs
[2024-12-17 10:52:43,442] {logging_mixin.py:104} INFO - [2024-12-17 10:52:43,442] {dag.py:2306} INFO - Setting next_dagrun for example_kubernetes_executor to None
[2024-12-17 10:52:43,455] {scheduler_job.py:190} INFO - Processing /home/airflow/.local/lib/python3.6/site-packages/airflow/example_dags/example_kubernetes_executor.py took 0.079 seconds
[2024-12-17 10:53:13,649] {scheduler_job.py:182} INFO - Started process (PID=421) to work on /home/airflow/.local/lib/python3.6/site-packages/airflow/example_dags/example_kubernetes_executor.py
[2024-12-17 10:53:13,650] {scheduler_job.py:633} INFO - Processing file /home/airflow/.local/lib/python3.6/site-packages/airflow/example_dags/example_kubernetes_executor.py for tasks to queue
[2024-12-17 10:53:13,651] {logging_mixin.py:104} INFO - [2024-12-17 10:53:13,651] {dagbag.py:496} INFO - Filling up the DagBag from /home/airflow/.local/lib/python3.6/site-packages/airflow/example_dags/example_kubernetes_executor.py
[2024-12-17 10:53:13,662] {scheduler_job.py:643} INFO - DAG(s) dict_keys(['example_kubernetes_executor']) retrieved from /home/airflow/.local/lib/python3.6/site-packages/airflow/example_dags/example_kubernetes_executor.py
[2024-12-17 10:53:13,692] {logging_mixin.py:104} INFO - [2024-12-17 10:53:13,691] {dag.py:1833} INFO - Sync 1 DAGs
[2024-12-17 10:53:13,708] {logging_mixin.py:104} INFO - [2024-12-17 10:53:13,708] {dag.py:2306} INFO - Setting next_dagrun for example_kubernetes_executor to None
[2024-12-17 10:53:13,726] {scheduler_job.py:190} INFO - Processing /home/airflow/.local/lib/python3.6/site-packages/airflow/example_dags/example_kubernetes_executor.py took 0.081 seconds
[2024-12-17 10:53:43,965] {scheduler_job.py:182} INFO - Started process (PID=481) to work on /home/airflow/.local/lib/python3.6/site-packages/airflow/example_dags/example_kubernetes_executor.py
[2024-12-17 10:53:43,972] {scheduler_job.py:633} INFO - Processing file /home/airflow/.local/lib/python3.6/site-packages/airflow/example_dags/example_kubernetes_executor.py for tasks to queue
[2024-12-17 10:53:43,973] {logging_mixin.py:104} INFO - [2024-12-17 10:53:43,973] {dagbag.py:496} INFO - Filling up the DagBag from /home/airflow/.local/lib/python3.6/site-packages/airflow/example_dags/example_kubernetes_executor.py
[2024-12-17 10:53:43,990] {scheduler_job.py:643} INFO - DAG(s) dict_keys(['example_kubernetes_executor']) retrieved from /home/airflow/.local/lib/python3.6/site-packages/airflow/example_dags/example_kubernetes_executor.py
[2024-12-17 10:53:44,363] {logging_mixin.py:104} INFO - [2024-12-17 10:53:44,363] {dag.py:1833} INFO - Sync 1 DAGs
[2024-12-17 10:53:44,388] {logging_mixin.py:104} INFO - [2024-12-17 10:53:44,388] {dag.py:2306} INFO - Setting next_dagrun for example_kubernetes_executor to None
[2024-12-17 10:53:44,403] {scheduler_job.py:190} INFO - Processing /home/airflow/.local/lib/python3.6/site-packages/airflow/example_dags/example_kubernetes_executor.py took 0.443 seconds
[2024-12-17 10:54:15,381] {scheduler_job.py:182} INFO - Started process (PID=532) to work on /home/airflow/.local/lib/python3.6/site-packages/airflow/example_dags/example_kubernetes_executor.py
[2024-12-17 10:54:15,383] {scheduler_job.py:633} INFO - Processing file /home/airflow/.local/lib/python3.6/site-packages/airflow/example_dags/example_kubernetes_executor.py for tasks to queue
[2024-12-17 10:54:15,383] {logging_mixin.py:104} INFO - [2024-12-17 10:54:15,383] {dagbag.py:496} INFO - Filling up the DagBag from /home/airflow/.local/lib/python3.6/site-packages/airflow/example_dags/example_kubernetes_executor.py
[2024-12-17 10:54:15,397] {scheduler_job.py:643} INFO - DAG(s) dict_keys(['example_kubernetes_executor']) retrieved from /home/airflow/.local/lib/python3.6/site-packages/airflow/example_dags/example_kubernetes_executor.py
[2024-12-17 10:54:15,419] {logging_mixin.py:104} INFO - [2024-12-17 10:54:15,419] {dag.py:1833} INFO - Sync 1 DAGs
[2024-12-17 10:54:15,433] {logging_mixin.py:104} INFO - [2024-12-17 10:54:15,433] {dag.py:2306} INFO - Setting next_dagrun for example_kubernetes_executor to None
[2024-12-17 10:54:15,445] {scheduler_job.py:190} INFO - Processing /home/airflow/.local/lib/python3.6/site-packages/airflow/example_dags/example_kubernetes_executor.py took 0.068 seconds
[2024-12-17 10:54:46,172] {scheduler_job.py:182} INFO - Started process (PID=594) to work on /home/airflow/.local/lib/python3.6/site-packages/airflow/example_dags/example_kubernetes_executor.py
[2024-12-17 10:54:46,173] {scheduler_job.py:633} INFO - Processing file /home/airflow/.local/lib/python3.6/site-packages/airflow/example_dags/example_kubernetes_executor.py for tasks to queue
[2024-12-17 10:54:46,173] {logging_mixin.py:104} INFO - [2024-12-17 10:54:46,173] {dagbag.py:496} INFO - Filling up the DagBag from /home/airflow/.local/lib/python3.6/site-packages/airflow/example_dags/example_kubernetes_executor.py
[2024-12-17 10:54:46,186] {scheduler_job.py:643} INFO - DAG(s) dict_keys(['example_kubernetes_executor']) retrieved from /home/airflow/.local/lib/python3.6/site-packages/airflow/example_dags/example_kubernetes_executor.py
[2024-12-17 10:54:46,212] {logging_mixin.py:104} INFO - [2024-12-17 10:54:46,212] {dag.py:1833} INFO - Sync 1 DAGs
[2024-12-17 10:54:46,231] {logging_mixin.py:104} INFO - [2024-12-17 10:54:46,231] {dag.py:2306} INFO - Setting next_dagrun for example_kubernetes_executor to None
[2024-12-17 10:54:46,255] {scheduler_job.py:190} INFO - Processing /home/airflow/.local/lib/python3.6/site-packages/airflow/example_dags/example_kubernetes_executor.py took 0.087 seconds
[2024-12-17 10:55:17,118] {scheduler_job.py:182} INFO - Started process (PID=655) to work on /home/airflow/.local/lib/python3.6/site-packages/airflow/example_dags/example_kubernetes_executor.py
[2024-12-17 10:55:17,137] {scheduler_job.py:633} INFO - Processing file /home/airflow/.local/lib/python3.6/site-packages/airflow/example_dags/example_kubernetes_executor.py for tasks to queue
[2024-12-17 10:55:17,139] {logging_mixin.py:104} INFO - [2024-12-17 10:55:17,139] {dagbag.py:496} INFO - Filling up the DagBag from /home/airflow/.local/lib/python3.6/site-packages/airflow/example_dags/example_kubernetes_executor.py
[2024-12-17 10:55:17,165] {scheduler_job.py:643} INFO - DAG(s) dict_keys(['example_kubernetes_executor']) retrieved from /home/airflow/.local/lib/python3.6/site-packages/airflow/example_dags/example_kubernetes_executor.py
[2024-12-17 10:55:17,233] {logging_mixin.py:104} INFO - [2024-12-17 10:55:17,233] {dag.py:1833} INFO - Sync 1 DAGs
[2024-12-17 10:55:17,270] {logging_mixin.py:104} INFO - [2024-12-17 10:55:17,270] {dag.py:2306} INFO - Setting next_dagrun for example_kubernetes_executor to None
[2024-12-17 10:55:17,350] {scheduler_job.py:190} INFO - Processing /home/airflow/.local/lib/python3.6/site-packages/airflow/example_dags/example_kubernetes_executor.py took 0.237 seconds
[2024-12-17 10:55:48,367] {scheduler_job.py:182} INFO - Started process (PID=705) to work on /home/airflow/.local/lib/python3.6/site-packages/airflow/example_dags/example_kubernetes_executor.py
[2024-12-17 10:55:48,368] {scheduler_job.py:633} INFO - Processing file /home/airflow/.local/lib/python3.6/site-packages/airflow/example_dags/example_kubernetes_executor.py for tasks to queue
[2024-12-17 10:55:48,369] {logging_mixin.py:104} INFO - [2024-12-17 10:55:48,369] {dagbag.py:496} INFO - Filling up the DagBag from /home/airflow/.local/lib/python3.6/site-packages/airflow/example_dags/example_kubernetes_executor.py
[2024-12-17 10:55:48,383] {scheduler_job.py:643} INFO - DAG(s) dict_keys(['example_kubernetes_executor']) retrieved from /home/airflow/.local/lib/python3.6/site-packages/airflow/example_dags/example_kubernetes_executor.py
[2024-12-17 10:55:48,416] {logging_mixin.py:104} INFO - [2024-12-17 10:55:48,416] {dag.py:1833} INFO - Sync 1 DAGs
[2024-12-17 10:55:48,432] {logging_mixin.py:104} INFO - [2024-12-17 10:55:48,432] {dag.py:2306} INFO - Setting next_dagrun for example_kubernetes_executor to None
[2024-12-17 10:55:48,446] {scheduler_job.py:190} INFO - Processing /home/airflow/.local/lib/python3.6/site-packages/airflow/example_dags/example_kubernetes_executor.py took 0.082 seconds
[2024-12-17 10:56:19,142] {scheduler_job.py:182} INFO - Started process (PID=767) to work on /home/airflow/.local/lib/python3.6/site-packages/airflow/example_dags/example_kubernetes_executor.py
[2024-12-17 10:56:19,144] {scheduler_job.py:633} INFO - Processing file /home/airflow/.local/lib/python3.6/site-packages/airflow/example_dags/example_kubernetes_executor.py for tasks to queue
[2024-12-17 10:56:19,144] {logging_mixin.py:104} INFO - [2024-12-17 10:56:19,144] {dagbag.py:496} INFO - Filling up the DagBag from /home/airflow/.local/lib/python3.6/site-packages/airflow/example_dags/example_kubernetes_executor.py
[2024-12-17 10:56:19,156] {scheduler_job.py:643} INFO - DAG(s) dict_keys(['example_kubernetes_executor']) retrieved from /home/airflow/.local/lib/python3.6/site-packages/airflow/example_dags/example_kubernetes_executor.py
[2024-12-17 10:56:19,182] {logging_mixin.py:104} INFO - [2024-12-17 10:56:19,182] {dag.py:1833} INFO - Sync 1 DAGs
[2024-12-17 10:56:19,196] {logging_mixin.py:104} INFO - [2024-12-17 10:56:19,196] {dag.py:2306} INFO - Setting next_dagrun for example_kubernetes_executor to None
[2024-12-17 10:56:19,214] {scheduler_job.py:190} INFO - Processing /home/airflow/.local/lib/python3.6/site-packages/airflow/example_dags/example_kubernetes_executor.py took 0.075 seconds
[2024-12-17 10:56:49,423] {scheduler_job.py:182} INFO - Started process (PID=817) to work on /home/airflow/.local/lib/python3.6/site-packages/airflow/example_dags/example_kubernetes_executor.py
[2024-12-17 10:56:49,428] {scheduler_job.py:633} INFO - Processing file /home/airflow/.local/lib/python3.6/site-packages/airflow/example_dags/example_kubernetes_executor.py for tasks to queue
[2024-12-17 10:56:49,429] {logging_mixin.py:104} INFO - [2024-12-17 10:56:49,429] {dagbag.py:496} INFO - Filling up the DagBag from /home/airflow/.local/lib/python3.6/site-packages/airflow/example_dags/example_kubernetes_executor.py
[2024-12-17 10:56:49,441] {scheduler_job.py:643} INFO - DAG(s) dict_keys(['example_kubernetes_executor']) retrieved from /home/airflow/.local/lib/python3.6/site-packages/airflow/example_dags/example_kubernetes_executor.py
[2024-12-17 10:56:49,480] {logging_mixin.py:104} INFO - [2024-12-17 10:56:49,480] {dag.py:1833} INFO - Sync 1 DAGs
[2024-12-17 10:56:49,501] {logging_mixin.py:104} INFO - [2024-12-17 10:56:49,501] {dag.py:2306} INFO - Setting next_dagrun for example_kubernetes_executor to None
[2024-12-17 10:56:49,515] {scheduler_job.py:190} INFO - Processing /home/airflow/.local/lib/python3.6/site-packages/airflow/example_dags/example_kubernetes_executor.py took 0.097 seconds
[2024-12-17 10:57:19,564] {scheduler_job.py:182} INFO - Started process (PID=867) to work on /home/airflow/.local/lib/python3.6/site-packages/airflow/example_dags/example_kubernetes_executor.py
[2024-12-17 10:57:19,565] {scheduler_job.py:633} INFO - Processing file /home/airflow/.local/lib/python3.6/site-packages/airflow/example_dags/example_kubernetes_executor.py for tasks to queue
[2024-12-17 10:57:19,566] {logging_mixin.py:104} INFO - [2024-12-17 10:57:19,566] {dagbag.py:496} INFO - Filling up the DagBag from /home/airflow/.local/lib/python3.6/site-packages/airflow/example_dags/example_kubernetes_executor.py
[2024-12-17 10:57:19,578] {scheduler_job.py:643} INFO - DAG(s) dict_keys(['example_kubernetes_executor']) retrieved from /home/airflow/.local/lib/python3.6/site-packages/airflow/example_dags/example_kubernetes_executor.py
[2024-12-17 10:57:19,606] {logging_mixin.py:104} INFO - [2024-12-17 10:57:19,605] {dag.py:1833} INFO - Sync 1 DAGs
[2024-12-17 10:57:19,621] {logging_mixin.py:104} INFO - [2024-12-17 10:57:19,620] {dag.py:2306} INFO - Setting next_dagrun for example_kubernetes_executor to None
[2024-12-17 10:57:19,638] {scheduler_job.py:190} INFO - Processing /home/airflow/.local/lib/python3.6/site-packages/airflow/example_dags/example_kubernetes_executor.py took 0.078 seconds
[2024-12-17 10:57:49,932] {scheduler_job.py:182} INFO - Started process (PID=927) to work on /home/airflow/.local/lib/python3.6/site-packages/airflow/example_dags/example_kubernetes_executor.py
[2024-12-17 10:57:49,933] {scheduler_job.py:633} INFO - Processing file /home/airflow/.local/lib/python3.6/site-packages/airflow/example_dags/example_kubernetes_executor.py for tasks to queue
[2024-12-17 10:57:49,934] {logging_mixin.py:104} INFO - [2024-12-17 10:57:49,933] {dagbag.py:496} INFO - Filling up the DagBag from /home/airflow/.local/lib/python3.6/site-packages/airflow/example_dags/example_kubernetes_executor.py
[2024-12-17 10:57:49,947] {scheduler_job.py:643} INFO - DAG(s) dict_keys(['example_kubernetes_executor']) retrieved from /home/airflow/.local/lib/python3.6/site-packages/airflow/example_dags/example_kubernetes_executor.py
[2024-12-17 10:57:49,973] {logging_mixin.py:104} INFO - [2024-12-17 10:57:49,973] {dag.py:1833} INFO - Sync 1 DAGs
[2024-12-17 10:57:49,989] {logging_mixin.py:104} INFO - [2024-12-17 10:57:49,989] {dag.py:2306} INFO - Setting next_dagrun for example_kubernetes_executor to None
[2024-12-17 10:57:50,003] {scheduler_job.py:190} INFO - Processing /home/airflow/.local/lib/python3.6/site-packages/airflow/example_dags/example_kubernetes_executor.py took 0.078 seconds
[2024-12-17 10:58:20,073] {scheduler_job.py:182} INFO - Started process (PID=978) to work on /home/airflow/.local/lib/python3.6/site-packages/airflow/example_dags/example_kubernetes_executor.py
[2024-12-17 10:58:20,074] {scheduler_job.py:633} INFO - Processing file /home/airflow/.local/lib/python3.6/site-packages/airflow/example_dags/example_kubernetes_executor.py for tasks to queue
[2024-12-17 10:58:20,075] {logging_mixin.py:104} INFO - [2024-12-17 10:58:20,075] {dagbag.py:496} INFO - Filling up the DagBag from /home/airflow/.local/lib/python3.6/site-packages/airflow/example_dags/example_kubernetes_executor.py
[2024-12-17 10:58:20,089] {scheduler_job.py:643} INFO - DAG(s) dict_keys(['example_kubernetes_executor']) retrieved from /home/airflow/.local/lib/python3.6/site-packages/airflow/example_dags/example_kubernetes_executor.py
[2024-12-17 10:58:20,115] {logging_mixin.py:104} INFO - [2024-12-17 10:58:20,114] {dag.py:1833} INFO - Sync 1 DAGs
[2024-12-17 10:58:20,131] {logging_mixin.py:104} INFO - [2024-12-17 10:58:20,131] {dag.py:2306} INFO - Setting next_dagrun for example_kubernetes_executor to None
[2024-12-17 10:58:20,143] {scheduler_job.py:190} INFO - Processing /home/airflow/.local/lib/python3.6/site-packages/airflow/example_dags/example_kubernetes_executor.py took 0.075 seconds
[2024-12-17 10:58:50,175] {scheduler_job.py:182} INFO - Started process (PID=1038) to work on /home/airflow/.local/lib/python3.6/site-packages/airflow/example_dags/example_kubernetes_executor.py
[2024-12-17 10:58:50,176] {scheduler_job.py:633} INFO - Processing file /home/airflow/.local/lib/python3.6/site-packages/airflow/example_dags/example_kubernetes_executor.py for tasks to queue
[2024-12-17 10:58:50,178] {logging_mixin.py:104} INFO - [2024-12-17 10:58:50,178] {dagbag.py:496} INFO - Filling up the DagBag from /home/airflow/.local/lib/python3.6/site-packages/airflow/example_dags/example_kubernetes_executor.py
[2024-12-17 10:58:50,197] {scheduler_job.py:643} INFO - DAG(s) dict_keys(['example_kubernetes_executor']) retrieved from /home/airflow/.local/lib/python3.6/site-packages/airflow/example_dags/example_kubernetes_executor.py
[2024-12-17 10:58:50,221] {logging_mixin.py:104} INFO - [2024-12-17 10:58:50,221] {dag.py:1833} INFO - Sync 1 DAGs
[2024-12-17 10:58:50,243] {logging_mixin.py:104} INFO - [2024-12-17 10:58:50,243] {dag.py:2306} INFO - Setting next_dagrun for example_kubernetes_executor to None
[2024-12-17 10:58:50,285] {scheduler_job.py:190} INFO - Processing /home/airflow/.local/lib/python3.6/site-packages/airflow/example_dags/example_kubernetes_executor.py took 0.114 seconds
