[2024-12-17 10:50:59,020] {scheduler_job.py:182} INFO - Started process (PID=174) to work on /home/airflow/.local/lib/python3.6/site-packages/airflow/example_dags/example_python_operator.py
[2024-12-17 10:50:59,022] {scheduler_job.py:633} INFO - Processing file /home/airflow/.local/lib/python3.6/site-packages/airflow/example_dags/example_python_operator.py for tasks to queue
[2024-12-17 10:50:59,023] {logging_mixin.py:104} INFO - [2024-12-17 10:50:59,023] {dagbag.py:496} INFO - Filling up the DagBag from /home/airflow/.local/lib/python3.6/site-packages/airflow/example_dags/example_python_operator.py
[2024-12-17 10:50:59,044] {scheduler_job.py:643} INFO - DAG(s) dict_keys(['example_python_operator']) retrieved from /home/airflow/.local/lib/python3.6/site-packages/airflow/example_dags/example_python_operator.py
[2024-12-17 10:51:02,535] {logging_mixin.py:104} INFO - [2024-12-17 10:51:02,532] {dag.py:1833} INFO - Sync 1 DAGs
[2024-12-17 10:51:02,550] {logging_mixin.py:104} INFO - [2024-12-17 10:51:02,549] {dag.py:1852} INFO - Creating ORM DAG for example_python_operator
[2024-12-17 10:51:02,556] {logging_mixin.py:104} INFO - [2024-12-17 10:51:02,556] {dag.py:2306} INFO - Setting next_dagrun for example_python_operator to None
[2024-12-17 10:51:02,572] {scheduler_job.py:190} INFO - Processing /home/airflow/.local/lib/python3.6/site-packages/airflow/example_dags/example_python_operator.py took 3.558 seconds
[2024-12-17 10:51:33,477] {scheduler_job.py:182} INFO - Started process (PID=239) to work on /home/airflow/.local/lib/python3.6/site-packages/airflow/example_dags/example_python_operator.py
[2024-12-17 10:51:33,489] {scheduler_job.py:633} INFO - Processing file /home/airflow/.local/lib/python3.6/site-packages/airflow/example_dags/example_python_operator.py for tasks to queue
[2024-12-17 10:51:33,490] {logging_mixin.py:104} INFO - [2024-12-17 10:51:33,490] {dagbag.py:496} INFO - Filling up the DagBag from /home/airflow/.local/lib/python3.6/site-packages/airflow/example_dags/example_python_operator.py
[2024-12-17 10:51:33,504] {scheduler_job.py:643} INFO - DAG(s) dict_keys(['example_python_operator']) retrieved from /home/airflow/.local/lib/python3.6/site-packages/airflow/example_dags/example_python_operator.py
[2024-12-17 10:51:33,556] {logging_mixin.py:104} INFO - [2024-12-17 10:51:33,556] {dag.py:1833} INFO - Sync 1 DAGs
[2024-12-17 10:51:33,576] {logging_mixin.py:104} INFO - [2024-12-17 10:51:33,576] {dag.py:2306} INFO - Setting next_dagrun for example_python_operator to None
[2024-12-17 10:51:33,609] {scheduler_job.py:190} INFO - Processing /home/airflow/.local/lib/python3.6/site-packages/airflow/example_dags/example_python_operator.py took 0.136 seconds
[2024-12-17 10:52:03,892] {scheduler_job.py:182} INFO - Started process (PID=290) to work on /home/airflow/.local/lib/python3.6/site-packages/airflow/example_dags/example_python_operator.py
[2024-12-17 10:52:03,893] {scheduler_job.py:633} INFO - Processing file /home/airflow/.local/lib/python3.6/site-packages/airflow/example_dags/example_python_operator.py for tasks to queue
[2024-12-17 10:52:03,894] {logging_mixin.py:104} INFO - [2024-12-17 10:52:03,894] {dagbag.py:496} INFO - Filling up the DagBag from /home/airflow/.local/lib/python3.6/site-packages/airflow/example_dags/example_python_operator.py
[2024-12-17 10:52:03,907] {scheduler_job.py:643} INFO - DAG(s) dict_keys(['example_python_operator']) retrieved from /home/airflow/.local/lib/python3.6/site-packages/airflow/example_dags/example_python_operator.py
[2024-12-17 10:52:03,932] {logging_mixin.py:104} INFO - [2024-12-17 10:52:03,932] {dag.py:1833} INFO - Sync 1 DAGs
[2024-12-17 10:52:03,945] {logging_mixin.py:104} INFO - [2024-12-17 10:52:03,945] {dag.py:2306} INFO - Setting next_dagrun for example_python_operator to None
[2024-12-17 10:52:03,960] {scheduler_job.py:190} INFO - Processing /home/airflow/.local/lib/python3.6/site-packages/airflow/example_dags/example_python_operator.py took 0.071 seconds
[2024-12-17 10:52:34,438] {scheduler_job.py:182} INFO - Started process (PID=341) to work on /home/airflow/.local/lib/python3.6/site-packages/airflow/example_dags/example_python_operator.py
[2024-12-17 10:52:34,440] {scheduler_job.py:633} INFO - Processing file /home/airflow/.local/lib/python3.6/site-packages/airflow/example_dags/example_python_operator.py for tasks to queue
[2024-12-17 10:52:34,441] {logging_mixin.py:104} INFO - [2024-12-17 10:52:34,441] {dagbag.py:496} INFO - Filling up the DagBag from /home/airflow/.local/lib/python3.6/site-packages/airflow/example_dags/example_python_operator.py
[2024-12-17 10:52:34,461] {scheduler_job.py:643} INFO - DAG(s) dict_keys(['example_python_operator']) retrieved from /home/airflow/.local/lib/python3.6/site-packages/airflow/example_dags/example_python_operator.py
[2024-12-17 10:52:34,499] {logging_mixin.py:104} INFO - [2024-12-17 10:52:34,499] {dag.py:1833} INFO - Sync 1 DAGs
[2024-12-17 10:52:34,515] {logging_mixin.py:104} INFO - [2024-12-17 10:52:34,515] {dag.py:2306} INFO - Setting next_dagrun for example_python_operator to None
[2024-12-17 10:52:34,525] {scheduler_job.py:190} INFO - Processing /home/airflow/.local/lib/python3.6/site-packages/airflow/example_dags/example_python_operator.py took 0.090 seconds
[2024-12-17 10:53:04,939] {scheduler_job.py:182} INFO - Started process (PID=402) to work on /home/airflow/.local/lib/python3.6/site-packages/airflow/example_dags/example_python_operator.py
[2024-12-17 10:53:04,940] {scheduler_job.py:633} INFO - Processing file /home/airflow/.local/lib/python3.6/site-packages/airflow/example_dags/example_python_operator.py for tasks to queue
[2024-12-17 10:53:04,940] {logging_mixin.py:104} INFO - [2024-12-17 10:53:04,940] {dagbag.py:496} INFO - Filling up the DagBag from /home/airflow/.local/lib/python3.6/site-packages/airflow/example_dags/example_python_operator.py
[2024-12-17 10:53:04,961] {scheduler_job.py:643} INFO - DAG(s) dict_keys(['example_python_operator']) retrieved from /home/airflow/.local/lib/python3.6/site-packages/airflow/example_dags/example_python_operator.py
[2024-12-17 10:53:04,988] {logging_mixin.py:104} INFO - [2024-12-17 10:53:04,988] {dag.py:1833} INFO - Sync 1 DAGs
[2024-12-17 10:53:05,006] {logging_mixin.py:104} INFO - [2024-12-17 10:53:05,006] {dag.py:2306} INFO - Setting next_dagrun for example_python_operator to None
[2024-12-17 10:53:05,028] {scheduler_job.py:190} INFO - Processing /home/airflow/.local/lib/python3.6/site-packages/airflow/example_dags/example_python_operator.py took 0.093 seconds
[2024-12-17 10:53:35,129] {scheduler_job.py:182} INFO - Started process (PID=452) to work on /home/airflow/.local/lib/python3.6/site-packages/airflow/example_dags/example_python_operator.py
[2024-12-17 10:53:35,130] {scheduler_job.py:633} INFO - Processing file /home/airflow/.local/lib/python3.6/site-packages/airflow/example_dags/example_python_operator.py for tasks to queue
[2024-12-17 10:53:35,131] {logging_mixin.py:104} INFO - [2024-12-17 10:53:35,131] {dagbag.py:496} INFO - Filling up the DagBag from /home/airflow/.local/lib/python3.6/site-packages/airflow/example_dags/example_python_operator.py
[2024-12-17 10:53:35,144] {scheduler_job.py:643} INFO - DAG(s) dict_keys(['example_python_operator']) retrieved from /home/airflow/.local/lib/python3.6/site-packages/airflow/example_dags/example_python_operator.py
[2024-12-17 10:53:35,178] {logging_mixin.py:104} INFO - [2024-12-17 10:53:35,178] {dag.py:1833} INFO - Sync 1 DAGs
[2024-12-17 10:53:35,196] {logging_mixin.py:104} INFO - [2024-12-17 10:53:35,196] {dag.py:2306} INFO - Setting next_dagrun for example_python_operator to None
[2024-12-17 10:53:35,207] {scheduler_job.py:190} INFO - Processing /home/airflow/.local/lib/python3.6/site-packages/airflow/example_dags/example_python_operator.py took 0.082 seconds
[2024-12-17 10:54:05,251] {scheduler_job.py:182} INFO - Started process (PID=513) to work on /home/airflow/.local/lib/python3.6/site-packages/airflow/example_dags/example_python_operator.py
[2024-12-17 10:54:05,263] {scheduler_job.py:633} INFO - Processing file /home/airflow/.local/lib/python3.6/site-packages/airflow/example_dags/example_python_operator.py for tasks to queue
[2024-12-17 10:54:05,264] {logging_mixin.py:104} INFO - [2024-12-17 10:54:05,264] {dagbag.py:496} INFO - Filling up the DagBag from /home/airflow/.local/lib/python3.6/site-packages/airflow/example_dags/example_python_operator.py
[2024-12-17 10:54:05,310] {scheduler_job.py:643} INFO - DAG(s) dict_keys(['example_python_operator']) retrieved from /home/airflow/.local/lib/python3.6/site-packages/airflow/example_dags/example_python_operator.py
[2024-12-17 10:54:05,376] {logging_mixin.py:104} INFO - [2024-12-17 10:54:05,376] {dag.py:1833} INFO - Sync 1 DAGs
[2024-12-17 10:54:05,413] {logging_mixin.py:104} INFO - [2024-12-17 10:54:05,413] {dag.py:2306} INFO - Setting next_dagrun for example_python_operator to None
[2024-12-17 10:54:05,444] {scheduler_job.py:190} INFO - Processing /home/airflow/.local/lib/python3.6/site-packages/airflow/example_dags/example_python_operator.py took 0.196 seconds
[2024-12-17 10:54:35,535] {scheduler_job.py:182} INFO - Started process (PID=565) to work on /home/airflow/.local/lib/python3.6/site-packages/airflow/example_dags/example_python_operator.py
[2024-12-17 10:54:35,536] {scheduler_job.py:633} INFO - Processing file /home/airflow/.local/lib/python3.6/site-packages/airflow/example_dags/example_python_operator.py for tasks to queue
[2024-12-17 10:54:35,537] {logging_mixin.py:104} INFO - [2024-12-17 10:54:35,537] {dagbag.py:496} INFO - Filling up the DagBag from /home/airflow/.local/lib/python3.6/site-packages/airflow/example_dags/example_python_operator.py
[2024-12-17 10:54:35,569] {scheduler_job.py:643} INFO - DAG(s) dict_keys(['example_python_operator']) retrieved from /home/airflow/.local/lib/python3.6/site-packages/airflow/example_dags/example_python_operator.py
[2024-12-17 10:54:35,622] {logging_mixin.py:104} INFO - [2024-12-17 10:54:35,622] {dag.py:1833} INFO - Sync 1 DAGs
[2024-12-17 10:54:35,647] {logging_mixin.py:104} INFO - [2024-12-17 10:54:35,647] {dag.py:2306} INFO - Setting next_dagrun for example_python_operator to None
[2024-12-17 10:54:35,685] {scheduler_job.py:190} INFO - Processing /home/airflow/.local/lib/python3.6/site-packages/airflow/example_dags/example_python_operator.py took 0.155 seconds
[2024-12-17 10:55:05,776] {scheduler_job.py:182} INFO - Started process (PID=626) to work on /home/airflow/.local/lib/python3.6/site-packages/airflow/example_dags/example_python_operator.py
[2024-12-17 10:55:05,780] {scheduler_job.py:633} INFO - Processing file /home/airflow/.local/lib/python3.6/site-packages/airflow/example_dags/example_python_operator.py for tasks to queue
[2024-12-17 10:55:05,780] {logging_mixin.py:104} INFO - [2024-12-17 10:55:05,780] {dagbag.py:496} INFO - Filling up the DagBag from /home/airflow/.local/lib/python3.6/site-packages/airflow/example_dags/example_python_operator.py
[2024-12-17 10:55:05,798] {scheduler_job.py:643} INFO - DAG(s) dict_keys(['example_python_operator']) retrieved from /home/airflow/.local/lib/python3.6/site-packages/airflow/example_dags/example_python_operator.py
[2024-12-17 10:55:05,824] {logging_mixin.py:104} INFO - [2024-12-17 10:55:05,824] {dag.py:1833} INFO - Sync 1 DAGs
[2024-12-17 10:55:05,840] {logging_mixin.py:104} INFO - [2024-12-17 10:55:05,840] {dag.py:2306} INFO - Setting next_dagrun for example_python_operator to None
[2024-12-17 10:55:05,854] {scheduler_job.py:190} INFO - Processing /home/airflow/.local/lib/python3.6/site-packages/airflow/example_dags/example_python_operator.py took 0.084 seconds
[2024-12-17 10:55:36,443] {scheduler_job.py:182} INFO - Started process (PID=676) to work on /home/airflow/.local/lib/python3.6/site-packages/airflow/example_dags/example_python_operator.py
[2024-12-17 10:55:36,444] {scheduler_job.py:633} INFO - Processing file /home/airflow/.local/lib/python3.6/site-packages/airflow/example_dags/example_python_operator.py for tasks to queue
[2024-12-17 10:55:36,445] {logging_mixin.py:104} INFO - [2024-12-17 10:55:36,444] {dagbag.py:496} INFO - Filling up the DagBag from /home/airflow/.local/lib/python3.6/site-packages/airflow/example_dags/example_python_operator.py
[2024-12-17 10:55:36,458] {scheduler_job.py:643} INFO - DAG(s) dict_keys(['example_python_operator']) retrieved from /home/airflow/.local/lib/python3.6/site-packages/airflow/example_dags/example_python_operator.py
[2024-12-17 10:55:36,491] {logging_mixin.py:104} INFO - [2024-12-17 10:55:36,491] {dag.py:1833} INFO - Sync 1 DAGs
[2024-12-17 10:55:36,509] {logging_mixin.py:104} INFO - [2024-12-17 10:55:36,509] {dag.py:2306} INFO - Setting next_dagrun for example_python_operator to None
[2024-12-17 10:55:36,522] {scheduler_job.py:190} INFO - Processing /home/airflow/.local/lib/python3.6/site-packages/airflow/example_dags/example_python_operator.py took 0.082 seconds
[2024-12-17 10:56:06,652] {scheduler_job.py:182} INFO - Started process (PID=737) to work on /home/airflow/.local/lib/python3.6/site-packages/airflow/example_dags/example_python_operator.py
[2024-12-17 10:56:06,653] {scheduler_job.py:633} INFO - Processing file /home/airflow/.local/lib/python3.6/site-packages/airflow/example_dags/example_python_operator.py for tasks to queue
[2024-12-17 10:56:06,654] {logging_mixin.py:104} INFO - [2024-12-17 10:56:06,654] {dagbag.py:496} INFO - Filling up the DagBag from /home/airflow/.local/lib/python3.6/site-packages/airflow/example_dags/example_python_operator.py
[2024-12-17 10:56:06,665] {scheduler_job.py:643} INFO - DAG(s) dict_keys(['example_python_operator']) retrieved from /home/airflow/.local/lib/python3.6/site-packages/airflow/example_dags/example_python_operator.py
[2024-12-17 10:56:06,692] {logging_mixin.py:104} INFO - [2024-12-17 10:56:06,692] {dag.py:1833} INFO - Sync 1 DAGs
[2024-12-17 10:56:06,708] {logging_mixin.py:104} INFO - [2024-12-17 10:56:06,708] {dag.py:2306} INFO - Setting next_dagrun for example_python_operator to None
[2024-12-17 10:56:06,721] {scheduler_job.py:190} INFO - Processing /home/airflow/.local/lib/python3.6/site-packages/airflow/example_dags/example_python_operator.py took 0.072 seconds
[2024-12-17 10:56:37,100] {scheduler_job.py:182} INFO - Started process (PID=789) to work on /home/airflow/.local/lib/python3.6/site-packages/airflow/example_dags/example_python_operator.py
[2024-12-17 10:56:37,102] {scheduler_job.py:633} INFO - Processing file /home/airflow/.local/lib/python3.6/site-packages/airflow/example_dags/example_python_operator.py for tasks to queue
[2024-12-17 10:56:37,103] {logging_mixin.py:104} INFO - [2024-12-17 10:56:37,103] {dagbag.py:496} INFO - Filling up the DagBag from /home/airflow/.local/lib/python3.6/site-packages/airflow/example_dags/example_python_operator.py
[2024-12-17 10:56:37,116] {scheduler_job.py:643} INFO - DAG(s) dict_keys(['example_python_operator']) retrieved from /home/airflow/.local/lib/python3.6/site-packages/airflow/example_dags/example_python_operator.py
[2024-12-17 10:56:37,149] {logging_mixin.py:104} INFO - [2024-12-17 10:56:37,149] {dag.py:1833} INFO - Sync 1 DAGs
[2024-12-17 10:56:37,164] {logging_mixin.py:104} INFO - [2024-12-17 10:56:37,164] {dag.py:2306} INFO - Setting next_dagrun for example_python_operator to None
[2024-12-17 10:56:37,173] {scheduler_job.py:190} INFO - Processing /home/airflow/.local/lib/python3.6/site-packages/airflow/example_dags/example_python_operator.py took 0.078 seconds
[2024-12-17 10:57:07,521] {scheduler_job.py:182} INFO - Started process (PID=838) to work on /home/airflow/.local/lib/python3.6/site-packages/airflow/example_dags/example_python_operator.py
[2024-12-17 10:57:07,522] {scheduler_job.py:633} INFO - Processing file /home/airflow/.local/lib/python3.6/site-packages/airflow/example_dags/example_python_operator.py for tasks to queue
[2024-12-17 10:57:07,523] {logging_mixin.py:104} INFO - [2024-12-17 10:57:07,522] {dagbag.py:496} INFO - Filling up the DagBag from /home/airflow/.local/lib/python3.6/site-packages/airflow/example_dags/example_python_operator.py
[2024-12-17 10:57:07,539] {scheduler_job.py:643} INFO - DAG(s) dict_keys(['example_python_operator']) retrieved from /home/airflow/.local/lib/python3.6/site-packages/airflow/example_dags/example_python_operator.py
[2024-12-17 10:57:07,562] {logging_mixin.py:104} INFO - [2024-12-17 10:57:07,562] {dag.py:1833} INFO - Sync 1 DAGs
[2024-12-17 10:57:07,582] {logging_mixin.py:104} INFO - [2024-12-17 10:57:07,582] {dag.py:2306} INFO - Setting next_dagrun for example_python_operator to None
[2024-12-17 10:57:07,615] {scheduler_job.py:190} INFO - Processing /home/airflow/.local/lib/python3.6/site-packages/airflow/example_dags/example_python_operator.py took 0.098 seconds
[2024-12-17 10:57:38,439] {scheduler_job.py:182} INFO - Started process (PID=898) to work on /home/airflow/.local/lib/python3.6/site-packages/airflow/example_dags/example_python_operator.py
[2024-12-17 10:57:38,440] {scheduler_job.py:633} INFO - Processing file /home/airflow/.local/lib/python3.6/site-packages/airflow/example_dags/example_python_operator.py for tasks to queue
[2024-12-17 10:57:38,441] {logging_mixin.py:104} INFO - [2024-12-17 10:57:38,441] {dagbag.py:496} INFO - Filling up the DagBag from /home/airflow/.local/lib/python3.6/site-packages/airflow/example_dags/example_python_operator.py
[2024-12-17 10:57:38,451] {scheduler_job.py:643} INFO - DAG(s) dict_keys(['example_python_operator']) retrieved from /home/airflow/.local/lib/python3.6/site-packages/airflow/example_dags/example_python_operator.py
[2024-12-17 10:57:38,483] {logging_mixin.py:104} INFO - [2024-12-17 10:57:38,483] {dag.py:1833} INFO - Sync 1 DAGs
[2024-12-17 10:57:38,512] {logging_mixin.py:104} INFO - [2024-12-17 10:57:38,512] {dag.py:2306} INFO - Setting next_dagrun for example_python_operator to None
[2024-12-17 10:57:38,528] {scheduler_job.py:190} INFO - Processing /home/airflow/.local/lib/python3.6/site-packages/airflow/example_dags/example_python_operator.py took 0.091 seconds
[2024-12-17 10:58:09,616] {scheduler_job.py:182} INFO - Started process (PID=959) to work on /home/airflow/.local/lib/python3.6/site-packages/airflow/example_dags/example_python_operator.py
[2024-12-17 10:58:09,620] {scheduler_job.py:633} INFO - Processing file /home/airflow/.local/lib/python3.6/site-packages/airflow/example_dags/example_python_operator.py for tasks to queue
[2024-12-17 10:58:09,620] {logging_mixin.py:104} INFO - [2024-12-17 10:58:09,620] {dagbag.py:496} INFO - Filling up the DagBag from /home/airflow/.local/lib/python3.6/site-packages/airflow/example_dags/example_python_operator.py
[2024-12-17 10:58:09,641] {scheduler_job.py:643} INFO - DAG(s) dict_keys(['example_python_operator']) retrieved from /home/airflow/.local/lib/python3.6/site-packages/airflow/example_dags/example_python_operator.py
[2024-12-17 10:58:09,685] {logging_mixin.py:104} INFO - [2024-12-17 10:58:09,684] {dag.py:1833} INFO - Sync 1 DAGs
[2024-12-17 10:58:09,713] {logging_mixin.py:104} INFO - [2024-12-17 10:58:09,713] {dag.py:2306} INFO - Setting next_dagrun for example_python_operator to None
[2024-12-17 10:58:09,735] {scheduler_job.py:190} INFO - Processing /home/airflow/.local/lib/python3.6/site-packages/airflow/example_dags/example_python_operator.py took 0.133 seconds
[2024-12-17 10:58:40,272] {scheduler_job.py:182} INFO - Started process (PID=1009) to work on /home/airflow/.local/lib/python3.6/site-packages/airflow/example_dags/example_python_operator.py
[2024-12-17 10:58:40,273] {scheduler_job.py:633} INFO - Processing file /home/airflow/.local/lib/python3.6/site-packages/airflow/example_dags/example_python_operator.py for tasks to queue
[2024-12-17 10:58:40,274] {logging_mixin.py:104} INFO - [2024-12-17 10:58:40,274] {dagbag.py:496} INFO - Filling up the DagBag from /home/airflow/.local/lib/python3.6/site-packages/airflow/example_dags/example_python_operator.py
[2024-12-17 10:58:40,292] {scheduler_job.py:643} INFO - DAG(s) dict_keys(['example_python_operator']) retrieved from /home/airflow/.local/lib/python3.6/site-packages/airflow/example_dags/example_python_operator.py
[2024-12-17 10:58:40,322] {logging_mixin.py:104} INFO - [2024-12-17 10:58:40,322] {dag.py:1833} INFO - Sync 1 DAGs
[2024-12-17 10:58:40,342] {logging_mixin.py:104} INFO - [2024-12-17 10:58:40,342] {dag.py:2306} INFO - Setting next_dagrun for example_python_operator to None
[2024-12-17 10:58:40,356] {scheduler_job.py:190} INFO - Processing /home/airflow/.local/lib/python3.6/site-packages/airflow/example_dags/example_python_operator.py took 0.091 seconds
