[2024-12-17 10:50:03,736] {scheduler_job.py:182} INFO - Started process (PID=74) to work on /home/airflow/.local/lib/python3.6/site-packages/airflow/example_dags/example_task_group.py
[2024-12-17 10:50:03,737] {scheduler_job.py:633} INFO - Processing file /home/airflow/.local/lib/python3.6/site-packages/airflow/example_dags/example_task_group.py for tasks to queue
[2024-12-17 10:50:03,739] {logging_mixin.py:104} INFO - [2024-12-17 10:50:03,738] {dagbag.py:496} INFO - Filling up the DagBag from /home/airflow/.local/lib/python3.6/site-packages/airflow/example_dags/example_task_group.py
[2024-12-17 10:50:03,759] {scheduler_job.py:643} INFO - DAG(s) dict_keys(['example_task_group']) retrieved from /home/airflow/.local/lib/python3.6/site-packages/airflow/example_dags/example_task_group.py
[2024-12-17 10:50:12,147] {logging_mixin.py:104} INFO - [2024-12-17 10:50:12,145] {dag.py:1833} INFO - Sync 1 DAGs
[2024-12-17 10:50:12,180] {logging_mixin.py:104} INFO - [2024-12-17 10:50:12,179] {dag.py:1852} INFO - Creating ORM DAG for example_task_group
[2024-12-17 10:50:12,196] {logging_mixin.py:104} INFO - [2024-12-17 10:50:12,196] {dag.py:2306} INFO - Setting next_dagrun for example_task_group to 2024-12-15 00:00:00+00:00
[2024-12-17 10:50:12,242] {scheduler_job.py:190} INFO - Processing /home/airflow/.local/lib/python3.6/site-packages/airflow/example_dags/example_task_group.py took 8.511 seconds
[2024-12-17 10:51:03,754] {scheduler_job.py:182} INFO - Started process (PID=186) to work on /home/airflow/.local/lib/python3.6/site-packages/airflow/example_dags/example_task_group.py
[2024-12-17 10:51:03,755] {scheduler_job.py:633} INFO - Processing file /home/airflow/.local/lib/python3.6/site-packages/airflow/example_dags/example_task_group.py for tasks to queue
[2024-12-17 10:51:03,755] {logging_mixin.py:104} INFO - [2024-12-17 10:51:03,755] {dagbag.py:496} INFO - Filling up the DagBag from /home/airflow/.local/lib/python3.6/site-packages/airflow/example_dags/example_task_group.py
[2024-12-17 10:51:03,775] {scheduler_job.py:643} INFO - DAG(s) dict_keys(['example_task_group']) retrieved from /home/airflow/.local/lib/python3.6/site-packages/airflow/example_dags/example_task_group.py
[2024-12-17 10:51:03,870] {logging_mixin.py:104} INFO - [2024-12-17 10:51:03,870] {dag.py:1833} INFO - Sync 1 DAGs
[2024-12-17 10:51:03,897] {logging_mixin.py:104} INFO - [2024-12-17 10:51:03,897] {dag.py:2306} INFO - Setting next_dagrun for example_task_group to 2024-12-15 00:00:00+00:00
[2024-12-17 10:51:03,972] {scheduler_job.py:190} INFO - Processing /home/airflow/.local/lib/python3.6/site-packages/airflow/example_dags/example_task_group.py took 0.226 seconds
[2024-12-17 10:51:34,273] {scheduler_job.py:182} INFO - Started process (PID=245) to work on /home/airflow/.local/lib/python3.6/site-packages/airflow/example_dags/example_task_group.py
[2024-12-17 10:51:34,274] {scheduler_job.py:633} INFO - Processing file /home/airflow/.local/lib/python3.6/site-packages/airflow/example_dags/example_task_group.py for tasks to queue
[2024-12-17 10:51:34,286] {logging_mixin.py:104} INFO - [2024-12-17 10:51:34,286] {dagbag.py:496} INFO - Filling up the DagBag from /home/airflow/.local/lib/python3.6/site-packages/airflow/example_dags/example_task_group.py
[2024-12-17 10:51:34,310] {scheduler_job.py:643} INFO - DAG(s) dict_keys(['example_task_group']) retrieved from /home/airflow/.local/lib/python3.6/site-packages/airflow/example_dags/example_task_group.py
[2024-12-17 10:51:34,576] {logging_mixin.py:104} INFO - [2024-12-17 10:51:34,576] {dag.py:1833} INFO - Sync 1 DAGs
[2024-12-17 10:51:34,652] {logging_mixin.py:104} INFO - [2024-12-17 10:51:34,651] {dag.py:2306} INFO - Setting next_dagrun for example_task_group to 2024-12-15 00:00:00+00:00
[2024-12-17 10:51:34,678] {scheduler_job.py:190} INFO - Processing /home/airflow/.local/lib/python3.6/site-packages/airflow/example_dags/example_task_group.py took 0.409 seconds
[2024-12-17 10:52:05,060] {scheduler_job.py:182} INFO - Started process (PID=294) to work on /home/airflow/.local/lib/python3.6/site-packages/airflow/example_dags/example_task_group.py
[2024-12-17 10:52:05,061] {scheduler_job.py:633} INFO - Processing file /home/airflow/.local/lib/python3.6/site-packages/airflow/example_dags/example_task_group.py for tasks to queue
[2024-12-17 10:52:05,062] {logging_mixin.py:104} INFO - [2024-12-17 10:52:05,062] {dagbag.py:496} INFO - Filling up the DagBag from /home/airflow/.local/lib/python3.6/site-packages/airflow/example_dags/example_task_group.py
[2024-12-17 10:52:05,075] {scheduler_job.py:643} INFO - DAG(s) dict_keys(['example_task_group']) retrieved from /home/airflow/.local/lib/python3.6/site-packages/airflow/example_dags/example_task_group.py
[2024-12-17 10:52:05,112] {logging_mixin.py:104} INFO - [2024-12-17 10:52:05,112] {dag.py:1833} INFO - Sync 1 DAGs
[2024-12-17 10:52:05,128] {logging_mixin.py:104} INFO - [2024-12-17 10:52:05,128] {dag.py:2306} INFO - Setting next_dagrun for example_task_group to 2024-12-15 00:00:00+00:00
[2024-12-17 10:52:05,139] {scheduler_job.py:190} INFO - Processing /home/airflow/.local/lib/python3.6/site-packages/airflow/example_dags/example_task_group.py took 0.083 seconds
[2024-12-17 10:52:35,628] {scheduler_job.py:182} INFO - Started process (PID=345) to work on /home/airflow/.local/lib/python3.6/site-packages/airflow/example_dags/example_task_group.py
[2024-12-17 10:52:35,629] {scheduler_job.py:633} INFO - Processing file /home/airflow/.local/lib/python3.6/site-packages/airflow/example_dags/example_task_group.py for tasks to queue
[2024-12-17 10:52:35,630] {logging_mixin.py:104} INFO - [2024-12-17 10:52:35,630] {dagbag.py:496} INFO - Filling up the DagBag from /home/airflow/.local/lib/python3.6/site-packages/airflow/example_dags/example_task_group.py
[2024-12-17 10:52:35,644] {scheduler_job.py:643} INFO - DAG(s) dict_keys(['example_task_group']) retrieved from /home/airflow/.local/lib/python3.6/site-packages/airflow/example_dags/example_task_group.py
[2024-12-17 10:52:35,670] {logging_mixin.py:104} INFO - [2024-12-17 10:52:35,670] {dag.py:1833} INFO - Sync 1 DAGs
[2024-12-17 10:52:35,686] {logging_mixin.py:104} INFO - [2024-12-17 10:52:35,686] {dag.py:2306} INFO - Setting next_dagrun for example_task_group to 2024-12-15 00:00:00+00:00
[2024-12-17 10:52:35,697] {scheduler_job.py:190} INFO - Processing /home/airflow/.local/lib/python3.6/site-packages/airflow/example_dags/example_task_group.py took 0.073 seconds
[2024-12-17 10:53:06,472] {scheduler_job.py:182} INFO - Started process (PID=406) to work on /home/airflow/.local/lib/python3.6/site-packages/airflow/example_dags/example_task_group.py
[2024-12-17 10:53:06,473] {scheduler_job.py:633} INFO - Processing file /home/airflow/.local/lib/python3.6/site-packages/airflow/example_dags/example_task_group.py for tasks to queue
[2024-12-17 10:53:06,473] {logging_mixin.py:104} INFO - [2024-12-17 10:53:06,473] {dagbag.py:496} INFO - Filling up the DagBag from /home/airflow/.local/lib/python3.6/site-packages/airflow/example_dags/example_task_group.py
[2024-12-17 10:53:06,494] {scheduler_job.py:643} INFO - DAG(s) dict_keys(['example_task_group']) retrieved from /home/airflow/.local/lib/python3.6/site-packages/airflow/example_dags/example_task_group.py
[2024-12-17 10:53:06,538] {logging_mixin.py:104} INFO - [2024-12-17 10:53:06,538] {dag.py:1833} INFO - Sync 1 DAGs
[2024-12-17 10:53:06,569] {logging_mixin.py:104} INFO - [2024-12-17 10:53:06,569] {dag.py:2306} INFO - Setting next_dagrun for example_task_group to 2024-12-15 00:00:00+00:00
[2024-12-17 10:53:06,581] {scheduler_job.py:190} INFO - Processing /home/airflow/.local/lib/python3.6/site-packages/airflow/example_dags/example_task_group.py took 0.112 seconds
[2024-12-17 10:53:37,314] {scheduler_job.py:182} INFO - Started process (PID=456) to work on /home/airflow/.local/lib/python3.6/site-packages/airflow/example_dags/example_task_group.py
[2024-12-17 10:53:37,315] {scheduler_job.py:633} INFO - Processing file /home/airflow/.local/lib/python3.6/site-packages/airflow/example_dags/example_task_group.py for tasks to queue
[2024-12-17 10:53:37,316] {logging_mixin.py:104} INFO - [2024-12-17 10:53:37,315] {dagbag.py:496} INFO - Filling up the DagBag from /home/airflow/.local/lib/python3.6/site-packages/airflow/example_dags/example_task_group.py
[2024-12-17 10:53:37,330] {scheduler_job.py:643} INFO - DAG(s) dict_keys(['example_task_group']) retrieved from /home/airflow/.local/lib/python3.6/site-packages/airflow/example_dags/example_task_group.py
[2024-12-17 10:53:37,356] {logging_mixin.py:104} INFO - [2024-12-17 10:53:37,355] {dag.py:1833} INFO - Sync 1 DAGs
[2024-12-17 10:53:37,375] {logging_mixin.py:104} INFO - [2024-12-17 10:53:37,375] {dag.py:2306} INFO - Setting next_dagrun for example_task_group to 2024-12-15 00:00:00+00:00
[2024-12-17 10:53:37,389] {scheduler_job.py:190} INFO - Processing /home/airflow/.local/lib/python3.6/site-packages/airflow/example_dags/example_task_group.py took 0.079 seconds
[2024-12-17 10:54:07,568] {scheduler_job.py:182} INFO - Started process (PID=517) to work on /home/airflow/.local/lib/python3.6/site-packages/airflow/example_dags/example_task_group.py
[2024-12-17 10:54:07,569] {scheduler_job.py:633} INFO - Processing file /home/airflow/.local/lib/python3.6/site-packages/airflow/example_dags/example_task_group.py for tasks to queue
[2024-12-17 10:54:07,570] {logging_mixin.py:104} INFO - [2024-12-17 10:54:07,570] {dagbag.py:496} INFO - Filling up the DagBag from /home/airflow/.local/lib/python3.6/site-packages/airflow/example_dags/example_task_group.py
[2024-12-17 10:54:07,586] {scheduler_job.py:643} INFO - DAG(s) dict_keys(['example_task_group']) retrieved from /home/airflow/.local/lib/python3.6/site-packages/airflow/example_dags/example_task_group.py
[2024-12-17 10:54:07,615] {logging_mixin.py:104} INFO - [2024-12-17 10:54:07,615] {dag.py:1833} INFO - Sync 1 DAGs
[2024-12-17 10:54:07,631] {logging_mixin.py:104} INFO - [2024-12-17 10:54:07,631] {dag.py:2306} INFO - Setting next_dagrun for example_task_group to 2024-12-15 00:00:00+00:00
[2024-12-17 10:54:07,646] {scheduler_job.py:190} INFO - Processing /home/airflow/.local/lib/python3.6/site-packages/airflow/example_dags/example_task_group.py took 0.083 seconds
[2024-12-17 10:54:38,103] {scheduler_job.py:182} INFO - Started process (PID=569) to work on /home/airflow/.local/lib/python3.6/site-packages/airflow/example_dags/example_task_group.py
[2024-12-17 10:54:38,105] {scheduler_job.py:633} INFO - Processing file /home/airflow/.local/lib/python3.6/site-packages/airflow/example_dags/example_task_group.py for tasks to queue
[2024-12-17 10:54:38,105] {logging_mixin.py:104} INFO - [2024-12-17 10:54:38,105] {dagbag.py:496} INFO - Filling up the DagBag from /home/airflow/.local/lib/python3.6/site-packages/airflow/example_dags/example_task_group.py
[2024-12-17 10:54:38,124] {scheduler_job.py:643} INFO - DAG(s) dict_keys(['example_task_group']) retrieved from /home/airflow/.local/lib/python3.6/site-packages/airflow/example_dags/example_task_group.py
[2024-12-17 10:54:38,160] {logging_mixin.py:104} INFO - [2024-12-17 10:54:38,160] {dag.py:1833} INFO - Sync 1 DAGs
[2024-12-17 10:54:38,177] {logging_mixin.py:104} INFO - [2024-12-17 10:54:38,177] {dag.py:2306} INFO - Setting next_dagrun for example_task_group to 2024-12-15 00:00:00+00:00
[2024-12-17 10:54:38,191] {scheduler_job.py:190} INFO - Processing /home/airflow/.local/lib/python3.6/site-packages/airflow/example_dags/example_task_group.py took 0.091 seconds
[2024-12-17 10:55:08,995] {scheduler_job.py:182} INFO - Started process (PID=630) to work on /home/airflow/.local/lib/python3.6/site-packages/airflow/example_dags/example_task_group.py
[2024-12-17 10:55:08,996] {scheduler_job.py:633} INFO - Processing file /home/airflow/.local/lib/python3.6/site-packages/airflow/example_dags/example_task_group.py for tasks to queue
[2024-12-17 10:55:08,997] {logging_mixin.py:104} INFO - [2024-12-17 10:55:08,997] {dagbag.py:496} INFO - Filling up the DagBag from /home/airflow/.local/lib/python3.6/site-packages/airflow/example_dags/example_task_group.py
[2024-12-17 10:55:09,013] {scheduler_job.py:643} INFO - DAG(s) dict_keys(['example_task_group']) retrieved from /home/airflow/.local/lib/python3.6/site-packages/airflow/example_dags/example_task_group.py
[2024-12-17 10:55:09,111] {logging_mixin.py:104} INFO - [2024-12-17 10:55:09,111] {dag.py:1833} INFO - Sync 1 DAGs
[2024-12-17 10:55:09,138] {logging_mixin.py:104} INFO - [2024-12-17 10:55:09,138] {dag.py:2306} INFO - Setting next_dagrun for example_task_group to 2024-12-15 00:00:00+00:00
[2024-12-17 10:55:09,160] {scheduler_job.py:190} INFO - Processing /home/airflow/.local/lib/python3.6/site-packages/airflow/example_dags/example_task_group.py took 0.168 seconds
[2024-12-17 10:55:39,982] {scheduler_job.py:182} INFO - Started process (PID=687) to work on /home/airflow/.local/lib/python3.6/site-packages/airflow/example_dags/example_task_group.py
[2024-12-17 10:55:39,983] {scheduler_job.py:633} INFO - Processing file /home/airflow/.local/lib/python3.6/site-packages/airflow/example_dags/example_task_group.py for tasks to queue
[2024-12-17 10:55:39,984] {logging_mixin.py:104} INFO - [2024-12-17 10:55:39,984] {dagbag.py:496} INFO - Filling up the DagBag from /home/airflow/.local/lib/python3.6/site-packages/airflow/example_dags/example_task_group.py
[2024-12-17 10:55:40,011] {scheduler_job.py:643} INFO - DAG(s) dict_keys(['example_task_group']) retrieved from /home/airflow/.local/lib/python3.6/site-packages/airflow/example_dags/example_task_group.py
[2024-12-17 10:55:40,075] {logging_mixin.py:104} INFO - [2024-12-17 10:55:40,075] {dag.py:1833} INFO - Sync 1 DAGs
[2024-12-17 10:55:40,117] {logging_mixin.py:104} INFO - [2024-12-17 10:55:40,117] {dag.py:2306} INFO - Setting next_dagrun for example_task_group to 2024-12-15 00:00:00+00:00
[2024-12-17 10:55:40,150] {scheduler_job.py:190} INFO - Processing /home/airflow/.local/lib/python3.6/site-packages/airflow/example_dags/example_task_group.py took 0.172 seconds
[2024-12-17 10:56:10,861] {scheduler_job.py:182} INFO - Started process (PID=741) to work on /home/airflow/.local/lib/python3.6/site-packages/airflow/example_dags/example_task_group.py
[2024-12-17 10:56:10,862] {scheduler_job.py:633} INFO - Processing file /home/airflow/.local/lib/python3.6/site-packages/airflow/example_dags/example_task_group.py for tasks to queue
[2024-12-17 10:56:10,863] {logging_mixin.py:104} INFO - [2024-12-17 10:56:10,863] {dagbag.py:496} INFO - Filling up the DagBag from /home/airflow/.local/lib/python3.6/site-packages/airflow/example_dags/example_task_group.py
[2024-12-17 10:56:10,876] {scheduler_job.py:643} INFO - DAG(s) dict_keys(['example_task_group']) retrieved from /home/airflow/.local/lib/python3.6/site-packages/airflow/example_dags/example_task_group.py
[2024-12-17 10:56:10,909] {logging_mixin.py:104} INFO - [2024-12-17 10:56:10,909] {dag.py:1833} INFO - Sync 1 DAGs
[2024-12-17 10:56:10,924] {logging_mixin.py:104} INFO - [2024-12-17 10:56:10,923] {dag.py:2306} INFO - Setting next_dagrun for example_task_group to 2024-12-15 00:00:00+00:00
[2024-12-17 10:56:10,936] {scheduler_job.py:190} INFO - Processing /home/airflow/.local/lib/python3.6/site-packages/airflow/example_dags/example_task_group.py took 0.079 seconds
[2024-12-17 10:56:41,267] {scheduler_job.py:182} INFO - Started process (PID=793) to work on /home/airflow/.local/lib/python3.6/site-packages/airflow/example_dags/example_task_group.py
[2024-12-17 10:56:41,269] {scheduler_job.py:633} INFO - Processing file /home/airflow/.local/lib/python3.6/site-packages/airflow/example_dags/example_task_group.py for tasks to queue
[2024-12-17 10:56:41,270] {logging_mixin.py:104} INFO - [2024-12-17 10:56:41,269] {dagbag.py:496} INFO - Filling up the DagBag from /home/airflow/.local/lib/python3.6/site-packages/airflow/example_dags/example_task_group.py
[2024-12-17 10:56:41,284] {scheduler_job.py:643} INFO - DAG(s) dict_keys(['example_task_group']) retrieved from /home/airflow/.local/lib/python3.6/site-packages/airflow/example_dags/example_task_group.py
[2024-12-17 10:56:41,399] {logging_mixin.py:104} INFO - [2024-12-17 10:56:41,399] {dag.py:1833} INFO - Sync 1 DAGs
[2024-12-17 10:56:41,449] {logging_mixin.py:104} INFO - [2024-12-17 10:56:41,449] {dag.py:2306} INFO - Setting next_dagrun for example_task_group to 2024-12-15 00:00:00+00:00
[2024-12-17 10:56:41,469] {scheduler_job.py:190} INFO - Processing /home/airflow/.local/lib/python3.6/site-packages/airflow/example_dags/example_task_group.py took 0.206 seconds
[2024-12-17 10:57:12,147] {scheduler_job.py:182} INFO - Started process (PID=852) to work on /home/airflow/.local/lib/python3.6/site-packages/airflow/example_dags/example_task_group.py
[2024-12-17 10:57:12,148] {scheduler_job.py:633} INFO - Processing file /home/airflow/.local/lib/python3.6/site-packages/airflow/example_dags/example_task_group.py for tasks to queue
[2024-12-17 10:57:12,149] {logging_mixin.py:104} INFO - [2024-12-17 10:57:12,149] {dagbag.py:496} INFO - Filling up the DagBag from /home/airflow/.local/lib/python3.6/site-packages/airflow/example_dags/example_task_group.py
[2024-12-17 10:57:12,161] {scheduler_job.py:643} INFO - DAG(s) dict_keys(['example_task_group']) retrieved from /home/airflow/.local/lib/python3.6/site-packages/airflow/example_dags/example_task_group.py
[2024-12-17 10:57:12,191] {logging_mixin.py:104} INFO - [2024-12-17 10:57:12,191] {dag.py:1833} INFO - Sync 1 DAGs
[2024-12-17 10:57:12,208] {logging_mixin.py:104} INFO - [2024-12-17 10:57:12,208] {dag.py:2306} INFO - Setting next_dagrun for example_task_group to 2024-12-15 00:00:00+00:00
[2024-12-17 10:57:12,224] {scheduler_job.py:190} INFO - Processing /home/airflow/.local/lib/python3.6/site-packages/airflow/example_dags/example_task_group.py took 0.081 seconds
[2024-12-17 10:57:42,826] {scheduler_job.py:182} INFO - Started process (PID=902) to work on /home/airflow/.local/lib/python3.6/site-packages/airflow/example_dags/example_task_group.py
[2024-12-17 10:57:42,827] {scheduler_job.py:633} INFO - Processing file /home/airflow/.local/lib/python3.6/site-packages/airflow/example_dags/example_task_group.py for tasks to queue
[2024-12-17 10:57:42,828] {logging_mixin.py:104} INFO - [2024-12-17 10:57:42,828] {dagbag.py:496} INFO - Filling up the DagBag from /home/airflow/.local/lib/python3.6/site-packages/airflow/example_dags/example_task_group.py
[2024-12-17 10:57:42,844] {scheduler_job.py:643} INFO - DAG(s) dict_keys(['example_task_group']) retrieved from /home/airflow/.local/lib/python3.6/site-packages/airflow/example_dags/example_task_group.py
[2024-12-17 10:57:42,868] {logging_mixin.py:104} INFO - [2024-12-17 10:57:42,867] {dag.py:1833} INFO - Sync 1 DAGs
[2024-12-17 10:57:42,884] {logging_mixin.py:104} INFO - [2024-12-17 10:57:42,884] {dag.py:2306} INFO - Setting next_dagrun for example_task_group to 2024-12-15 00:00:00+00:00
[2024-12-17 10:57:42,896] {scheduler_job.py:190} INFO - Processing /home/airflow/.local/lib/python3.6/site-packages/airflow/example_dags/example_task_group.py took 0.075 seconds
[2024-12-17 10:58:13,563] {scheduler_job.py:182} INFO - Started process (PID=963) to work on /home/airflow/.local/lib/python3.6/site-packages/airflow/example_dags/example_task_group.py
[2024-12-17 10:58:13,564] {scheduler_job.py:633} INFO - Processing file /home/airflow/.local/lib/python3.6/site-packages/airflow/example_dags/example_task_group.py for tasks to queue
[2024-12-17 10:58:13,565] {logging_mixin.py:104} INFO - [2024-12-17 10:58:13,565] {dagbag.py:496} INFO - Filling up the DagBag from /home/airflow/.local/lib/python3.6/site-packages/airflow/example_dags/example_task_group.py
[2024-12-17 10:58:13,580] {scheduler_job.py:643} INFO - DAG(s) dict_keys(['example_task_group']) retrieved from /home/airflow/.local/lib/python3.6/site-packages/airflow/example_dags/example_task_group.py
[2024-12-17 10:58:13,631] {logging_mixin.py:104} INFO - [2024-12-17 10:58:13,631] {dag.py:1833} INFO - Sync 1 DAGs
[2024-12-17 10:58:13,653] {logging_mixin.py:104} INFO - [2024-12-17 10:58:13,653] {dag.py:2306} INFO - Setting next_dagrun for example_task_group to 2024-12-15 00:00:00+00:00
[2024-12-17 10:58:13,682] {scheduler_job.py:190} INFO - Processing /home/airflow/.local/lib/python3.6/site-packages/airflow/example_dags/example_task_group.py took 0.122 seconds
[2024-12-17 10:58:44,539] {scheduler_job.py:182} INFO - Started process (PID=1020) to work on /home/airflow/.local/lib/python3.6/site-packages/airflow/example_dags/example_task_group.py
[2024-12-17 10:58:44,540] {scheduler_job.py:633} INFO - Processing file /home/airflow/.local/lib/python3.6/site-packages/airflow/example_dags/example_task_group.py for tasks to queue
[2024-12-17 10:58:44,541] {logging_mixin.py:104} INFO - [2024-12-17 10:58:44,541] {dagbag.py:496} INFO - Filling up the DagBag from /home/airflow/.local/lib/python3.6/site-packages/airflow/example_dags/example_task_group.py
[2024-12-17 10:58:44,581] {scheduler_job.py:643} INFO - DAG(s) dict_keys(['example_task_group']) retrieved from /home/airflow/.local/lib/python3.6/site-packages/airflow/example_dags/example_task_group.py
[2024-12-17 10:58:44,647] {logging_mixin.py:104} INFO - [2024-12-17 10:58:44,647] {dag.py:1833} INFO - Sync 1 DAGs
[2024-12-17 10:58:44,677] {logging_mixin.py:104} INFO - [2024-12-17 10:58:44,677] {dag.py:2306} INFO - Setting next_dagrun for example_task_group to 2024-12-15 00:00:00+00:00
[2024-12-17 10:58:44,703] {scheduler_job.py:190} INFO - Processing /home/airflow/.local/lib/python3.6/site-packages/airflow/example_dags/example_task_group.py took 0.167 seconds
