[2024-12-17 10:49:40,906] {scheduler_job.py:182} INFO - Started process (PID=44) to work on /home/airflow/.local/lib/python3.6/site-packages/airflow/example_dags/example_skip_dag.py
[2024-12-17 10:49:40,908] {scheduler_job.py:633} INFO - Processing file /home/airflow/.local/lib/python3.6/site-packages/airflow/example_dags/example_skip_dag.py for tasks to queue
[2024-12-17 10:49:40,908] {logging_mixin.py:104} INFO - [2024-12-17 10:49:40,908] {dagbag.py:496} INFO - Filling up the DagBag from /home/airflow/.local/lib/python3.6/site-packages/airflow/example_dags/example_skip_dag.py
[2024-12-17 10:49:40,993] {scheduler_job.py:643} INFO - DAG(s) dict_keys(['example_skip_dag']) retrieved from /home/airflow/.local/lib/python3.6/site-packages/airflow/example_dags/example_skip_dag.py
[2024-12-17 10:49:58,068] {logging_mixin.py:104} INFO - [2024-12-17 10:49:58,066] {dag.py:1833} INFO - Sync 1 DAGs
[2024-12-17 10:49:58,103] {logging_mixin.py:104} INFO - [2024-12-17 10:49:58,098] {dag.py:1852} INFO - Creating ORM DAG for example_skip_dag
[2024-12-17 10:49:58,126] {logging_mixin.py:104} INFO - [2024-12-17 10:49:58,126] {dag.py:2306} INFO - Setting next_dagrun for example_skip_dag to 2024-12-15 00:00:00+00:00
[2024-12-17 10:49:58,189] {scheduler_job.py:190} INFO - Processing /home/airflow/.local/lib/python3.6/site-packages/airflow/example_dags/example_skip_dag.py took 17.287 seconds
[2024-12-17 10:51:02,912] {scheduler_job.py:182} INFO - Started process (PID=182) to work on /home/airflow/.local/lib/python3.6/site-packages/airflow/example_dags/example_skip_dag.py
[2024-12-17 10:51:02,914] {scheduler_job.py:633} INFO - Processing file /home/airflow/.local/lib/python3.6/site-packages/airflow/example_dags/example_skip_dag.py for tasks to queue
[2024-12-17 10:51:02,915] {logging_mixin.py:104} INFO - [2024-12-17 10:51:02,915] {dagbag.py:496} INFO - Filling up the DagBag from /home/airflow/.local/lib/python3.6/site-packages/airflow/example_dags/example_skip_dag.py
[2024-12-17 10:51:02,935] {scheduler_job.py:643} INFO - DAG(s) dict_keys(['example_skip_dag']) retrieved from /home/airflow/.local/lib/python3.6/site-packages/airflow/example_dags/example_skip_dag.py
[2024-12-17 10:51:02,969] {logging_mixin.py:104} INFO - [2024-12-17 10:51:02,969] {dag.py:1833} INFO - Sync 1 DAGs
[2024-12-17 10:51:02,989] {logging_mixin.py:104} INFO - [2024-12-17 10:51:02,988] {dag.py:2306} INFO - Setting next_dagrun for example_skip_dag to 2024-12-15 00:00:00+00:00
[2024-12-17 10:51:03,004] {scheduler_job.py:190} INFO - Processing /home/airflow/.local/lib/python3.6/site-packages/airflow/example_dags/example_skip_dag.py took 0.099 seconds
[2024-12-17 10:51:33,144] {scheduler_job.py:182} INFO - Started process (PID=238) to work on /home/airflow/.local/lib/python3.6/site-packages/airflow/example_dags/example_skip_dag.py
[2024-12-17 10:51:33,145] {scheduler_job.py:633} INFO - Processing file /home/airflow/.local/lib/python3.6/site-packages/airflow/example_dags/example_skip_dag.py for tasks to queue
[2024-12-17 10:51:33,185] {logging_mixin.py:104} INFO - [2024-12-17 10:51:33,185] {dagbag.py:496} INFO - Filling up the DagBag from /home/airflow/.local/lib/python3.6/site-packages/airflow/example_dags/example_skip_dag.py
[2024-12-17 10:51:33,330] {scheduler_job.py:643} INFO - DAG(s) dict_keys(['example_skip_dag']) retrieved from /home/airflow/.local/lib/python3.6/site-packages/airflow/example_dags/example_skip_dag.py
[2024-12-17 10:51:33,389] {logging_mixin.py:104} INFO - [2024-12-17 10:51:33,388] {dag.py:1833} INFO - Sync 1 DAGs
[2024-12-17 10:51:33,410] {logging_mixin.py:104} INFO - [2024-12-17 10:51:33,409] {dag.py:2306} INFO - Setting next_dagrun for example_skip_dag to 2024-12-15 00:00:00+00:00
[2024-12-17 10:51:33,437] {scheduler_job.py:190} INFO - Processing /home/airflow/.local/lib/python3.6/site-packages/airflow/example_dags/example_skip_dag.py took 0.298 seconds
[2024-12-17 10:52:03,802] {scheduler_job.py:182} INFO - Started process (PID=289) to work on /home/airflow/.local/lib/python3.6/site-packages/airflow/example_dags/example_skip_dag.py
[2024-12-17 10:52:03,805] {scheduler_job.py:633} INFO - Processing file /home/airflow/.local/lib/python3.6/site-packages/airflow/example_dags/example_skip_dag.py for tasks to queue
[2024-12-17 10:52:03,806] {logging_mixin.py:104} INFO - [2024-12-17 10:52:03,806] {dagbag.py:496} INFO - Filling up the DagBag from /home/airflow/.local/lib/python3.6/site-packages/airflow/example_dags/example_skip_dag.py
[2024-12-17 10:52:03,817] {scheduler_job.py:643} INFO - DAG(s) dict_keys(['example_skip_dag']) retrieved from /home/airflow/.local/lib/python3.6/site-packages/airflow/example_dags/example_skip_dag.py
[2024-12-17 10:52:03,841] {logging_mixin.py:104} INFO - [2024-12-17 10:52:03,841] {dag.py:1833} INFO - Sync 1 DAGs
[2024-12-17 10:52:03,858] {logging_mixin.py:104} INFO - [2024-12-17 10:52:03,857] {dag.py:2306} INFO - Setting next_dagrun for example_skip_dag to 2024-12-15 00:00:00+00:00
[2024-12-17 10:52:03,873] {scheduler_job.py:190} INFO - Processing /home/airflow/.local/lib/python3.6/site-packages/airflow/example_dags/example_skip_dag.py took 0.074 seconds
[2024-12-17 10:52:34,319] {scheduler_job.py:182} INFO - Started process (PID=340) to work on /home/airflow/.local/lib/python3.6/site-packages/airflow/example_dags/example_skip_dag.py
[2024-12-17 10:52:34,320] {scheduler_job.py:633} INFO - Processing file /home/airflow/.local/lib/python3.6/site-packages/airflow/example_dags/example_skip_dag.py for tasks to queue
[2024-12-17 10:52:34,321] {logging_mixin.py:104} INFO - [2024-12-17 10:52:34,321] {dagbag.py:496} INFO - Filling up the DagBag from /home/airflow/.local/lib/python3.6/site-packages/airflow/example_dags/example_skip_dag.py
[2024-12-17 10:52:34,334] {scheduler_job.py:643} INFO - DAG(s) dict_keys(['example_skip_dag']) retrieved from /home/airflow/.local/lib/python3.6/site-packages/airflow/example_dags/example_skip_dag.py
[2024-12-17 10:52:34,383] {logging_mixin.py:104} INFO - [2024-12-17 10:52:34,383] {dag.py:1833} INFO - Sync 1 DAGs
[2024-12-17 10:52:34,407] {logging_mixin.py:104} INFO - [2024-12-17 10:52:34,407] {dag.py:2306} INFO - Setting next_dagrun for example_skip_dag to 2024-12-15 00:00:00+00:00
[2024-12-17 10:52:34,426] {scheduler_job.py:190} INFO - Processing /home/airflow/.local/lib/python3.6/site-packages/airflow/example_dags/example_skip_dag.py took 0.111 seconds
[2024-12-17 10:53:04,607] {scheduler_job.py:182} INFO - Started process (PID=401) to work on /home/airflow/.local/lib/python3.6/site-packages/airflow/example_dags/example_skip_dag.py
[2024-12-17 10:53:04,608] {scheduler_job.py:633} INFO - Processing file /home/airflow/.local/lib/python3.6/site-packages/airflow/example_dags/example_skip_dag.py for tasks to queue
[2024-12-17 10:53:04,609] {logging_mixin.py:104} INFO - [2024-12-17 10:53:04,609] {dagbag.py:496} INFO - Filling up the DagBag from /home/airflow/.local/lib/python3.6/site-packages/airflow/example_dags/example_skip_dag.py
[2024-12-17 10:53:04,669] {scheduler_job.py:643} INFO - DAG(s) dict_keys(['example_skip_dag']) retrieved from /home/airflow/.local/lib/python3.6/site-packages/airflow/example_dags/example_skip_dag.py
[2024-12-17 10:53:04,756] {logging_mixin.py:104} INFO - [2024-12-17 10:53:04,755] {dag.py:1833} INFO - Sync 1 DAGs
[2024-12-17 10:53:04,875] {logging_mixin.py:104} INFO - [2024-12-17 10:53:04,875] {dag.py:2306} INFO - Setting next_dagrun for example_skip_dag to 2024-12-15 00:00:00+00:00
[2024-12-17 10:53:04,920] {scheduler_job.py:190} INFO - Processing /home/airflow/.local/lib/python3.6/site-packages/airflow/example_dags/example_skip_dag.py took 0.316 seconds
[2024-12-17 10:53:35,038] {scheduler_job.py:182} INFO - Started process (PID=451) to work on /home/airflow/.local/lib/python3.6/site-packages/airflow/example_dags/example_skip_dag.py
[2024-12-17 10:53:35,039] {scheduler_job.py:633} INFO - Processing file /home/airflow/.local/lib/python3.6/site-packages/airflow/example_dags/example_skip_dag.py for tasks to queue
[2024-12-17 10:53:35,041] {logging_mixin.py:104} INFO - [2024-12-17 10:53:35,040] {dagbag.py:496} INFO - Filling up the DagBag from /home/airflow/.local/lib/python3.6/site-packages/airflow/example_dags/example_skip_dag.py
[2024-12-17 10:53:35,053] {scheduler_job.py:643} INFO - DAG(s) dict_keys(['example_skip_dag']) retrieved from /home/airflow/.local/lib/python3.6/site-packages/airflow/example_dags/example_skip_dag.py
[2024-12-17 10:53:35,074] {logging_mixin.py:104} INFO - [2024-12-17 10:53:35,074] {dag.py:1833} INFO - Sync 1 DAGs
[2024-12-17 10:53:35,088] {logging_mixin.py:104} INFO - [2024-12-17 10:53:35,088] {dag.py:2306} INFO - Setting next_dagrun for example_skip_dag to 2024-12-15 00:00:00+00:00
[2024-12-17 10:53:35,116] {scheduler_job.py:190} INFO - Processing /home/airflow/.local/lib/python3.6/site-packages/airflow/example_dags/example_skip_dag.py took 0.081 seconds
[2024-12-17 10:54:05,239] {scheduler_job.py:182} INFO - Started process (PID=512) to work on /home/airflow/.local/lib/python3.6/site-packages/airflow/example_dags/example_skip_dag.py
[2024-12-17 10:54:05,240] {scheduler_job.py:633} INFO - Processing file /home/airflow/.local/lib/python3.6/site-packages/airflow/example_dags/example_skip_dag.py for tasks to queue
[2024-12-17 10:54:05,246] {logging_mixin.py:104} INFO - [2024-12-17 10:54:05,241] {dagbag.py:496} INFO - Filling up the DagBag from /home/airflow/.local/lib/python3.6/site-packages/airflow/example_dags/example_skip_dag.py
[2024-12-17 10:54:05,259] {scheduler_job.py:643} INFO - DAG(s) dict_keys(['example_skip_dag']) retrieved from /home/airflow/.local/lib/python3.6/site-packages/airflow/example_dags/example_skip_dag.py
[2024-12-17 10:54:05,346] {logging_mixin.py:104} INFO - [2024-12-17 10:54:05,346] {dag.py:1833} INFO - Sync 1 DAGs
[2024-12-17 10:54:05,397] {logging_mixin.py:104} INFO - [2024-12-17 10:54:05,396] {dag.py:2306} INFO - Setting next_dagrun for example_skip_dag to 2024-12-15 00:00:00+00:00
[2024-12-17 10:54:05,419] {scheduler_job.py:190} INFO - Processing /home/airflow/.local/lib/python3.6/site-packages/airflow/example_dags/example_skip_dag.py took 0.184 seconds
[2024-12-17 10:54:35,512] {scheduler_job.py:182} INFO - Started process (PID=564) to work on /home/airflow/.local/lib/python3.6/site-packages/airflow/example_dags/example_skip_dag.py
[2024-12-17 10:54:35,513] {scheduler_job.py:633} INFO - Processing file /home/airflow/.local/lib/python3.6/site-packages/airflow/example_dags/example_skip_dag.py for tasks to queue
[2024-12-17 10:54:35,514] {logging_mixin.py:104} INFO - [2024-12-17 10:54:35,514] {dagbag.py:496} INFO - Filling up the DagBag from /home/airflow/.local/lib/python3.6/site-packages/airflow/example_dags/example_skip_dag.py
[2024-12-17 10:54:35,548] {scheduler_job.py:643} INFO - DAG(s) dict_keys(['example_skip_dag']) retrieved from /home/airflow/.local/lib/python3.6/site-packages/airflow/example_dags/example_skip_dag.py
[2024-12-17 10:54:35,602] {logging_mixin.py:104} INFO - [2024-12-17 10:54:35,601] {dag.py:1833} INFO - Sync 1 DAGs
[2024-12-17 10:54:35,643] {logging_mixin.py:104} INFO - [2024-12-17 10:54:35,643] {dag.py:2306} INFO - Setting next_dagrun for example_skip_dag to 2024-12-15 00:00:00+00:00
[2024-12-17 10:54:35,666] {scheduler_job.py:190} INFO - Processing /home/airflow/.local/lib/python3.6/site-packages/airflow/example_dags/example_skip_dag.py took 0.160 seconds
[2024-12-17 10:55:05,782] {scheduler_job.py:182} INFO - Started process (PID=625) to work on /home/airflow/.local/lib/python3.6/site-packages/airflow/example_dags/example_skip_dag.py
[2024-12-17 10:55:05,783] {scheduler_job.py:633} INFO - Processing file /home/airflow/.local/lib/python3.6/site-packages/airflow/example_dags/example_skip_dag.py for tasks to queue
[2024-12-17 10:55:05,783] {logging_mixin.py:104} INFO - [2024-12-17 10:55:05,783] {dagbag.py:496} INFO - Filling up the DagBag from /home/airflow/.local/lib/python3.6/site-packages/airflow/example_dags/example_skip_dag.py
[2024-12-17 10:55:05,798] {scheduler_job.py:643} INFO - DAG(s) dict_keys(['example_skip_dag']) retrieved from /home/airflow/.local/lib/python3.6/site-packages/airflow/example_dags/example_skip_dag.py
[2024-12-17 10:55:05,824] {logging_mixin.py:104} INFO - [2024-12-17 10:55:05,824] {dag.py:1833} INFO - Sync 1 DAGs
[2024-12-17 10:55:05,840] {logging_mixin.py:104} INFO - [2024-12-17 10:55:05,840] {dag.py:2306} INFO - Setting next_dagrun for example_skip_dag to 2024-12-15 00:00:00+00:00
[2024-12-17 10:55:05,856] {scheduler_job.py:190} INFO - Processing /home/airflow/.local/lib/python3.6/site-packages/airflow/example_dags/example_skip_dag.py took 0.077 seconds
[2024-12-17 10:55:36,364] {scheduler_job.py:182} INFO - Started process (PID=675) to work on /home/airflow/.local/lib/python3.6/site-packages/airflow/example_dags/example_skip_dag.py
[2024-12-17 10:55:36,365] {scheduler_job.py:633} INFO - Processing file /home/airflow/.local/lib/python3.6/site-packages/airflow/example_dags/example_skip_dag.py for tasks to queue
[2024-12-17 10:55:36,366] {logging_mixin.py:104} INFO - [2024-12-17 10:55:36,366] {dagbag.py:496} INFO - Filling up the DagBag from /home/airflow/.local/lib/python3.6/site-packages/airflow/example_dags/example_skip_dag.py
[2024-12-17 10:55:36,379] {scheduler_job.py:643} INFO - DAG(s) dict_keys(['example_skip_dag']) retrieved from /home/airflow/.local/lib/python3.6/site-packages/airflow/example_dags/example_skip_dag.py
[2024-12-17 10:55:36,401] {logging_mixin.py:104} INFO - [2024-12-17 10:55:36,401] {dag.py:1833} INFO - Sync 1 DAGs
[2024-12-17 10:55:36,417] {logging_mixin.py:104} INFO - [2024-12-17 10:55:36,416] {dag.py:2306} INFO - Setting next_dagrun for example_skip_dag to 2024-12-15 00:00:00+00:00
[2024-12-17 10:55:36,434] {scheduler_job.py:190} INFO - Processing /home/airflow/.local/lib/python3.6/site-packages/airflow/example_dags/example_skip_dag.py took 0.074 seconds
[2024-12-17 10:56:06,554] {scheduler_job.py:182} INFO - Started process (PID=736) to work on /home/airflow/.local/lib/python3.6/site-packages/airflow/example_dags/example_skip_dag.py
[2024-12-17 10:56:06,555] {scheduler_job.py:633} INFO - Processing file /home/airflow/.local/lib/python3.6/site-packages/airflow/example_dags/example_skip_dag.py for tasks to queue
[2024-12-17 10:56:06,556] {logging_mixin.py:104} INFO - [2024-12-17 10:56:06,555] {dagbag.py:496} INFO - Filling up the DagBag from /home/airflow/.local/lib/python3.6/site-packages/airflow/example_dags/example_skip_dag.py
[2024-12-17 10:56:06,574] {scheduler_job.py:643} INFO - DAG(s) dict_keys(['example_skip_dag']) retrieved from /home/airflow/.local/lib/python3.6/site-packages/airflow/example_dags/example_skip_dag.py
[2024-12-17 10:56:06,603] {logging_mixin.py:104} INFO - [2024-12-17 10:56:06,603] {dag.py:1833} INFO - Sync 1 DAGs
[2024-12-17 10:56:06,620] {logging_mixin.py:104} INFO - [2024-12-17 10:56:06,620] {dag.py:2306} INFO - Setting next_dagrun for example_skip_dag to 2024-12-15 00:00:00+00:00
[2024-12-17 10:56:06,635] {scheduler_job.py:190} INFO - Processing /home/airflow/.local/lib/python3.6/site-packages/airflow/example_dags/example_skip_dag.py took 0.084 seconds
[2024-12-17 10:56:37,001] {scheduler_job.py:182} INFO - Started process (PID=788) to work on /home/airflow/.local/lib/python3.6/site-packages/airflow/example_dags/example_skip_dag.py
[2024-12-17 10:56:37,003] {scheduler_job.py:633} INFO - Processing file /home/airflow/.local/lib/python3.6/site-packages/airflow/example_dags/example_skip_dag.py for tasks to queue
[2024-12-17 10:56:37,003] {logging_mixin.py:104} INFO - [2024-12-17 10:56:37,003] {dagbag.py:496} INFO - Filling up the DagBag from /home/airflow/.local/lib/python3.6/site-packages/airflow/example_dags/example_skip_dag.py
[2024-12-17 10:56:37,024] {scheduler_job.py:643} INFO - DAG(s) dict_keys(['example_skip_dag']) retrieved from /home/airflow/.local/lib/python3.6/site-packages/airflow/example_dags/example_skip_dag.py
[2024-12-17 10:56:37,060] {logging_mixin.py:104} INFO - [2024-12-17 10:56:37,060] {dag.py:1833} INFO - Sync 1 DAGs
[2024-12-17 10:56:37,077] {logging_mixin.py:104} INFO - [2024-12-17 10:56:37,077] {dag.py:2306} INFO - Setting next_dagrun for example_skip_dag to 2024-12-15 00:00:00+00:00
[2024-12-17 10:56:37,100] {scheduler_job.py:190} INFO - Processing /home/airflow/.local/lib/python3.6/site-packages/airflow/example_dags/example_skip_dag.py took 0.102 seconds
[2024-12-17 10:57:07,437] {scheduler_job.py:182} INFO - Started process (PID=837) to work on /home/airflow/.local/lib/python3.6/site-packages/airflow/example_dags/example_skip_dag.py
[2024-12-17 10:57:07,439] {scheduler_job.py:633} INFO - Processing file /home/airflow/.local/lib/python3.6/site-packages/airflow/example_dags/example_skip_dag.py for tasks to queue
[2024-12-17 10:57:07,440] {logging_mixin.py:104} INFO - [2024-12-17 10:57:07,440] {dagbag.py:496} INFO - Filling up the DagBag from /home/airflow/.local/lib/python3.6/site-packages/airflow/example_dags/example_skip_dag.py
[2024-12-17 10:57:07,454] {scheduler_job.py:643} INFO - DAG(s) dict_keys(['example_skip_dag']) retrieved from /home/airflow/.local/lib/python3.6/site-packages/airflow/example_dags/example_skip_dag.py
[2024-12-17 10:57:07,500] {logging_mixin.py:104} INFO - [2024-12-17 10:57:07,499] {dag.py:1833} INFO - Sync 1 DAGs
[2024-12-17 10:57:07,516] {logging_mixin.py:104} INFO - [2024-12-17 10:57:07,516] {dag.py:2306} INFO - Setting next_dagrun for example_skip_dag to 2024-12-15 00:00:00+00:00
[2024-12-17 10:57:07,530] {scheduler_job.py:190} INFO - Processing /home/airflow/.local/lib/python3.6/site-packages/airflow/example_dags/example_skip_dag.py took 0.097 seconds
[2024-12-17 10:57:38,010] {scheduler_job.py:182} INFO - Started process (PID=895) to work on /home/airflow/.local/lib/python3.6/site-packages/airflow/example_dags/example_skip_dag.py
[2024-12-17 10:57:38,012] {scheduler_job.py:633} INFO - Processing file /home/airflow/.local/lib/python3.6/site-packages/airflow/example_dags/example_skip_dag.py for tasks to queue
[2024-12-17 10:57:38,013] {logging_mixin.py:104} INFO - [2024-12-17 10:57:38,013] {dagbag.py:496} INFO - Filling up the DagBag from /home/airflow/.local/lib/python3.6/site-packages/airflow/example_dags/example_skip_dag.py
[2024-12-17 10:57:38,034] {scheduler_job.py:643} INFO - DAG(s) dict_keys(['example_skip_dag']) retrieved from /home/airflow/.local/lib/python3.6/site-packages/airflow/example_dags/example_skip_dag.py
[2024-12-17 10:57:38,074] {logging_mixin.py:104} INFO - [2024-12-17 10:57:38,074] {dag.py:1833} INFO - Sync 1 DAGs
[2024-12-17 10:57:38,101] {logging_mixin.py:104} INFO - [2024-12-17 10:57:38,101] {dag.py:2306} INFO - Setting next_dagrun for example_skip_dag to 2024-12-15 00:00:00+00:00
[2024-12-17 10:57:38,123] {scheduler_job.py:190} INFO - Processing /home/airflow/.local/lib/python3.6/site-packages/airflow/example_dags/example_skip_dag.py took 0.116 seconds
[2024-12-17 10:58:09,061] {scheduler_job.py:182} INFO - Started process (PID=956) to work on /home/airflow/.local/lib/python3.6/site-packages/airflow/example_dags/example_skip_dag.py
[2024-12-17 10:58:09,062] {scheduler_job.py:633} INFO - Processing file /home/airflow/.local/lib/python3.6/site-packages/airflow/example_dags/example_skip_dag.py for tasks to queue
[2024-12-17 10:58:09,063] {logging_mixin.py:104} INFO - [2024-12-17 10:58:09,063] {dagbag.py:496} INFO - Filling up the DagBag from /home/airflow/.local/lib/python3.6/site-packages/airflow/example_dags/example_skip_dag.py
[2024-12-17 10:58:09,073] {scheduler_job.py:643} INFO - DAG(s) dict_keys(['example_skip_dag']) retrieved from /home/airflow/.local/lib/python3.6/site-packages/airflow/example_dags/example_skip_dag.py
[2024-12-17 10:58:09,193] {logging_mixin.py:104} INFO - [2024-12-17 10:58:09,193] {dag.py:1833} INFO - Sync 1 DAGs
[2024-12-17 10:58:09,232] {logging_mixin.py:104} INFO - [2024-12-17 10:58:09,232] {dag.py:2306} INFO - Setting next_dagrun for example_skip_dag to 2024-12-15 00:00:00+00:00
[2024-12-17 10:58:09,265] {scheduler_job.py:190} INFO - Processing /home/airflow/.local/lib/python3.6/site-packages/airflow/example_dags/example_skip_dag.py took 0.207 seconds
[2024-12-17 10:58:39,699] {scheduler_job.py:182} INFO - Started process (PID=1006) to work on /home/airflow/.local/lib/python3.6/site-packages/airflow/example_dags/example_skip_dag.py
[2024-12-17 10:58:39,701] {scheduler_job.py:633} INFO - Processing file /home/airflow/.local/lib/python3.6/site-packages/airflow/example_dags/example_skip_dag.py for tasks to queue
[2024-12-17 10:58:39,702] {logging_mixin.py:104} INFO - [2024-12-17 10:58:39,702] {dagbag.py:496} INFO - Filling up the DagBag from /home/airflow/.local/lib/python3.6/site-packages/airflow/example_dags/example_skip_dag.py
[2024-12-17 10:58:39,722] {scheduler_job.py:643} INFO - DAG(s) dict_keys(['example_skip_dag']) retrieved from /home/airflow/.local/lib/python3.6/site-packages/airflow/example_dags/example_skip_dag.py
[2024-12-17 10:58:39,787] {logging_mixin.py:104} INFO - [2024-12-17 10:58:39,787] {dag.py:1833} INFO - Sync 1 DAGs
[2024-12-17 10:58:39,819] {logging_mixin.py:104} INFO - [2024-12-17 10:58:39,819] {dag.py:2306} INFO - Setting next_dagrun for example_skip_dag to 2024-12-15 00:00:00+00:00
[2024-12-17 10:58:39,846] {scheduler_job.py:190} INFO - Processing /home/airflow/.local/lib/python3.6/site-packages/airflow/example_dags/example_skip_dag.py took 0.152 seconds
