[2024-12-17 10:50:48,496] {scheduler_job.py:182} INFO - Started process (PID=152) to work on /home/airflow/.local/lib/python3.6/site-packages/airflow/example_dags/example_branch_day_of_week_operator.py
[2024-12-17 10:50:48,497] {scheduler_job.py:633} INFO - Processing file /home/airflow/.local/lib/python3.6/site-packages/airflow/example_dags/example_branch_day_of_week_operator.py for tasks to queue
[2024-12-17 10:50:48,498] {logging_mixin.py:104} INFO - [2024-12-17 10:50:48,498] {dagbag.py:496} INFO - Filling up the DagBag from /home/airflow/.local/lib/python3.6/site-packages/airflow/example_dags/example_branch_day_of_week_operator.py
[2024-12-17 10:50:48,517] {scheduler_job.py:643} INFO - DAG(s) dict_keys(['example_weekday_branch_operator']) retrieved from /home/airflow/.local/lib/python3.6/site-packages/airflow/example_dags/example_branch_day_of_week_operator.py
[2024-12-17 10:50:53,698] {logging_mixin.py:104} INFO - [2024-12-17 10:50:53,696] {dag.py:1833} INFO - Sync 1 DAGs
[2024-12-17 10:50:53,718] {logging_mixin.py:104} INFO - [2024-12-17 10:50:53,716] {dag.py:1852} INFO - Creating ORM DAG for example_weekday_branch_operator
[2024-12-17 10:50:53,726] {logging_mixin.py:104} INFO - [2024-12-17 10:50:53,726] {dag.py:2306} INFO - Setting next_dagrun for example_weekday_branch_operator to 2024-12-15 00:00:00+00:00
[2024-12-17 10:50:53,748] {scheduler_job.py:190} INFO - Processing /home/airflow/.local/lib/python3.6/site-packages/airflow/example_dags/example_branch_day_of_week_operator.py took 5.261 seconds
[2024-12-17 10:51:24,075] {scheduler_job.py:182} INFO - Started process (PID=224) to work on /home/airflow/.local/lib/python3.6/site-packages/airflow/example_dags/example_branch_day_of_week_operator.py
[2024-12-17 10:51:24,076] {scheduler_job.py:633} INFO - Processing file /home/airflow/.local/lib/python3.6/site-packages/airflow/example_dags/example_branch_day_of_week_operator.py for tasks to queue
[2024-12-17 10:51:24,077] {logging_mixin.py:104} INFO - [2024-12-17 10:51:24,076] {dagbag.py:496} INFO - Filling up the DagBag from /home/airflow/.local/lib/python3.6/site-packages/airflow/example_dags/example_branch_day_of_week_operator.py
[2024-12-17 10:51:24,088] {scheduler_job.py:643} INFO - DAG(s) dict_keys(['example_weekday_branch_operator']) retrieved from /home/airflow/.local/lib/python3.6/site-packages/airflow/example_dags/example_branch_day_of_week_operator.py
[2024-12-17 10:51:24,124] {logging_mixin.py:104} INFO - [2024-12-17 10:51:24,124] {dag.py:1833} INFO - Sync 1 DAGs
[2024-12-17 10:51:24,148] {logging_mixin.py:104} INFO - [2024-12-17 10:51:24,148] {dag.py:2306} INFO - Setting next_dagrun for example_weekday_branch_operator to 2024-12-15 00:00:00+00:00
[2024-12-17 10:51:24,168] {scheduler_job.py:190} INFO - Processing /home/airflow/.local/lib/python3.6/site-packages/airflow/example_dags/example_branch_day_of_week_operator.py took 0.094 seconds
[2024-12-17 10:51:54,344] {scheduler_job.py:182} INFO - Started process (PID=274) to work on /home/airflow/.local/lib/python3.6/site-packages/airflow/example_dags/example_branch_day_of_week_operator.py
[2024-12-17 10:51:54,345] {scheduler_job.py:633} INFO - Processing file /home/airflow/.local/lib/python3.6/site-packages/airflow/example_dags/example_branch_day_of_week_operator.py for tasks to queue
[2024-12-17 10:51:54,346] {logging_mixin.py:104} INFO - [2024-12-17 10:51:54,346] {dagbag.py:496} INFO - Filling up the DagBag from /home/airflow/.local/lib/python3.6/site-packages/airflow/example_dags/example_branch_day_of_week_operator.py
[2024-12-17 10:51:54,365] {scheduler_job.py:643} INFO - DAG(s) dict_keys(['example_weekday_branch_operator']) retrieved from /home/airflow/.local/lib/python3.6/site-packages/airflow/example_dags/example_branch_day_of_week_operator.py
[2024-12-17 10:51:54,401] {logging_mixin.py:104} INFO - [2024-12-17 10:51:54,401] {dag.py:1833} INFO - Sync 1 DAGs
[2024-12-17 10:51:54,424] {logging_mixin.py:104} INFO - [2024-12-17 10:51:54,424] {dag.py:2306} INFO - Setting next_dagrun for example_weekday_branch_operator to 2024-12-15 00:00:00+00:00
[2024-12-17 10:51:54,443] {scheduler_job.py:190} INFO - Processing /home/airflow/.local/lib/python3.6/site-packages/airflow/example_dags/example_branch_day_of_week_operator.py took 0.104 seconds
[2024-12-17 10:52:25,262] {scheduler_job.py:182} INFO - Started process (PID=325) to work on /home/airflow/.local/lib/python3.6/site-packages/airflow/example_dags/example_branch_day_of_week_operator.py
[2024-12-17 10:52:25,263] {scheduler_job.py:633} INFO - Processing file /home/airflow/.local/lib/python3.6/site-packages/airflow/example_dags/example_branch_day_of_week_operator.py for tasks to queue
[2024-12-17 10:52:25,264] {logging_mixin.py:104} INFO - [2024-12-17 10:52:25,264] {dagbag.py:496} INFO - Filling up the DagBag from /home/airflow/.local/lib/python3.6/site-packages/airflow/example_dags/example_branch_day_of_week_operator.py
[2024-12-17 10:52:25,274] {scheduler_job.py:643} INFO - DAG(s) dict_keys(['example_weekday_branch_operator']) retrieved from /home/airflow/.local/lib/python3.6/site-packages/airflow/example_dags/example_branch_day_of_week_operator.py
[2024-12-17 10:52:25,303] {logging_mixin.py:104} INFO - [2024-12-17 10:52:25,303] {dag.py:1833} INFO - Sync 1 DAGs
[2024-12-17 10:52:25,323] {logging_mixin.py:104} INFO - [2024-12-17 10:52:25,322] {dag.py:2306} INFO - Setting next_dagrun for example_weekday_branch_operator to 2024-12-15 00:00:00+00:00
[2024-12-17 10:52:25,338] {scheduler_job.py:190} INFO - Processing /home/airflow/.local/lib/python3.6/site-packages/airflow/example_dags/example_branch_day_of_week_operator.py took 0.081 seconds
[2024-12-17 10:52:55,806] {scheduler_job.py:182} INFO - Started process (PID=386) to work on /home/airflow/.local/lib/python3.6/site-packages/airflow/example_dags/example_branch_day_of_week_operator.py
[2024-12-17 10:52:55,807] {scheduler_job.py:633} INFO - Processing file /home/airflow/.local/lib/python3.6/site-packages/airflow/example_dags/example_branch_day_of_week_operator.py for tasks to queue
[2024-12-17 10:52:55,819] {logging_mixin.py:104} INFO - [2024-12-17 10:52:55,819] {dagbag.py:496} INFO - Filling up the DagBag from /home/airflow/.local/lib/python3.6/site-packages/airflow/example_dags/example_branch_day_of_week_operator.py
[2024-12-17 10:52:55,853] {scheduler_job.py:643} INFO - DAG(s) dict_keys(['example_weekday_branch_operator']) retrieved from /home/airflow/.local/lib/python3.6/site-packages/airflow/example_dags/example_branch_day_of_week_operator.py
[2024-12-17 10:52:55,914] {logging_mixin.py:104} INFO - [2024-12-17 10:52:55,914] {dag.py:1833} INFO - Sync 1 DAGs
[2024-12-17 10:52:55,935] {logging_mixin.py:104} INFO - [2024-12-17 10:52:55,934] {dag.py:2306} INFO - Setting next_dagrun for example_weekday_branch_operator to 2024-12-15 00:00:00+00:00
[2024-12-17 10:52:55,949] {scheduler_job.py:190} INFO - Processing /home/airflow/.local/lib/python3.6/site-packages/airflow/example_dags/example_branch_day_of_week_operator.py took 0.153 seconds
[2024-12-17 10:53:26,608] {scheduler_job.py:182} INFO - Started process (PID=436) to work on /home/airflow/.local/lib/python3.6/site-packages/airflow/example_dags/example_branch_day_of_week_operator.py
[2024-12-17 10:53:26,609] {scheduler_job.py:633} INFO - Processing file /home/airflow/.local/lib/python3.6/site-packages/airflow/example_dags/example_branch_day_of_week_operator.py for tasks to queue
[2024-12-17 10:53:26,610] {logging_mixin.py:104} INFO - [2024-12-17 10:53:26,610] {dagbag.py:496} INFO - Filling up the DagBag from /home/airflow/.local/lib/python3.6/site-packages/airflow/example_dags/example_branch_day_of_week_operator.py
[2024-12-17 10:53:26,622] {scheduler_job.py:643} INFO - DAG(s) dict_keys(['example_weekday_branch_operator']) retrieved from /home/airflow/.local/lib/python3.6/site-packages/airflow/example_dags/example_branch_day_of_week_operator.py
[2024-12-17 10:53:26,647] {logging_mixin.py:104} INFO - [2024-12-17 10:53:26,647] {dag.py:1833} INFO - Sync 1 DAGs
[2024-12-17 10:53:26,667] {logging_mixin.py:104} INFO - [2024-12-17 10:53:26,667] {dag.py:2306} INFO - Setting next_dagrun for example_weekday_branch_operator to 2024-12-15 00:00:00+00:00
[2024-12-17 10:53:26,678] {scheduler_job.py:190} INFO - Processing /home/airflow/.local/lib/python3.6/site-packages/airflow/example_dags/example_branch_day_of_week_operator.py took 0.075 seconds
[2024-12-17 10:53:57,372] {scheduler_job.py:182} INFO - Started process (PID=497) to work on /home/airflow/.local/lib/python3.6/site-packages/airflow/example_dags/example_branch_day_of_week_operator.py
[2024-12-17 10:53:57,373] {scheduler_job.py:633} INFO - Processing file /home/airflow/.local/lib/python3.6/site-packages/airflow/example_dags/example_branch_day_of_week_operator.py for tasks to queue
[2024-12-17 10:53:57,373] {logging_mixin.py:104} INFO - [2024-12-17 10:53:57,373] {dagbag.py:496} INFO - Filling up the DagBag from /home/airflow/.local/lib/python3.6/site-packages/airflow/example_dags/example_branch_day_of_week_operator.py
[2024-12-17 10:53:57,386] {scheduler_job.py:643} INFO - DAG(s) dict_keys(['example_weekday_branch_operator']) retrieved from /home/airflow/.local/lib/python3.6/site-packages/airflow/example_dags/example_branch_day_of_week_operator.py
[2024-12-17 10:53:57,428] {logging_mixin.py:104} INFO - [2024-12-17 10:53:57,428] {dag.py:1833} INFO - Sync 1 DAGs
[2024-12-17 10:53:57,453] {logging_mixin.py:104} INFO - [2024-12-17 10:53:57,453] {dag.py:2306} INFO - Setting next_dagrun for example_weekday_branch_operator to 2024-12-15 00:00:00+00:00
[2024-12-17 10:53:57,465] {scheduler_job.py:190} INFO - Processing /home/airflow/.local/lib/python3.6/site-packages/airflow/example_dags/example_branch_day_of_week_operator.py took 0.096 seconds
[2024-12-17 10:54:27,764] {scheduler_job.py:182} INFO - Started process (PID=558) to work on /home/airflow/.local/lib/python3.6/site-packages/airflow/example_dags/example_branch_day_of_week_operator.py
[2024-12-17 10:54:27,765] {scheduler_job.py:633} INFO - Processing file /home/airflow/.local/lib/python3.6/site-packages/airflow/example_dags/example_branch_day_of_week_operator.py for tasks to queue
[2024-12-17 10:54:27,765] {logging_mixin.py:104} INFO - [2024-12-17 10:54:27,765] {dagbag.py:496} INFO - Filling up the DagBag from /home/airflow/.local/lib/python3.6/site-packages/airflow/example_dags/example_branch_day_of_week_operator.py
[2024-12-17 10:54:27,789] {scheduler_job.py:643} INFO - DAG(s) dict_keys(['example_weekday_branch_operator']) retrieved from /home/airflow/.local/lib/python3.6/site-packages/airflow/example_dags/example_branch_day_of_week_operator.py
[2024-12-17 10:54:27,835] {logging_mixin.py:104} INFO - [2024-12-17 10:54:27,835] {dag.py:1833} INFO - Sync 1 DAGs
[2024-12-17 10:54:27,853] {logging_mixin.py:104} INFO - [2024-12-17 10:54:27,853] {dag.py:2306} INFO - Setting next_dagrun for example_weekday_branch_operator to 2024-12-15 00:00:00+00:00
[2024-12-17 10:54:27,865] {scheduler_job.py:190} INFO - Processing /home/airflow/.local/lib/python3.6/site-packages/airflow/example_dags/example_branch_day_of_week_operator.py took 0.105 seconds
[2024-12-17 10:54:58,498] {scheduler_job.py:182} INFO - Started process (PID=610) to work on /home/airflow/.local/lib/python3.6/site-packages/airflow/example_dags/example_branch_day_of_week_operator.py
[2024-12-17 10:54:58,499] {scheduler_job.py:633} INFO - Processing file /home/airflow/.local/lib/python3.6/site-packages/airflow/example_dags/example_branch_day_of_week_operator.py for tasks to queue
[2024-12-17 10:54:58,500] {logging_mixin.py:104} INFO - [2024-12-17 10:54:58,500] {dagbag.py:496} INFO - Filling up the DagBag from /home/airflow/.local/lib/python3.6/site-packages/airflow/example_dags/example_branch_day_of_week_operator.py
[2024-12-17 10:54:58,513] {scheduler_job.py:643} INFO - DAG(s) dict_keys(['example_weekday_branch_operator']) retrieved from /home/airflow/.local/lib/python3.6/site-packages/airflow/example_dags/example_branch_day_of_week_operator.py
[2024-12-17 10:54:58,566] {logging_mixin.py:104} INFO - [2024-12-17 10:54:58,566] {dag.py:1833} INFO - Sync 1 DAGs
[2024-12-17 10:54:58,592] {logging_mixin.py:104} INFO - [2024-12-17 10:54:58,592] {dag.py:2306} INFO - Setting next_dagrun for example_weekday_branch_operator to 2024-12-15 00:00:00+00:00
[2024-12-17 10:54:58,615] {scheduler_job.py:190} INFO - Processing /home/airflow/.local/lib/python3.6/site-packages/airflow/example_dags/example_branch_day_of_week_operator.py took 0.121 seconds
[2024-12-17 10:55:28,790] {scheduler_job.py:182} INFO - Started process (PID=670) to work on /home/airflow/.local/lib/python3.6/site-packages/airflow/example_dags/example_branch_day_of_week_operator.py
[2024-12-17 10:55:28,791] {scheduler_job.py:633} INFO - Processing file /home/airflow/.local/lib/python3.6/site-packages/airflow/example_dags/example_branch_day_of_week_operator.py for tasks to queue
[2024-12-17 10:55:28,792] {logging_mixin.py:104} INFO - [2024-12-17 10:55:28,791] {dagbag.py:496} INFO - Filling up the DagBag from /home/airflow/.local/lib/python3.6/site-packages/airflow/example_dags/example_branch_day_of_week_operator.py
[2024-12-17 10:55:28,805] {scheduler_job.py:643} INFO - DAG(s) dict_keys(['example_weekday_branch_operator']) retrieved from /home/airflow/.local/lib/python3.6/site-packages/airflow/example_dags/example_branch_day_of_week_operator.py
[2024-12-17 10:55:28,827] {logging_mixin.py:104} INFO - [2024-12-17 10:55:28,826] {dag.py:1833} INFO - Sync 1 DAGs
[2024-12-17 10:55:28,843] {logging_mixin.py:104} INFO - [2024-12-17 10:55:28,843] {dag.py:2306} INFO - Setting next_dagrun for example_weekday_branch_operator to 2024-12-15 00:00:00+00:00
[2024-12-17 10:55:28,863] {scheduler_job.py:190} INFO - Processing /home/airflow/.local/lib/python3.6/site-packages/airflow/example_dags/example_branch_day_of_week_operator.py took 0.077 seconds
[2024-12-17 10:55:59,765] {scheduler_job.py:182} INFO - Started process (PID=722) to work on /home/airflow/.local/lib/python3.6/site-packages/airflow/example_dags/example_branch_day_of_week_operator.py
[2024-12-17 10:55:59,766] {scheduler_job.py:633} INFO - Processing file /home/airflow/.local/lib/python3.6/site-packages/airflow/example_dags/example_branch_day_of_week_operator.py for tasks to queue
[2024-12-17 10:55:59,767] {logging_mixin.py:104} INFO - [2024-12-17 10:55:59,766] {dagbag.py:496} INFO - Filling up the DagBag from /home/airflow/.local/lib/python3.6/site-packages/airflow/example_dags/example_branch_day_of_week_operator.py
[2024-12-17 10:55:59,779] {scheduler_job.py:643} INFO - DAG(s) dict_keys(['example_weekday_branch_operator']) retrieved from /home/airflow/.local/lib/python3.6/site-packages/airflow/example_dags/example_branch_day_of_week_operator.py
[2024-12-17 10:55:59,810] {logging_mixin.py:104} INFO - [2024-12-17 10:55:59,810] {dag.py:1833} INFO - Sync 1 DAGs
[2024-12-17 10:55:59,831] {logging_mixin.py:104} INFO - [2024-12-17 10:55:59,830] {dag.py:2306} INFO - Setting next_dagrun for example_weekday_branch_operator to 2024-12-15 00:00:00+00:00
[2024-12-17 10:55:59,845] {scheduler_job.py:190} INFO - Processing /home/airflow/.local/lib/python3.6/site-packages/airflow/example_dags/example_branch_day_of_week_operator.py took 0.083 seconds
[2024-12-17 10:56:31,009] {scheduler_job.py:182} INFO - Started process (PID=783) to work on /home/airflow/.local/lib/python3.6/site-packages/airflow/example_dags/example_branch_day_of_week_operator.py
[2024-12-17 10:56:31,010] {scheduler_job.py:633} INFO - Processing file /home/airflow/.local/lib/python3.6/site-packages/airflow/example_dags/example_branch_day_of_week_operator.py for tasks to queue
[2024-12-17 10:56:31,011] {logging_mixin.py:104} INFO - [2024-12-17 10:56:31,011] {dagbag.py:496} INFO - Filling up the DagBag from /home/airflow/.local/lib/python3.6/site-packages/airflow/example_dags/example_branch_day_of_week_operator.py
[2024-12-17 10:56:31,134] {scheduler_job.py:643} INFO - DAG(s) dict_keys(['example_weekday_branch_operator']) retrieved from /home/airflow/.local/lib/python3.6/site-packages/airflow/example_dags/example_branch_day_of_week_operator.py
[2024-12-17 10:56:31,218] {logging_mixin.py:104} INFO - [2024-12-17 10:56:31,218] {dag.py:1833} INFO - Sync 1 DAGs
[2024-12-17 10:56:31,247] {logging_mixin.py:104} INFO - [2024-12-17 10:56:31,247] {dag.py:2306} INFO - Setting next_dagrun for example_weekday_branch_operator to 2024-12-15 00:00:00+00:00
[2024-12-17 10:56:31,262] {scheduler_job.py:190} INFO - Processing /home/airflow/.local/lib/python3.6/site-packages/airflow/example_dags/example_branch_day_of_week_operator.py took 0.257 seconds
[2024-12-17 10:57:02,254] {scheduler_job.py:182} INFO - Started process (PID=832) to work on /home/airflow/.local/lib/python3.6/site-packages/airflow/example_dags/example_branch_day_of_week_operator.py
[2024-12-17 10:57:02,255] {scheduler_job.py:633} INFO - Processing file /home/airflow/.local/lib/python3.6/site-packages/airflow/example_dags/example_branch_day_of_week_operator.py for tasks to queue
[2024-12-17 10:57:02,256] {logging_mixin.py:104} INFO - [2024-12-17 10:57:02,256] {dagbag.py:496} INFO - Filling up the DagBag from /home/airflow/.local/lib/python3.6/site-packages/airflow/example_dags/example_branch_day_of_week_operator.py
[2024-12-17 10:57:02,281] {scheduler_job.py:643} INFO - DAG(s) dict_keys(['example_weekday_branch_operator']) retrieved from /home/airflow/.local/lib/python3.6/site-packages/airflow/example_dags/example_branch_day_of_week_operator.py
[2024-12-17 10:57:02,352] {logging_mixin.py:104} INFO - [2024-12-17 10:57:02,350] {dag.py:1833} INFO - Sync 1 DAGs
[2024-12-17 10:57:02,381] {logging_mixin.py:104} INFO - [2024-12-17 10:57:02,381] {dag.py:2306} INFO - Setting next_dagrun for example_weekday_branch_operator to 2024-12-15 00:00:00+00:00
[2024-12-17 10:57:02,404] {scheduler_job.py:190} INFO - Processing /home/airflow/.local/lib/python3.6/site-packages/airflow/example_dags/example_branch_day_of_week_operator.py took 0.157 seconds
[2024-12-17 10:57:32,745] {scheduler_job.py:182} INFO - Started process (PID=892) to work on /home/airflow/.local/lib/python3.6/site-packages/airflow/example_dags/example_branch_day_of_week_operator.py
[2024-12-17 10:57:32,747] {scheduler_job.py:633} INFO - Processing file /home/airflow/.local/lib/python3.6/site-packages/airflow/example_dags/example_branch_day_of_week_operator.py for tasks to queue
[2024-12-17 10:57:32,747] {logging_mixin.py:104} INFO - [2024-12-17 10:57:32,747] {dagbag.py:496} INFO - Filling up the DagBag from /home/airflow/.local/lib/python3.6/site-packages/airflow/example_dags/example_branch_day_of_week_operator.py
[2024-12-17 10:57:32,778] {scheduler_job.py:643} INFO - DAG(s) dict_keys(['example_weekday_branch_operator']) retrieved from /home/airflow/.local/lib/python3.6/site-packages/airflow/example_dags/example_branch_day_of_week_operator.py
[2024-12-17 10:57:32,800] {logging_mixin.py:104} INFO - [2024-12-17 10:57:32,800] {dag.py:1833} INFO - Sync 1 DAGs
[2024-12-17 10:57:32,819] {logging_mixin.py:104} INFO - [2024-12-17 10:57:32,819] {dag.py:2306} INFO - Setting next_dagrun for example_weekday_branch_operator to 2024-12-15 00:00:00+00:00
[2024-12-17 10:57:32,835] {scheduler_job.py:190} INFO - Processing /home/airflow/.local/lib/python3.6/site-packages/airflow/example_dags/example_branch_day_of_week_operator.py took 0.093 seconds
[2024-12-17 10:58:03,526] {scheduler_job.py:182} INFO - Started process (PID=943) to work on /home/airflow/.local/lib/python3.6/site-packages/airflow/example_dags/example_branch_day_of_week_operator.py
[2024-12-17 10:58:03,527] {scheduler_job.py:633} INFO - Processing file /home/airflow/.local/lib/python3.6/site-packages/airflow/example_dags/example_branch_day_of_week_operator.py for tasks to queue
[2024-12-17 10:58:03,528] {logging_mixin.py:104} INFO - [2024-12-17 10:58:03,528] {dagbag.py:496} INFO - Filling up the DagBag from /home/airflow/.local/lib/python3.6/site-packages/airflow/example_dags/example_branch_day_of_week_operator.py
[2024-12-17 10:58:03,540] {scheduler_job.py:643} INFO - DAG(s) dict_keys(['example_weekday_branch_operator']) retrieved from /home/airflow/.local/lib/python3.6/site-packages/airflow/example_dags/example_branch_day_of_week_operator.py
[2024-12-17 10:58:03,571] {logging_mixin.py:104} INFO - [2024-12-17 10:58:03,571] {dag.py:1833} INFO - Sync 1 DAGs
[2024-12-17 10:58:03,604] {logging_mixin.py:104} INFO - [2024-12-17 10:58:03,604] {dag.py:2306} INFO - Setting next_dagrun for example_weekday_branch_operator to 2024-12-15 00:00:00+00:00
[2024-12-17 10:58:03,625] {scheduler_job.py:190} INFO - Processing /home/airflow/.local/lib/python3.6/site-packages/airflow/example_dags/example_branch_day_of_week_operator.py took 0.102 seconds
[2024-12-17 10:58:34,388] {scheduler_job.py:182} INFO - Started process (PID=1003) to work on /home/airflow/.local/lib/python3.6/site-packages/airflow/example_dags/example_branch_day_of_week_operator.py
[2024-12-17 10:58:34,390] {scheduler_job.py:633} INFO - Processing file /home/airflow/.local/lib/python3.6/site-packages/airflow/example_dags/example_branch_day_of_week_operator.py for tasks to queue
[2024-12-17 10:58:34,390] {logging_mixin.py:104} INFO - [2024-12-17 10:58:34,390] {dagbag.py:496} INFO - Filling up the DagBag from /home/airflow/.local/lib/python3.6/site-packages/airflow/example_dags/example_branch_day_of_week_operator.py
[2024-12-17 10:58:34,403] {scheduler_job.py:643} INFO - DAG(s) dict_keys(['example_weekday_branch_operator']) retrieved from /home/airflow/.local/lib/python3.6/site-packages/airflow/example_dags/example_branch_day_of_week_operator.py
[2024-12-17 10:58:34,432] {logging_mixin.py:104} INFO - [2024-12-17 10:58:34,432] {dag.py:1833} INFO - Sync 1 DAGs
[2024-12-17 10:58:34,454] {logging_mixin.py:104} INFO - [2024-12-17 10:58:34,454] {dag.py:2306} INFO - Setting next_dagrun for example_weekday_branch_operator to 2024-12-15 00:00:00+00:00
[2024-12-17 10:58:34,465] {scheduler_job.py:190} INFO - Processing /home/airflow/.local/lib/python3.6/site-packages/airflow/example_dags/example_branch_day_of_week_operator.py took 0.081 seconds
