[2024-12-17 10:50:16,486] {scheduler_job.py:182} INFO - Started process (PID=88) to work on /home/airflow/.local/lib/python3.6/site-packages/airflow/example_dags/example_complex.py
[2024-12-17 10:50:16,489] {scheduler_job.py:633} INFO - Processing file /home/airflow/.local/lib/python3.6/site-packages/airflow/example_dags/example_complex.py for tasks to queue
[2024-12-17 10:50:16,489] {logging_mixin.py:104} INFO - [2024-12-17 10:50:16,489] {dagbag.py:496} INFO - Filling up the DagBag from /home/airflow/.local/lib/python3.6/site-packages/airflow/example_dags/example_complex.py
[2024-12-17 10:50:16,526] {scheduler_job.py:643} INFO - DAG(s) dict_keys(['example_complex']) retrieved from /home/airflow/.local/lib/python3.6/site-packages/airflow/example_dags/example_complex.py
[2024-12-17 10:50:19,704] {logging_mixin.py:104} INFO - [2024-12-17 10:50:19,702] {dag.py:1833} INFO - Sync 1 DAGs
[2024-12-17 10:50:19,742] {logging_mixin.py:104} INFO - [2024-12-17 10:50:19,740] {dag.py:1852} INFO - Creating ORM DAG for example_complex
[2024-12-17 10:50:19,748] {logging_mixin.py:104} INFO - [2024-12-17 10:50:19,748] {dag.py:2306} INFO - Setting next_dagrun for example_complex to None
[2024-12-17 10:50:19,773] {scheduler_job.py:190} INFO - Processing /home/airflow/.local/lib/python3.6/site-packages/airflow/example_dags/example_complex.py took 3.294 seconds
[2024-12-17 10:51:04,718] {scheduler_job.py:182} INFO - Started process (PID=191) to work on /home/airflow/.local/lib/python3.6/site-packages/airflow/example_dags/example_complex.py
[2024-12-17 10:51:04,719] {scheduler_job.py:633} INFO - Processing file /home/airflow/.local/lib/python3.6/site-packages/airflow/example_dags/example_complex.py for tasks to queue
[2024-12-17 10:51:04,720] {logging_mixin.py:104} INFO - [2024-12-17 10:51:04,720] {dagbag.py:496} INFO - Filling up the DagBag from /home/airflow/.local/lib/python3.6/site-packages/airflow/example_dags/example_complex.py
[2024-12-17 10:51:04,800] {scheduler_job.py:643} INFO - DAG(s) dict_keys(['example_complex']) retrieved from /home/airflow/.local/lib/python3.6/site-packages/airflow/example_dags/example_complex.py
[2024-12-17 10:51:04,879] {logging_mixin.py:104} INFO - [2024-12-17 10:51:04,879] {dag.py:1833} INFO - Sync 1 DAGs
[2024-12-17 10:51:04,920] {logging_mixin.py:104} INFO - [2024-12-17 10:51:04,920] {dag.py:2306} INFO - Setting next_dagrun for example_complex to None
[2024-12-17 10:51:04,964] {scheduler_job.py:190} INFO - Processing /home/airflow/.local/lib/python3.6/site-packages/airflow/example_dags/example_complex.py took 0.250 seconds
[2024-12-17 10:51:35,463] {scheduler_job.py:182} INFO - Started process (PID=250) to work on /home/airflow/.local/lib/python3.6/site-packages/airflow/example_dags/example_complex.py
[2024-12-17 10:51:35,465] {scheduler_job.py:633} INFO - Processing file /home/airflow/.local/lib/python3.6/site-packages/airflow/example_dags/example_complex.py for tasks to queue
[2024-12-17 10:51:35,478] {logging_mixin.py:104} INFO - [2024-12-17 10:51:35,478] {dagbag.py:496} INFO - Filling up the DagBag from /home/airflow/.local/lib/python3.6/site-packages/airflow/example_dags/example_complex.py
[2024-12-17 10:51:35,530] {scheduler_job.py:643} INFO - DAG(s) dict_keys(['example_complex']) retrieved from /home/airflow/.local/lib/python3.6/site-packages/airflow/example_dags/example_complex.py
[2024-12-17 10:51:35,637] {logging_mixin.py:104} INFO - [2024-12-17 10:51:35,637] {dag.py:1833} INFO - Sync 1 DAGs
[2024-12-17 10:51:35,678] {logging_mixin.py:104} INFO - [2024-12-17 10:51:35,678] {dag.py:2306} INFO - Setting next_dagrun for example_complex to None
[2024-12-17 10:51:35,719] {scheduler_job.py:190} INFO - Processing /home/airflow/.local/lib/python3.6/site-packages/airflow/example_dags/example_complex.py took 0.261 seconds
[2024-12-17 10:52:06,455] {scheduler_job.py:182} INFO - Started process (PID=300) to work on /home/airflow/.local/lib/python3.6/site-packages/airflow/example_dags/example_complex.py
[2024-12-17 10:52:06,456] {scheduler_job.py:633} INFO - Processing file /home/airflow/.local/lib/python3.6/site-packages/airflow/example_dags/example_complex.py for tasks to queue
[2024-12-17 10:52:06,456] {logging_mixin.py:104} INFO - [2024-12-17 10:52:06,456] {dagbag.py:496} INFO - Filling up the DagBag from /home/airflow/.local/lib/python3.6/site-packages/airflow/example_dags/example_complex.py
[2024-12-17 10:52:06,472] {scheduler_job.py:643} INFO - DAG(s) dict_keys(['example_complex']) retrieved from /home/airflow/.local/lib/python3.6/site-packages/airflow/example_dags/example_complex.py
[2024-12-17 10:52:06,496] {logging_mixin.py:104} INFO - [2024-12-17 10:52:06,496] {dag.py:1833} INFO - Sync 1 DAGs
[2024-12-17 10:52:06,511] {logging_mixin.py:104} INFO - [2024-12-17 10:52:06,511] {dag.py:2306} INFO - Setting next_dagrun for example_complex to None
[2024-12-17 10:52:06,523] {scheduler_job.py:190} INFO - Processing /home/airflow/.local/lib/python3.6/site-packages/airflow/example_dags/example_complex.py took 0.071 seconds
[2024-12-17 10:52:36,927] {scheduler_job.py:182} INFO - Started process (PID=351) to work on /home/airflow/.local/lib/python3.6/site-packages/airflow/example_dags/example_complex.py
[2024-12-17 10:52:36,928] {scheduler_job.py:633} INFO - Processing file /home/airflow/.local/lib/python3.6/site-packages/airflow/example_dags/example_complex.py for tasks to queue
[2024-12-17 10:52:36,929] {logging_mixin.py:104} INFO - [2024-12-17 10:52:36,929] {dagbag.py:496} INFO - Filling up the DagBag from /home/airflow/.local/lib/python3.6/site-packages/airflow/example_dags/example_complex.py
[2024-12-17 10:52:36,947] {scheduler_job.py:643} INFO - DAG(s) dict_keys(['example_complex']) retrieved from /home/airflow/.local/lib/python3.6/site-packages/airflow/example_dags/example_complex.py
[2024-12-17 10:52:36,974] {logging_mixin.py:104} INFO - [2024-12-17 10:52:36,974] {dag.py:1833} INFO - Sync 1 DAGs
[2024-12-17 10:52:36,991] {logging_mixin.py:104} INFO - [2024-12-17 10:52:36,991] {dag.py:2306} INFO - Setting next_dagrun for example_complex to None
[2024-12-17 10:52:37,004] {scheduler_job.py:190} INFO - Processing /home/airflow/.local/lib/python3.6/site-packages/airflow/example_dags/example_complex.py took 0.080 seconds
[2024-12-17 10:53:07,896] {scheduler_job.py:182} INFO - Started process (PID=412) to work on /home/airflow/.local/lib/python3.6/site-packages/airflow/example_dags/example_complex.py
[2024-12-17 10:53:07,897] {scheduler_job.py:633} INFO - Processing file /home/airflow/.local/lib/python3.6/site-packages/airflow/example_dags/example_complex.py for tasks to queue
[2024-12-17 10:53:07,898] {logging_mixin.py:104} INFO - [2024-12-17 10:53:07,898] {dagbag.py:496} INFO - Filling up the DagBag from /home/airflow/.local/lib/python3.6/site-packages/airflow/example_dags/example_complex.py
[2024-12-17 10:53:07,918] {scheduler_job.py:643} INFO - DAG(s) dict_keys(['example_complex']) retrieved from /home/airflow/.local/lib/python3.6/site-packages/airflow/example_dags/example_complex.py
[2024-12-17 10:53:07,943] {logging_mixin.py:104} INFO - [2024-12-17 10:53:07,943] {dag.py:1833} INFO - Sync 1 DAGs
[2024-12-17 10:53:07,960] {logging_mixin.py:104} INFO - [2024-12-17 10:53:07,959] {dag.py:2306} INFO - Setting next_dagrun for example_complex to None
[2024-12-17 10:53:07,971] {scheduler_job.py:190} INFO - Processing /home/airflow/.local/lib/python3.6/site-packages/airflow/example_dags/example_complex.py took 0.079 seconds
[2024-12-17 10:53:38,679] {scheduler_job.py:182} INFO - Started process (PID=462) to work on /home/airflow/.local/lib/python3.6/site-packages/airflow/example_dags/example_complex.py
[2024-12-17 10:53:38,680] {scheduler_job.py:633} INFO - Processing file /home/airflow/.local/lib/python3.6/site-packages/airflow/example_dags/example_complex.py for tasks to queue
[2024-12-17 10:53:38,680] {logging_mixin.py:104} INFO - [2024-12-17 10:53:38,680] {dagbag.py:496} INFO - Filling up the DagBag from /home/airflow/.local/lib/python3.6/site-packages/airflow/example_dags/example_complex.py
[2024-12-17 10:53:38,700] {scheduler_job.py:643} INFO - DAG(s) dict_keys(['example_complex']) retrieved from /home/airflow/.local/lib/python3.6/site-packages/airflow/example_dags/example_complex.py
[2024-12-17 10:53:38,731] {logging_mixin.py:104} INFO - [2024-12-17 10:53:38,730] {dag.py:1833} INFO - Sync 1 DAGs
[2024-12-17 10:53:38,747] {logging_mixin.py:104} INFO - [2024-12-17 10:53:38,747] {dag.py:2306} INFO - Setting next_dagrun for example_complex to None
[2024-12-17 10:53:38,765] {scheduler_job.py:190} INFO - Processing /home/airflow/.local/lib/python3.6/site-packages/airflow/example_dags/example_complex.py took 0.090 seconds
[2024-12-17 10:54:09,532] {scheduler_job.py:182} INFO - Started process (PID=523) to work on /home/airflow/.local/lib/python3.6/site-packages/airflow/example_dags/example_complex.py
[2024-12-17 10:54:09,533] {scheduler_job.py:633} INFO - Processing file /home/airflow/.local/lib/python3.6/site-packages/airflow/example_dags/example_complex.py for tasks to queue
[2024-12-17 10:54:09,534] {logging_mixin.py:104} INFO - [2024-12-17 10:54:09,534] {dagbag.py:496} INFO - Filling up the DagBag from /home/airflow/.local/lib/python3.6/site-packages/airflow/example_dags/example_complex.py
[2024-12-17 10:54:09,568] {scheduler_job.py:643} INFO - DAG(s) dict_keys(['example_complex']) retrieved from /home/airflow/.local/lib/python3.6/site-packages/airflow/example_dags/example_complex.py
[2024-12-17 10:54:09,595] {logging_mixin.py:104} INFO - [2024-12-17 10:54:09,595] {dag.py:1833} INFO - Sync 1 DAGs
[2024-12-17 10:54:09,614] {logging_mixin.py:104} INFO - [2024-12-17 10:54:09,614] {dag.py:2306} INFO - Setting next_dagrun for example_complex to None
[2024-12-17 10:54:09,634] {scheduler_job.py:190} INFO - Processing /home/airflow/.local/lib/python3.6/site-packages/airflow/example_dags/example_complex.py took 0.105 seconds
[2024-12-17 10:54:40,797] {scheduler_job.py:182} INFO - Started process (PID=585) to work on /home/airflow/.local/lib/python3.6/site-packages/airflow/example_dags/example_complex.py
[2024-12-17 10:54:40,805] {scheduler_job.py:633} INFO - Processing file /home/airflow/.local/lib/python3.6/site-packages/airflow/example_dags/example_complex.py for tasks to queue
[2024-12-17 10:54:40,806] {logging_mixin.py:104} INFO - [2024-12-17 10:54:40,806] {dagbag.py:496} INFO - Filling up the DagBag from /home/airflow/.local/lib/python3.6/site-packages/airflow/example_dags/example_complex.py
[2024-12-17 10:54:40,825] {scheduler_job.py:643} INFO - DAG(s) dict_keys(['example_complex']) retrieved from /home/airflow/.local/lib/python3.6/site-packages/airflow/example_dags/example_complex.py
[2024-12-17 10:54:40,950] {logging_mixin.py:104} INFO - [2024-12-17 10:54:40,950] {dag.py:1833} INFO - Sync 1 DAGs
[2024-12-17 10:54:40,995] {logging_mixin.py:104} INFO - [2024-12-17 10:54:40,994] {dag.py:2306} INFO - Setting next_dagrun for example_complex to None
[2024-12-17 10:54:41,022] {scheduler_job.py:190} INFO - Processing /home/airflow/.local/lib/python3.6/site-packages/airflow/example_dags/example_complex.py took 0.248 seconds
[2024-12-17 10:55:11,539] {scheduler_job.py:182} INFO - Started process (PID=636) to work on /home/airflow/.local/lib/python3.6/site-packages/airflow/example_dags/example_complex.py
[2024-12-17 10:55:11,541] {scheduler_job.py:633} INFO - Processing file /home/airflow/.local/lib/python3.6/site-packages/airflow/example_dags/example_complex.py for tasks to queue
[2024-12-17 10:55:11,542] {logging_mixin.py:104} INFO - [2024-12-17 10:55:11,542] {dagbag.py:496} INFO - Filling up the DagBag from /home/airflow/.local/lib/python3.6/site-packages/airflow/example_dags/example_complex.py
[2024-12-17 10:55:11,563] {scheduler_job.py:643} INFO - DAG(s) dict_keys(['example_complex']) retrieved from /home/airflow/.local/lib/python3.6/site-packages/airflow/example_dags/example_complex.py
[2024-12-17 10:55:11,590] {logging_mixin.py:104} INFO - [2024-12-17 10:55:11,590] {dag.py:1833} INFO - Sync 1 DAGs
[2024-12-17 10:55:11,612] {logging_mixin.py:104} INFO - [2024-12-17 10:55:11,612] {dag.py:2306} INFO - Setting next_dagrun for example_complex to None
[2024-12-17 10:55:11,623] {scheduler_job.py:190} INFO - Processing /home/airflow/.local/lib/python3.6/site-packages/airflow/example_dags/example_complex.py took 0.089 seconds
[2024-12-17 10:55:42,487] {scheduler_job.py:182} INFO - Started process (PID=696) to work on /home/airflow/.local/lib/python3.6/site-packages/airflow/example_dags/example_complex.py
[2024-12-17 10:55:42,488] {scheduler_job.py:633} INFO - Processing file /home/airflow/.local/lib/python3.6/site-packages/airflow/example_dags/example_complex.py for tasks to queue
[2024-12-17 10:55:42,489] {logging_mixin.py:104} INFO - [2024-12-17 10:55:42,489] {dagbag.py:496} INFO - Filling up the DagBag from /home/airflow/.local/lib/python3.6/site-packages/airflow/example_dags/example_complex.py
[2024-12-17 10:55:42,509] {scheduler_job.py:643} INFO - DAG(s) dict_keys(['example_complex']) retrieved from /home/airflow/.local/lib/python3.6/site-packages/airflow/example_dags/example_complex.py
[2024-12-17 10:55:42,541] {logging_mixin.py:104} INFO - [2024-12-17 10:55:42,541] {dag.py:1833} INFO - Sync 1 DAGs
[2024-12-17 10:55:42,559] {logging_mixin.py:104} INFO - [2024-12-17 10:55:42,558] {dag.py:2306} INFO - Setting next_dagrun for example_complex to None
[2024-12-17 10:55:42,571] {scheduler_job.py:190} INFO - Processing /home/airflow/.local/lib/python3.6/site-packages/airflow/example_dags/example_complex.py took 0.098 seconds
[2024-12-17 10:56:13,173] {scheduler_job.py:182} INFO - Started process (PID=747) to work on /home/airflow/.local/lib/python3.6/site-packages/airflow/example_dags/example_complex.py
[2024-12-17 10:56:13,174] {scheduler_job.py:633} INFO - Processing file /home/airflow/.local/lib/python3.6/site-packages/airflow/example_dags/example_complex.py for tasks to queue
[2024-12-17 10:56:13,176] {logging_mixin.py:104} INFO - [2024-12-17 10:56:13,176] {dagbag.py:496} INFO - Filling up the DagBag from /home/airflow/.local/lib/python3.6/site-packages/airflow/example_dags/example_complex.py
[2024-12-17 10:56:13,199] {scheduler_job.py:643} INFO - DAG(s) dict_keys(['example_complex']) retrieved from /home/airflow/.local/lib/python3.6/site-packages/airflow/example_dags/example_complex.py
[2024-12-17 10:56:13,229] {logging_mixin.py:104} INFO - [2024-12-17 10:56:13,229] {dag.py:1833} INFO - Sync 1 DAGs
[2024-12-17 10:56:13,244] {logging_mixin.py:104} INFO - [2024-12-17 10:56:13,244] {dag.py:2306} INFO - Setting next_dagrun for example_complex to None
[2024-12-17 10:56:13,255] {scheduler_job.py:190} INFO - Processing /home/airflow/.local/lib/python3.6/site-packages/airflow/example_dags/example_complex.py took 0.085 seconds
[2024-12-17 10:56:43,828] {scheduler_job.py:182} INFO - Started process (PID=808) to work on /home/airflow/.local/lib/python3.6/site-packages/airflow/example_dags/example_complex.py
[2024-12-17 10:56:43,831] {scheduler_job.py:633} INFO - Processing file /home/airflow/.local/lib/python3.6/site-packages/airflow/example_dags/example_complex.py for tasks to queue
[2024-12-17 10:56:43,831] {logging_mixin.py:104} INFO - [2024-12-17 10:56:43,831] {dagbag.py:496} INFO - Filling up the DagBag from /home/airflow/.local/lib/python3.6/site-packages/airflow/example_dags/example_complex.py
[2024-12-17 10:56:43,914] {scheduler_job.py:643} INFO - DAG(s) dict_keys(['example_complex']) retrieved from /home/airflow/.local/lib/python3.6/site-packages/airflow/example_dags/example_complex.py
[2024-12-17 10:56:43,981] {logging_mixin.py:104} INFO - [2024-12-17 10:56:43,981] {dag.py:1833} INFO - Sync 1 DAGs
[2024-12-17 10:56:44,016] {logging_mixin.py:104} INFO - [2024-12-17 10:56:44,016] {dag.py:2306} INFO - Setting next_dagrun for example_complex to None
[2024-12-17 10:56:44,048] {scheduler_job.py:190} INFO - Processing /home/airflow/.local/lib/python3.6/site-packages/airflow/example_dags/example_complex.py took 0.245 seconds
[2024-12-17 10:57:14,724] {scheduler_job.py:182} INFO - Started process (PID=858) to work on /home/airflow/.local/lib/python3.6/site-packages/airflow/example_dags/example_complex.py
[2024-12-17 10:57:14,725] {scheduler_job.py:633} INFO - Processing file /home/airflow/.local/lib/python3.6/site-packages/airflow/example_dags/example_complex.py for tasks to queue
[2024-12-17 10:57:14,726] {logging_mixin.py:104} INFO - [2024-12-17 10:57:14,726] {dagbag.py:496} INFO - Filling up the DagBag from /home/airflow/.local/lib/python3.6/site-packages/airflow/example_dags/example_complex.py
[2024-12-17 10:57:14,747] {scheduler_job.py:643} INFO - DAG(s) dict_keys(['example_complex']) retrieved from /home/airflow/.local/lib/python3.6/site-packages/airflow/example_dags/example_complex.py
[2024-12-17 10:57:14,826] {logging_mixin.py:104} INFO - [2024-12-17 10:57:14,826] {dag.py:1833} INFO - Sync 1 DAGs
[2024-12-17 10:57:14,844] {logging_mixin.py:104} INFO - [2024-12-17 10:57:14,844] {dag.py:2306} INFO - Setting next_dagrun for example_complex to None
[2024-12-17 10:57:14,870] {scheduler_job.py:190} INFO - Processing /home/airflow/.local/lib/python3.6/site-packages/airflow/example_dags/example_complex.py took 0.152 seconds
[2024-12-17 10:57:45,524] {scheduler_job.py:182} INFO - Started process (PID=918) to work on /home/airflow/.local/lib/python3.6/site-packages/airflow/example_dags/example_complex.py
[2024-12-17 10:57:45,524] {scheduler_job.py:633} INFO - Processing file /home/airflow/.local/lib/python3.6/site-packages/airflow/example_dags/example_complex.py for tasks to queue
[2024-12-17 10:57:45,525] {logging_mixin.py:104} INFO - [2024-12-17 10:57:45,525] {dagbag.py:496} INFO - Filling up the DagBag from /home/airflow/.local/lib/python3.6/site-packages/airflow/example_dags/example_complex.py
[2024-12-17 10:57:45,576] {scheduler_job.py:643} INFO - DAG(s) dict_keys(['example_complex']) retrieved from /home/airflow/.local/lib/python3.6/site-packages/airflow/example_dags/example_complex.py
[2024-12-17 10:57:45,638] {logging_mixin.py:104} INFO - [2024-12-17 10:57:45,637] {dag.py:1833} INFO - Sync 1 DAGs
[2024-12-17 10:57:45,657] {logging_mixin.py:104} INFO - [2024-12-17 10:57:45,656] {dag.py:2306} INFO - Setting next_dagrun for example_complex to None
[2024-12-17 10:57:45,682] {scheduler_job.py:190} INFO - Processing /home/airflow/.local/lib/python3.6/site-packages/airflow/example_dags/example_complex.py took 0.162 seconds
[2024-12-17 10:58:16,249] {scheduler_job.py:182} INFO - Started process (PID=969) to work on /home/airflow/.local/lib/python3.6/site-packages/airflow/example_dags/example_complex.py
[2024-12-17 10:58:16,250] {scheduler_job.py:633} INFO - Processing file /home/airflow/.local/lib/python3.6/site-packages/airflow/example_dags/example_complex.py for tasks to queue
[2024-12-17 10:58:16,251] {logging_mixin.py:104} INFO - [2024-12-17 10:58:16,251] {dagbag.py:496} INFO - Filling up the DagBag from /home/airflow/.local/lib/python3.6/site-packages/airflow/example_dags/example_complex.py
[2024-12-17 10:58:16,268] {scheduler_job.py:643} INFO - DAG(s) dict_keys(['example_complex']) retrieved from /home/airflow/.local/lib/python3.6/site-packages/airflow/example_dags/example_complex.py
[2024-12-17 10:58:16,296] {logging_mixin.py:104} INFO - [2024-12-17 10:58:16,295] {dag.py:1833} INFO - Sync 1 DAGs
[2024-12-17 10:58:16,311] {logging_mixin.py:104} INFO - [2024-12-17 10:58:16,311] {dag.py:2306} INFO - Setting next_dagrun for example_complex to None
[2024-12-17 10:58:16,321] {scheduler_job.py:190} INFO - Processing /home/airflow/.local/lib/python3.6/site-packages/airflow/example_dags/example_complex.py took 0.075 seconds
[2024-12-17 10:58:47,197] {scheduler_job.py:182} INFO - Started process (PID=1029) to work on /home/airflow/.local/lib/python3.6/site-packages/airflow/example_dags/example_complex.py
[2024-12-17 10:58:47,198] {scheduler_job.py:633} INFO - Processing file /home/airflow/.local/lib/python3.6/site-packages/airflow/example_dags/example_complex.py for tasks to queue
[2024-12-17 10:58:47,199] {logging_mixin.py:104} INFO - [2024-12-17 10:58:47,199] {dagbag.py:496} INFO - Filling up the DagBag from /home/airflow/.local/lib/python3.6/site-packages/airflow/example_dags/example_complex.py
[2024-12-17 10:58:47,224] {scheduler_job.py:643} INFO - DAG(s) dict_keys(['example_complex']) retrieved from /home/airflow/.local/lib/python3.6/site-packages/airflow/example_dags/example_complex.py
[2024-12-17 10:58:47,340] {logging_mixin.py:104} INFO - [2024-12-17 10:58:47,340] {dag.py:1833} INFO - Sync 1 DAGs
[2024-12-17 10:58:47,361] {logging_mixin.py:104} INFO - [2024-12-17 10:58:47,360] {dag.py:2306} INFO - Setting next_dagrun for example_complex to None
[2024-12-17 10:58:47,383] {scheduler_job.py:190} INFO - Processing /home/airflow/.local/lib/python3.6/site-packages/airflow/example_dags/example_complex.py took 0.191 seconds
