[2024-12-17 10:50:45,595] {scheduler_job.py:182} INFO - Started process (PID=149) to work on /home/airflow/.local/lib/python3.6/site-packages/airflow/example_dags/example_xcom.py
[2024-12-17 10:50:45,597] {scheduler_job.py:633} INFO - Processing file /home/airflow/.local/lib/python3.6/site-packages/airflow/example_dags/example_xcom.py for tasks to queue
[2024-12-17 10:50:45,599] {logging_mixin.py:104} INFO - [2024-12-17 10:50:45,599] {dagbag.py:496} INFO - Filling up the DagBag from /home/airflow/.local/lib/python3.6/site-packages/airflow/example_dags/example_xcom.py
[2024-12-17 10:50:45,623] {scheduler_job.py:643} INFO - DAG(s) dict_keys(['example_xcom']) retrieved from /home/airflow/.local/lib/python3.6/site-packages/airflow/example_dags/example_xcom.py
[2024-12-17 10:50:49,011] {logging_mixin.py:104} INFO - [2024-12-17 10:50:49,009] {dag.py:1833} INFO - Sync 1 DAGs
[2024-12-17 10:50:49,043] {logging_mixin.py:104} INFO - [2024-12-17 10:50:49,042] {dag.py:1852} INFO - Creating ORM DAG for example_xcom
[2024-12-17 10:50:49,051] {logging_mixin.py:104} INFO - [2024-12-17 10:50:49,050] {dag.py:2306} INFO - Setting next_dagrun for example_xcom to 2024-12-15 00:00:00+00:00
[2024-12-17 10:50:49,094] {scheduler_job.py:190} INFO - Processing /home/airflow/.local/lib/python3.6/site-packages/airflow/example_dags/example_xcom.py took 3.505 seconds
[2024-12-17 10:51:19,793] {scheduler_job.py:182} INFO - Started process (PID=219) to work on /home/airflow/.local/lib/python3.6/site-packages/airflow/example_dags/example_xcom.py
[2024-12-17 10:51:19,794] {scheduler_job.py:633} INFO - Processing file /home/airflow/.local/lib/python3.6/site-packages/airflow/example_dags/example_xcom.py for tasks to queue
[2024-12-17 10:51:19,802] {logging_mixin.py:104} INFO - [2024-12-17 10:51:19,802] {dagbag.py:496} INFO - Filling up the DagBag from /home/airflow/.local/lib/python3.6/site-packages/airflow/example_dags/example_xcom.py
[2024-12-17 10:51:20,171] {scheduler_job.py:643} INFO - DAG(s) dict_keys(['example_xcom']) retrieved from /home/airflow/.local/lib/python3.6/site-packages/airflow/example_dags/example_xcom.py
[2024-12-17 10:51:20,350] {logging_mixin.py:104} INFO - [2024-12-17 10:51:20,349] {dag.py:1833} INFO - Sync 1 DAGs
[2024-12-17 10:51:20,708] {logging_mixin.py:104} INFO - [2024-12-17 10:51:20,708] {dag.py:2306} INFO - Setting next_dagrun for example_xcom to 2024-12-15 00:00:00+00:00
[2024-12-17 10:51:20,877] {scheduler_job.py:190} INFO - Processing /home/airflow/.local/lib/python3.6/site-packages/airflow/example_dags/example_xcom.py took 1.088 seconds
[2024-12-17 10:51:51,126] {scheduler_job.py:182} INFO - Started process (PID=273) to work on /home/airflow/.local/lib/python3.6/site-packages/airflow/example_dags/example_xcom.py
[2024-12-17 10:51:51,127] {scheduler_job.py:633} INFO - Processing file /home/airflow/.local/lib/python3.6/site-packages/airflow/example_dags/example_xcom.py for tasks to queue
[2024-12-17 10:51:51,127] {logging_mixin.py:104} INFO - [2024-12-17 10:51:51,127] {dagbag.py:496} INFO - Filling up the DagBag from /home/airflow/.local/lib/python3.6/site-packages/airflow/example_dags/example_xcom.py
[2024-12-17 10:51:51,141] {scheduler_job.py:643} INFO - DAG(s) dict_keys(['example_xcom']) retrieved from /home/airflow/.local/lib/python3.6/site-packages/airflow/example_dags/example_xcom.py
[2024-12-17 10:51:51,173] {logging_mixin.py:104} INFO - [2024-12-17 10:51:51,173] {dag.py:1833} INFO - Sync 1 DAGs
[2024-12-17 10:51:51,190] {logging_mixin.py:104} INFO - [2024-12-17 10:51:51,190] {dag.py:2306} INFO - Setting next_dagrun for example_xcom to 2024-12-15 00:00:00+00:00
[2024-12-17 10:51:51,206] {scheduler_job.py:190} INFO - Processing /home/airflow/.local/lib/python3.6/site-packages/airflow/example_dags/example_xcom.py took 0.085 seconds
[2024-12-17 10:52:21,240] {scheduler_job.py:182} INFO - Started process (PID=324) to work on /home/airflow/.local/lib/python3.6/site-packages/airflow/example_dags/example_xcom.py
[2024-12-17 10:52:21,242] {scheduler_job.py:633} INFO - Processing file /home/airflow/.local/lib/python3.6/site-packages/airflow/example_dags/example_xcom.py for tasks to queue
[2024-12-17 10:52:21,243] {logging_mixin.py:104} INFO - [2024-12-17 10:52:21,243] {dagbag.py:496} INFO - Filling up the DagBag from /home/airflow/.local/lib/python3.6/site-packages/airflow/example_dags/example_xcom.py
[2024-12-17 10:52:21,254] {scheduler_job.py:643} INFO - DAG(s) dict_keys(['example_xcom']) retrieved from /home/airflow/.local/lib/python3.6/site-packages/airflow/example_dags/example_xcom.py
[2024-12-17 10:52:21,285] {logging_mixin.py:104} INFO - [2024-12-17 10:52:21,285] {dag.py:1833} INFO - Sync 1 DAGs
[2024-12-17 10:52:21,302] {logging_mixin.py:104} INFO - [2024-12-17 10:52:21,302] {dag.py:2306} INFO - Setting next_dagrun for example_xcom to 2024-12-15 00:00:00+00:00
[2024-12-17 10:52:21,316] {scheduler_job.py:190} INFO - Processing /home/airflow/.local/lib/python3.6/site-packages/airflow/example_dags/example_xcom.py took 0.079 seconds
[2024-12-17 10:52:51,690] {scheduler_job.py:182} INFO - Started process (PID=385) to work on /home/airflow/.local/lib/python3.6/site-packages/airflow/example_dags/example_xcom.py
[2024-12-17 10:52:51,691] {scheduler_job.py:633} INFO - Processing file /home/airflow/.local/lib/python3.6/site-packages/airflow/example_dags/example_xcom.py for tasks to queue
[2024-12-17 10:52:51,691] {logging_mixin.py:104} INFO - [2024-12-17 10:52:51,691] {dagbag.py:496} INFO - Filling up the DagBag from /home/airflow/.local/lib/python3.6/site-packages/airflow/example_dags/example_xcom.py
[2024-12-17 10:52:51,715] {scheduler_job.py:643} INFO - DAG(s) dict_keys(['example_xcom']) retrieved from /home/airflow/.local/lib/python3.6/site-packages/airflow/example_dags/example_xcom.py
[2024-12-17 10:52:52,481] {logging_mixin.py:104} INFO - [2024-12-17 10:52:52,480] {dag.py:1833} INFO - Sync 1 DAGs
[2024-12-17 10:52:52,777] {logging_mixin.py:104} INFO - [2024-12-17 10:52:52,777] {dag.py:2306} INFO - Setting next_dagrun for example_xcom to 2024-12-15 00:00:00+00:00
[2024-12-17 10:52:52,794] {scheduler_job.py:190} INFO - Processing /home/airflow/.local/lib/python3.6/site-packages/airflow/example_dags/example_xcom.py took 1.120 seconds
[2024-12-17 10:53:23,504] {scheduler_job.py:182} INFO - Started process (PID=435) to work on /home/airflow/.local/lib/python3.6/site-packages/airflow/example_dags/example_xcom.py
[2024-12-17 10:53:23,504] {scheduler_job.py:633} INFO - Processing file /home/airflow/.local/lib/python3.6/site-packages/airflow/example_dags/example_xcom.py for tasks to queue
[2024-12-17 10:53:23,505] {logging_mixin.py:104} INFO - [2024-12-17 10:53:23,505] {dagbag.py:496} INFO - Filling up the DagBag from /home/airflow/.local/lib/python3.6/site-packages/airflow/example_dags/example_xcom.py
[2024-12-17 10:53:23,515] {scheduler_job.py:643} INFO - DAG(s) dict_keys(['example_xcom']) retrieved from /home/airflow/.local/lib/python3.6/site-packages/airflow/example_dags/example_xcom.py
[2024-12-17 10:53:23,542] {logging_mixin.py:104} INFO - [2024-12-17 10:53:23,542] {dag.py:1833} INFO - Sync 1 DAGs
[2024-12-17 10:53:23,557] {logging_mixin.py:104} INFO - [2024-12-17 10:53:23,556] {dag.py:2306} INFO - Setting next_dagrun for example_xcom to 2024-12-15 00:00:00+00:00
[2024-12-17 10:53:23,579] {scheduler_job.py:190} INFO - Processing /home/airflow/.local/lib/python3.6/site-packages/airflow/example_dags/example_xcom.py took 0.078 seconds
[2024-12-17 10:53:54,350] {scheduler_job.py:182} INFO - Started process (PID=496) to work on /home/airflow/.local/lib/python3.6/site-packages/airflow/example_dags/example_xcom.py
[2024-12-17 10:53:54,352] {scheduler_job.py:633} INFO - Processing file /home/airflow/.local/lib/python3.6/site-packages/airflow/example_dags/example_xcom.py for tasks to queue
[2024-12-17 10:53:54,353] {logging_mixin.py:104} INFO - [2024-12-17 10:53:54,353] {dagbag.py:496} INFO - Filling up the DagBag from /home/airflow/.local/lib/python3.6/site-packages/airflow/example_dags/example_xcom.py
[2024-12-17 10:53:54,369] {scheduler_job.py:643} INFO - DAG(s) dict_keys(['example_xcom']) retrieved from /home/airflow/.local/lib/python3.6/site-packages/airflow/example_dags/example_xcom.py
[2024-12-17 10:53:54,393] {logging_mixin.py:104} INFO - [2024-12-17 10:53:54,393] {dag.py:1833} INFO - Sync 1 DAGs
[2024-12-17 10:53:54,405] {logging_mixin.py:104} INFO - [2024-12-17 10:53:54,405] {dag.py:2306} INFO - Setting next_dagrun for example_xcom to 2024-12-15 00:00:00+00:00
[2024-12-17 10:53:54,418] {scheduler_job.py:190} INFO - Processing /home/airflow/.local/lib/python3.6/site-packages/airflow/example_dags/example_xcom.py took 0.077 seconds
[2024-12-17 10:54:24,677] {scheduler_job.py:182} INFO - Started process (PID=547) to work on /home/airflow/.local/lib/python3.6/site-packages/airflow/example_dags/example_xcom.py
[2024-12-17 10:54:24,678] {scheduler_job.py:633} INFO - Processing file /home/airflow/.local/lib/python3.6/site-packages/airflow/example_dags/example_xcom.py for tasks to queue
[2024-12-17 10:54:24,679] {logging_mixin.py:104} INFO - [2024-12-17 10:54:24,678] {dagbag.py:496} INFO - Filling up the DagBag from /home/airflow/.local/lib/python3.6/site-packages/airflow/example_dags/example_xcom.py
[2024-12-17 10:54:24,691] {scheduler_job.py:643} INFO - DAG(s) dict_keys(['example_xcom']) retrieved from /home/airflow/.local/lib/python3.6/site-packages/airflow/example_dags/example_xcom.py
[2024-12-17 10:54:24,716] {logging_mixin.py:104} INFO - [2024-12-17 10:54:24,716] {dag.py:1833} INFO - Sync 1 DAGs
[2024-12-17 10:54:24,743] {logging_mixin.py:104} INFO - [2024-12-17 10:54:24,743] {dag.py:2306} INFO - Setting next_dagrun for example_xcom to 2024-12-15 00:00:00+00:00
[2024-12-17 10:54:24,764] {scheduler_job.py:190} INFO - Processing /home/airflow/.local/lib/python3.6/site-packages/airflow/example_dags/example_xcom.py took 0.091 seconds
[2024-12-17 10:54:55,473] {scheduler_job.py:182} INFO - Started process (PID=609) to work on /home/airflow/.local/lib/python3.6/site-packages/airflow/example_dags/example_xcom.py
[2024-12-17 10:54:55,475] {scheduler_job.py:633} INFO - Processing file /home/airflow/.local/lib/python3.6/site-packages/airflow/example_dags/example_xcom.py for tasks to queue
[2024-12-17 10:54:55,475] {logging_mixin.py:104} INFO - [2024-12-17 10:54:55,475] {dagbag.py:496} INFO - Filling up the DagBag from /home/airflow/.local/lib/python3.6/site-packages/airflow/example_dags/example_xcom.py
[2024-12-17 10:54:55,489] {scheduler_job.py:643} INFO - DAG(s) dict_keys(['example_xcom']) retrieved from /home/airflow/.local/lib/python3.6/site-packages/airflow/example_dags/example_xcom.py
[2024-12-17 10:54:55,523] {logging_mixin.py:104} INFO - [2024-12-17 10:54:55,523] {dag.py:1833} INFO - Sync 1 DAGs
[2024-12-17 10:54:55,540] {logging_mixin.py:104} INFO - [2024-12-17 10:54:55,540] {dag.py:2306} INFO - Setting next_dagrun for example_xcom to 2024-12-15 00:00:00+00:00
[2024-12-17 10:54:55,556] {scheduler_job.py:190} INFO - Processing /home/airflow/.local/lib/python3.6/site-packages/airflow/example_dags/example_xcom.py took 0.086 seconds
[2024-12-17 10:55:25,724] {scheduler_job.py:182} INFO - Started process (PID=660) to work on /home/airflow/.local/lib/python3.6/site-packages/airflow/example_dags/example_xcom.py
[2024-12-17 10:55:25,725] {scheduler_job.py:633} INFO - Processing file /home/airflow/.local/lib/python3.6/site-packages/airflow/example_dags/example_xcom.py for tasks to queue
[2024-12-17 10:55:25,725] {logging_mixin.py:104} INFO - [2024-12-17 10:55:25,725] {dagbag.py:496} INFO - Filling up the DagBag from /home/airflow/.local/lib/python3.6/site-packages/airflow/example_dags/example_xcom.py
[2024-12-17 10:55:25,739] {scheduler_job.py:643} INFO - DAG(s) dict_keys(['example_xcom']) retrieved from /home/airflow/.local/lib/python3.6/site-packages/airflow/example_dags/example_xcom.py
[2024-12-17 10:55:25,759] {logging_mixin.py:104} INFO - [2024-12-17 10:55:25,759] {dag.py:1833} INFO - Sync 1 DAGs
[2024-12-17 10:55:25,780] {logging_mixin.py:104} INFO - [2024-12-17 10:55:25,779] {dag.py:2306} INFO - Setting next_dagrun for example_xcom to 2024-12-15 00:00:00+00:00
[2024-12-17 10:55:25,799] {scheduler_job.py:190} INFO - Processing /home/airflow/.local/lib/python3.6/site-packages/airflow/example_dags/example_xcom.py took 0.080 seconds
[2024-12-17 10:55:56,461] {scheduler_job.py:182} INFO - Started process (PID=721) to work on /home/airflow/.local/lib/python3.6/site-packages/airflow/example_dags/example_xcom.py
[2024-12-17 10:55:56,462] {scheduler_job.py:633} INFO - Processing file /home/airflow/.local/lib/python3.6/site-packages/airflow/example_dags/example_xcom.py for tasks to queue
[2024-12-17 10:55:56,462] {logging_mixin.py:104} INFO - [2024-12-17 10:55:56,462] {dagbag.py:496} INFO - Filling up the DagBag from /home/airflow/.local/lib/python3.6/site-packages/airflow/example_dags/example_xcom.py
[2024-12-17 10:55:56,474] {scheduler_job.py:643} INFO - DAG(s) dict_keys(['example_xcom']) retrieved from /home/airflow/.local/lib/python3.6/site-packages/airflow/example_dags/example_xcom.py
[2024-12-17 10:55:56,504] {logging_mixin.py:104} INFO - [2024-12-17 10:55:56,504] {dag.py:1833} INFO - Sync 1 DAGs
[2024-12-17 10:55:56,525] {logging_mixin.py:104} INFO - [2024-12-17 10:55:56,525] {dag.py:2306} INFO - Setting next_dagrun for example_xcom to 2024-12-15 00:00:00+00:00
[2024-12-17 10:55:56,540] {scheduler_job.py:190} INFO - Processing /home/airflow/.local/lib/python3.6/site-packages/airflow/example_dags/example_xcom.py took 0.083 seconds
[2024-12-17 10:56:26,559] {scheduler_job.py:182} INFO - Started process (PID=772) to work on /home/airflow/.local/lib/python3.6/site-packages/airflow/example_dags/example_xcom.py
[2024-12-17 10:56:26,560] {scheduler_job.py:633} INFO - Processing file /home/airflow/.local/lib/python3.6/site-packages/airflow/example_dags/example_xcom.py for tasks to queue
[2024-12-17 10:56:26,561] {logging_mixin.py:104} INFO - [2024-12-17 10:56:26,561] {dagbag.py:496} INFO - Filling up the DagBag from /home/airflow/.local/lib/python3.6/site-packages/airflow/example_dags/example_xcom.py
[2024-12-17 10:56:26,572] {scheduler_job.py:643} INFO - DAG(s) dict_keys(['example_xcom']) retrieved from /home/airflow/.local/lib/python3.6/site-packages/airflow/example_dags/example_xcom.py
[2024-12-17 10:56:26,604] {logging_mixin.py:104} INFO - [2024-12-17 10:56:26,604] {dag.py:1833} INFO - Sync 1 DAGs
[2024-12-17 10:56:26,622] {logging_mixin.py:104} INFO - [2024-12-17 10:56:26,622] {dag.py:2306} INFO - Setting next_dagrun for example_xcom to 2024-12-15 00:00:00+00:00
[2024-12-17 10:56:26,652] {scheduler_job.py:190} INFO - Processing /home/airflow/.local/lib/python3.6/site-packages/airflow/example_dags/example_xcom.py took 0.096 seconds
[2024-12-17 10:56:57,104] {scheduler_job.py:182} INFO - Started process (PID=831) to work on /home/airflow/.local/lib/python3.6/site-packages/airflow/example_dags/example_xcom.py
[2024-12-17 10:56:57,105] {scheduler_job.py:633} INFO - Processing file /home/airflow/.local/lib/python3.6/site-packages/airflow/example_dags/example_xcom.py for tasks to queue
[2024-12-17 10:56:57,106] {logging_mixin.py:104} INFO - [2024-12-17 10:56:57,106] {dagbag.py:496} INFO - Filling up the DagBag from /home/airflow/.local/lib/python3.6/site-packages/airflow/example_dags/example_xcom.py
[2024-12-17 10:56:57,121] {scheduler_job.py:643} INFO - DAG(s) dict_keys(['example_xcom']) retrieved from /home/airflow/.local/lib/python3.6/site-packages/airflow/example_dags/example_xcom.py
[2024-12-17 10:56:57,146] {logging_mixin.py:104} INFO - [2024-12-17 10:56:57,145] {dag.py:1833} INFO - Sync 1 DAGs
[2024-12-17 10:56:57,162] {logging_mixin.py:104} INFO - [2024-12-17 10:56:57,162] {dag.py:2306} INFO - Setting next_dagrun for example_xcom to 2024-12-15 00:00:00+00:00
[2024-12-17 10:56:57,185] {scheduler_job.py:190} INFO - Processing /home/airflow/.local/lib/python3.6/site-packages/airflow/example_dags/example_xcom.py took 0.085 seconds
[2024-12-17 10:57:27,389] {scheduler_job.py:182} INFO - Started process (PID=882) to work on /home/airflow/.local/lib/python3.6/site-packages/airflow/example_dags/example_xcom.py
[2024-12-17 10:57:27,390] {scheduler_job.py:633} INFO - Processing file /home/airflow/.local/lib/python3.6/site-packages/airflow/example_dags/example_xcom.py for tasks to queue
[2024-12-17 10:57:27,391] {logging_mixin.py:104} INFO - [2024-12-17 10:57:27,391] {dagbag.py:496} INFO - Filling up the DagBag from /home/airflow/.local/lib/python3.6/site-packages/airflow/example_dags/example_xcom.py
[2024-12-17 10:57:27,405] {scheduler_job.py:643} INFO - DAG(s) dict_keys(['example_xcom']) retrieved from /home/airflow/.local/lib/python3.6/site-packages/airflow/example_dags/example_xcom.py
[2024-12-17 10:57:27,437] {logging_mixin.py:104} INFO - [2024-12-17 10:57:27,437] {dag.py:1833} INFO - Sync 1 DAGs
[2024-12-17 10:57:27,454] {logging_mixin.py:104} INFO - [2024-12-17 10:57:27,454] {dag.py:2306} INFO - Setting next_dagrun for example_xcom to 2024-12-15 00:00:00+00:00
[2024-12-17 10:57:27,469] {scheduler_job.py:190} INFO - Processing /home/airflow/.local/lib/python3.6/site-packages/airflow/example_dags/example_xcom.py took 0.085 seconds
[2024-12-17 10:57:58,397] {scheduler_job.py:182} INFO - Started process (PID=942) to work on /home/airflow/.local/lib/python3.6/site-packages/airflow/example_dags/example_xcom.py
[2024-12-17 10:57:58,398] {scheduler_job.py:633} INFO - Processing file /home/airflow/.local/lib/python3.6/site-packages/airflow/example_dags/example_xcom.py for tasks to queue
[2024-12-17 10:57:58,399] {logging_mixin.py:104} INFO - [2024-12-17 10:57:58,399] {dagbag.py:496} INFO - Filling up the DagBag from /home/airflow/.local/lib/python3.6/site-packages/airflow/example_dags/example_xcom.py
[2024-12-17 10:57:58,410] {scheduler_job.py:643} INFO - DAG(s) dict_keys(['example_xcom']) retrieved from /home/airflow/.local/lib/python3.6/site-packages/airflow/example_dags/example_xcom.py
[2024-12-17 10:57:58,438] {logging_mixin.py:104} INFO - [2024-12-17 10:57:58,438] {dag.py:1833} INFO - Sync 1 DAGs
[2024-12-17 10:57:58,452] {logging_mixin.py:104} INFO - [2024-12-17 10:57:58,452] {dag.py:2306} INFO - Setting next_dagrun for example_xcom to 2024-12-15 00:00:00+00:00
[2024-12-17 10:57:58,467] {scheduler_job.py:190} INFO - Processing /home/airflow/.local/lib/python3.6/site-packages/airflow/example_dags/example_xcom.py took 0.075 seconds
[2024-12-17 10:58:29,294] {scheduler_job.py:182} INFO - Started process (PID=992) to work on /home/airflow/.local/lib/python3.6/site-packages/airflow/example_dags/example_xcom.py
[2024-12-17 10:58:29,295] {scheduler_job.py:633} INFO - Processing file /home/airflow/.local/lib/python3.6/site-packages/airflow/example_dags/example_xcom.py for tasks to queue
[2024-12-17 10:58:29,296] {logging_mixin.py:104} INFO - [2024-12-17 10:58:29,296] {dagbag.py:496} INFO - Filling up the DagBag from /home/airflow/.local/lib/python3.6/site-packages/airflow/example_dags/example_xcom.py
[2024-12-17 10:58:29,309] {scheduler_job.py:643} INFO - DAG(s) dict_keys(['example_xcom']) retrieved from /home/airflow/.local/lib/python3.6/site-packages/airflow/example_dags/example_xcom.py
[2024-12-17 10:58:29,334] {logging_mixin.py:104} INFO - [2024-12-17 10:58:29,334] {dag.py:1833} INFO - Sync 1 DAGs
[2024-12-17 10:58:29,351] {logging_mixin.py:104} INFO - [2024-12-17 10:58:29,351] {dag.py:2306} INFO - Setting next_dagrun for example_xcom to 2024-12-15 00:00:00+00:00
[2024-12-17 10:58:29,370] {scheduler_job.py:190} INFO - Processing /home/airflow/.local/lib/python3.6/site-packages/airflow/example_dags/example_xcom.py took 0.079 seconds
