[2024-12-17 10:50:36,198] {scheduler_job.py:182} INFO - Started process (PID=127) to work on /home/airflow/.local/lib/python3.6/site-packages/airflow/example_dags/example_branch_datetime_operator.py
[2024-12-17 10:50:36,199] {scheduler_job.py:633} INFO - Processing file /home/airflow/.local/lib/python3.6/site-packages/airflow/example_dags/example_branch_datetime_operator.py for tasks to queue
[2024-12-17 10:50:36,200] {logging_mixin.py:104} INFO - [2024-12-17 10:50:36,200] {dagbag.py:496} INFO - Filling up the DagBag from /home/airflow/.local/lib/python3.6/site-packages/airflow/example_dags/example_branch_datetime_operator.py
[2024-12-17 10:50:36,262] {scheduler_job.py:643} INFO - DAG(s) dict_keys(['example_branch_datetime_operator_2']) retrieved from /home/airflow/.local/lib/python3.6/site-packages/airflow/example_dags/example_branch_datetime_operator.py
[2024-12-17 10:50:42,256] {logging_mixin.py:104} INFO - [2024-12-17 10:50:42,255] {dag.py:1833} INFO - Sync 1 DAGs
[2024-12-17 10:50:42,267] {logging_mixin.py:104} INFO - [2024-12-17 10:50:42,266] {dag.py:1852} INFO - Creating ORM DAG for example_branch_datetime_operator_2
[2024-12-17 10:50:42,274] {logging_mixin.py:104} INFO - [2024-12-17 10:50:42,274] {dag.py:2306} INFO - Setting next_dagrun for example_branch_datetime_operator_2 to 2024-12-15 00:00:00+00:00
[2024-12-17 10:50:42,293] {scheduler_job.py:190} INFO - Processing /home/airflow/.local/lib/python3.6/site-packages/airflow/example_dags/example_branch_datetime_operator.py took 6.122 seconds
[2024-12-17 10:51:12,472] {scheduler_job.py:182} INFO - Started process (PID=210) to work on /home/airflow/.local/lib/python3.6/site-packages/airflow/example_dags/example_branch_datetime_operator.py
[2024-12-17 10:51:12,473] {scheduler_job.py:633} INFO - Processing file /home/airflow/.local/lib/python3.6/site-packages/airflow/example_dags/example_branch_datetime_operator.py for tasks to queue
[2024-12-17 10:51:12,474] {logging_mixin.py:104} INFO - [2024-12-17 10:51:12,474] {dagbag.py:496} INFO - Filling up the DagBag from /home/airflow/.local/lib/python3.6/site-packages/airflow/example_dags/example_branch_datetime_operator.py
[2024-12-17 10:51:12,491] {scheduler_job.py:643} INFO - DAG(s) dict_keys(['example_branch_datetime_operator_2']) retrieved from /home/airflow/.local/lib/python3.6/site-packages/airflow/example_dags/example_branch_datetime_operator.py
[2024-12-17 10:51:12,538] {logging_mixin.py:104} INFO - [2024-12-17 10:51:12,538] {dag.py:1833} INFO - Sync 1 DAGs
[2024-12-17 10:51:12,577] {logging_mixin.py:104} INFO - [2024-12-17 10:51:12,577] {dag.py:2306} INFO - Setting next_dagrun for example_branch_datetime_operator_2 to 2024-12-15 00:00:00+00:00
[2024-12-17 10:51:12,610] {scheduler_job.py:190} INFO - Processing /home/airflow/.local/lib/python3.6/site-packages/airflow/example_dags/example_branch_datetime_operator.py took 0.144 seconds
[2024-12-17 10:51:43,193] {scheduler_job.py:182} INFO - Started process (PID=260) to work on /home/airflow/.local/lib/python3.6/site-packages/airflow/example_dags/example_branch_datetime_operator.py
[2024-12-17 10:51:43,194] {scheduler_job.py:633} INFO - Processing file /home/airflow/.local/lib/python3.6/site-packages/airflow/example_dags/example_branch_datetime_operator.py for tasks to queue
[2024-12-17 10:51:43,195] {logging_mixin.py:104} INFO - [2024-12-17 10:51:43,195] {dagbag.py:496} INFO - Filling up the DagBag from /home/airflow/.local/lib/python3.6/site-packages/airflow/example_dags/example_branch_datetime_operator.py
[2024-12-17 10:51:43,206] {scheduler_job.py:643} INFO - DAG(s) dict_keys(['example_branch_datetime_operator_2']) retrieved from /home/airflow/.local/lib/python3.6/site-packages/airflow/example_dags/example_branch_datetime_operator.py
[2024-12-17 10:51:43,230] {logging_mixin.py:104} INFO - [2024-12-17 10:51:43,230] {dag.py:1833} INFO - Sync 1 DAGs
[2024-12-17 10:51:43,247] {logging_mixin.py:104} INFO - [2024-12-17 10:51:43,247] {dag.py:2306} INFO - Setting next_dagrun for example_branch_datetime_operator_2 to 2024-12-15 00:00:00+00:00
[2024-12-17 10:51:43,257] {scheduler_job.py:190} INFO - Processing /home/airflow/.local/lib/python3.6/site-packages/airflow/example_dags/example_branch_datetime_operator.py took 0.069 seconds
[2024-12-17 10:52:14,199] {scheduler_job.py:182} INFO - Started process (PID=320) to work on /home/airflow/.local/lib/python3.6/site-packages/airflow/example_dags/example_branch_datetime_operator.py
[2024-12-17 10:52:14,215] {scheduler_job.py:633} INFO - Processing file /home/airflow/.local/lib/python3.6/site-packages/airflow/example_dags/example_branch_datetime_operator.py for tasks to queue
[2024-12-17 10:52:14,216] {logging_mixin.py:104} INFO - [2024-12-17 10:52:14,216] {dagbag.py:496} INFO - Filling up the DagBag from /home/airflow/.local/lib/python3.6/site-packages/airflow/example_dags/example_branch_datetime_operator.py
[2024-12-17 10:52:14,247] {scheduler_job.py:643} INFO - DAG(s) dict_keys(['example_branch_datetime_operator_2']) retrieved from /home/airflow/.local/lib/python3.6/site-packages/airflow/example_dags/example_branch_datetime_operator.py
[2024-12-17 10:52:14,336] {logging_mixin.py:104} INFO - [2024-12-17 10:52:14,336] {dag.py:1833} INFO - Sync 1 DAGs
[2024-12-17 10:52:14,402] {logging_mixin.py:104} INFO - [2024-12-17 10:52:14,402] {dag.py:2306} INFO - Setting next_dagrun for example_branch_datetime_operator_2 to 2024-12-15 00:00:00+00:00
[2024-12-17 10:52:14,927] {scheduler_job.py:190} INFO - Processing /home/airflow/.local/lib/python3.6/site-packages/airflow/example_dags/example_branch_datetime_operator.py took 0.731 seconds
[2024-12-17 10:52:45,543] {scheduler_job.py:182} INFO - Started process (PID=371) to work on /home/airflow/.local/lib/python3.6/site-packages/airflow/example_dags/example_branch_datetime_operator.py
[2024-12-17 10:52:45,544] {scheduler_job.py:633} INFO - Processing file /home/airflow/.local/lib/python3.6/site-packages/airflow/example_dags/example_branch_datetime_operator.py for tasks to queue
[2024-12-17 10:52:45,545] {logging_mixin.py:104} INFO - [2024-12-17 10:52:45,544] {dagbag.py:496} INFO - Filling up the DagBag from /home/airflow/.local/lib/python3.6/site-packages/airflow/example_dags/example_branch_datetime_operator.py
[2024-12-17 10:52:45,569] {scheduler_job.py:643} INFO - DAG(s) dict_keys(['example_branch_datetime_operator_2']) retrieved from /home/airflow/.local/lib/python3.6/site-packages/airflow/example_dags/example_branch_datetime_operator.py
[2024-12-17 10:52:45,596] {logging_mixin.py:104} INFO - [2024-12-17 10:52:45,596] {dag.py:1833} INFO - Sync 1 DAGs
[2024-12-17 10:52:45,625] {logging_mixin.py:104} INFO - [2024-12-17 10:52:45,623] {dag.py:2306} INFO - Setting next_dagrun for example_branch_datetime_operator_2 to 2024-12-15 00:00:00+00:00
[2024-12-17 10:52:45,647] {scheduler_job.py:190} INFO - Processing /home/airflow/.local/lib/python3.6/site-packages/airflow/example_dags/example_branch_datetime_operator.py took 0.111 seconds
[2024-12-17 10:53:15,801] {scheduler_job.py:182} INFO - Started process (PID=430) to work on /home/airflow/.local/lib/python3.6/site-packages/airflow/example_dags/example_branch_datetime_operator.py
[2024-12-17 10:53:15,802] {scheduler_job.py:633} INFO - Processing file /home/airflow/.local/lib/python3.6/site-packages/airflow/example_dags/example_branch_datetime_operator.py for tasks to queue
[2024-12-17 10:53:15,803] {logging_mixin.py:104} INFO - [2024-12-17 10:53:15,803] {dagbag.py:496} INFO - Filling up the DagBag from /home/airflow/.local/lib/python3.6/site-packages/airflow/example_dags/example_branch_datetime_operator.py
[2024-12-17 10:53:15,819] {scheduler_job.py:643} INFO - DAG(s) dict_keys(['example_branch_datetime_operator_2']) retrieved from /home/airflow/.local/lib/python3.6/site-packages/airflow/example_dags/example_branch_datetime_operator.py
[2024-12-17 10:53:15,841] {logging_mixin.py:104} INFO - [2024-12-17 10:53:15,841] {dag.py:1833} INFO - Sync 1 DAGs
[2024-12-17 10:53:15,860] {logging_mixin.py:104} INFO - [2024-12-17 10:53:15,860] {dag.py:2306} INFO - Setting next_dagrun for example_branch_datetime_operator_2 to 2024-12-15 00:00:00+00:00
[2024-12-17 10:53:15,884] {scheduler_job.py:190} INFO - Processing /home/airflow/.local/lib/python3.6/site-packages/airflow/example_dags/example_branch_datetime_operator.py took 0.087 seconds
[2024-12-17 10:53:46,024] {scheduler_job.py:182} INFO - Started process (PID=482) to work on /home/airflow/.local/lib/python3.6/site-packages/airflow/example_dags/example_branch_datetime_operator.py
[2024-12-17 10:53:46,024] {scheduler_job.py:633} INFO - Processing file /home/airflow/.local/lib/python3.6/site-packages/airflow/example_dags/example_branch_datetime_operator.py for tasks to queue
[2024-12-17 10:53:46,025] {logging_mixin.py:104} INFO - [2024-12-17 10:53:46,025] {dagbag.py:496} INFO - Filling up the DagBag from /home/airflow/.local/lib/python3.6/site-packages/airflow/example_dags/example_branch_datetime_operator.py
[2024-12-17 10:53:46,036] {scheduler_job.py:643} INFO - DAG(s) dict_keys(['example_branch_datetime_operator_2']) retrieved from /home/airflow/.local/lib/python3.6/site-packages/airflow/example_dags/example_branch_datetime_operator.py
[2024-12-17 10:53:46,065] {logging_mixin.py:104} INFO - [2024-12-17 10:53:46,065] {dag.py:1833} INFO - Sync 1 DAGs
[2024-12-17 10:53:46,081] {logging_mixin.py:104} INFO - [2024-12-17 10:53:46,081] {dag.py:2306} INFO - Setting next_dagrun for example_branch_datetime_operator_2 to 2024-12-15 00:00:00+00:00
[2024-12-17 10:53:46,101] {scheduler_job.py:190} INFO - Processing /home/airflow/.local/lib/python3.6/site-packages/airflow/example_dags/example_branch_datetime_operator.py took 0.080 seconds
[2024-12-17 10:54:16,407] {scheduler_job.py:182} INFO - Started process (PID=543) to work on /home/airflow/.local/lib/python3.6/site-packages/airflow/example_dags/example_branch_datetime_operator.py
[2024-12-17 10:54:16,408] {scheduler_job.py:633} INFO - Processing file /home/airflow/.local/lib/python3.6/site-packages/airflow/example_dags/example_branch_datetime_operator.py for tasks to queue
[2024-12-17 10:54:16,408] {logging_mixin.py:104} INFO - [2024-12-17 10:54:16,408] {dagbag.py:496} INFO - Filling up the DagBag from /home/airflow/.local/lib/python3.6/site-packages/airflow/example_dags/example_branch_datetime_operator.py
[2024-12-17 10:54:16,420] {scheduler_job.py:643} INFO - DAG(s) dict_keys(['example_branch_datetime_operator_2']) retrieved from /home/airflow/.local/lib/python3.6/site-packages/airflow/example_dags/example_branch_datetime_operator.py
[2024-12-17 10:54:16,442] {logging_mixin.py:104} INFO - [2024-12-17 10:54:16,442] {dag.py:1833} INFO - Sync 1 DAGs
[2024-12-17 10:54:16,462] {logging_mixin.py:104} INFO - [2024-12-17 10:54:16,462] {dag.py:2306} INFO - Setting next_dagrun for example_branch_datetime_operator_2 to 2024-12-15 00:00:00+00:00
[2024-12-17 10:54:16,473] {scheduler_job.py:190} INFO - Processing /home/airflow/.local/lib/python3.6/site-packages/airflow/example_dags/example_branch_datetime_operator.py took 0.071 seconds
[2024-12-17 10:54:47,389] {scheduler_job.py:182} INFO - Started process (PID=595) to work on /home/airflow/.local/lib/python3.6/site-packages/airflow/example_dags/example_branch_datetime_operator.py
[2024-12-17 10:54:47,390] {scheduler_job.py:633} INFO - Processing file /home/airflow/.local/lib/python3.6/site-packages/airflow/example_dags/example_branch_datetime_operator.py for tasks to queue
[2024-12-17 10:54:47,390] {logging_mixin.py:104} INFO - [2024-12-17 10:54:47,390] {dagbag.py:496} INFO - Filling up the DagBag from /home/airflow/.local/lib/python3.6/site-packages/airflow/example_dags/example_branch_datetime_operator.py
[2024-12-17 10:54:47,410] {scheduler_job.py:643} INFO - DAG(s) dict_keys(['example_branch_datetime_operator_2']) retrieved from /home/airflow/.local/lib/python3.6/site-packages/airflow/example_dags/example_branch_datetime_operator.py
[2024-12-17 10:54:47,473] {logging_mixin.py:104} INFO - [2024-12-17 10:54:47,473] {dag.py:1833} INFO - Sync 1 DAGs
[2024-12-17 10:54:47,490] {logging_mixin.py:104} INFO - [2024-12-17 10:54:47,490] {dag.py:2306} INFO - Setting next_dagrun for example_branch_datetime_operator_2 to 2024-12-15 00:00:00+00:00
[2024-12-17 10:54:47,513] {scheduler_job.py:190} INFO - Processing /home/airflow/.local/lib/python3.6/site-packages/airflow/example_dags/example_branch_datetime_operator.py took 0.141 seconds
[2024-12-17 10:55:18,128] {scheduler_job.py:182} INFO - Started process (PID=656) to work on /home/airflow/.local/lib/python3.6/site-packages/airflow/example_dags/example_branch_datetime_operator.py
[2024-12-17 10:55:18,130] {scheduler_job.py:633} INFO - Processing file /home/airflow/.local/lib/python3.6/site-packages/airflow/example_dags/example_branch_datetime_operator.py for tasks to queue
[2024-12-17 10:55:18,130] {logging_mixin.py:104} INFO - [2024-12-17 10:55:18,130] {dagbag.py:496} INFO - Filling up the DagBag from /home/airflow/.local/lib/python3.6/site-packages/airflow/example_dags/example_branch_datetime_operator.py
[2024-12-17 10:55:18,142] {scheduler_job.py:643} INFO - DAG(s) dict_keys(['example_branch_datetime_operator_2']) retrieved from /home/airflow/.local/lib/python3.6/site-packages/airflow/example_dags/example_branch_datetime_operator.py
[2024-12-17 10:55:18,170] {logging_mixin.py:104} INFO - [2024-12-17 10:55:18,170] {dag.py:1833} INFO - Sync 1 DAGs
[2024-12-17 10:55:18,189] {logging_mixin.py:104} INFO - [2024-12-17 10:55:18,189] {dag.py:2306} INFO - Setting next_dagrun for example_branch_datetime_operator_2 to 2024-12-15 00:00:00+00:00
[2024-12-17 10:55:18,220] {scheduler_job.py:190} INFO - Processing /home/airflow/.local/lib/python3.6/site-packages/airflow/example_dags/example_branch_datetime_operator.py took 0.095 seconds
[2024-12-17 10:55:48,377] {scheduler_job.py:182} INFO - Started process (PID=706) to work on /home/airflow/.local/lib/python3.6/site-packages/airflow/example_dags/example_branch_datetime_operator.py
[2024-12-17 10:55:48,378] {scheduler_job.py:633} INFO - Processing file /home/airflow/.local/lib/python3.6/site-packages/airflow/example_dags/example_branch_datetime_operator.py for tasks to queue
[2024-12-17 10:55:48,379] {logging_mixin.py:104} INFO - [2024-12-17 10:55:48,379] {dagbag.py:496} INFO - Filling up the DagBag from /home/airflow/.local/lib/python3.6/site-packages/airflow/example_dags/example_branch_datetime_operator.py
[2024-12-17 10:55:48,396] {scheduler_job.py:643} INFO - DAG(s) dict_keys(['example_branch_datetime_operator_2']) retrieved from /home/airflow/.local/lib/python3.6/site-packages/airflow/example_dags/example_branch_datetime_operator.py
[2024-12-17 10:55:48,427] {logging_mixin.py:104} INFO - [2024-12-17 10:55:48,427] {dag.py:1833} INFO - Sync 1 DAGs
[2024-12-17 10:55:48,448] {logging_mixin.py:104} INFO - [2024-12-17 10:55:48,448] {dag.py:2306} INFO - Setting next_dagrun for example_branch_datetime_operator_2 to 2024-12-15 00:00:00+00:00
[2024-12-17 10:55:48,466] {scheduler_job.py:190} INFO - Processing /home/airflow/.local/lib/python3.6/site-packages/airflow/example_dags/example_branch_datetime_operator.py took 0.092 seconds
[2024-12-17 10:56:19,150] {scheduler_job.py:182} INFO - Started process (PID=768) to work on /home/airflow/.local/lib/python3.6/site-packages/airflow/example_dags/example_branch_datetime_operator.py
[2024-12-17 10:56:19,151] {scheduler_job.py:633} INFO - Processing file /home/airflow/.local/lib/python3.6/site-packages/airflow/example_dags/example_branch_datetime_operator.py for tasks to queue
[2024-12-17 10:56:19,152] {logging_mixin.py:104} INFO - [2024-12-17 10:56:19,151] {dagbag.py:496} INFO - Filling up the DagBag from /home/airflow/.local/lib/python3.6/site-packages/airflow/example_dags/example_branch_datetime_operator.py
[2024-12-17 10:56:19,165] {scheduler_job.py:643} INFO - DAG(s) dict_keys(['example_branch_datetime_operator_2']) retrieved from /home/airflow/.local/lib/python3.6/site-packages/airflow/example_dags/example_branch_datetime_operator.py
[2024-12-17 10:56:19,190] {logging_mixin.py:104} INFO - [2024-12-17 10:56:19,190] {dag.py:1833} INFO - Sync 1 DAGs
[2024-12-17 10:56:19,211] {logging_mixin.py:104} INFO - [2024-12-17 10:56:19,211] {dag.py:2306} INFO - Setting next_dagrun for example_branch_datetime_operator_2 to 2024-12-15 00:00:00+00:00
[2024-12-17 10:56:19,242] {scheduler_job.py:190} INFO - Processing /home/airflow/.local/lib/python3.6/site-packages/airflow/example_dags/example_branch_datetime_operator.py took 0.095 seconds
[2024-12-17 10:56:49,434] {scheduler_job.py:182} INFO - Started process (PID=818) to work on /home/airflow/.local/lib/python3.6/site-packages/airflow/example_dags/example_branch_datetime_operator.py
[2024-12-17 10:56:49,436] {scheduler_job.py:633} INFO - Processing file /home/airflow/.local/lib/python3.6/site-packages/airflow/example_dags/example_branch_datetime_operator.py for tasks to queue
[2024-12-17 10:56:49,437] {logging_mixin.py:104} INFO - [2024-12-17 10:56:49,437] {dagbag.py:496} INFO - Filling up the DagBag from /home/airflow/.local/lib/python3.6/site-packages/airflow/example_dags/example_branch_datetime_operator.py
[2024-12-17 10:56:49,454] {scheduler_job.py:643} INFO - DAG(s) dict_keys(['example_branch_datetime_operator_2']) retrieved from /home/airflow/.local/lib/python3.6/site-packages/airflow/example_dags/example_branch_datetime_operator.py
[2024-12-17 10:56:49,503] {logging_mixin.py:104} INFO - [2024-12-17 10:56:49,503] {dag.py:1833} INFO - Sync 1 DAGs
[2024-12-17 10:56:49,552] {logging_mixin.py:104} INFO - [2024-12-17 10:56:49,552] {dag.py:2306} INFO - Setting next_dagrun for example_branch_datetime_operator_2 to 2024-12-15 00:00:00+00:00
[2024-12-17 10:56:49,568] {scheduler_job.py:190} INFO - Processing /home/airflow/.local/lib/python3.6/site-packages/airflow/example_dags/example_branch_datetime_operator.py took 0.138 seconds
[2024-12-17 10:57:19,674] {scheduler_job.py:182} INFO - Started process (PID=868) to work on /home/airflow/.local/lib/python3.6/site-packages/airflow/example_dags/example_branch_datetime_operator.py
[2024-12-17 10:57:19,675] {scheduler_job.py:633} INFO - Processing file /home/airflow/.local/lib/python3.6/site-packages/airflow/example_dags/example_branch_datetime_operator.py for tasks to queue
[2024-12-17 10:57:19,676] {logging_mixin.py:104} INFO - [2024-12-17 10:57:19,676] {dagbag.py:496} INFO - Filling up the DagBag from /home/airflow/.local/lib/python3.6/site-packages/airflow/example_dags/example_branch_datetime_operator.py
[2024-12-17 10:57:19,688] {scheduler_job.py:643} INFO - DAG(s) dict_keys(['example_branch_datetime_operator_2']) retrieved from /home/airflow/.local/lib/python3.6/site-packages/airflow/example_dags/example_branch_datetime_operator.py
[2024-12-17 10:57:19,717] {logging_mixin.py:104} INFO - [2024-12-17 10:57:19,717] {dag.py:1833} INFO - Sync 1 DAGs
[2024-12-17 10:57:19,737] {logging_mixin.py:104} INFO - [2024-12-17 10:57:19,737] {dag.py:2306} INFO - Setting next_dagrun for example_branch_datetime_operator_2 to 2024-12-15 00:00:00+00:00
[2024-12-17 10:57:19,754] {scheduler_job.py:190} INFO - Processing /home/airflow/.local/lib/python3.6/site-packages/airflow/example_dags/example_branch_datetime_operator.py took 0.084 seconds
[2024-12-17 10:57:49,931] {scheduler_job.py:182} INFO - Started process (PID=928) to work on /home/airflow/.local/lib/python3.6/site-packages/airflow/example_dags/example_branch_datetime_operator.py
[2024-12-17 10:57:49,933] {scheduler_job.py:633} INFO - Processing file /home/airflow/.local/lib/python3.6/site-packages/airflow/example_dags/example_branch_datetime_operator.py for tasks to queue
[2024-12-17 10:57:49,934] {logging_mixin.py:104} INFO - [2024-12-17 10:57:49,933] {dagbag.py:496} INFO - Filling up the DagBag from /home/airflow/.local/lib/python3.6/site-packages/airflow/example_dags/example_branch_datetime_operator.py
[2024-12-17 10:57:49,956] {scheduler_job.py:643} INFO - DAG(s) dict_keys(['example_branch_datetime_operator_2']) retrieved from /home/airflow/.local/lib/python3.6/site-packages/airflow/example_dags/example_branch_datetime_operator.py
[2024-12-17 10:57:49,987] {logging_mixin.py:104} INFO - [2024-12-17 10:57:49,987] {dag.py:1833} INFO - Sync 1 DAGs
[2024-12-17 10:57:50,007] {logging_mixin.py:104} INFO - [2024-12-17 10:57:50,006] {dag.py:2306} INFO - Setting next_dagrun for example_branch_datetime_operator_2 to 2024-12-15 00:00:00+00:00
[2024-12-17 10:57:50,021] {scheduler_job.py:190} INFO - Processing /home/airflow/.local/lib/python3.6/site-packages/airflow/example_dags/example_branch_datetime_operator.py took 0.095 seconds
[2024-12-17 10:58:20,080] {scheduler_job.py:182} INFO - Started process (PID=979) to work on /home/airflow/.local/lib/python3.6/site-packages/airflow/example_dags/example_branch_datetime_operator.py
[2024-12-17 10:58:20,080] {scheduler_job.py:633} INFO - Processing file /home/airflow/.local/lib/python3.6/site-packages/airflow/example_dags/example_branch_datetime_operator.py for tasks to queue
[2024-12-17 10:58:20,081] {logging_mixin.py:104} INFO - [2024-12-17 10:58:20,081] {dagbag.py:496} INFO - Filling up the DagBag from /home/airflow/.local/lib/python3.6/site-packages/airflow/example_dags/example_branch_datetime_operator.py
[2024-12-17 10:58:20,095] {scheduler_job.py:643} INFO - DAG(s) dict_keys(['example_branch_datetime_operator_2']) retrieved from /home/airflow/.local/lib/python3.6/site-packages/airflow/example_dags/example_branch_datetime_operator.py
[2024-12-17 10:58:20,119] {logging_mixin.py:104} INFO - [2024-12-17 10:58:20,119] {dag.py:1833} INFO - Sync 1 DAGs
[2024-12-17 10:58:20,137] {logging_mixin.py:104} INFO - [2024-12-17 10:58:20,137] {dag.py:2306} INFO - Setting next_dagrun for example_branch_datetime_operator_2 to 2024-12-15 00:00:00+00:00
[2024-12-17 10:58:20,158] {scheduler_job.py:190} INFO - Processing /home/airflow/.local/lib/python3.6/site-packages/airflow/example_dags/example_branch_datetime_operator.py took 0.083 seconds
[2024-12-17 10:58:50,220] {scheduler_job.py:182} INFO - Started process (PID=1039) to work on /home/airflow/.local/lib/python3.6/site-packages/airflow/example_dags/example_branch_datetime_operator.py
[2024-12-17 10:58:50,222] {scheduler_job.py:633} INFO - Processing file /home/airflow/.local/lib/python3.6/site-packages/airflow/example_dags/example_branch_datetime_operator.py for tasks to queue
[2024-12-17 10:58:50,223] {logging_mixin.py:104} INFO - [2024-12-17 10:58:50,223] {dagbag.py:496} INFO - Filling up the DagBag from /home/airflow/.local/lib/python3.6/site-packages/airflow/example_dags/example_branch_datetime_operator.py
[2024-12-17 10:58:50,260] {scheduler_job.py:643} INFO - DAG(s) dict_keys(['example_branch_datetime_operator_2']) retrieved from /home/airflow/.local/lib/python3.6/site-packages/airflow/example_dags/example_branch_datetime_operator.py
[2024-12-17 10:58:50,285] {logging_mixin.py:104} INFO - [2024-12-17 10:58:50,285] {dag.py:1833} INFO - Sync 1 DAGs
[2024-12-17 10:58:50,324] {logging_mixin.py:104} INFO - [2024-12-17 10:58:50,323] {dag.py:2306} INFO - Setting next_dagrun for example_branch_datetime_operator_2 to 2024-12-15 00:00:00+00:00
[2024-12-17 10:58:50,335] {scheduler_job.py:190} INFO - Processing /home/airflow/.local/lib/python3.6/site-packages/airflow/example_dags/example_branch_datetime_operator.py took 0.140 seconds
