[2024-12-17 10:50:53,801] {scheduler_job.py:182} INFO - Started process (PID=167) to work on /home/airflow/.local/lib/python3.6/site-packages/airflow/example_dags/example_trigger_target_dag.py
[2024-12-17 10:50:53,825] {scheduler_job.py:633} INFO - Processing file /home/airflow/.local/lib/python3.6/site-packages/airflow/example_dags/example_trigger_target_dag.py for tasks to queue
[2024-12-17 10:50:53,827] {logging_mixin.py:104} INFO - [2024-12-17 10:50:53,826] {dagbag.py:496} INFO - Filling up the DagBag from /home/airflow/.local/lib/python3.6/site-packages/airflow/example_dags/example_trigger_target_dag.py
[2024-12-17 10:50:53,847] {scheduler_job.py:643} INFO - DAG(s) dict_keys(['example_trigger_target_dag']) retrieved from /home/airflow/.local/lib/python3.6/site-packages/airflow/example_dags/example_trigger_target_dag.py
[2024-12-17 10:50:58,923] {logging_mixin.py:104} INFO - [2024-12-17 10:50:58,922] {dag.py:1833} INFO - Sync 1 DAGs
[2024-12-17 10:50:58,938] {logging_mixin.py:104} INFO - [2024-12-17 10:50:58,936] {dag.py:1852} INFO - Creating ORM DAG for example_trigger_target_dag
[2024-12-17 10:50:58,945] {logging_mixin.py:104} INFO - [2024-12-17 10:50:58,945] {dag.py:2306} INFO - Setting next_dagrun for example_trigger_target_dag to None
[2024-12-17 10:50:58,969] {scheduler_job.py:190} INFO - Processing /home/airflow/.local/lib/python3.6/site-packages/airflow/example_dags/example_trigger_target_dag.py took 5.171 seconds
[2024-12-17 10:51:29,249] {scheduler_job.py:182} INFO - Started process (PID=226) to work on /home/airflow/.local/lib/python3.6/site-packages/airflow/example_dags/example_trigger_target_dag.py
[2024-12-17 10:51:29,251] {scheduler_job.py:633} INFO - Processing file /home/airflow/.local/lib/python3.6/site-packages/airflow/example_dags/example_trigger_target_dag.py for tasks to queue
[2024-12-17 10:51:29,251] {logging_mixin.py:104} INFO - [2024-12-17 10:51:29,251] {dagbag.py:496} INFO - Filling up the DagBag from /home/airflow/.local/lib/python3.6/site-packages/airflow/example_dags/example_trigger_target_dag.py
[2024-12-17 10:51:29,272] {scheduler_job.py:643} INFO - DAG(s) dict_keys(['example_trigger_target_dag']) retrieved from /home/airflow/.local/lib/python3.6/site-packages/airflow/example_dags/example_trigger_target_dag.py
[2024-12-17 10:51:29,306] {logging_mixin.py:104} INFO - [2024-12-17 10:51:29,306] {dag.py:1833} INFO - Sync 1 DAGs
[2024-12-17 10:51:29,332] {logging_mixin.py:104} INFO - [2024-12-17 10:51:29,331] {dag.py:2306} INFO - Setting next_dagrun for example_trigger_target_dag to None
[2024-12-17 10:51:29,351] {scheduler_job.py:190} INFO - Processing /home/airflow/.local/lib/python3.6/site-packages/airflow/example_dags/example_trigger_target_dag.py took 0.107 seconds
[2024-12-17 10:52:00,360] {scheduler_job.py:182} INFO - Started process (PID=285) to work on /home/airflow/.local/lib/python3.6/site-packages/airflow/example_dags/example_trigger_target_dag.py
[2024-12-17 10:52:00,361] {scheduler_job.py:633} INFO - Processing file /home/airflow/.local/lib/python3.6/site-packages/airflow/example_dags/example_trigger_target_dag.py for tasks to queue
[2024-12-17 10:52:00,362] {logging_mixin.py:104} INFO - [2024-12-17 10:52:00,362] {dagbag.py:496} INFO - Filling up the DagBag from /home/airflow/.local/lib/python3.6/site-packages/airflow/example_dags/example_trigger_target_dag.py
[2024-12-17 10:52:00,414] {scheduler_job.py:643} INFO - DAG(s) dict_keys(['example_trigger_target_dag']) retrieved from /home/airflow/.local/lib/python3.6/site-packages/airflow/example_dags/example_trigger_target_dag.py
[2024-12-17 10:52:00,509] {logging_mixin.py:104} INFO - [2024-12-17 10:52:00,509] {dag.py:1833} INFO - Sync 1 DAGs
[2024-12-17 10:52:00,556] {logging_mixin.py:104} INFO - [2024-12-17 10:52:00,556] {dag.py:2306} INFO - Setting next_dagrun for example_trigger_target_dag to None
[2024-12-17 10:52:00,601] {scheduler_job.py:190} INFO - Processing /home/airflow/.local/lib/python3.6/site-packages/airflow/example_dags/example_trigger_target_dag.py took 0.260 seconds
[2024-12-17 10:52:31,097] {scheduler_job.py:182} INFO - Started process (PID=337) to work on /home/airflow/.local/lib/python3.6/site-packages/airflow/example_dags/example_trigger_target_dag.py
[2024-12-17 10:52:31,099] {scheduler_job.py:633} INFO - Processing file /home/airflow/.local/lib/python3.6/site-packages/airflow/example_dags/example_trigger_target_dag.py for tasks to queue
[2024-12-17 10:52:31,099] {logging_mixin.py:104} INFO - [2024-12-17 10:52:31,099] {dagbag.py:496} INFO - Filling up the DagBag from /home/airflow/.local/lib/python3.6/site-packages/airflow/example_dags/example_trigger_target_dag.py
[2024-12-17 10:52:31,112] {scheduler_job.py:643} INFO - DAG(s) dict_keys(['example_trigger_target_dag']) retrieved from /home/airflow/.local/lib/python3.6/site-packages/airflow/example_dags/example_trigger_target_dag.py
[2024-12-17 10:52:31,141] {logging_mixin.py:104} INFO - [2024-12-17 10:52:31,140] {dag.py:1833} INFO - Sync 1 DAGs
[2024-12-17 10:52:31,157] {logging_mixin.py:104} INFO - [2024-12-17 10:52:31,157] {dag.py:2306} INFO - Setting next_dagrun for example_trigger_target_dag to None
[2024-12-17 10:52:31,182] {scheduler_job.py:190} INFO - Processing /home/airflow/.local/lib/python3.6/site-packages/airflow/example_dags/example_trigger_target_dag.py took 0.088 seconds
[2024-12-17 10:53:01,284] {scheduler_job.py:182} INFO - Started process (PID=388) to work on /home/airflow/.local/lib/python3.6/site-packages/airflow/example_dags/example_trigger_target_dag.py
[2024-12-17 10:53:01,285] {scheduler_job.py:633} INFO - Processing file /home/airflow/.local/lib/python3.6/site-packages/airflow/example_dags/example_trigger_target_dag.py for tasks to queue
[2024-12-17 10:53:01,286] {logging_mixin.py:104} INFO - [2024-12-17 10:53:01,286] {dagbag.py:496} INFO - Filling up the DagBag from /home/airflow/.local/lib/python3.6/site-packages/airflow/example_dags/example_trigger_target_dag.py
[2024-12-17 10:53:01,300] {scheduler_job.py:643} INFO - DAG(s) dict_keys(['example_trigger_target_dag']) retrieved from /home/airflow/.local/lib/python3.6/site-packages/airflow/example_dags/example_trigger_target_dag.py
[2024-12-17 10:53:01,327] {logging_mixin.py:104} INFO - [2024-12-17 10:53:01,327] {dag.py:1833} INFO - Sync 1 DAGs
[2024-12-17 10:53:01,345] {logging_mixin.py:104} INFO - [2024-12-17 10:53:01,344] {dag.py:2306} INFO - Setting next_dagrun for example_trigger_target_dag to None
[2024-12-17 10:53:01,368] {scheduler_job.py:190} INFO - Processing /home/airflow/.local/lib/python3.6/site-packages/airflow/example_dags/example_trigger_target_dag.py took 0.088 seconds
[2024-12-17 10:53:31,754] {scheduler_job.py:182} INFO - Started process (PID=448) to work on /home/airflow/.local/lib/python3.6/site-packages/airflow/example_dags/example_trigger_target_dag.py
[2024-12-17 10:53:31,755] {scheduler_job.py:633} INFO - Processing file /home/airflow/.local/lib/python3.6/site-packages/airflow/example_dags/example_trigger_target_dag.py for tasks to queue
[2024-12-17 10:53:31,756] {logging_mixin.py:104} INFO - [2024-12-17 10:53:31,756] {dagbag.py:496} INFO - Filling up the DagBag from /home/airflow/.local/lib/python3.6/site-packages/airflow/example_dags/example_trigger_target_dag.py
[2024-12-17 10:53:31,777] {scheduler_job.py:643} INFO - DAG(s) dict_keys(['example_trigger_target_dag']) retrieved from /home/airflow/.local/lib/python3.6/site-packages/airflow/example_dags/example_trigger_target_dag.py
[2024-12-17 10:53:31,950] {logging_mixin.py:104} INFO - [2024-12-17 10:53:31,949] {dag.py:1833} INFO - Sync 1 DAGs
[2024-12-17 10:53:31,973] {logging_mixin.py:104} INFO - [2024-12-17 10:53:31,973] {dag.py:2306} INFO - Setting next_dagrun for example_trigger_target_dag to None
[2024-12-17 10:53:31,992] {scheduler_job.py:190} INFO - Processing /home/airflow/.local/lib/python3.6/site-packages/airflow/example_dags/example_trigger_target_dag.py took 0.241 seconds
[2024-12-17 10:54:02,507] {scheduler_job.py:182} INFO - Started process (PID=499) to work on /home/airflow/.local/lib/python3.6/site-packages/airflow/example_dags/example_trigger_target_dag.py
[2024-12-17 10:54:02,508] {scheduler_job.py:633} INFO - Processing file /home/airflow/.local/lib/python3.6/site-packages/airflow/example_dags/example_trigger_target_dag.py for tasks to queue
[2024-12-17 10:54:02,509] {logging_mixin.py:104} INFO - [2024-12-17 10:54:02,509] {dagbag.py:496} INFO - Filling up the DagBag from /home/airflow/.local/lib/python3.6/site-packages/airflow/example_dags/example_trigger_target_dag.py
[2024-12-17 10:54:02,524] {scheduler_job.py:643} INFO - DAG(s) dict_keys(['example_trigger_target_dag']) retrieved from /home/airflow/.local/lib/python3.6/site-packages/airflow/example_dags/example_trigger_target_dag.py
[2024-12-17 10:54:02,551] {logging_mixin.py:104} INFO - [2024-12-17 10:54:02,551] {dag.py:1833} INFO - Sync 1 DAGs
[2024-12-17 10:54:02,568] {logging_mixin.py:104} INFO - [2024-12-17 10:54:02,568] {dag.py:2306} INFO - Setting next_dagrun for example_trigger_target_dag to None
[2024-12-17 10:54:02,581] {scheduler_job.py:190} INFO - Processing /home/airflow/.local/lib/python3.6/site-packages/airflow/example_dags/example_trigger_target_dag.py took 0.078 seconds
[2024-12-17 10:54:33,087] {scheduler_job.py:182} INFO - Started process (PID=561) to work on /home/airflow/.local/lib/python3.6/site-packages/airflow/example_dags/example_trigger_target_dag.py
[2024-12-17 10:54:33,088] {scheduler_job.py:633} INFO - Processing file /home/airflow/.local/lib/python3.6/site-packages/airflow/example_dags/example_trigger_target_dag.py for tasks to queue
[2024-12-17 10:54:33,088] {logging_mixin.py:104} INFO - [2024-12-17 10:54:33,088] {dagbag.py:496} INFO - Filling up the DagBag from /home/airflow/.local/lib/python3.6/site-packages/airflow/example_dags/example_trigger_target_dag.py
[2024-12-17 10:54:33,101] {scheduler_job.py:643} INFO - DAG(s) dict_keys(['example_trigger_target_dag']) retrieved from /home/airflow/.local/lib/python3.6/site-packages/airflow/example_dags/example_trigger_target_dag.py
[2024-12-17 10:54:33,130] {logging_mixin.py:104} INFO - [2024-12-17 10:54:33,130] {dag.py:1833} INFO - Sync 1 DAGs
[2024-12-17 10:54:33,147] {logging_mixin.py:104} INFO - [2024-12-17 10:54:33,147] {dag.py:2306} INFO - Setting next_dagrun for example_trigger_target_dag to None
[2024-12-17 10:54:33,168] {scheduler_job.py:190} INFO - Processing /home/airflow/.local/lib/python3.6/site-packages/airflow/example_dags/example_trigger_target_dag.py took 0.085 seconds
[2024-12-17 10:55:03,290] {scheduler_job.py:182} INFO - Started process (PID=612) to work on /home/airflow/.local/lib/python3.6/site-packages/airflow/example_dags/example_trigger_target_dag.py
[2024-12-17 10:55:03,291] {scheduler_job.py:633} INFO - Processing file /home/airflow/.local/lib/python3.6/site-packages/airflow/example_dags/example_trigger_target_dag.py for tasks to queue
[2024-12-17 10:55:03,292] {logging_mixin.py:104} INFO - [2024-12-17 10:55:03,292] {dagbag.py:496} INFO - Filling up the DagBag from /home/airflow/.local/lib/python3.6/site-packages/airflow/example_dags/example_trigger_target_dag.py
[2024-12-17 10:55:03,304] {scheduler_job.py:643} INFO - DAG(s) dict_keys(['example_trigger_target_dag']) retrieved from /home/airflow/.local/lib/python3.6/site-packages/airflow/example_dags/example_trigger_target_dag.py
[2024-12-17 10:55:03,332] {logging_mixin.py:104} INFO - [2024-12-17 10:55:03,332] {dag.py:1833} INFO - Sync 1 DAGs
[2024-12-17 10:55:03,350] {logging_mixin.py:104} INFO - [2024-12-17 10:55:03,350] {dag.py:2306} INFO - Setting next_dagrun for example_trigger_target_dag to None
[2024-12-17 10:55:03,364] {scheduler_job.py:190} INFO - Processing /home/airflow/.local/lib/python3.6/site-packages/airflow/example_dags/example_trigger_target_dag.py took 0.077 seconds
[2024-12-17 10:55:34,008] {scheduler_job.py:182} INFO - Started process (PID=672) to work on /home/airflow/.local/lib/python3.6/site-packages/airflow/example_dags/example_trigger_target_dag.py
[2024-12-17 10:55:34,009] {scheduler_job.py:633} INFO - Processing file /home/airflow/.local/lib/python3.6/site-packages/airflow/example_dags/example_trigger_target_dag.py for tasks to queue
[2024-12-17 10:55:34,009] {logging_mixin.py:104} INFO - [2024-12-17 10:55:34,009] {dagbag.py:496} INFO - Filling up the DagBag from /home/airflow/.local/lib/python3.6/site-packages/airflow/example_dags/example_trigger_target_dag.py
[2024-12-17 10:55:34,032] {scheduler_job.py:643} INFO - DAG(s) dict_keys(['example_trigger_target_dag']) retrieved from /home/airflow/.local/lib/python3.6/site-packages/airflow/example_dags/example_trigger_target_dag.py
[2024-12-17 10:55:34,062] {logging_mixin.py:104} INFO - [2024-12-17 10:55:34,062] {dag.py:1833} INFO - Sync 1 DAGs
[2024-12-17 10:55:34,078] {logging_mixin.py:104} INFO - [2024-12-17 10:55:34,078] {dag.py:2306} INFO - Setting next_dagrun for example_trigger_target_dag to None
[2024-12-17 10:55:34,093] {scheduler_job.py:190} INFO - Processing /home/airflow/.local/lib/python3.6/site-packages/airflow/example_dags/example_trigger_target_dag.py took 0.088 seconds
[2024-12-17 10:56:04,165] {scheduler_job.py:182} INFO - Started process (PID=723) to work on /home/airflow/.local/lib/python3.6/site-packages/airflow/example_dags/example_trigger_target_dag.py
[2024-12-17 10:56:04,166] {scheduler_job.py:633} INFO - Processing file /home/airflow/.local/lib/python3.6/site-packages/airflow/example_dags/example_trigger_target_dag.py for tasks to queue
[2024-12-17 10:56:04,167] {logging_mixin.py:104} INFO - [2024-12-17 10:56:04,167] {dagbag.py:496} INFO - Filling up the DagBag from /home/airflow/.local/lib/python3.6/site-packages/airflow/example_dags/example_trigger_target_dag.py
[2024-12-17 10:56:04,183] {scheduler_job.py:643} INFO - DAG(s) dict_keys(['example_trigger_target_dag']) retrieved from /home/airflow/.local/lib/python3.6/site-packages/airflow/example_dags/example_trigger_target_dag.py
[2024-12-17 10:56:04,212] {logging_mixin.py:104} INFO - [2024-12-17 10:56:04,212] {dag.py:1833} INFO - Sync 1 DAGs
[2024-12-17 10:56:04,226] {logging_mixin.py:104} INFO - [2024-12-17 10:56:04,226] {dag.py:2306} INFO - Setting next_dagrun for example_trigger_target_dag to None
[2024-12-17 10:56:04,235] {scheduler_job.py:190} INFO - Processing /home/airflow/.local/lib/python3.6/site-packages/airflow/example_dags/example_trigger_target_dag.py took 0.074 seconds
[2024-12-17 10:56:34,302] {scheduler_job.py:182} INFO - Started process (PID=784) to work on /home/airflow/.local/lib/python3.6/site-packages/airflow/example_dags/example_trigger_target_dag.py
[2024-12-17 10:56:34,304] {scheduler_job.py:633} INFO - Processing file /home/airflow/.local/lib/python3.6/site-packages/airflow/example_dags/example_trigger_target_dag.py for tasks to queue
[2024-12-17 10:56:34,305] {logging_mixin.py:104} INFO - [2024-12-17 10:56:34,305] {dagbag.py:496} INFO - Filling up the DagBag from /home/airflow/.local/lib/python3.6/site-packages/airflow/example_dags/example_trigger_target_dag.py
[2024-12-17 10:56:34,319] {scheduler_job.py:643} INFO - DAG(s) dict_keys(['example_trigger_target_dag']) retrieved from /home/airflow/.local/lib/python3.6/site-packages/airflow/example_dags/example_trigger_target_dag.py
[2024-12-17 10:56:34,483] {logging_mixin.py:104} INFO - [2024-12-17 10:56:34,483] {dag.py:1833} INFO - Sync 1 DAGs
[2024-12-17 10:56:34,524] {logging_mixin.py:104} INFO - [2024-12-17 10:56:34,523] {dag.py:2306} INFO - Setting next_dagrun for example_trigger_target_dag to None
[2024-12-17 10:56:34,557] {scheduler_job.py:190} INFO - Processing /home/airflow/.local/lib/python3.6/site-packages/airflow/example_dags/example_trigger_target_dag.py took 0.259 seconds
[2024-12-17 10:57:05,459] {scheduler_job.py:182} INFO - Started process (PID=833) to work on /home/airflow/.local/lib/python3.6/site-packages/airflow/example_dags/example_trigger_target_dag.py
[2024-12-17 10:57:05,461] {scheduler_job.py:633} INFO - Processing file /home/airflow/.local/lib/python3.6/site-packages/airflow/example_dags/example_trigger_target_dag.py for tasks to queue
[2024-12-17 10:57:05,462] {logging_mixin.py:104} INFO - [2024-12-17 10:57:05,462] {dagbag.py:496} INFO - Filling up the DagBag from /home/airflow/.local/lib/python3.6/site-packages/airflow/example_dags/example_trigger_target_dag.py
[2024-12-17 10:57:05,479] {scheduler_job.py:643} INFO - DAG(s) dict_keys(['example_trigger_target_dag']) retrieved from /home/airflow/.local/lib/python3.6/site-packages/airflow/example_dags/example_trigger_target_dag.py
[2024-12-17 10:57:05,504] {logging_mixin.py:104} INFO - [2024-12-17 10:57:05,504] {dag.py:1833} INFO - Sync 1 DAGs
[2024-12-17 10:57:05,526] {logging_mixin.py:104} INFO - [2024-12-17 10:57:05,526] {dag.py:2306} INFO - Setting next_dagrun for example_trigger_target_dag to None
[2024-12-17 10:57:05,537] {scheduler_job.py:190} INFO - Processing /home/airflow/.local/lib/python3.6/site-packages/airflow/example_dags/example_trigger_target_dag.py took 0.085 seconds
[2024-12-17 10:57:35,826] {scheduler_job.py:182} INFO - Started process (PID=893) to work on /home/airflow/.local/lib/python3.6/site-packages/airflow/example_dags/example_trigger_target_dag.py
[2024-12-17 10:57:35,827] {scheduler_job.py:633} INFO - Processing file /home/airflow/.local/lib/python3.6/site-packages/airflow/example_dags/example_trigger_target_dag.py for tasks to queue
[2024-12-17 10:57:35,828] {logging_mixin.py:104} INFO - [2024-12-17 10:57:35,827] {dagbag.py:496} INFO - Filling up the DagBag from /home/airflow/.local/lib/python3.6/site-packages/airflow/example_dags/example_trigger_target_dag.py
[2024-12-17 10:57:35,840] {scheduler_job.py:643} INFO - DAG(s) dict_keys(['example_trigger_target_dag']) retrieved from /home/airflow/.local/lib/python3.6/site-packages/airflow/example_dags/example_trigger_target_dag.py
[2024-12-17 10:57:35,877] {logging_mixin.py:104} INFO - [2024-12-17 10:57:35,877] {dag.py:1833} INFO - Sync 1 DAGs
[2024-12-17 10:57:35,897] {logging_mixin.py:104} INFO - [2024-12-17 10:57:35,897] {dag.py:2306} INFO - Setting next_dagrun for example_trigger_target_dag to None
[2024-12-17 10:57:35,914] {scheduler_job.py:190} INFO - Processing /home/airflow/.local/lib/python3.6/site-packages/airflow/example_dags/example_trigger_target_dag.py took 0.092 seconds
[2024-12-17 10:58:06,565] {scheduler_job.py:182} INFO - Started process (PID=944) to work on /home/airflow/.local/lib/python3.6/site-packages/airflow/example_dags/example_trigger_target_dag.py
[2024-12-17 10:58:06,566] {scheduler_job.py:633} INFO - Processing file /home/airflow/.local/lib/python3.6/site-packages/airflow/example_dags/example_trigger_target_dag.py for tasks to queue
[2024-12-17 10:58:06,567] {logging_mixin.py:104} INFO - [2024-12-17 10:58:06,567] {dagbag.py:496} INFO - Filling up the DagBag from /home/airflow/.local/lib/python3.6/site-packages/airflow/example_dags/example_trigger_target_dag.py
[2024-12-17 10:58:06,583] {scheduler_job.py:643} INFO - DAG(s) dict_keys(['example_trigger_target_dag']) retrieved from /home/airflow/.local/lib/python3.6/site-packages/airflow/example_dags/example_trigger_target_dag.py
[2024-12-17 10:58:06,608] {logging_mixin.py:104} INFO - [2024-12-17 10:58:06,608] {dag.py:1833} INFO - Sync 1 DAGs
[2024-12-17 10:58:06,625] {logging_mixin.py:104} INFO - [2024-12-17 10:58:06,625] {dag.py:2306} INFO - Setting next_dagrun for example_trigger_target_dag to None
[2024-12-17 10:58:06,648] {scheduler_job.py:190} INFO - Processing /home/airflow/.local/lib/python3.6/site-packages/airflow/example_dags/example_trigger_target_dag.py took 0.086 seconds
[2024-12-17 10:58:37,590] {scheduler_job.py:182} INFO - Started process (PID=1004) to work on /home/airflow/.local/lib/python3.6/site-packages/airflow/example_dags/example_trigger_target_dag.py
[2024-12-17 10:58:37,591] {scheduler_job.py:633} INFO - Processing file /home/airflow/.local/lib/python3.6/site-packages/airflow/example_dags/example_trigger_target_dag.py for tasks to queue
[2024-12-17 10:58:37,600] {logging_mixin.py:104} INFO - [2024-12-17 10:58:37,591] {dagbag.py:496} INFO - Filling up the DagBag from /home/airflow/.local/lib/python3.6/site-packages/airflow/example_dags/example_trigger_target_dag.py
[2024-12-17 10:58:37,624] {scheduler_job.py:643} INFO - DAG(s) dict_keys(['example_trigger_target_dag']) retrieved from /home/airflow/.local/lib/python3.6/site-packages/airflow/example_dags/example_trigger_target_dag.py
[2024-12-17 10:58:37,658] {logging_mixin.py:104} INFO - [2024-12-17 10:58:37,658] {dag.py:1833} INFO - Sync 1 DAGs
[2024-12-17 10:58:37,675] {logging_mixin.py:104} INFO - [2024-12-17 10:58:37,675] {dag.py:2306} INFO - Setting next_dagrun for example_trigger_target_dag to None
[2024-12-17 10:58:37,685] {scheduler_job.py:190} INFO - Processing /home/airflow/.local/lib/python3.6/site-packages/airflow/example_dags/example_trigger_target_dag.py took 0.098 seconds
