[2024-12-17 10:50:12,320] {scheduler_job.py:182} INFO - Started process (PID=82) to work on /home/airflow/.local/lib/python3.6/site-packages/airflow/example_dags/example_dag_decorator.py
[2024-12-17 10:50:12,322] {scheduler_job.py:633} INFO - Processing file /home/airflow/.local/lib/python3.6/site-packages/airflow/example_dags/example_dag_decorator.py for tasks to queue
[2024-12-17 10:50:12,323] {logging_mixin.py:104} INFO - [2024-12-17 10:50:12,323] {dagbag.py:496} INFO - Filling up the DagBag from /home/airflow/.local/lib/python3.6/site-packages/airflow/example_dags/example_dag_decorator.py
[2024-12-17 10:50:12,412] {scheduler_job.py:643} INFO - DAG(s) dict_keys(['example_dag_decorator']) retrieved from /home/airflow/.local/lib/python3.6/site-packages/airflow/example_dags/example_dag_decorator.py
[2024-12-17 10:50:16,364] {logging_mixin.py:104} INFO - [2024-12-17 10:50:16,362] {dag.py:1833} INFO - Sync 1 DAGs
[2024-12-17 10:50:16,385] {logging_mixin.py:104} INFO - [2024-12-17 10:50:16,383] {dag.py:1852} INFO - Creating ORM DAG for example_dag_decorator
[2024-12-17 10:50:16,393] {logging_mixin.py:104} INFO - [2024-12-17 10:50:16,393] {dag.py:2306} INFO - Setting next_dagrun for example_dag_decorator to None
[2024-12-17 10:50:16,424] {scheduler_job.py:190} INFO - Processing /home/airflow/.local/lib/python3.6/site-packages/airflow/example_dags/example_dag_decorator.py took 4.111 seconds
[2024-12-17 10:51:04,384] {scheduler_job.py:182} INFO - Started process (PID=189) to work on /home/airflow/.local/lib/python3.6/site-packages/airflow/example_dags/example_dag_decorator.py
[2024-12-17 10:51:04,386] {scheduler_job.py:633} INFO - Processing file /home/airflow/.local/lib/python3.6/site-packages/airflow/example_dags/example_dag_decorator.py for tasks to queue
[2024-12-17 10:51:04,387] {logging_mixin.py:104} INFO - [2024-12-17 10:51:04,387] {dagbag.py:496} INFO - Filling up the DagBag from /home/airflow/.local/lib/python3.6/site-packages/airflow/example_dags/example_dag_decorator.py
[2024-12-17 10:51:04,437] {scheduler_job.py:643} INFO - DAG(s) dict_keys(['example_dag_decorator']) retrieved from /home/airflow/.local/lib/python3.6/site-packages/airflow/example_dags/example_dag_decorator.py
[2024-12-17 10:51:04,945] {logging_mixin.py:104} INFO - [2024-12-17 10:51:04,944] {dag.py:1833} INFO - Sync 1 DAGs
[2024-12-17 10:51:04,971] {logging_mixin.py:104} INFO - [2024-12-17 10:51:04,971] {dag.py:2306} INFO - Setting next_dagrun for example_dag_decorator to None
[2024-12-17 10:51:05,005] {scheduler_job.py:190} INFO - Processing /home/airflow/.local/lib/python3.6/site-packages/airflow/example_dags/example_dag_decorator.py took 0.649 seconds
[2024-12-17 10:51:35,327] {scheduler_job.py:182} INFO - Started process (PID=249) to work on /home/airflow/.local/lib/python3.6/site-packages/airflow/example_dags/example_dag_decorator.py
[2024-12-17 10:51:35,329] {scheduler_job.py:633} INFO - Processing file /home/airflow/.local/lib/python3.6/site-packages/airflow/example_dags/example_dag_decorator.py for tasks to queue
[2024-12-17 10:51:35,330] {logging_mixin.py:104} INFO - [2024-12-17 10:51:35,330] {dagbag.py:496} INFO - Filling up the DagBag from /home/airflow/.local/lib/python3.6/site-packages/airflow/example_dags/example_dag_decorator.py
[2024-12-17 10:51:35,369] {scheduler_job.py:643} INFO - DAG(s) dict_keys(['example_dag_decorator']) retrieved from /home/airflow/.local/lib/python3.6/site-packages/airflow/example_dags/example_dag_decorator.py
[2024-12-17 10:51:35,948] {logging_mixin.py:104} INFO - [2024-12-17 10:51:35,947] {dag.py:1833} INFO - Sync 1 DAGs
[2024-12-17 10:51:35,987] {logging_mixin.py:104} INFO - [2024-12-17 10:51:35,987] {dag.py:2306} INFO - Setting next_dagrun for example_dag_decorator to None
[2024-12-17 10:51:36,009] {scheduler_job.py:190} INFO - Processing /home/airflow/.local/lib/python3.6/site-packages/airflow/example_dags/example_dag_decorator.py took 0.687 seconds
[2024-12-17 10:52:06,342] {scheduler_job.py:182} INFO - Started process (PID=298) to work on /home/airflow/.local/lib/python3.6/site-packages/airflow/example_dags/example_dag_decorator.py
[2024-12-17 10:52:06,343] {scheduler_job.py:633} INFO - Processing file /home/airflow/.local/lib/python3.6/site-packages/airflow/example_dags/example_dag_decorator.py for tasks to queue
[2024-12-17 10:52:06,343] {logging_mixin.py:104} INFO - [2024-12-17 10:52:06,343] {dagbag.py:496} INFO - Filling up the DagBag from /home/airflow/.local/lib/python3.6/site-packages/airflow/example_dags/example_dag_decorator.py
[2024-12-17 10:52:06,363] {scheduler_job.py:643} INFO - DAG(s) dict_keys(['example_dag_decorator']) retrieved from /home/airflow/.local/lib/python3.6/site-packages/airflow/example_dags/example_dag_decorator.py
[2024-12-17 10:52:06,560] {logging_mixin.py:104} INFO - [2024-12-17 10:52:06,560] {dag.py:1833} INFO - Sync 1 DAGs
[2024-12-17 10:52:06,576] {logging_mixin.py:104} INFO - [2024-12-17 10:52:06,575] {dag.py:2306} INFO - Setting next_dagrun for example_dag_decorator to None
[2024-12-17 10:52:06,591] {scheduler_job.py:190} INFO - Processing /home/airflow/.local/lib/python3.6/site-packages/airflow/example_dags/example_dag_decorator.py took 0.253 seconds
[2024-12-17 10:52:36,818] {scheduler_job.py:182} INFO - Started process (PID=349) to work on /home/airflow/.local/lib/python3.6/site-packages/airflow/example_dags/example_dag_decorator.py
[2024-12-17 10:52:36,819] {scheduler_job.py:633} INFO - Processing file /home/airflow/.local/lib/python3.6/site-packages/airflow/example_dags/example_dag_decorator.py for tasks to queue
[2024-12-17 10:52:36,819] {logging_mixin.py:104} INFO - [2024-12-17 10:52:36,819] {dagbag.py:496} INFO - Filling up the DagBag from /home/airflow/.local/lib/python3.6/site-packages/airflow/example_dags/example_dag_decorator.py
[2024-12-17 10:52:36,840] {scheduler_job.py:643} INFO - DAG(s) dict_keys(['example_dag_decorator']) retrieved from /home/airflow/.local/lib/python3.6/site-packages/airflow/example_dags/example_dag_decorator.py
[2024-12-17 10:52:37,040] {logging_mixin.py:104} INFO - [2024-12-17 10:52:37,040] {dag.py:1833} INFO - Sync 1 DAGs
[2024-12-17 10:52:37,058] {logging_mixin.py:104} INFO - [2024-12-17 10:52:37,057] {dag.py:2306} INFO - Setting next_dagrun for example_dag_decorator to None
[2024-12-17 10:52:37,068] {scheduler_job.py:190} INFO - Processing /home/airflow/.local/lib/python3.6/site-packages/airflow/example_dags/example_dag_decorator.py took 0.254 seconds
[2024-12-17 10:53:07,790] {scheduler_job.py:182} INFO - Started process (PID=410) to work on /home/airflow/.local/lib/python3.6/site-packages/airflow/example_dags/example_dag_decorator.py
[2024-12-17 10:53:07,791] {scheduler_job.py:633} INFO - Processing file /home/airflow/.local/lib/python3.6/site-packages/airflow/example_dags/example_dag_decorator.py for tasks to queue
[2024-12-17 10:53:07,792] {logging_mixin.py:104} INFO - [2024-12-17 10:53:07,792] {dagbag.py:496} INFO - Filling up the DagBag from /home/airflow/.local/lib/python3.6/site-packages/airflow/example_dags/example_dag_decorator.py
[2024-12-17 10:53:07,812] {scheduler_job.py:643} INFO - DAG(s) dict_keys(['example_dag_decorator']) retrieved from /home/airflow/.local/lib/python3.6/site-packages/airflow/example_dags/example_dag_decorator.py
[2024-12-17 10:53:08,007] {logging_mixin.py:104} INFO - [2024-12-17 10:53:08,007] {dag.py:1833} INFO - Sync 1 DAGs
[2024-12-17 10:53:08,024] {logging_mixin.py:104} INFO - [2024-12-17 10:53:08,024] {dag.py:2306} INFO - Setting next_dagrun for example_dag_decorator to None
[2024-12-17 10:53:08,040] {scheduler_job.py:190} INFO - Processing /home/airflow/.local/lib/python3.6/site-packages/airflow/example_dags/example_dag_decorator.py took 0.254 seconds
[2024-12-17 10:53:38,532] {scheduler_job.py:182} INFO - Started process (PID=460) to work on /home/airflow/.local/lib/python3.6/site-packages/airflow/example_dags/example_dag_decorator.py
[2024-12-17 10:53:38,533] {scheduler_job.py:633} INFO - Processing file /home/airflow/.local/lib/python3.6/site-packages/airflow/example_dags/example_dag_decorator.py for tasks to queue
[2024-12-17 10:53:38,534] {logging_mixin.py:104} INFO - [2024-12-17 10:53:38,533] {dagbag.py:496} INFO - Filling up the DagBag from /home/airflow/.local/lib/python3.6/site-packages/airflow/example_dags/example_dag_decorator.py
[2024-12-17 10:53:38,554] {scheduler_job.py:643} INFO - DAG(s) dict_keys(['example_dag_decorator']) retrieved from /home/airflow/.local/lib/python3.6/site-packages/airflow/example_dags/example_dag_decorator.py
[2024-12-17 10:53:38,765] {logging_mixin.py:104} INFO - [2024-12-17 10:53:38,765] {dag.py:1833} INFO - Sync 1 DAGs
[2024-12-17 10:53:38,780] {logging_mixin.py:104} INFO - [2024-12-17 10:53:38,780] {dag.py:2306} INFO - Setting next_dagrun for example_dag_decorator to None
[2024-12-17 10:53:38,795] {scheduler_job.py:190} INFO - Processing /home/airflow/.local/lib/python3.6/site-packages/airflow/example_dags/example_dag_decorator.py took 0.268 seconds
[2024-12-17 10:54:09,039] {scheduler_job.py:182} INFO - Started process (PID=521) to work on /home/airflow/.local/lib/python3.6/site-packages/airflow/example_dags/example_dag_decorator.py
[2024-12-17 10:54:09,041] {scheduler_job.py:633} INFO - Processing file /home/airflow/.local/lib/python3.6/site-packages/airflow/example_dags/example_dag_decorator.py for tasks to queue
[2024-12-17 10:54:09,041] {logging_mixin.py:104} INFO - [2024-12-17 10:54:09,041] {dagbag.py:496} INFO - Filling up the DagBag from /home/airflow/.local/lib/python3.6/site-packages/airflow/example_dags/example_dag_decorator.py
[2024-12-17 10:54:09,061] {scheduler_job.py:643} INFO - DAG(s) dict_keys(['example_dag_decorator']) retrieved from /home/airflow/.local/lib/python3.6/site-packages/airflow/example_dags/example_dag_decorator.py
[2024-12-17 10:54:09,335] {logging_mixin.py:104} INFO - [2024-12-17 10:54:09,335] {dag.py:1833} INFO - Sync 1 DAGs
[2024-12-17 10:54:09,381] {logging_mixin.py:104} INFO - [2024-12-17 10:54:09,381] {dag.py:2306} INFO - Setting next_dagrun for example_dag_decorator to None
[2024-12-17 10:54:09,489] {scheduler_job.py:190} INFO - Processing /home/airflow/.local/lib/python3.6/site-packages/airflow/example_dags/example_dag_decorator.py took 0.453 seconds
[2024-12-17 10:54:40,406] {scheduler_job.py:182} INFO - Started process (PID=583) to work on /home/airflow/.local/lib/python3.6/site-packages/airflow/example_dags/example_dag_decorator.py
[2024-12-17 10:54:40,406] {scheduler_job.py:633} INFO - Processing file /home/airflow/.local/lib/python3.6/site-packages/airflow/example_dags/example_dag_decorator.py for tasks to queue
[2024-12-17 10:54:40,407] {logging_mixin.py:104} INFO - [2024-12-17 10:54:40,407] {dagbag.py:496} INFO - Filling up the DagBag from /home/airflow/.local/lib/python3.6/site-packages/airflow/example_dags/example_dag_decorator.py
[2024-12-17 10:54:40,451] {scheduler_job.py:643} INFO - DAG(s) dict_keys(['example_dag_decorator']) retrieved from /home/airflow/.local/lib/python3.6/site-packages/airflow/example_dags/example_dag_decorator.py
[2024-12-17 10:54:40,962] {logging_mixin.py:104} INFO - [2024-12-17 10:54:40,962] {dag.py:1833} INFO - Sync 1 DAGs
[2024-12-17 10:54:40,986] {logging_mixin.py:104} INFO - [2024-12-17 10:54:40,986] {dag.py:2306} INFO - Setting next_dagrun for example_dag_decorator to None
[2024-12-17 10:54:41,008] {scheduler_job.py:190} INFO - Processing /home/airflow/.local/lib/python3.6/site-packages/airflow/example_dags/example_dag_decorator.py took 0.622 seconds
[2024-12-17 10:55:11,389] {scheduler_job.py:182} INFO - Started process (PID=634) to work on /home/airflow/.local/lib/python3.6/site-packages/airflow/example_dags/example_dag_decorator.py
[2024-12-17 10:55:11,390] {scheduler_job.py:633} INFO - Processing file /home/airflow/.local/lib/python3.6/site-packages/airflow/example_dags/example_dag_decorator.py for tasks to queue
[2024-12-17 10:55:11,391] {logging_mixin.py:104} INFO - [2024-12-17 10:55:11,391] {dagbag.py:496} INFO - Filling up the DagBag from /home/airflow/.local/lib/python3.6/site-packages/airflow/example_dags/example_dag_decorator.py
[2024-12-17 10:55:11,416] {scheduler_job.py:643} INFO - DAG(s) dict_keys(['example_dag_decorator']) retrieved from /home/airflow/.local/lib/python3.6/site-packages/airflow/example_dags/example_dag_decorator.py
[2024-12-17 10:55:11,658] {logging_mixin.py:104} INFO - [2024-12-17 10:55:11,657] {dag.py:1833} INFO - Sync 1 DAGs
[2024-12-17 10:55:11,671] {logging_mixin.py:104} INFO - [2024-12-17 10:55:11,671] {dag.py:2306} INFO - Setting next_dagrun for example_dag_decorator to None
[2024-12-17 10:55:11,687] {scheduler_job.py:190} INFO - Processing /home/airflow/.local/lib/python3.6/site-packages/airflow/example_dags/example_dag_decorator.py took 0.302 seconds
[2024-12-17 10:55:42,313] {scheduler_job.py:182} INFO - Started process (PID=694) to work on /home/airflow/.local/lib/python3.6/site-packages/airflow/example_dags/example_dag_decorator.py
[2024-12-17 10:55:42,314] {scheduler_job.py:633} INFO - Processing file /home/airflow/.local/lib/python3.6/site-packages/airflow/example_dags/example_dag_decorator.py for tasks to queue
[2024-12-17 10:55:42,315] {logging_mixin.py:104} INFO - [2024-12-17 10:55:42,315] {dagbag.py:496} INFO - Filling up the DagBag from /home/airflow/.local/lib/python3.6/site-packages/airflow/example_dags/example_dag_decorator.py
[2024-12-17 10:55:42,333] {scheduler_job.py:643} INFO - DAG(s) dict_keys(['example_dag_decorator']) retrieved from /home/airflow/.local/lib/python3.6/site-packages/airflow/example_dags/example_dag_decorator.py
[2024-12-17 10:55:42,615] {logging_mixin.py:104} INFO - [2024-12-17 10:55:42,615] {dag.py:1833} INFO - Sync 1 DAGs
[2024-12-17 10:55:42,630] {logging_mixin.py:104} INFO - [2024-12-17 10:55:42,630] {dag.py:2306} INFO - Setting next_dagrun for example_dag_decorator to None
[2024-12-17 10:55:42,652] {scheduler_job.py:190} INFO - Processing /home/airflow/.local/lib/python3.6/site-packages/airflow/example_dags/example_dag_decorator.py took 0.341 seconds
[2024-12-17 10:56:13,056] {scheduler_job.py:182} INFO - Started process (PID=745) to work on /home/airflow/.local/lib/python3.6/site-packages/airflow/example_dags/example_dag_decorator.py
[2024-12-17 10:56:13,057] {scheduler_job.py:633} INFO - Processing file /home/airflow/.local/lib/python3.6/site-packages/airflow/example_dags/example_dag_decorator.py for tasks to queue
[2024-12-17 10:56:13,058] {logging_mixin.py:104} INFO - [2024-12-17 10:56:13,058] {dagbag.py:496} INFO - Filling up the DagBag from /home/airflow/.local/lib/python3.6/site-packages/airflow/example_dags/example_dag_decorator.py
[2024-12-17 10:56:13,079] {scheduler_job.py:643} INFO - DAG(s) dict_keys(['example_dag_decorator']) retrieved from /home/airflow/.local/lib/python3.6/site-packages/airflow/example_dags/example_dag_decorator.py
[2024-12-17 10:56:13,282] {logging_mixin.py:104} INFO - [2024-12-17 10:56:13,281] {dag.py:1833} INFO - Sync 1 DAGs
[2024-12-17 10:56:13,296] {logging_mixin.py:104} INFO - [2024-12-17 10:56:13,296] {dag.py:2306} INFO - Setting next_dagrun for example_dag_decorator to None
[2024-12-17 10:56:13,316] {scheduler_job.py:190} INFO - Processing /home/airflow/.local/lib/python3.6/site-packages/airflow/example_dags/example_dag_decorator.py took 0.264 seconds
[2024-12-17 10:56:43,389] {scheduler_job.py:182} INFO - Started process (PID=806) to work on /home/airflow/.local/lib/python3.6/site-packages/airflow/example_dags/example_dag_decorator.py
[2024-12-17 10:56:43,457] {scheduler_job.py:633} INFO - Processing file /home/airflow/.local/lib/python3.6/site-packages/airflow/example_dags/example_dag_decorator.py for tasks to queue
[2024-12-17 10:56:43,458] {logging_mixin.py:104} INFO - [2024-12-17 10:56:43,458] {dagbag.py:496} INFO - Filling up the DagBag from /home/airflow/.local/lib/python3.6/site-packages/airflow/example_dags/example_dag_decorator.py
[2024-12-17 10:56:43,477] {scheduler_job.py:643} INFO - DAG(s) dict_keys(['example_dag_decorator']) retrieved from /home/airflow/.local/lib/python3.6/site-packages/airflow/example_dags/example_dag_decorator.py
[2024-12-17 10:56:43,708] {logging_mixin.py:104} INFO - [2024-12-17 10:56:43,708] {dag.py:1833} INFO - Sync 1 DAGs
[2024-12-17 10:56:43,719] {logging_mixin.py:104} INFO - [2024-12-17 10:56:43,719] {dag.py:2306} INFO - Setting next_dagrun for example_dag_decorator to None
[2024-12-17 10:56:43,750] {scheduler_job.py:190} INFO - Processing /home/airflow/.local/lib/python3.6/site-packages/airflow/example_dags/example_dag_decorator.py took 0.364 seconds
[2024-12-17 10:57:14,499] {scheduler_job.py:182} INFO - Started process (PID=856) to work on /home/airflow/.local/lib/python3.6/site-packages/airflow/example_dags/example_dag_decorator.py
[2024-12-17 10:57:14,500] {scheduler_job.py:633} INFO - Processing file /home/airflow/.local/lib/python3.6/site-packages/airflow/example_dags/example_dag_decorator.py for tasks to queue
[2024-12-17 10:57:14,501] {logging_mixin.py:104} INFO - [2024-12-17 10:57:14,501] {dagbag.py:496} INFO - Filling up the DagBag from /home/airflow/.local/lib/python3.6/site-packages/airflow/example_dags/example_dag_decorator.py
[2024-12-17 10:57:14,534] {scheduler_job.py:643} INFO - DAG(s) dict_keys(['example_dag_decorator']) retrieved from /home/airflow/.local/lib/python3.6/site-packages/airflow/example_dags/example_dag_decorator.py
[2024-12-17 10:57:14,912] {logging_mixin.py:104} INFO - [2024-12-17 10:57:14,912] {dag.py:1833} INFO - Sync 1 DAGs
[2024-12-17 10:57:14,925] {logging_mixin.py:104} INFO - [2024-12-17 10:57:14,925] {dag.py:2306} INFO - Setting next_dagrun for example_dag_decorator to None
[2024-12-17 10:57:14,935] {scheduler_job.py:190} INFO - Processing /home/airflow/.local/lib/python3.6/site-packages/airflow/example_dags/example_dag_decorator.py took 0.441 seconds
[2024-12-17 10:57:45,269] {scheduler_job.py:182} INFO - Started process (PID=916) to work on /home/airflow/.local/lib/python3.6/site-packages/airflow/example_dags/example_dag_decorator.py
[2024-12-17 10:57:45,270] {scheduler_job.py:633} INFO - Processing file /home/airflow/.local/lib/python3.6/site-packages/airflow/example_dags/example_dag_decorator.py for tasks to queue
[2024-12-17 10:57:45,276] {logging_mixin.py:104} INFO - [2024-12-17 10:57:45,275] {dagbag.py:496} INFO - Filling up the DagBag from /home/airflow/.local/lib/python3.6/site-packages/airflow/example_dags/example_dag_decorator.py
[2024-12-17 10:57:45,297] {scheduler_job.py:643} INFO - DAG(s) dict_keys(['example_dag_decorator']) retrieved from /home/airflow/.local/lib/python3.6/site-packages/airflow/example_dags/example_dag_decorator.py
[2024-12-17 10:57:45,588] {logging_mixin.py:104} INFO - [2024-12-17 10:57:45,588] {dag.py:1833} INFO - Sync 1 DAGs
[2024-12-17 10:57:45,645] {logging_mixin.py:104} INFO - [2024-12-17 10:57:45,644] {dag.py:2306} INFO - Setting next_dagrun for example_dag_decorator to None
[2024-12-17 10:57:45,691] {scheduler_job.py:190} INFO - Processing /home/airflow/.local/lib/python3.6/site-packages/airflow/example_dags/example_dag_decorator.py took 0.426 seconds
[2024-12-17 10:58:16,136] {scheduler_job.py:182} INFO - Started process (PID=967) to work on /home/airflow/.local/lib/python3.6/site-packages/airflow/example_dags/example_dag_decorator.py
[2024-12-17 10:58:16,137] {scheduler_job.py:633} INFO - Processing file /home/airflow/.local/lib/python3.6/site-packages/airflow/example_dags/example_dag_decorator.py for tasks to queue
[2024-12-17 10:58:16,137] {logging_mixin.py:104} INFO - [2024-12-17 10:58:16,137] {dagbag.py:496} INFO - Filling up the DagBag from /home/airflow/.local/lib/python3.6/site-packages/airflow/example_dags/example_dag_decorator.py
[2024-12-17 10:58:16,161] {scheduler_job.py:643} INFO - DAG(s) dict_keys(['example_dag_decorator']) retrieved from /home/airflow/.local/lib/python3.6/site-packages/airflow/example_dags/example_dag_decorator.py
[2024-12-17 10:58:16,191] {logging_mixin.py:104} INFO - [2024-12-17 10:58:16,191] {dag.py:1833} INFO - Sync 1 DAGs
[2024-12-17 10:58:16,209] {logging_mixin.py:104} INFO - [2024-12-17 10:58:16,209] {dag.py:2306} INFO - Setting next_dagrun for example_dag_decorator to None
[2024-12-17 10:58:16,229] {scheduler_job.py:190} INFO - Processing /home/airflow/.local/lib/python3.6/site-packages/airflow/example_dags/example_dag_decorator.py took 0.096 seconds
[2024-12-17 10:58:47,060] {scheduler_job.py:182} INFO - Started process (PID=1027) to work on /home/airflow/.local/lib/python3.6/site-packages/airflow/example_dags/example_dag_decorator.py
[2024-12-17 10:58:47,061] {scheduler_job.py:633} INFO - Processing file /home/airflow/.local/lib/python3.6/site-packages/airflow/example_dags/example_dag_decorator.py for tasks to queue
[2024-12-17 10:58:47,062] {logging_mixin.py:104} INFO - [2024-12-17 10:58:47,062] {dagbag.py:496} INFO - Filling up the DagBag from /home/airflow/.local/lib/python3.6/site-packages/airflow/example_dags/example_dag_decorator.py
[2024-12-17 10:58:47,090] {scheduler_job.py:643} INFO - DAG(s) dict_keys(['example_dag_decorator']) retrieved from /home/airflow/.local/lib/python3.6/site-packages/airflow/example_dags/example_dag_decorator.py
[2024-12-17 10:58:47,338] {logging_mixin.py:104} INFO - [2024-12-17 10:58:47,338] {dag.py:1833} INFO - Sync 1 DAGs
[2024-12-17 10:58:47,355] {logging_mixin.py:104} INFO - [2024-12-17 10:58:47,355] {dag.py:2306} INFO - Setting next_dagrun for example_dag_decorator to None
[2024-12-17 10:58:47,373] {scheduler_job.py:190} INFO - Processing /home/airflow/.local/lib/python3.6/site-packages/airflow/example_dags/example_dag_decorator.py took 0.319 seconds
