[2024-12-17 10:50:42,338] {scheduler_job.py:182} INFO - Started process (PID=143) to work on /home/airflow/.local/lib/python3.6/site-packages/airflow/example_dags/example_branch_operator.py
[2024-12-17 10:50:42,339] {scheduler_job.py:633} INFO - Processing file /home/airflow/.local/lib/python3.6/site-packages/airflow/example_dags/example_branch_operator.py for tasks to queue
[2024-12-17 10:50:42,341] {logging_mixin.py:104} INFO - [2024-12-17 10:50:42,341] {dagbag.py:496} INFO - Filling up the DagBag from /home/airflow/.local/lib/python3.6/site-packages/airflow/example_dags/example_branch_operator.py
[2024-12-17 10:50:42,362] {scheduler_job.py:643} INFO - DAG(s) dict_keys(['example_branch_operator']) retrieved from /home/airflow/.local/lib/python3.6/site-packages/airflow/example_dags/example_branch_operator.py
[2024-12-17 10:50:45,459] {logging_mixin.py:104} INFO - [2024-12-17 10:50:45,457] {dag.py:1833} INFO - Sync 1 DAGs
[2024-12-17 10:50:45,489] {logging_mixin.py:104} INFO - [2024-12-17 10:50:45,487] {dag.py:1852} INFO - Creating ORM DAG for example_branch_operator
[2024-12-17 10:50:45,518] {logging_mixin.py:104} INFO - [2024-12-17 10:50:45,517] {dag.py:2306} INFO - Setting next_dagrun for example_branch_operator to 2024-12-15 00:00:00+00:00
[2024-12-17 10:50:45,550] {scheduler_job.py:190} INFO - Processing /home/airflow/.local/lib/python3.6/site-packages/airflow/example_dags/example_branch_operator.py took 3.217 seconds
[2024-12-17 10:51:15,759] {scheduler_job.py:182} INFO - Started process (PID=212) to work on /home/airflow/.local/lib/python3.6/site-packages/airflow/example_dags/example_branch_operator.py
[2024-12-17 10:51:15,761] {scheduler_job.py:633} INFO - Processing file /home/airflow/.local/lib/python3.6/site-packages/airflow/example_dags/example_branch_operator.py for tasks to queue
[2024-12-17 10:51:15,763] {logging_mixin.py:104} INFO - [2024-12-17 10:51:15,762] {dagbag.py:496} INFO - Filling up the DagBag from /home/airflow/.local/lib/python3.6/site-packages/airflow/example_dags/example_branch_operator.py
[2024-12-17 10:51:15,835] {scheduler_job.py:643} INFO - DAG(s) dict_keys(['example_branch_operator']) retrieved from /home/airflow/.local/lib/python3.6/site-packages/airflow/example_dags/example_branch_operator.py
[2024-12-17 10:51:15,926] {logging_mixin.py:104} INFO - [2024-12-17 10:51:15,926] {dag.py:1833} INFO - Sync 1 DAGs
[2024-12-17 10:51:16,003] {logging_mixin.py:104} INFO - [2024-12-17 10:51:16,002] {dag.py:2306} INFO - Setting next_dagrun for example_branch_operator to 2024-12-15 00:00:00+00:00
[2024-12-17 10:51:16,064] {scheduler_job.py:190} INFO - Processing /home/airflow/.local/lib/python3.6/site-packages/airflow/example_dags/example_branch_operator.py took 0.315 seconds
[2024-12-17 10:51:46,368] {scheduler_job.py:182} INFO - Started process (PID=261) to work on /home/airflow/.local/lib/python3.6/site-packages/airflow/example_dags/example_branch_operator.py
[2024-12-17 10:51:46,369] {scheduler_job.py:633} INFO - Processing file /home/airflow/.local/lib/python3.6/site-packages/airflow/example_dags/example_branch_operator.py for tasks to queue
[2024-12-17 10:51:46,370] {logging_mixin.py:104} INFO - [2024-12-17 10:51:46,370] {dagbag.py:496} INFO - Filling up the DagBag from /home/airflow/.local/lib/python3.6/site-packages/airflow/example_dags/example_branch_operator.py
[2024-12-17 10:51:46,386] {scheduler_job.py:643} INFO - DAG(s) dict_keys(['example_branch_operator']) retrieved from /home/airflow/.local/lib/python3.6/site-packages/airflow/example_dags/example_branch_operator.py
[2024-12-17 10:51:46,427] {logging_mixin.py:104} INFO - [2024-12-17 10:51:46,427] {dag.py:1833} INFO - Sync 1 DAGs
[2024-12-17 10:51:46,457] {logging_mixin.py:104} INFO - [2024-12-17 10:51:46,457] {dag.py:2306} INFO - Setting next_dagrun for example_branch_operator to 2024-12-15 00:00:00+00:00
[2024-12-17 10:51:46,473] {scheduler_job.py:190} INFO - Processing /home/airflow/.local/lib/python3.6/site-packages/airflow/example_dags/example_branch_operator.py took 0.108 seconds
[2024-12-17 10:52:17,015] {scheduler_job.py:182} INFO - Started process (PID=321) to work on /home/airflow/.local/lib/python3.6/site-packages/airflow/example_dags/example_branch_operator.py
[2024-12-17 10:52:17,016] {scheduler_job.py:633} INFO - Processing file /home/airflow/.local/lib/python3.6/site-packages/airflow/example_dags/example_branch_operator.py for tasks to queue
[2024-12-17 10:52:17,016] {logging_mixin.py:104} INFO - [2024-12-17 10:52:17,016] {dagbag.py:496} INFO - Filling up the DagBag from /home/airflow/.local/lib/python3.6/site-packages/airflow/example_dags/example_branch_operator.py
[2024-12-17 10:52:17,034] {scheduler_job.py:643} INFO - DAG(s) dict_keys(['example_branch_operator']) retrieved from /home/airflow/.local/lib/python3.6/site-packages/airflow/example_dags/example_branch_operator.py
[2024-12-17 10:52:17,060] {logging_mixin.py:104} INFO - [2024-12-17 10:52:17,060] {dag.py:1833} INFO - Sync 1 DAGs
[2024-12-17 10:52:17,076] {logging_mixin.py:104} INFO - [2024-12-17 10:52:17,076] {dag.py:2306} INFO - Setting next_dagrun for example_branch_operator to 2024-12-15 00:00:00+00:00
[2024-12-17 10:52:17,093] {scheduler_job.py:190} INFO - Processing /home/airflow/.local/lib/python3.6/site-packages/airflow/example_dags/example_branch_operator.py took 0.081 seconds
[2024-12-17 10:52:47,559] {scheduler_job.py:182} INFO - Started process (PID=372) to work on /home/airflow/.local/lib/python3.6/site-packages/airflow/example_dags/example_branch_operator.py
[2024-12-17 10:52:47,560] {scheduler_job.py:633} INFO - Processing file /home/airflow/.local/lib/python3.6/site-packages/airflow/example_dags/example_branch_operator.py for tasks to queue
[2024-12-17 10:52:47,560] {logging_mixin.py:104} INFO - [2024-12-17 10:52:47,560] {dagbag.py:496} INFO - Filling up the DagBag from /home/airflow/.local/lib/python3.6/site-packages/airflow/example_dags/example_branch_operator.py
[2024-12-17 10:52:47,575] {scheduler_job.py:643} INFO - DAG(s) dict_keys(['example_branch_operator']) retrieved from /home/airflow/.local/lib/python3.6/site-packages/airflow/example_dags/example_branch_operator.py
[2024-12-17 10:52:47,595] {logging_mixin.py:104} INFO - [2024-12-17 10:52:47,595] {dag.py:1833} INFO - Sync 1 DAGs
[2024-12-17 10:52:47,614] {logging_mixin.py:104} INFO - [2024-12-17 10:52:47,614] {dag.py:2306} INFO - Setting next_dagrun for example_branch_operator to 2024-12-15 00:00:00+00:00
[2024-12-17 10:52:47,627] {scheduler_job.py:190} INFO - Processing /home/airflow/.local/lib/python3.6/site-packages/airflow/example_dags/example_branch_operator.py took 0.071 seconds
[2024-12-17 10:53:18,367] {scheduler_job.py:182} INFO - Started process (PID=432) to work on /home/airflow/.local/lib/python3.6/site-packages/airflow/example_dags/example_branch_operator.py
[2024-12-17 10:53:18,368] {scheduler_job.py:633} INFO - Processing file /home/airflow/.local/lib/python3.6/site-packages/airflow/example_dags/example_branch_operator.py for tasks to queue
[2024-12-17 10:53:18,369] {logging_mixin.py:104} INFO - [2024-12-17 10:53:18,369] {dagbag.py:496} INFO - Filling up the DagBag from /home/airflow/.local/lib/python3.6/site-packages/airflow/example_dags/example_branch_operator.py
[2024-12-17 10:53:18,395] {scheduler_job.py:643} INFO - DAG(s) dict_keys(['example_branch_operator']) retrieved from /home/airflow/.local/lib/python3.6/site-packages/airflow/example_dags/example_branch_operator.py
[2024-12-17 10:53:18,419] {logging_mixin.py:104} INFO - [2024-12-17 10:53:18,419] {dag.py:1833} INFO - Sync 1 DAGs
[2024-12-17 10:53:18,437] {logging_mixin.py:104} INFO - [2024-12-17 10:53:18,437] {dag.py:2306} INFO - Setting next_dagrun for example_branch_operator to 2024-12-15 00:00:00+00:00
[2024-12-17 10:53:18,451] {scheduler_job.py:190} INFO - Processing /home/airflow/.local/lib/python3.6/site-packages/airflow/example_dags/example_branch_operator.py took 0.087 seconds
[2024-12-17 10:53:49,063] {scheduler_job.py:182} INFO - Started process (PID=483) to work on /home/airflow/.local/lib/python3.6/site-packages/airflow/example_dags/example_branch_operator.py
[2024-12-17 10:53:49,064] {scheduler_job.py:633} INFO - Processing file /home/airflow/.local/lib/python3.6/site-packages/airflow/example_dags/example_branch_operator.py for tasks to queue
[2024-12-17 10:53:49,065] {logging_mixin.py:104} INFO - [2024-12-17 10:53:49,065] {dagbag.py:496} INFO - Filling up the DagBag from /home/airflow/.local/lib/python3.6/site-packages/airflow/example_dags/example_branch_operator.py
[2024-12-17 10:53:49,078] {scheduler_job.py:643} INFO - DAG(s) dict_keys(['example_branch_operator']) retrieved from /home/airflow/.local/lib/python3.6/site-packages/airflow/example_dags/example_branch_operator.py
[2024-12-17 10:53:49,105] {logging_mixin.py:104} INFO - [2024-12-17 10:53:49,105] {dag.py:1833} INFO - Sync 1 DAGs
[2024-12-17 10:53:49,126] {logging_mixin.py:104} INFO - [2024-12-17 10:53:49,126] {dag.py:2306} INFO - Setting next_dagrun for example_branch_operator to 2024-12-15 00:00:00+00:00
[2024-12-17 10:53:49,160] {scheduler_job.py:190} INFO - Processing /home/airflow/.local/lib/python3.6/site-packages/airflow/example_dags/example_branch_operator.py took 0.100 seconds
[2024-12-17 10:54:19,490] {scheduler_job.py:182} INFO - Started process (PID=544) to work on /home/airflow/.local/lib/python3.6/site-packages/airflow/example_dags/example_branch_operator.py
[2024-12-17 10:54:19,491] {scheduler_job.py:633} INFO - Processing file /home/airflow/.local/lib/python3.6/site-packages/airflow/example_dags/example_branch_operator.py for tasks to queue
[2024-12-17 10:54:19,492] {logging_mixin.py:104} INFO - [2024-12-17 10:54:19,492] {dagbag.py:496} INFO - Filling up the DagBag from /home/airflow/.local/lib/python3.6/site-packages/airflow/example_dags/example_branch_operator.py
[2024-12-17 10:54:19,511] {scheduler_job.py:643} INFO - DAG(s) dict_keys(['example_branch_operator']) retrieved from /home/airflow/.local/lib/python3.6/site-packages/airflow/example_dags/example_branch_operator.py
[2024-12-17 10:54:19,548] {logging_mixin.py:104} INFO - [2024-12-17 10:54:19,547] {dag.py:1833} INFO - Sync 1 DAGs
[2024-12-17 10:54:19,569] {logging_mixin.py:104} INFO - [2024-12-17 10:54:19,569] {dag.py:2306} INFO - Setting next_dagrun for example_branch_operator to 2024-12-15 00:00:00+00:00
[2024-12-17 10:54:19,580] {scheduler_job.py:190} INFO - Processing /home/airflow/.local/lib/python3.6/site-packages/airflow/example_dags/example_branch_operator.py took 0.095 seconds
[2024-12-17 10:54:50,417] {scheduler_job.py:182} INFO - Started process (PID=596) to work on /home/airflow/.local/lib/python3.6/site-packages/airflow/example_dags/example_branch_operator.py
[2024-12-17 10:54:50,418] {scheduler_job.py:633} INFO - Processing file /home/airflow/.local/lib/python3.6/site-packages/airflow/example_dags/example_branch_operator.py for tasks to queue
[2024-12-17 10:54:50,419] {logging_mixin.py:104} INFO - [2024-12-17 10:54:50,419] {dagbag.py:496} INFO - Filling up the DagBag from /home/airflow/.local/lib/python3.6/site-packages/airflow/example_dags/example_branch_operator.py
[2024-12-17 10:54:50,439] {scheduler_job.py:643} INFO - DAG(s) dict_keys(['example_branch_operator']) retrieved from /home/airflow/.local/lib/python3.6/site-packages/airflow/example_dags/example_branch_operator.py
[2024-12-17 10:54:50,466] {logging_mixin.py:104} INFO - [2024-12-17 10:54:50,466] {dag.py:1833} INFO - Sync 1 DAGs
[2024-12-17 10:54:50,484] {logging_mixin.py:104} INFO - [2024-12-17 10:54:50,484] {dag.py:2306} INFO - Setting next_dagrun for example_branch_operator to 2024-12-15 00:00:00+00:00
[2024-12-17 10:54:50,497] {scheduler_job.py:190} INFO - Processing /home/airflow/.local/lib/python3.6/site-packages/airflow/example_dags/example_branch_operator.py took 0.084 seconds
[2024-12-17 10:55:21,446] {scheduler_job.py:182} INFO - Started process (PID=657) to work on /home/airflow/.local/lib/python3.6/site-packages/airflow/example_dags/example_branch_operator.py
[2024-12-17 10:55:21,447] {scheduler_job.py:633} INFO - Processing file /home/airflow/.local/lib/python3.6/site-packages/airflow/example_dags/example_branch_operator.py for tasks to queue
[2024-12-17 10:55:21,447] {logging_mixin.py:104} INFO - [2024-12-17 10:55:21,447] {dagbag.py:496} INFO - Filling up the DagBag from /home/airflow/.local/lib/python3.6/site-packages/airflow/example_dags/example_branch_operator.py
[2024-12-17 10:55:21,460] {scheduler_job.py:643} INFO - DAG(s) dict_keys(['example_branch_operator']) retrieved from /home/airflow/.local/lib/python3.6/site-packages/airflow/example_dags/example_branch_operator.py
[2024-12-17 10:55:21,497] {logging_mixin.py:104} INFO - [2024-12-17 10:55:21,497] {dag.py:1833} INFO - Sync 1 DAGs
[2024-12-17 10:55:21,516] {logging_mixin.py:104} INFO - [2024-12-17 10:55:21,516] {dag.py:2306} INFO - Setting next_dagrun for example_branch_operator to 2024-12-15 00:00:00+00:00
[2024-12-17 10:55:21,536] {scheduler_job.py:190} INFO - Processing /home/airflow/.local/lib/python3.6/site-packages/airflow/example_dags/example_branch_operator.py took 0.094 seconds
[2024-12-17 10:55:52,270] {scheduler_job.py:182} INFO - Started process (PID=714) to work on /home/airflow/.local/lib/python3.6/site-packages/airflow/example_dags/example_branch_operator.py
[2024-12-17 10:55:52,272] {scheduler_job.py:633} INFO - Processing file /home/airflow/.local/lib/python3.6/site-packages/airflow/example_dags/example_branch_operator.py for tasks to queue
[2024-12-17 10:55:52,273] {logging_mixin.py:104} INFO - [2024-12-17 10:55:52,272] {dagbag.py:496} INFO - Filling up the DagBag from /home/airflow/.local/lib/python3.6/site-packages/airflow/example_dags/example_branch_operator.py
[2024-12-17 10:55:52,299] {scheduler_job.py:643} INFO - DAG(s) dict_keys(['example_branch_operator']) retrieved from /home/airflow/.local/lib/python3.6/site-packages/airflow/example_dags/example_branch_operator.py
[2024-12-17 10:55:52,336] {logging_mixin.py:104} INFO - [2024-12-17 10:55:52,336] {dag.py:1833} INFO - Sync 1 DAGs
[2024-12-17 10:55:52,360] {logging_mixin.py:104} INFO - [2024-12-17 10:55:52,360] {dag.py:2306} INFO - Setting next_dagrun for example_branch_operator to 2024-12-15 00:00:00+00:00
[2024-12-17 10:55:52,373] {scheduler_job.py:190} INFO - Processing /home/airflow/.local/lib/python3.6/site-packages/airflow/example_dags/example_branch_operator.py took 0.107 seconds
[2024-12-17 10:56:22,418] {scheduler_job.py:182} INFO - Started process (PID=769) to work on /home/airflow/.local/lib/python3.6/site-packages/airflow/example_dags/example_branch_operator.py
[2024-12-17 10:56:22,418] {scheduler_job.py:633} INFO - Processing file /home/airflow/.local/lib/python3.6/site-packages/airflow/example_dags/example_branch_operator.py for tasks to queue
[2024-12-17 10:56:22,419] {logging_mixin.py:104} INFO - [2024-12-17 10:56:22,419] {dagbag.py:496} INFO - Filling up the DagBag from /home/airflow/.local/lib/python3.6/site-packages/airflow/example_dags/example_branch_operator.py
[2024-12-17 10:56:22,433] {scheduler_job.py:643} INFO - DAG(s) dict_keys(['example_branch_operator']) retrieved from /home/airflow/.local/lib/python3.6/site-packages/airflow/example_dags/example_branch_operator.py
[2024-12-17 10:56:22,475] {logging_mixin.py:104} INFO - [2024-12-17 10:56:22,475] {dag.py:1833} INFO - Sync 1 DAGs
[2024-12-17 10:56:22,500] {logging_mixin.py:104} INFO - [2024-12-17 10:56:22,500] {dag.py:2306} INFO - Setting next_dagrun for example_branch_operator to 2024-12-15 00:00:00+00:00
[2024-12-17 10:56:22,517] {scheduler_job.py:190} INFO - Processing /home/airflow/.local/lib/python3.6/site-packages/airflow/example_dags/example_branch_operator.py took 0.102 seconds
[2024-12-17 10:56:52,571] {scheduler_job.py:182} INFO - Started process (PID=819) to work on /home/airflow/.local/lib/python3.6/site-packages/airflow/example_dags/example_branch_operator.py
[2024-12-17 10:56:52,573] {scheduler_job.py:633} INFO - Processing file /home/airflow/.local/lib/python3.6/site-packages/airflow/example_dags/example_branch_operator.py for tasks to queue
[2024-12-17 10:56:52,574] {logging_mixin.py:104} INFO - [2024-12-17 10:56:52,573] {dagbag.py:496} INFO - Filling up the DagBag from /home/airflow/.local/lib/python3.6/site-packages/airflow/example_dags/example_branch_operator.py
[2024-12-17 10:56:52,587] {scheduler_job.py:643} INFO - DAG(s) dict_keys(['example_branch_operator']) retrieved from /home/airflow/.local/lib/python3.6/site-packages/airflow/example_dags/example_branch_operator.py
[2024-12-17 10:56:52,616] {logging_mixin.py:104} INFO - [2024-12-17 10:56:52,615] {dag.py:1833} INFO - Sync 1 DAGs
[2024-12-17 10:56:52,634] {logging_mixin.py:104} INFO - [2024-12-17 10:56:52,634] {dag.py:2306} INFO - Setting next_dagrun for example_branch_operator to 2024-12-15 00:00:00+00:00
[2024-12-17 10:56:52,651] {scheduler_job.py:190} INFO - Processing /home/airflow/.local/lib/python3.6/site-packages/airflow/example_dags/example_branch_operator.py took 0.083 seconds
[2024-12-17 10:57:22,885] {scheduler_job.py:182} INFO - Started process (PID=879) to work on /home/airflow/.local/lib/python3.6/site-packages/airflow/example_dags/example_branch_operator.py
[2024-12-17 10:57:22,886] {scheduler_job.py:633} INFO - Processing file /home/airflow/.local/lib/python3.6/site-packages/airflow/example_dags/example_branch_operator.py for tasks to queue
[2024-12-17 10:57:22,887] {logging_mixin.py:104} INFO - [2024-12-17 10:57:22,887] {dagbag.py:496} INFO - Filling up the DagBag from /home/airflow/.local/lib/python3.6/site-packages/airflow/example_dags/example_branch_operator.py
[2024-12-17 10:57:22,904] {scheduler_job.py:643} INFO - DAG(s) dict_keys(['example_branch_operator']) retrieved from /home/airflow/.local/lib/python3.6/site-packages/airflow/example_dags/example_branch_operator.py
[2024-12-17 10:57:22,925] {logging_mixin.py:104} INFO - [2024-12-17 10:57:22,925] {dag.py:1833} INFO - Sync 1 DAGs
[2024-12-17 10:57:22,943] {logging_mixin.py:104} INFO - [2024-12-17 10:57:22,943] {dag.py:2306} INFO - Setting next_dagrun for example_branch_operator to 2024-12-15 00:00:00+00:00
[2024-12-17 10:57:22,959] {scheduler_job.py:190} INFO - Processing /home/airflow/.local/lib/python3.6/site-packages/airflow/example_dags/example_branch_operator.py took 0.080 seconds
[2024-12-17 10:57:53,075] {scheduler_job.py:182} INFO - Started process (PID=929) to work on /home/airflow/.local/lib/python3.6/site-packages/airflow/example_dags/example_branch_operator.py
[2024-12-17 10:57:53,076] {scheduler_job.py:633} INFO - Processing file /home/airflow/.local/lib/python3.6/site-packages/airflow/example_dags/example_branch_operator.py for tasks to queue
[2024-12-17 10:57:53,078] {logging_mixin.py:104} INFO - [2024-12-17 10:57:53,078] {dagbag.py:496} INFO - Filling up the DagBag from /home/airflow/.local/lib/python3.6/site-packages/airflow/example_dags/example_branch_operator.py
[2024-12-17 10:57:53,094] {scheduler_job.py:643} INFO - DAG(s) dict_keys(['example_branch_operator']) retrieved from /home/airflow/.local/lib/python3.6/site-packages/airflow/example_dags/example_branch_operator.py
[2024-12-17 10:57:53,123] {logging_mixin.py:104} INFO - [2024-12-17 10:57:53,123] {dag.py:1833} INFO - Sync 1 DAGs
[2024-12-17 10:57:53,144] {logging_mixin.py:104} INFO - [2024-12-17 10:57:53,144] {dag.py:2306} INFO - Setting next_dagrun for example_branch_operator to 2024-12-15 00:00:00+00:00
[2024-12-17 10:57:53,168] {scheduler_job.py:190} INFO - Processing /home/airflow/.local/lib/python3.6/site-packages/airflow/example_dags/example_branch_operator.py took 0.097 seconds
[2024-12-17 10:58:23,187] {scheduler_job.py:182} INFO - Started process (PID=989) to work on /home/airflow/.local/lib/python3.6/site-packages/airflow/example_dags/example_branch_operator.py
[2024-12-17 10:58:23,188] {scheduler_job.py:633} INFO - Processing file /home/airflow/.local/lib/python3.6/site-packages/airflow/example_dags/example_branch_operator.py for tasks to queue
[2024-12-17 10:58:23,189] {logging_mixin.py:104} INFO - [2024-12-17 10:58:23,189] {dagbag.py:496} INFO - Filling up the DagBag from /home/airflow/.local/lib/python3.6/site-packages/airflow/example_dags/example_branch_operator.py
[2024-12-17 10:58:23,203] {scheduler_job.py:643} INFO - DAG(s) dict_keys(['example_branch_operator']) retrieved from /home/airflow/.local/lib/python3.6/site-packages/airflow/example_dags/example_branch_operator.py
[2024-12-17 10:58:23,249] {logging_mixin.py:104} INFO - [2024-12-17 10:58:23,249] {dag.py:1833} INFO - Sync 1 DAGs
[2024-12-17 10:58:23,269] {logging_mixin.py:104} INFO - [2024-12-17 10:58:23,269] {dag.py:2306} INFO - Setting next_dagrun for example_branch_operator to 2024-12-15 00:00:00+00:00
[2024-12-17 10:58:23,282] {scheduler_job.py:190} INFO - Processing /home/airflow/.local/lib/python3.6/site-packages/airflow/example_dags/example_branch_operator.py took 0.099 seconds
