[2024-12-17 10:50:44,825] {scheduler_job.py:182} INFO - Started process (PID=146) to work on /home/airflow/.local/lib/python3.6/site-packages/airflow/example_dags/example_kubernetes_executor_config.py
[2024-12-17 10:50:44,827] {scheduler_job.py:633} INFO - Processing file /home/airflow/.local/lib/python3.6/site-packages/airflow/example_dags/example_kubernetes_executor_config.py for tasks to queue
[2024-12-17 10:50:44,828] {logging_mixin.py:104} INFO - [2024-12-17 10:50:44,827] {dagbag.py:496} INFO - Filling up the DagBag from /home/airflow/.local/lib/python3.6/site-packages/airflow/example_dags/example_kubernetes_executor_config.py
[2024-12-17 10:50:44,849] {scheduler_job.py:643} INFO - DAG(s) dict_keys(['example_kubernetes_executor_config']) retrieved from /home/airflow/.local/lib/python3.6/site-packages/airflow/example_dags/example_kubernetes_executor_config.py
[2024-12-17 10:50:48,411] {logging_mixin.py:104} INFO - [2024-12-17 10:50:48,410] {dag.py:1833} INFO - Sync 1 DAGs
[2024-12-17 10:50:48,424] {logging_mixin.py:104} INFO - [2024-12-17 10:50:48,423] {dag.py:1852} INFO - Creating ORM DAG for example_kubernetes_executor_config
[2024-12-17 10:50:48,433] {logging_mixin.py:104} INFO - [2024-12-17 10:50:48,433] {dag.py:2306} INFO - Setting next_dagrun for example_kubernetes_executor_config to None
[2024-12-17 10:50:48,451] {scheduler_job.py:190} INFO - Processing /home/airflow/.local/lib/python3.6/site-packages/airflow/example_dags/example_kubernetes_executor_config.py took 3.630 seconds
[2024-12-17 10:51:18,767] {scheduler_job.py:182} INFO - Started process (PID=213) to work on /home/airflow/.local/lib/python3.6/site-packages/airflow/example_dags/example_kubernetes_executor_config.py
[2024-12-17 10:51:18,768] {scheduler_job.py:633} INFO - Processing file /home/airflow/.local/lib/python3.6/site-packages/airflow/example_dags/example_kubernetes_executor_config.py for tasks to queue
[2024-12-17 10:51:18,768] {logging_mixin.py:104} INFO - [2024-12-17 10:51:18,768] {dagbag.py:496} INFO - Filling up the DagBag from /home/airflow/.local/lib/python3.6/site-packages/airflow/example_dags/example_kubernetes_executor_config.py
[2024-12-17 10:51:18,788] {scheduler_job.py:643} INFO - DAG(s) dict_keys(['example_kubernetes_executor_config']) retrieved from /home/airflow/.local/lib/python3.6/site-packages/airflow/example_dags/example_kubernetes_executor_config.py
[2024-12-17 10:51:18,830] {logging_mixin.py:104} INFO - [2024-12-17 10:51:18,829] {dag.py:1833} INFO - Sync 1 DAGs
[2024-12-17 10:51:18,854] {logging_mixin.py:104} INFO - [2024-12-17 10:51:18,853] {dag.py:2306} INFO - Setting next_dagrun for example_kubernetes_executor_config to None
[2024-12-17 10:51:18,866] {scheduler_job.py:190} INFO - Processing /home/airflow/.local/lib/python3.6/site-packages/airflow/example_dags/example_kubernetes_executor_config.py took 0.103 seconds
[2024-12-17 10:51:49,660] {scheduler_job.py:182} INFO - Started process (PID=272) to work on /home/airflow/.local/lib/python3.6/site-packages/airflow/example_dags/example_kubernetes_executor_config.py
[2024-12-17 10:51:49,661] {scheduler_job.py:633} INFO - Processing file /home/airflow/.local/lib/python3.6/site-packages/airflow/example_dags/example_kubernetes_executor_config.py for tasks to queue
[2024-12-17 10:51:49,662] {logging_mixin.py:104} INFO - [2024-12-17 10:51:49,662] {dagbag.py:496} INFO - Filling up the DagBag from /home/airflow/.local/lib/python3.6/site-packages/airflow/example_dags/example_kubernetes_executor_config.py
[2024-12-17 10:51:49,676] {scheduler_job.py:643} INFO - DAG(s) dict_keys(['example_kubernetes_executor_config']) retrieved from /home/airflow/.local/lib/python3.6/site-packages/airflow/example_dags/example_kubernetes_executor_config.py
[2024-12-17 10:51:49,716] {logging_mixin.py:104} INFO - [2024-12-17 10:51:49,715] {dag.py:1833} INFO - Sync 1 DAGs
[2024-12-17 10:51:49,731] {logging_mixin.py:104} INFO - [2024-12-17 10:51:49,731] {dag.py:2306} INFO - Setting next_dagrun for example_kubernetes_executor_config to None
[2024-12-17 10:51:49,745] {scheduler_job.py:190} INFO - Processing /home/airflow/.local/lib/python3.6/site-packages/airflow/example_dags/example_kubernetes_executor_config.py took 0.088 seconds
[2024-12-17 10:52:20,126] {scheduler_job.py:182} INFO - Started process (PID=323) to work on /home/airflow/.local/lib/python3.6/site-packages/airflow/example_dags/example_kubernetes_executor_config.py
[2024-12-17 10:52:20,127] {scheduler_job.py:633} INFO - Processing file /home/airflow/.local/lib/python3.6/site-packages/airflow/example_dags/example_kubernetes_executor_config.py for tasks to queue
[2024-12-17 10:52:20,129] {logging_mixin.py:104} INFO - [2024-12-17 10:52:20,128] {dagbag.py:496} INFO - Filling up the DagBag from /home/airflow/.local/lib/python3.6/site-packages/airflow/example_dags/example_kubernetes_executor_config.py
[2024-12-17 10:52:20,142] {scheduler_job.py:643} INFO - DAG(s) dict_keys(['example_kubernetes_executor_config']) retrieved from /home/airflow/.local/lib/python3.6/site-packages/airflow/example_dags/example_kubernetes_executor_config.py
[2024-12-17 10:52:20,172] {logging_mixin.py:104} INFO - [2024-12-17 10:52:20,172] {dag.py:1833} INFO - Sync 1 DAGs
[2024-12-17 10:52:20,191] {logging_mixin.py:104} INFO - [2024-12-17 10:52:20,191] {dag.py:2306} INFO - Setting next_dagrun for example_kubernetes_executor_config to None
[2024-12-17 10:52:20,215] {scheduler_job.py:190} INFO - Processing /home/airflow/.local/lib/python3.6/site-packages/airflow/example_dags/example_kubernetes_executor_config.py took 0.092 seconds
[2024-12-17 10:52:50,666] {scheduler_job.py:182} INFO - Started process (PID=374) to work on /home/airflow/.local/lib/python3.6/site-packages/airflow/example_dags/example_kubernetes_executor_config.py
[2024-12-17 10:52:50,667] {scheduler_job.py:633} INFO - Processing file /home/airflow/.local/lib/python3.6/site-packages/airflow/example_dags/example_kubernetes_executor_config.py for tasks to queue
[2024-12-17 10:52:50,668] {logging_mixin.py:104} INFO - [2024-12-17 10:52:50,668] {dagbag.py:496} INFO - Filling up the DagBag from /home/airflow/.local/lib/python3.6/site-packages/airflow/example_dags/example_kubernetes_executor_config.py
[2024-12-17 10:52:50,681] {scheduler_job.py:643} INFO - DAG(s) dict_keys(['example_kubernetes_executor_config']) retrieved from /home/airflow/.local/lib/python3.6/site-packages/airflow/example_dags/example_kubernetes_executor_config.py
[2024-12-17 10:52:50,744] {logging_mixin.py:104} INFO - [2024-12-17 10:52:50,744] {dag.py:1833} INFO - Sync 1 DAGs
[2024-12-17 10:52:50,768] {logging_mixin.py:104} INFO - [2024-12-17 10:52:50,768] {dag.py:2306} INFO - Setting next_dagrun for example_kubernetes_executor_config to None
[2024-12-17 10:52:50,778] {scheduler_job.py:190} INFO - Processing /home/airflow/.local/lib/python3.6/site-packages/airflow/example_dags/example_kubernetes_executor_config.py took 0.115 seconds
[2024-12-17 10:53:21,493] {scheduler_job.py:182} INFO - Started process (PID=434) to work on /home/airflow/.local/lib/python3.6/site-packages/airflow/example_dags/example_kubernetes_executor_config.py
[2024-12-17 10:53:21,494] {scheduler_job.py:633} INFO - Processing file /home/airflow/.local/lib/python3.6/site-packages/airflow/example_dags/example_kubernetes_executor_config.py for tasks to queue
[2024-12-17 10:53:21,495] {logging_mixin.py:104} INFO - [2024-12-17 10:53:21,495] {dagbag.py:496} INFO - Filling up the DagBag from /home/airflow/.local/lib/python3.6/site-packages/airflow/example_dags/example_kubernetes_executor_config.py
[2024-12-17 10:53:21,509] {scheduler_job.py:643} INFO - DAG(s) dict_keys(['example_kubernetes_executor_config']) retrieved from /home/airflow/.local/lib/python3.6/site-packages/airflow/example_dags/example_kubernetes_executor_config.py
[2024-12-17 10:53:21,538] {logging_mixin.py:104} INFO - [2024-12-17 10:53:21,538] {dag.py:1833} INFO - Sync 1 DAGs
[2024-12-17 10:53:21,554] {logging_mixin.py:104} INFO - [2024-12-17 10:53:21,553] {dag.py:2306} INFO - Setting next_dagrun for example_kubernetes_executor_config to None
[2024-12-17 10:53:21,566] {scheduler_job.py:190} INFO - Processing /home/airflow/.local/lib/python3.6/site-packages/airflow/example_dags/example_kubernetes_executor_config.py took 0.076 seconds
[2024-12-17 10:53:52,203] {scheduler_job.py:182} INFO - Started process (PID=495) to work on /home/airflow/.local/lib/python3.6/site-packages/airflow/example_dags/example_kubernetes_executor_config.py
[2024-12-17 10:53:52,205] {scheduler_job.py:633} INFO - Processing file /home/airflow/.local/lib/python3.6/site-packages/airflow/example_dags/example_kubernetes_executor_config.py for tasks to queue
[2024-12-17 10:53:52,205] {logging_mixin.py:104} INFO - [2024-12-17 10:53:52,205] {dagbag.py:496} INFO - Filling up the DagBag from /home/airflow/.local/lib/python3.6/site-packages/airflow/example_dags/example_kubernetes_executor_config.py
[2024-12-17 10:53:52,221] {scheduler_job.py:643} INFO - DAG(s) dict_keys(['example_kubernetes_executor_config']) retrieved from /home/airflow/.local/lib/python3.6/site-packages/airflow/example_dags/example_kubernetes_executor_config.py
[2024-12-17 10:53:52,256] {logging_mixin.py:104} INFO - [2024-12-17 10:53:52,256] {dag.py:1833} INFO - Sync 1 DAGs
[2024-12-17 10:53:52,274] {logging_mixin.py:104} INFO - [2024-12-17 10:53:52,274] {dag.py:2306} INFO - Setting next_dagrun for example_kubernetes_executor_config to None
[2024-12-17 10:53:52,296] {scheduler_job.py:190} INFO - Processing /home/airflow/.local/lib/python3.6/site-packages/airflow/example_dags/example_kubernetes_executor_config.py took 0.096 seconds
[2024-12-17 10:54:22,627] {scheduler_job.py:182} INFO - Started process (PID=546) to work on /home/airflow/.local/lib/python3.6/site-packages/airflow/example_dags/example_kubernetes_executor_config.py
[2024-12-17 10:54:22,628] {scheduler_job.py:633} INFO - Processing file /home/airflow/.local/lib/python3.6/site-packages/airflow/example_dags/example_kubernetes_executor_config.py for tasks to queue
[2024-12-17 10:54:22,629] {logging_mixin.py:104} INFO - [2024-12-17 10:54:22,628] {dagbag.py:496} INFO - Filling up the DagBag from /home/airflow/.local/lib/python3.6/site-packages/airflow/example_dags/example_kubernetes_executor_config.py
[2024-12-17 10:54:22,648] {scheduler_job.py:643} INFO - DAG(s) dict_keys(['example_kubernetes_executor_config']) retrieved from /home/airflow/.local/lib/python3.6/site-packages/airflow/example_dags/example_kubernetes_executor_config.py
[2024-12-17 10:54:22,674] {logging_mixin.py:104} INFO - [2024-12-17 10:54:22,674] {dag.py:1833} INFO - Sync 1 DAGs
[2024-12-17 10:54:22,689] {logging_mixin.py:104} INFO - [2024-12-17 10:54:22,689] {dag.py:2306} INFO - Setting next_dagrun for example_kubernetes_executor_config to None
[2024-12-17 10:54:22,710] {scheduler_job.py:190} INFO - Processing /home/airflow/.local/lib/python3.6/site-packages/airflow/example_dags/example_kubernetes_executor_config.py took 0.087 seconds
[2024-12-17 10:54:53,400] {scheduler_job.py:182} INFO - Started process (PID=608) to work on /home/airflow/.local/lib/python3.6/site-packages/airflow/example_dags/example_kubernetes_executor_config.py
[2024-12-17 10:54:53,401] {scheduler_job.py:633} INFO - Processing file /home/airflow/.local/lib/python3.6/site-packages/airflow/example_dags/example_kubernetes_executor_config.py for tasks to queue
[2024-12-17 10:54:53,401] {logging_mixin.py:104} INFO - [2024-12-17 10:54:53,401] {dagbag.py:496} INFO - Filling up the DagBag from /home/airflow/.local/lib/python3.6/site-packages/airflow/example_dags/example_kubernetes_executor_config.py
[2024-12-17 10:54:53,423] {scheduler_job.py:643} INFO - DAG(s) dict_keys(['example_kubernetes_executor_config']) retrieved from /home/airflow/.local/lib/python3.6/site-packages/airflow/example_dags/example_kubernetes_executor_config.py
[2024-12-17 10:54:53,454] {logging_mixin.py:104} INFO - [2024-12-17 10:54:53,454] {dag.py:1833} INFO - Sync 1 DAGs
[2024-12-17 10:54:53,472] {logging_mixin.py:104} INFO - [2024-12-17 10:54:53,472] {dag.py:2306} INFO - Setting next_dagrun for example_kubernetes_executor_config to None
[2024-12-17 10:54:53,495] {scheduler_job.py:190} INFO - Processing /home/airflow/.local/lib/python3.6/site-packages/airflow/example_dags/example_kubernetes_executor_config.py took 0.099 seconds
[2024-12-17 10:55:23,668] {scheduler_job.py:182} INFO - Started process (PID=659) to work on /home/airflow/.local/lib/python3.6/site-packages/airflow/example_dags/example_kubernetes_executor_config.py
[2024-12-17 10:55:23,669] {scheduler_job.py:633} INFO - Processing file /home/airflow/.local/lib/python3.6/site-packages/airflow/example_dags/example_kubernetes_executor_config.py for tasks to queue
[2024-12-17 10:55:23,670] {logging_mixin.py:104} INFO - [2024-12-17 10:55:23,670] {dagbag.py:496} INFO - Filling up the DagBag from /home/airflow/.local/lib/python3.6/site-packages/airflow/example_dags/example_kubernetes_executor_config.py
[2024-12-17 10:55:23,683] {scheduler_job.py:643} INFO - DAG(s) dict_keys(['example_kubernetes_executor_config']) retrieved from /home/airflow/.local/lib/python3.6/site-packages/airflow/example_dags/example_kubernetes_executor_config.py
[2024-12-17 10:55:23,710] {logging_mixin.py:104} INFO - [2024-12-17 10:55:23,710] {dag.py:1833} INFO - Sync 1 DAGs
[2024-12-17 10:55:23,724] {logging_mixin.py:104} INFO - [2024-12-17 10:55:23,724] {dag.py:2306} INFO - Setting next_dagrun for example_kubernetes_executor_config to None
[2024-12-17 10:55:23,744] {scheduler_job.py:190} INFO - Processing /home/airflow/.local/lib/python3.6/site-packages/airflow/example_dags/example_kubernetes_executor_config.py took 0.079 seconds
[2024-12-17 10:55:54,444] {scheduler_job.py:182} INFO - Started process (PID=720) to work on /home/airflow/.local/lib/python3.6/site-packages/airflow/example_dags/example_kubernetes_executor_config.py
[2024-12-17 10:55:54,445] {scheduler_job.py:633} INFO - Processing file /home/airflow/.local/lib/python3.6/site-packages/airflow/example_dags/example_kubernetes_executor_config.py for tasks to queue
[2024-12-17 10:55:54,445] {logging_mixin.py:104} INFO - [2024-12-17 10:55:54,445] {dagbag.py:496} INFO - Filling up the DagBag from /home/airflow/.local/lib/python3.6/site-packages/airflow/example_dags/example_kubernetes_executor_config.py
[2024-12-17 10:55:54,458] {scheduler_job.py:643} INFO - DAG(s) dict_keys(['example_kubernetes_executor_config']) retrieved from /home/airflow/.local/lib/python3.6/site-packages/airflow/example_dags/example_kubernetes_executor_config.py
[2024-12-17 10:55:54,483] {logging_mixin.py:104} INFO - [2024-12-17 10:55:54,483] {dag.py:1833} INFO - Sync 1 DAGs
[2024-12-17 10:55:54,497] {logging_mixin.py:104} INFO - [2024-12-17 10:55:54,497] {dag.py:2306} INFO - Setting next_dagrun for example_kubernetes_executor_config to None
[2024-12-17 10:55:54,509] {scheduler_job.py:190} INFO - Processing /home/airflow/.local/lib/python3.6/site-packages/airflow/example_dags/example_kubernetes_executor_config.py took 0.068 seconds
[2024-12-17 10:56:24,543] {scheduler_job.py:182} INFO - Started process (PID=771) to work on /home/airflow/.local/lib/python3.6/site-packages/airflow/example_dags/example_kubernetes_executor_config.py
[2024-12-17 10:56:24,544] {scheduler_job.py:633} INFO - Processing file /home/airflow/.local/lib/python3.6/site-packages/airflow/example_dags/example_kubernetes_executor_config.py for tasks to queue
[2024-12-17 10:56:24,545] {logging_mixin.py:104} INFO - [2024-12-17 10:56:24,545] {dagbag.py:496} INFO - Filling up the DagBag from /home/airflow/.local/lib/python3.6/site-packages/airflow/example_dags/example_kubernetes_executor_config.py
[2024-12-17 10:56:24,559] {scheduler_job.py:643} INFO - DAG(s) dict_keys(['example_kubernetes_executor_config']) retrieved from /home/airflow/.local/lib/python3.6/site-packages/airflow/example_dags/example_kubernetes_executor_config.py
[2024-12-17 10:56:24,594] {logging_mixin.py:104} INFO - [2024-12-17 10:56:24,594] {dag.py:1833} INFO - Sync 1 DAGs
[2024-12-17 10:56:24,609] {logging_mixin.py:104} INFO - [2024-12-17 10:56:24,609] {dag.py:2306} INFO - Setting next_dagrun for example_kubernetes_executor_config to None
[2024-12-17 10:56:24,623] {scheduler_job.py:190} INFO - Processing /home/airflow/.local/lib/python3.6/site-packages/airflow/example_dags/example_kubernetes_executor_config.py took 0.084 seconds
[2024-12-17 10:56:54,799] {scheduler_job.py:182} INFO - Started process (PID=821) to work on /home/airflow/.local/lib/python3.6/site-packages/airflow/example_dags/example_kubernetes_executor_config.py
[2024-12-17 10:56:54,800] {scheduler_job.py:633} INFO - Processing file /home/airflow/.local/lib/python3.6/site-packages/airflow/example_dags/example_kubernetes_executor_config.py for tasks to queue
[2024-12-17 10:56:54,801] {logging_mixin.py:104} INFO - [2024-12-17 10:56:54,801] {dagbag.py:496} INFO - Filling up the DagBag from /home/airflow/.local/lib/python3.6/site-packages/airflow/example_dags/example_kubernetes_executor_config.py
[2024-12-17 10:56:54,840] {scheduler_job.py:643} INFO - DAG(s) dict_keys(['example_kubernetes_executor_config']) retrieved from /home/airflow/.local/lib/python3.6/site-packages/airflow/example_dags/example_kubernetes_executor_config.py
[2024-12-17 10:56:54,870] {logging_mixin.py:104} INFO - [2024-12-17 10:56:54,869] {dag.py:1833} INFO - Sync 1 DAGs
[2024-12-17 10:56:54,885] {logging_mixin.py:104} INFO - [2024-12-17 10:56:54,885] {dag.py:2306} INFO - Setting next_dagrun for example_kubernetes_executor_config to None
[2024-12-17 10:56:54,901] {scheduler_job.py:190} INFO - Processing /home/airflow/.local/lib/python3.6/site-packages/airflow/example_dags/example_kubernetes_executor_config.py took 0.106 seconds
[2024-12-17 10:57:25,044] {scheduler_job.py:182} INFO - Started process (PID=880) to work on /home/airflow/.local/lib/python3.6/site-packages/airflow/example_dags/example_kubernetes_executor_config.py
[2024-12-17 10:57:25,046] {scheduler_job.py:633} INFO - Processing file /home/airflow/.local/lib/python3.6/site-packages/airflow/example_dags/example_kubernetes_executor_config.py for tasks to queue
[2024-12-17 10:57:25,047] {logging_mixin.py:104} INFO - [2024-12-17 10:57:25,047] {dagbag.py:496} INFO - Filling up the DagBag from /home/airflow/.local/lib/python3.6/site-packages/airflow/example_dags/example_kubernetes_executor_config.py
[2024-12-17 10:57:25,060] {scheduler_job.py:643} INFO - DAG(s) dict_keys(['example_kubernetes_executor_config']) retrieved from /home/airflow/.local/lib/python3.6/site-packages/airflow/example_dags/example_kubernetes_executor_config.py
[2024-12-17 10:57:25,094] {logging_mixin.py:104} INFO - [2024-12-17 10:57:25,094] {dag.py:1833} INFO - Sync 1 DAGs
[2024-12-17 10:57:25,111] {logging_mixin.py:104} INFO - [2024-12-17 10:57:25,111] {dag.py:2306} INFO - Setting next_dagrun for example_kubernetes_executor_config to None
[2024-12-17 10:57:25,121] {scheduler_job.py:190} INFO - Processing /home/airflow/.local/lib/python3.6/site-packages/airflow/example_dags/example_kubernetes_executor_config.py took 0.081 seconds
[2024-12-17 10:57:55,242] {scheduler_job.py:182} INFO - Started process (PID=930) to work on /home/airflow/.local/lib/python3.6/site-packages/airflow/example_dags/example_kubernetes_executor_config.py
[2024-12-17 10:57:55,244] {scheduler_job.py:633} INFO - Processing file /home/airflow/.local/lib/python3.6/site-packages/airflow/example_dags/example_kubernetes_executor_config.py for tasks to queue
[2024-12-17 10:57:55,248] {logging_mixin.py:104} INFO - [2024-12-17 10:57:55,248] {dagbag.py:496} INFO - Filling up the DagBag from /home/airflow/.local/lib/python3.6/site-packages/airflow/example_dags/example_kubernetes_executor_config.py
[2024-12-17 10:57:55,266] {scheduler_job.py:643} INFO - DAG(s) dict_keys(['example_kubernetes_executor_config']) retrieved from /home/airflow/.local/lib/python3.6/site-packages/airflow/example_dags/example_kubernetes_executor_config.py
[2024-12-17 10:57:55,299] {logging_mixin.py:104} INFO - [2024-12-17 10:57:55,299] {dag.py:1833} INFO - Sync 1 DAGs
[2024-12-17 10:57:55,313] {logging_mixin.py:104} INFO - [2024-12-17 10:57:55,312] {dag.py:2306} INFO - Setting next_dagrun for example_kubernetes_executor_config to None
[2024-12-17 10:57:55,328] {scheduler_job.py:190} INFO - Processing /home/airflow/.local/lib/python3.6/site-packages/airflow/example_dags/example_kubernetes_executor_config.py took 0.097 seconds
[2024-12-17 10:58:25,387] {scheduler_job.py:182} INFO - Started process (PID=990) to work on /home/airflow/.local/lib/python3.6/site-packages/airflow/example_dags/example_kubernetes_executor_config.py
[2024-12-17 10:58:25,388] {scheduler_job.py:633} INFO - Processing file /home/airflow/.local/lib/python3.6/site-packages/airflow/example_dags/example_kubernetes_executor_config.py for tasks to queue
[2024-12-17 10:58:25,389] {logging_mixin.py:104} INFO - [2024-12-17 10:58:25,389] {dagbag.py:496} INFO - Filling up the DagBag from /home/airflow/.local/lib/python3.6/site-packages/airflow/example_dags/example_kubernetes_executor_config.py
[2024-12-17 10:58:25,410] {scheduler_job.py:643} INFO - DAG(s) dict_keys(['example_kubernetes_executor_config']) retrieved from /home/airflow/.local/lib/python3.6/site-packages/airflow/example_dags/example_kubernetes_executor_config.py
[2024-12-17 10:58:25,442] {logging_mixin.py:104} INFO - [2024-12-17 10:58:25,442] {dag.py:1833} INFO - Sync 1 DAGs
[2024-12-17 10:58:25,461] {logging_mixin.py:104} INFO - [2024-12-17 10:58:25,461] {dag.py:2306} INFO - Setting next_dagrun for example_kubernetes_executor_config to None
[2024-12-17 10:58:25,473] {scheduler_job.py:190} INFO - Processing /home/airflow/.local/lib/python3.6/site-packages/airflow/example_dags/example_kubernetes_executor_config.py took 0.093 seconds
