[2024-12-17 10:50:32,337] {scheduler_job.py:182} INFO - Started process (PID=122) to work on /home/airflow/.local/lib/python3.6/site-packages/airflow/example_dags/example_branch_labels.py
[2024-12-17 10:50:32,339] {scheduler_job.py:633} INFO - Processing file /home/airflow/.local/lib/python3.6/site-packages/airflow/example_dags/example_branch_labels.py for tasks to queue
[2024-12-17 10:50:32,340] {logging_mixin.py:104} INFO - [2024-12-17 10:50:32,340] {dagbag.py:496} INFO - Filling up the DagBag from /home/airflow/.local/lib/python3.6/site-packages/airflow/example_dags/example_branch_labels.py
[2024-12-17 10:50:32,379] {scheduler_job.py:643} INFO - DAG(s) dict_keys(['example_branch_labels']) retrieved from /home/airflow/.local/lib/python3.6/site-packages/airflow/example_dags/example_branch_labels.py
[2024-12-17 10:50:35,764] {logging_mixin.py:104} INFO - [2024-12-17 10:50:35,763] {dag.py:1833} INFO - Sync 1 DAGs
[2024-12-17 10:50:35,806] {logging_mixin.py:104} INFO - [2024-12-17 10:50:35,803] {dag.py:1852} INFO - Creating ORM DAG for example_branch_labels
[2024-12-17 10:50:36,013] {logging_mixin.py:104} INFO - [2024-12-17 10:50:36,012] {dag.py:2306} INFO - Setting next_dagrun for example_branch_labels to 2024-12-15 00:00:00+00:00
[2024-12-17 10:50:36,073] {scheduler_job.py:190} INFO - Processing /home/airflow/.local/lib/python3.6/site-packages/airflow/example_dags/example_branch_labels.py took 3.753 seconds
[2024-12-17 10:51:07,204] {scheduler_job.py:182} INFO - Started process (PID=207) to work on /home/airflow/.local/lib/python3.6/site-packages/airflow/example_dags/example_branch_labels.py
[2024-12-17 10:51:07,205] {scheduler_job.py:633} INFO - Processing file /home/airflow/.local/lib/python3.6/site-packages/airflow/example_dags/example_branch_labels.py for tasks to queue
[2024-12-17 10:51:07,206] {logging_mixin.py:104} INFO - [2024-12-17 10:51:07,206] {dagbag.py:496} INFO - Filling up the DagBag from /home/airflow/.local/lib/python3.6/site-packages/airflow/example_dags/example_branch_labels.py
[2024-12-17 10:51:07,219] {scheduler_job.py:643} INFO - DAG(s) dict_keys(['example_branch_labels']) retrieved from /home/airflow/.local/lib/python3.6/site-packages/airflow/example_dags/example_branch_labels.py
[2024-12-17 10:51:07,269] {logging_mixin.py:104} INFO - [2024-12-17 10:51:07,269] {dag.py:1833} INFO - Sync 1 DAGs
[2024-12-17 10:51:07,294] {logging_mixin.py:104} INFO - [2024-12-17 10:51:07,294] {dag.py:2306} INFO - Setting next_dagrun for example_branch_labels to 2024-12-15 00:00:00+00:00
[2024-12-17 10:51:07,324] {scheduler_job.py:190} INFO - Processing /home/airflow/.local/lib/python3.6/site-packages/airflow/example_dags/example_branch_labels.py took 0.126 seconds
[2024-12-17 10:51:37,889] {scheduler_job.py:182} INFO - Started process (PID=258) to work on /home/airflow/.local/lib/python3.6/site-packages/airflow/example_dags/example_branch_labels.py
[2024-12-17 10:51:37,890] {scheduler_job.py:633} INFO - Processing file /home/airflow/.local/lib/python3.6/site-packages/airflow/example_dags/example_branch_labels.py for tasks to queue
[2024-12-17 10:51:37,891] {logging_mixin.py:104} INFO - [2024-12-17 10:51:37,891] {dagbag.py:496} INFO - Filling up the DagBag from /home/airflow/.local/lib/python3.6/site-packages/airflow/example_dags/example_branch_labels.py
[2024-12-17 10:51:37,902] {scheduler_job.py:643} INFO - DAG(s) dict_keys(['example_branch_labels']) retrieved from /home/airflow/.local/lib/python3.6/site-packages/airflow/example_dags/example_branch_labels.py
[2024-12-17 10:51:37,925] {logging_mixin.py:104} INFO - [2024-12-17 10:51:37,925] {dag.py:1833} INFO - Sync 1 DAGs
[2024-12-17 10:51:37,942] {logging_mixin.py:104} INFO - [2024-12-17 10:51:37,942] {dag.py:2306} INFO - Setting next_dagrun for example_branch_labels to 2024-12-15 00:00:00+00:00
[2024-12-17 10:51:37,953] {scheduler_job.py:190} INFO - Processing /home/airflow/.local/lib/python3.6/site-packages/airflow/example_dags/example_branch_labels.py took 0.067 seconds
[2024-12-17 10:52:08,041] {scheduler_job.py:182} INFO - Started process (PID=308) to work on /home/airflow/.local/lib/python3.6/site-packages/airflow/example_dags/example_branch_labels.py
[2024-12-17 10:52:08,043] {scheduler_job.py:633} INFO - Processing file /home/airflow/.local/lib/python3.6/site-packages/airflow/example_dags/example_branch_labels.py for tasks to queue
[2024-12-17 10:52:08,045] {logging_mixin.py:104} INFO - [2024-12-17 10:52:08,044] {dagbag.py:496} INFO - Filling up the DagBag from /home/airflow/.local/lib/python3.6/site-packages/airflow/example_dags/example_branch_labels.py
[2024-12-17 10:52:08,060] {scheduler_job.py:643} INFO - DAG(s) dict_keys(['example_branch_labels']) retrieved from /home/airflow/.local/lib/python3.6/site-packages/airflow/example_dags/example_branch_labels.py
[2024-12-17 10:52:08,085] {logging_mixin.py:104} INFO - [2024-12-17 10:52:08,085] {dag.py:1833} INFO - Sync 1 DAGs
[2024-12-17 10:52:08,104] {logging_mixin.py:104} INFO - [2024-12-17 10:52:08,104] {dag.py:2306} INFO - Setting next_dagrun for example_branch_labels to 2024-12-15 00:00:00+00:00
[2024-12-17 10:52:08,119] {scheduler_job.py:190} INFO - Processing /home/airflow/.local/lib/python3.6/site-packages/airflow/example_dags/example_branch_labels.py took 0.082 seconds
[2024-12-17 10:52:38,544] {scheduler_job.py:182} INFO - Started process (PID=368) to work on /home/airflow/.local/lib/python3.6/site-packages/airflow/example_dags/example_branch_labels.py
[2024-12-17 10:52:38,545] {scheduler_job.py:633} INFO - Processing file /home/airflow/.local/lib/python3.6/site-packages/airflow/example_dags/example_branch_labels.py for tasks to queue
[2024-12-17 10:52:38,545] {logging_mixin.py:104} INFO - [2024-12-17 10:52:38,545] {dagbag.py:496} INFO - Filling up the DagBag from /home/airflow/.local/lib/python3.6/site-packages/airflow/example_dags/example_branch_labels.py
[2024-12-17 10:52:38,568] {scheduler_job.py:643} INFO - DAG(s) dict_keys(['example_branch_labels']) retrieved from /home/airflow/.local/lib/python3.6/site-packages/airflow/example_dags/example_branch_labels.py
[2024-12-17 10:52:38,595] {logging_mixin.py:104} INFO - [2024-12-17 10:52:38,595] {dag.py:1833} INFO - Sync 1 DAGs
[2024-12-17 10:52:38,613] {logging_mixin.py:104} INFO - [2024-12-17 10:52:38,613] {dag.py:2306} INFO - Setting next_dagrun for example_branch_labels to 2024-12-15 00:00:00+00:00
[2024-12-17 10:52:38,651] {scheduler_job.py:190} INFO - Processing /home/airflow/.local/lib/python3.6/site-packages/airflow/example_dags/example_branch_labels.py took 0.114 seconds
[2024-12-17 10:53:09,576] {scheduler_job.py:182} INFO - Started process (PID=420) to work on /home/airflow/.local/lib/python3.6/site-packages/airflow/example_dags/example_branch_labels.py
[2024-12-17 10:53:09,577] {scheduler_job.py:633} INFO - Processing file /home/airflow/.local/lib/python3.6/site-packages/airflow/example_dags/example_branch_labels.py for tasks to queue
[2024-12-17 10:53:09,578] {logging_mixin.py:104} INFO - [2024-12-17 10:53:09,578] {dagbag.py:496} INFO - Filling up the DagBag from /home/airflow/.local/lib/python3.6/site-packages/airflow/example_dags/example_branch_labels.py
[2024-12-17 10:53:09,588] {scheduler_job.py:643} INFO - DAG(s) dict_keys(['example_branch_labels']) retrieved from /home/airflow/.local/lib/python3.6/site-packages/airflow/example_dags/example_branch_labels.py
[2024-12-17 10:53:09,617] {logging_mixin.py:104} INFO - [2024-12-17 10:53:09,617] {dag.py:1833} INFO - Sync 1 DAGs
[2024-12-17 10:53:09,634] {logging_mixin.py:104} INFO - [2024-12-17 10:53:09,634] {dag.py:2306} INFO - Setting next_dagrun for example_branch_labels to 2024-12-15 00:00:00+00:00
[2024-12-17 10:53:09,653] {scheduler_job.py:190} INFO - Processing /home/airflow/.local/lib/python3.6/site-packages/airflow/example_dags/example_branch_labels.py took 0.080 seconds
[2024-12-17 10:53:39,749] {scheduler_job.py:182} INFO - Started process (PID=479) to work on /home/airflow/.local/lib/python3.6/site-packages/airflow/example_dags/example_branch_labels.py
[2024-12-17 10:53:39,751] {scheduler_job.py:633} INFO - Processing file /home/airflow/.local/lib/python3.6/site-packages/airflow/example_dags/example_branch_labels.py for tasks to queue
[2024-12-17 10:53:39,751] {logging_mixin.py:104} INFO - [2024-12-17 10:53:39,751] {dagbag.py:496} INFO - Filling up the DagBag from /home/airflow/.local/lib/python3.6/site-packages/airflow/example_dags/example_branch_labels.py
[2024-12-17 10:53:39,766] {scheduler_job.py:643} INFO - DAG(s) dict_keys(['example_branch_labels']) retrieved from /home/airflow/.local/lib/python3.6/site-packages/airflow/example_dags/example_branch_labels.py
[2024-12-17 10:53:39,788] {logging_mixin.py:104} INFO - [2024-12-17 10:53:39,788] {dag.py:1833} INFO - Sync 1 DAGs
[2024-12-17 10:53:39,806] {logging_mixin.py:104} INFO - [2024-12-17 10:53:39,805] {dag.py:2306} INFO - Setting next_dagrun for example_branch_labels to 2024-12-15 00:00:00+00:00
[2024-12-17 10:53:39,815] {scheduler_job.py:190} INFO - Processing /home/airflow/.local/lib/python3.6/site-packages/airflow/example_dags/example_branch_labels.py took 0.069 seconds
[2024-12-17 10:54:10,810] {scheduler_job.py:182} INFO - Started process (PID=531) to work on /home/airflow/.local/lib/python3.6/site-packages/airflow/example_dags/example_branch_labels.py
[2024-12-17 10:54:10,813] {scheduler_job.py:633} INFO - Processing file /home/airflow/.local/lib/python3.6/site-packages/airflow/example_dags/example_branch_labels.py for tasks to queue
[2024-12-17 10:54:10,814] {logging_mixin.py:104} INFO - [2024-12-17 10:54:10,813] {dagbag.py:496} INFO - Filling up the DagBag from /home/airflow/.local/lib/python3.6/site-packages/airflow/example_dags/example_branch_labels.py
[2024-12-17 10:54:10,829] {scheduler_job.py:643} INFO - DAG(s) dict_keys(['example_branch_labels']) retrieved from /home/airflow/.local/lib/python3.6/site-packages/airflow/example_dags/example_branch_labels.py
[2024-12-17 10:54:10,858] {logging_mixin.py:104} INFO - [2024-12-17 10:54:10,857] {dag.py:1833} INFO - Sync 1 DAGs
[2024-12-17 10:54:10,876] {logging_mixin.py:104} INFO - [2024-12-17 10:54:10,876] {dag.py:2306} INFO - Setting next_dagrun for example_branch_labels to 2024-12-15 00:00:00+00:00
[2024-12-17 10:54:10,889] {scheduler_job.py:190} INFO - Processing /home/airflow/.local/lib/python3.6/site-packages/airflow/example_dags/example_branch_labels.py took 0.083 seconds
[2024-12-17 10:54:41,924] {scheduler_job.py:182} INFO - Started process (PID=593) to work on /home/airflow/.local/lib/python3.6/site-packages/airflow/example_dags/example_branch_labels.py
[2024-12-17 10:54:41,925] {scheduler_job.py:633} INFO - Processing file /home/airflow/.local/lib/python3.6/site-packages/airflow/example_dags/example_branch_labels.py for tasks to queue
[2024-12-17 10:54:41,926] {logging_mixin.py:104} INFO - [2024-12-17 10:54:41,926] {dagbag.py:496} INFO - Filling up the DagBag from /home/airflow/.local/lib/python3.6/site-packages/airflow/example_dags/example_branch_labels.py
[2024-12-17 10:54:41,939] {scheduler_job.py:643} INFO - DAG(s) dict_keys(['example_branch_labels']) retrieved from /home/airflow/.local/lib/python3.6/site-packages/airflow/example_dags/example_branch_labels.py
[2024-12-17 10:54:41,963] {logging_mixin.py:104} INFO - [2024-12-17 10:54:41,962] {dag.py:1833} INFO - Sync 1 DAGs
[2024-12-17 10:54:41,984] {logging_mixin.py:104} INFO - [2024-12-17 10:54:41,984] {dag.py:2306} INFO - Setting next_dagrun for example_branch_labels to 2024-12-15 00:00:00+00:00
[2024-12-17 10:54:41,999] {scheduler_job.py:190} INFO - Processing /home/airflow/.local/lib/python3.6/site-packages/airflow/example_dags/example_branch_labels.py took 0.079 seconds
[2024-12-17 10:55:12,340] {scheduler_job.py:182} INFO - Started process (PID=644) to work on /home/airflow/.local/lib/python3.6/site-packages/airflow/example_dags/example_branch_labels.py
[2024-12-17 10:55:12,342] {scheduler_job.py:633} INFO - Processing file /home/airflow/.local/lib/python3.6/site-packages/airflow/example_dags/example_branch_labels.py for tasks to queue
[2024-12-17 10:55:12,343] {logging_mixin.py:104} INFO - [2024-12-17 10:55:12,343] {dagbag.py:496} INFO - Filling up the DagBag from /home/airflow/.local/lib/python3.6/site-packages/airflow/example_dags/example_branch_labels.py
[2024-12-17 10:55:12,379] {scheduler_job.py:643} INFO - DAG(s) dict_keys(['example_branch_labels']) retrieved from /home/airflow/.local/lib/python3.6/site-packages/airflow/example_dags/example_branch_labels.py
[2024-12-17 10:55:12,407] {logging_mixin.py:104} INFO - [2024-12-17 10:55:12,407] {dag.py:1833} INFO - Sync 1 DAGs
[2024-12-17 10:55:12,438] {logging_mixin.py:104} INFO - [2024-12-17 10:55:12,438] {dag.py:2306} INFO - Setting next_dagrun for example_branch_labels to 2024-12-15 00:00:00+00:00
[2024-12-17 10:55:12,465] {scheduler_job.py:190} INFO - Processing /home/airflow/.local/lib/python3.6/site-packages/airflow/example_dags/example_branch_labels.py took 0.128 seconds
[2024-12-17 10:55:43,213] {scheduler_job.py:182} INFO - Started process (PID=704) to work on /home/airflow/.local/lib/python3.6/site-packages/airflow/example_dags/example_branch_labels.py
[2024-12-17 10:55:43,214] {scheduler_job.py:633} INFO - Processing file /home/airflow/.local/lib/python3.6/site-packages/airflow/example_dags/example_branch_labels.py for tasks to queue
[2024-12-17 10:55:43,214] {logging_mixin.py:104} INFO - [2024-12-17 10:55:43,214] {dagbag.py:496} INFO - Filling up the DagBag from /home/airflow/.local/lib/python3.6/site-packages/airflow/example_dags/example_branch_labels.py
[2024-12-17 10:55:43,225] {scheduler_job.py:643} INFO - DAG(s) dict_keys(['example_branch_labels']) retrieved from /home/airflow/.local/lib/python3.6/site-packages/airflow/example_dags/example_branch_labels.py
[2024-12-17 10:55:43,252] {logging_mixin.py:104} INFO - [2024-12-17 10:55:43,252] {dag.py:1833} INFO - Sync 1 DAGs
[2024-12-17 10:55:43,267] {logging_mixin.py:104} INFO - [2024-12-17 10:55:43,267] {dag.py:2306} INFO - Setting next_dagrun for example_branch_labels to 2024-12-15 00:00:00+00:00
[2024-12-17 10:55:43,280] {scheduler_job.py:190} INFO - Processing /home/airflow/.local/lib/python3.6/site-packages/airflow/example_dags/example_branch_labels.py took 0.070 seconds
[2024-12-17 10:56:13,946] {scheduler_job.py:182} INFO - Started process (PID=755) to work on /home/airflow/.local/lib/python3.6/site-packages/airflow/example_dags/example_branch_labels.py
[2024-12-17 10:56:13,947] {scheduler_job.py:633} INFO - Processing file /home/airflow/.local/lib/python3.6/site-packages/airflow/example_dags/example_branch_labels.py for tasks to queue
[2024-12-17 10:56:13,948] {logging_mixin.py:104} INFO - [2024-12-17 10:56:13,948] {dagbag.py:496} INFO - Filling up the DagBag from /home/airflow/.local/lib/python3.6/site-packages/airflow/example_dags/example_branch_labels.py
[2024-12-17 10:56:13,957] {scheduler_job.py:643} INFO - DAG(s) dict_keys(['example_branch_labels']) retrieved from /home/airflow/.local/lib/python3.6/site-packages/airflow/example_dags/example_branch_labels.py
[2024-12-17 10:56:13,975] {logging_mixin.py:104} INFO - [2024-12-17 10:56:13,975] {dag.py:1833} INFO - Sync 1 DAGs
[2024-12-17 10:56:13,989] {logging_mixin.py:104} INFO - [2024-12-17 10:56:13,989] {dag.py:2306} INFO - Setting next_dagrun for example_branch_labels to 2024-12-15 00:00:00+00:00
[2024-12-17 10:56:13,999] {scheduler_job.py:190} INFO - Processing /home/airflow/.local/lib/python3.6/site-packages/airflow/example_dags/example_branch_labels.py took 0.055 seconds
[2024-12-17 10:56:45,287] {scheduler_job.py:182} INFO - Started process (PID=816) to work on /home/airflow/.local/lib/python3.6/site-packages/airflow/example_dags/example_branch_labels.py
[2024-12-17 10:56:45,289] {scheduler_job.py:633} INFO - Processing file /home/airflow/.local/lib/python3.6/site-packages/airflow/example_dags/example_branch_labels.py for tasks to queue
[2024-12-17 10:56:45,290] {logging_mixin.py:104} INFO - [2024-12-17 10:56:45,290] {dagbag.py:496} INFO - Filling up the DagBag from /home/airflow/.local/lib/python3.6/site-packages/airflow/example_dags/example_branch_labels.py
[2024-12-17 10:56:45,303] {scheduler_job.py:643} INFO - DAG(s) dict_keys(['example_branch_labels']) retrieved from /home/airflow/.local/lib/python3.6/site-packages/airflow/example_dags/example_branch_labels.py
[2024-12-17 10:56:45,336] {logging_mixin.py:104} INFO - [2024-12-17 10:56:45,336] {dag.py:1833} INFO - Sync 1 DAGs
[2024-12-17 10:56:45,364] {logging_mixin.py:104} INFO - [2024-12-17 10:56:45,364] {dag.py:2306} INFO - Setting next_dagrun for example_branch_labels to 2024-12-15 00:00:00+00:00
[2024-12-17 10:56:45,375] {scheduler_job.py:190} INFO - Processing /home/airflow/.local/lib/python3.6/site-packages/airflow/example_dags/example_branch_labels.py took 0.092 seconds
[2024-12-17 10:57:15,427] {scheduler_job.py:182} INFO - Started process (PID=865) to work on /home/airflow/.local/lib/python3.6/site-packages/airflow/example_dags/example_branch_labels.py
[2024-12-17 10:57:15,428] {scheduler_job.py:633} INFO - Processing file /home/airflow/.local/lib/python3.6/site-packages/airflow/example_dags/example_branch_labels.py for tasks to queue
[2024-12-17 10:57:15,428] {logging_mixin.py:104} INFO - [2024-12-17 10:57:15,428] {dagbag.py:496} INFO - Filling up the DagBag from /home/airflow/.local/lib/python3.6/site-packages/airflow/example_dags/example_branch_labels.py
[2024-12-17 10:57:15,441] {scheduler_job.py:643} INFO - DAG(s) dict_keys(['example_branch_labels']) retrieved from /home/airflow/.local/lib/python3.6/site-packages/airflow/example_dags/example_branch_labels.py
[2024-12-17 10:57:15,466] {logging_mixin.py:104} INFO - [2024-12-17 10:57:15,466] {dag.py:1833} INFO - Sync 1 DAGs
[2024-12-17 10:57:15,486] {logging_mixin.py:104} INFO - [2024-12-17 10:57:15,486] {dag.py:2306} INFO - Setting next_dagrun for example_branch_labels to 2024-12-15 00:00:00+00:00
[2024-12-17 10:57:15,495] {scheduler_job.py:190} INFO - Processing /home/airflow/.local/lib/python3.6/site-packages/airflow/example_dags/example_branch_labels.py took 0.071 seconds
[2024-12-17 10:57:46,415] {scheduler_job.py:182} INFO - Started process (PID=926) to work on /home/airflow/.local/lib/python3.6/site-packages/airflow/example_dags/example_branch_labels.py
[2024-12-17 10:57:46,415] {scheduler_job.py:633} INFO - Processing file /home/airflow/.local/lib/python3.6/site-packages/airflow/example_dags/example_branch_labels.py for tasks to queue
[2024-12-17 10:57:46,416] {logging_mixin.py:104} INFO - [2024-12-17 10:57:46,416] {dagbag.py:496} INFO - Filling up the DagBag from /home/airflow/.local/lib/python3.6/site-packages/airflow/example_dags/example_branch_labels.py
[2024-12-17 10:57:46,433] {scheduler_job.py:643} INFO - DAG(s) dict_keys(['example_branch_labels']) retrieved from /home/airflow/.local/lib/python3.6/site-packages/airflow/example_dags/example_branch_labels.py
[2024-12-17 10:57:46,464] {logging_mixin.py:104} INFO - [2024-12-17 10:57:46,464] {dag.py:1833} INFO - Sync 1 DAGs
[2024-12-17 10:57:46,497] {logging_mixin.py:104} INFO - [2024-12-17 10:57:46,497] {dag.py:2306} INFO - Setting next_dagrun for example_branch_labels to 2024-12-15 00:00:00+00:00
[2024-12-17 10:57:46,509] {scheduler_job.py:190} INFO - Processing /home/airflow/.local/lib/python3.6/site-packages/airflow/example_dags/example_branch_labels.py took 0.098 seconds
[2024-12-17 10:58:16,959] {scheduler_job.py:182} INFO - Started process (PID=977) to work on /home/airflow/.local/lib/python3.6/site-packages/airflow/example_dags/example_branch_labels.py
[2024-12-17 10:58:16,960] {scheduler_job.py:633} INFO - Processing file /home/airflow/.local/lib/python3.6/site-packages/airflow/example_dags/example_branch_labels.py for tasks to queue
[2024-12-17 10:58:16,961] {logging_mixin.py:104} INFO - [2024-12-17 10:58:16,961] {dagbag.py:496} INFO - Filling up the DagBag from /home/airflow/.local/lib/python3.6/site-packages/airflow/example_dags/example_branch_labels.py
[2024-12-17 10:58:16,973] {scheduler_job.py:643} INFO - DAG(s) dict_keys(['example_branch_labels']) retrieved from /home/airflow/.local/lib/python3.6/site-packages/airflow/example_dags/example_branch_labels.py
[2024-12-17 10:58:17,000] {logging_mixin.py:104} INFO - [2024-12-17 10:58:17,000] {dag.py:1833} INFO - Sync 1 DAGs
[2024-12-17 10:58:17,020] {logging_mixin.py:104} INFO - [2024-12-17 10:58:17,020] {dag.py:2306} INFO - Setting next_dagrun for example_branch_labels to 2024-12-15 00:00:00+00:00
[2024-12-17 10:58:17,032] {scheduler_job.py:190} INFO - Processing /home/airflow/.local/lib/python3.6/site-packages/airflow/example_dags/example_branch_labels.py took 0.077 seconds
[2024-12-17 10:58:48,096] {scheduler_job.py:182} INFO - Started process (PID=1037) to work on /home/airflow/.local/lib/python3.6/site-packages/airflow/example_dags/example_branch_labels.py
[2024-12-17 10:58:48,097] {scheduler_job.py:633} INFO - Processing file /home/airflow/.local/lib/python3.6/site-packages/airflow/example_dags/example_branch_labels.py for tasks to queue
[2024-12-17 10:58:48,098] {logging_mixin.py:104} INFO - [2024-12-17 10:58:48,098] {dagbag.py:496} INFO - Filling up the DagBag from /home/airflow/.local/lib/python3.6/site-packages/airflow/example_dags/example_branch_labels.py
[2024-12-17 10:58:48,111] {scheduler_job.py:643} INFO - DAG(s) dict_keys(['example_branch_labels']) retrieved from /home/airflow/.local/lib/python3.6/site-packages/airflow/example_dags/example_branch_labels.py
[2024-12-17 10:58:48,138] {logging_mixin.py:104} INFO - [2024-12-17 10:58:48,138] {dag.py:1833} INFO - Sync 1 DAGs
[2024-12-17 10:58:48,156] {logging_mixin.py:104} INFO - [2024-12-17 10:58:48,155] {dag.py:2306} INFO - Setting next_dagrun for example_branch_labels to 2024-12-15 00:00:00+00:00
[2024-12-17 10:58:48,167] {scheduler_job.py:190} INFO - Processing /home/airflow/.local/lib/python3.6/site-packages/airflow/example_dags/example_branch_labels.py took 0.074 seconds
