[2024-12-17 10:49:58,465] {scheduler_job.py:182} INFO - Started process (PID=60) to work on /home/airflow/.local/lib/python3.6/site-packages/airflow/example_dags/example_nested_branch_dag.py
[2024-12-17 10:49:58,471] {scheduler_job.py:633} INFO - Processing file /home/airflow/.local/lib/python3.6/site-packages/airflow/example_dags/example_nested_branch_dag.py for tasks to queue
[2024-12-17 10:49:58,477] {logging_mixin.py:104} INFO - [2024-12-17 10:49:58,477] {dagbag.py:496} INFO - Filling up the DagBag from /home/airflow/.local/lib/python3.6/site-packages/airflow/example_dags/example_nested_branch_dag.py
[2024-12-17 10:49:58,533] {scheduler_job.py:643} INFO - DAG(s) dict_keys(['example_nested_branch_dag']) retrieved from /home/airflow/.local/lib/python3.6/site-packages/airflow/example_dags/example_nested_branch_dag.py
[2024-12-17 10:50:05,327] {logging_mixin.py:104} INFO - [2024-12-17 10:50:05,326] {dag.py:1833} INFO - Sync 1 DAGs
[2024-12-17 10:50:05,456] {logging_mixin.py:104} INFO - [2024-12-17 10:50:05,423] {dag.py:1852} INFO - Creating ORM DAG for example_nested_branch_dag
[2024-12-17 10:50:05,523] {logging_mixin.py:104} INFO - [2024-12-17 10:50:05,523] {dag.py:2306} INFO - Setting next_dagrun for example_nested_branch_dag to 2024-12-15 00:00:00+00:00
[2024-12-17 10:50:05,774] {scheduler_job.py:190} INFO - Processing /home/airflow/.local/lib/python3.6/site-packages/airflow/example_dags/example_nested_branch_dag.py took 7.318 seconds
[2024-12-17 10:51:03,675] {scheduler_job.py:182} INFO - Started process (PID=185) to work on /home/airflow/.local/lib/python3.6/site-packages/airflow/example_dags/example_nested_branch_dag.py
[2024-12-17 10:51:03,678] {scheduler_job.py:633} INFO - Processing file /home/airflow/.local/lib/python3.6/site-packages/airflow/example_dags/example_nested_branch_dag.py for tasks to queue
[2024-12-17 10:51:03,679] {logging_mixin.py:104} INFO - [2024-12-17 10:51:03,679] {dagbag.py:496} INFO - Filling up the DagBag from /home/airflow/.local/lib/python3.6/site-packages/airflow/example_dags/example_nested_branch_dag.py
[2024-12-17 10:51:03,713] {scheduler_job.py:643} INFO - DAG(s) dict_keys(['example_nested_branch_dag']) retrieved from /home/airflow/.local/lib/python3.6/site-packages/airflow/example_dags/example_nested_branch_dag.py
[2024-12-17 10:51:03,950] {logging_mixin.py:104} INFO - [2024-12-17 10:51:03,949] {dag.py:1833} INFO - Sync 1 DAGs
[2024-12-17 10:51:04,002] {logging_mixin.py:104} INFO - [2024-12-17 10:51:04,002] {dag.py:2306} INFO - Setting next_dagrun for example_nested_branch_dag to 2024-12-15 00:00:00+00:00
[2024-12-17 10:51:04,078] {scheduler_job.py:190} INFO - Processing /home/airflow/.local/lib/python3.6/site-packages/airflow/example_dags/example_nested_branch_dag.py took 0.435 seconds
[2024-12-17 10:51:34,263] {scheduler_job.py:182} INFO - Started process (PID=244) to work on /home/airflow/.local/lib/python3.6/site-packages/airflow/example_dags/example_nested_branch_dag.py
[2024-12-17 10:51:34,264] {scheduler_job.py:633} INFO - Processing file /home/airflow/.local/lib/python3.6/site-packages/airflow/example_dags/example_nested_branch_dag.py for tasks to queue
[2024-12-17 10:51:34,286] {logging_mixin.py:104} INFO - [2024-12-17 10:51:34,286] {dagbag.py:496} INFO - Filling up the DagBag from /home/airflow/.local/lib/python3.6/site-packages/airflow/example_dags/example_nested_branch_dag.py
[2024-12-17 10:51:34,347] {scheduler_job.py:643} INFO - DAG(s) dict_keys(['example_nested_branch_dag']) retrieved from /home/airflow/.local/lib/python3.6/site-packages/airflow/example_dags/example_nested_branch_dag.py
[2024-12-17 10:51:34,597] {logging_mixin.py:104} INFO - [2024-12-17 10:51:34,597] {dag.py:1833} INFO - Sync 1 DAGs
[2024-12-17 10:51:34,673] {logging_mixin.py:104} INFO - [2024-12-17 10:51:34,673] {dag.py:2306} INFO - Setting next_dagrun for example_nested_branch_dag to 2024-12-15 00:00:00+00:00
[2024-12-17 10:51:34,816] {scheduler_job.py:190} INFO - Processing /home/airflow/.local/lib/python3.6/site-packages/airflow/example_dags/example_nested_branch_dag.py took 0.557 seconds
[2024-12-17 10:52:04,970] {scheduler_job.py:182} INFO - Started process (PID=293) to work on /home/airflow/.local/lib/python3.6/site-packages/airflow/example_dags/example_nested_branch_dag.py
[2024-12-17 10:52:04,973] {scheduler_job.py:633} INFO - Processing file /home/airflow/.local/lib/python3.6/site-packages/airflow/example_dags/example_nested_branch_dag.py for tasks to queue
[2024-12-17 10:52:04,973] {logging_mixin.py:104} INFO - [2024-12-17 10:52:04,973] {dagbag.py:496} INFO - Filling up the DagBag from /home/airflow/.local/lib/python3.6/site-packages/airflow/example_dags/example_nested_branch_dag.py
[2024-12-17 10:52:04,989] {scheduler_job.py:643} INFO - DAG(s) dict_keys(['example_nested_branch_dag']) retrieved from /home/airflow/.local/lib/python3.6/site-packages/airflow/example_dags/example_nested_branch_dag.py
[2024-12-17 10:52:05,012] {logging_mixin.py:104} INFO - [2024-12-17 10:52:05,012] {dag.py:1833} INFO - Sync 1 DAGs
[2024-12-17 10:52:05,029] {logging_mixin.py:104} INFO - [2024-12-17 10:52:05,029] {dag.py:2306} INFO - Setting next_dagrun for example_nested_branch_dag to 2024-12-15 00:00:00+00:00
[2024-12-17 10:52:05,049] {scheduler_job.py:190} INFO - Processing /home/airflow/.local/lib/python3.6/site-packages/airflow/example_dags/example_nested_branch_dag.py took 0.085 seconds
[2024-12-17 10:52:35,529] {scheduler_job.py:182} INFO - Started process (PID=344) to work on /home/airflow/.local/lib/python3.6/site-packages/airflow/example_dags/example_nested_branch_dag.py
[2024-12-17 10:52:35,530] {scheduler_job.py:633} INFO - Processing file /home/airflow/.local/lib/python3.6/site-packages/airflow/example_dags/example_nested_branch_dag.py for tasks to queue
[2024-12-17 10:52:35,531] {logging_mixin.py:104} INFO - [2024-12-17 10:52:35,531] {dagbag.py:496} INFO - Filling up the DagBag from /home/airflow/.local/lib/python3.6/site-packages/airflow/example_dags/example_nested_branch_dag.py
[2024-12-17 10:52:35,548] {scheduler_job.py:643} INFO - DAG(s) dict_keys(['example_nested_branch_dag']) retrieved from /home/airflow/.local/lib/python3.6/site-packages/airflow/example_dags/example_nested_branch_dag.py
[2024-12-17 10:52:35,580] {logging_mixin.py:104} INFO - [2024-12-17 10:52:35,580] {dag.py:1833} INFO - Sync 1 DAGs
[2024-12-17 10:52:35,597] {logging_mixin.py:104} INFO - [2024-12-17 10:52:35,597] {dag.py:2306} INFO - Setting next_dagrun for example_nested_branch_dag to 2024-12-15 00:00:00+00:00
[2024-12-17 10:52:35,609] {scheduler_job.py:190} INFO - Processing /home/airflow/.local/lib/python3.6/site-packages/airflow/example_dags/example_nested_branch_dag.py took 0.085 seconds
[2024-12-17 10:53:06,125] {scheduler_job.py:182} INFO - Started process (PID=405) to work on /home/airflow/.local/lib/python3.6/site-packages/airflow/example_dags/example_nested_branch_dag.py
[2024-12-17 10:53:06,127] {scheduler_job.py:633} INFO - Processing file /home/airflow/.local/lib/python3.6/site-packages/airflow/example_dags/example_nested_branch_dag.py for tasks to queue
[2024-12-17 10:53:06,127] {logging_mixin.py:104} INFO - [2024-12-17 10:53:06,127] {dagbag.py:496} INFO - Filling up the DagBag from /home/airflow/.local/lib/python3.6/site-packages/airflow/example_dags/example_nested_branch_dag.py
[2024-12-17 10:53:06,156] {scheduler_job.py:643} INFO - DAG(s) dict_keys(['example_nested_branch_dag']) retrieved from /home/airflow/.local/lib/python3.6/site-packages/airflow/example_dags/example_nested_branch_dag.py
[2024-12-17 10:53:06,361] {logging_mixin.py:104} INFO - [2024-12-17 10:53:06,361] {dag.py:1833} INFO - Sync 1 DAGs
[2024-12-17 10:53:06,408] {logging_mixin.py:104} INFO - [2024-12-17 10:53:06,408] {dag.py:2306} INFO - Setting next_dagrun for example_nested_branch_dag to 2024-12-15 00:00:00+00:00
[2024-12-17 10:53:06,443] {scheduler_job.py:190} INFO - Processing /home/airflow/.local/lib/python3.6/site-packages/airflow/example_dags/example_nested_branch_dag.py took 0.333 seconds
[2024-12-17 10:53:37,230] {scheduler_job.py:182} INFO - Started process (PID=455) to work on /home/airflow/.local/lib/python3.6/site-packages/airflow/example_dags/example_nested_branch_dag.py
[2024-12-17 10:53:37,231] {scheduler_job.py:633} INFO - Processing file /home/airflow/.local/lib/python3.6/site-packages/airflow/example_dags/example_nested_branch_dag.py for tasks to queue
[2024-12-17 10:53:37,233] {logging_mixin.py:104} INFO - [2024-12-17 10:53:37,233] {dagbag.py:496} INFO - Filling up the DagBag from /home/airflow/.local/lib/python3.6/site-packages/airflow/example_dags/example_nested_branch_dag.py
[2024-12-17 10:53:37,252] {scheduler_job.py:643} INFO - DAG(s) dict_keys(['example_nested_branch_dag']) retrieved from /home/airflow/.local/lib/python3.6/site-packages/airflow/example_dags/example_nested_branch_dag.py
[2024-12-17 10:53:37,276] {logging_mixin.py:104} INFO - [2024-12-17 10:53:37,275] {dag.py:1833} INFO - Sync 1 DAGs
[2024-12-17 10:53:37,295] {logging_mixin.py:104} INFO - [2024-12-17 10:53:37,295] {dag.py:2306} INFO - Setting next_dagrun for example_nested_branch_dag to 2024-12-15 00:00:00+00:00
[2024-12-17 10:53:37,329] {scheduler_job.py:190} INFO - Processing /home/airflow/.local/lib/python3.6/site-packages/airflow/example_dags/example_nested_branch_dag.py took 0.103 seconds
[2024-12-17 10:54:07,481] {scheduler_job.py:182} INFO - Started process (PID=516) to work on /home/airflow/.local/lib/python3.6/site-packages/airflow/example_dags/example_nested_branch_dag.py
[2024-12-17 10:54:07,482] {scheduler_job.py:633} INFO - Processing file /home/airflow/.local/lib/python3.6/site-packages/airflow/example_dags/example_nested_branch_dag.py for tasks to queue
[2024-12-17 10:54:07,484] {logging_mixin.py:104} INFO - [2024-12-17 10:54:07,483] {dagbag.py:496} INFO - Filling up the DagBag from /home/airflow/.local/lib/python3.6/site-packages/airflow/example_dags/example_nested_branch_dag.py
[2024-12-17 10:54:07,499] {scheduler_job.py:643} INFO - DAG(s) dict_keys(['example_nested_branch_dag']) retrieved from /home/airflow/.local/lib/python3.6/site-packages/airflow/example_dags/example_nested_branch_dag.py
[2024-12-17 10:54:07,520] {logging_mixin.py:104} INFO - [2024-12-17 10:54:07,520] {dag.py:1833} INFO - Sync 1 DAGs
[2024-12-17 10:54:07,541] {logging_mixin.py:104} INFO - [2024-12-17 10:54:07,541] {dag.py:2306} INFO - Setting next_dagrun for example_nested_branch_dag to 2024-12-15 00:00:00+00:00
[2024-12-17 10:54:07,565] {scheduler_job.py:190} INFO - Processing /home/airflow/.local/lib/python3.6/site-packages/airflow/example_dags/example_nested_branch_dag.py took 0.087 seconds
[2024-12-17 10:54:37,974] {scheduler_job.py:182} INFO - Started process (PID=568) to work on /home/airflow/.local/lib/python3.6/site-packages/airflow/example_dags/example_nested_branch_dag.py
[2024-12-17 10:54:37,975] {scheduler_job.py:633} INFO - Processing file /home/airflow/.local/lib/python3.6/site-packages/airflow/example_dags/example_nested_branch_dag.py for tasks to queue
[2024-12-17 10:54:37,976] {logging_mixin.py:104} INFO - [2024-12-17 10:54:37,976] {dagbag.py:496} INFO - Filling up the DagBag from /home/airflow/.local/lib/python3.6/site-packages/airflow/example_dags/example_nested_branch_dag.py
[2024-12-17 10:54:38,001] {scheduler_job.py:643} INFO - DAG(s) dict_keys(['example_nested_branch_dag']) retrieved from /home/airflow/.local/lib/python3.6/site-packages/airflow/example_dags/example_nested_branch_dag.py
[2024-12-17 10:54:38,045] {logging_mixin.py:104} INFO - [2024-12-17 10:54:38,045] {dag.py:1833} INFO - Sync 1 DAGs
[2024-12-17 10:54:38,067] {logging_mixin.py:104} INFO - [2024-12-17 10:54:38,066] {dag.py:2306} INFO - Setting next_dagrun for example_nested_branch_dag to 2024-12-15 00:00:00+00:00
[2024-12-17 10:54:38,088] {scheduler_job.py:190} INFO - Processing /home/airflow/.local/lib/python3.6/site-packages/airflow/example_dags/example_nested_branch_dag.py took 0.118 seconds
[2024-12-17 10:55:08,909] {scheduler_job.py:182} INFO - Started process (PID=629) to work on /home/airflow/.local/lib/python3.6/site-packages/airflow/example_dags/example_nested_branch_dag.py
[2024-12-17 10:55:08,910] {scheduler_job.py:633} INFO - Processing file /home/airflow/.local/lib/python3.6/site-packages/airflow/example_dags/example_nested_branch_dag.py for tasks to queue
[2024-12-17 10:55:08,911] {logging_mixin.py:104} INFO - [2024-12-17 10:55:08,911] {dagbag.py:496} INFO - Filling up the DagBag from /home/airflow/.local/lib/python3.6/site-packages/airflow/example_dags/example_nested_branch_dag.py
[2024-12-17 10:55:08,932] {scheduler_job.py:643} INFO - DAG(s) dict_keys(['example_nested_branch_dag']) retrieved from /home/airflow/.local/lib/python3.6/site-packages/airflow/example_dags/example_nested_branch_dag.py
[2024-12-17 10:55:09,140] {logging_mixin.py:104} INFO - [2024-12-17 10:55:09,140] {dag.py:1833} INFO - Sync 1 DAGs
[2024-12-17 10:55:09,178] {logging_mixin.py:104} INFO - [2024-12-17 10:55:09,178] {dag.py:2306} INFO - Setting next_dagrun for example_nested_branch_dag to 2024-12-15 00:00:00+00:00
[2024-12-17 10:55:09,223] {scheduler_job.py:190} INFO - Processing /home/airflow/.local/lib/python3.6/site-packages/airflow/example_dags/example_nested_branch_dag.py took 0.320 seconds
[2024-12-17 10:55:39,797] {scheduler_job.py:182} INFO - Started process (PID=679) to work on /home/airflow/.local/lib/python3.6/site-packages/airflow/example_dags/example_nested_branch_dag.py
[2024-12-17 10:55:39,798] {scheduler_job.py:633} INFO - Processing file /home/airflow/.local/lib/python3.6/site-packages/airflow/example_dags/example_nested_branch_dag.py for tasks to queue
[2024-12-17 10:55:39,799] {logging_mixin.py:104} INFO - [2024-12-17 10:55:39,799] {dagbag.py:496} INFO - Filling up the DagBag from /home/airflow/.local/lib/python3.6/site-packages/airflow/example_dags/example_nested_branch_dag.py
[2024-12-17 10:55:39,831] {scheduler_job.py:643} INFO - DAG(s) dict_keys(['example_nested_branch_dag']) retrieved from /home/airflow/.local/lib/python3.6/site-packages/airflow/example_dags/example_nested_branch_dag.py
[2024-12-17 10:55:39,937] {logging_mixin.py:104} INFO - [2024-12-17 10:55:39,935] {dag.py:1833} INFO - Sync 1 DAGs
[2024-12-17 10:55:39,973] {logging_mixin.py:104} INFO - [2024-12-17 10:55:39,973] {dag.py:2306} INFO - Setting next_dagrun for example_nested_branch_dag to 2024-12-15 00:00:00+00:00
[2024-12-17 10:55:40,022] {scheduler_job.py:190} INFO - Processing /home/airflow/.local/lib/python3.6/site-packages/airflow/example_dags/example_nested_branch_dag.py took 0.228 seconds
[2024-12-17 10:56:10,777] {scheduler_job.py:182} INFO - Started process (PID=740) to work on /home/airflow/.local/lib/python3.6/site-packages/airflow/example_dags/example_nested_branch_dag.py
[2024-12-17 10:56:10,779] {scheduler_job.py:633} INFO - Processing file /home/airflow/.local/lib/python3.6/site-packages/airflow/example_dags/example_nested_branch_dag.py for tasks to queue
[2024-12-17 10:56:10,780] {logging_mixin.py:104} INFO - [2024-12-17 10:56:10,780] {dagbag.py:496} INFO - Filling up the DagBag from /home/airflow/.local/lib/python3.6/site-packages/airflow/example_dags/example_nested_branch_dag.py
[2024-12-17 10:56:10,795] {scheduler_job.py:643} INFO - DAG(s) dict_keys(['example_nested_branch_dag']) retrieved from /home/airflow/.local/lib/python3.6/site-packages/airflow/example_dags/example_nested_branch_dag.py
[2024-12-17 10:56:10,818] {logging_mixin.py:104} INFO - [2024-12-17 10:56:10,818] {dag.py:1833} INFO - Sync 1 DAGs
[2024-12-17 10:56:10,841] {logging_mixin.py:104} INFO - [2024-12-17 10:56:10,841] {dag.py:2306} INFO - Setting next_dagrun for example_nested_branch_dag to 2024-12-15 00:00:00+00:00
[2024-12-17 10:56:10,858] {scheduler_job.py:190} INFO - Processing /home/airflow/.local/lib/python3.6/site-packages/airflow/example_dags/example_nested_branch_dag.py took 0.085 seconds
[2024-12-17 10:56:41,192] {scheduler_job.py:182} INFO - Started process (PID=792) to work on /home/airflow/.local/lib/python3.6/site-packages/airflow/example_dags/example_nested_branch_dag.py
[2024-12-17 10:56:41,194] {scheduler_job.py:633} INFO - Processing file /home/airflow/.local/lib/python3.6/site-packages/airflow/example_dags/example_nested_branch_dag.py for tasks to queue
[2024-12-17 10:56:41,194] {logging_mixin.py:104} INFO - [2024-12-17 10:56:41,194] {dagbag.py:496} INFO - Filling up the DagBag from /home/airflow/.local/lib/python3.6/site-packages/airflow/example_dags/example_nested_branch_dag.py
[2024-12-17 10:56:41,214] {scheduler_job.py:643} INFO - DAG(s) dict_keys(['example_nested_branch_dag']) retrieved from /home/airflow/.local/lib/python3.6/site-packages/airflow/example_dags/example_nested_branch_dag.py
[2024-12-17 10:56:41,376] {logging_mixin.py:104} INFO - [2024-12-17 10:56:41,376] {dag.py:1833} INFO - Sync 1 DAGs
[2024-12-17 10:56:41,442] {logging_mixin.py:104} INFO - [2024-12-17 10:56:41,442] {dag.py:2306} INFO - Setting next_dagrun for example_nested_branch_dag to 2024-12-15 00:00:00+00:00
[2024-12-17 10:56:41,484] {scheduler_job.py:190} INFO - Processing /home/airflow/.local/lib/python3.6/site-packages/airflow/example_dags/example_nested_branch_dag.py took 0.297 seconds
[2024-12-17 10:57:12,057] {scheduler_job.py:182} INFO - Started process (PID=851) to work on /home/airflow/.local/lib/python3.6/site-packages/airflow/example_dags/example_nested_branch_dag.py
[2024-12-17 10:57:12,059] {scheduler_job.py:633} INFO - Processing file /home/airflow/.local/lib/python3.6/site-packages/airflow/example_dags/example_nested_branch_dag.py for tasks to queue
[2024-12-17 10:57:12,059] {logging_mixin.py:104} INFO - [2024-12-17 10:57:12,059] {dagbag.py:496} INFO - Filling up the DagBag from /home/airflow/.local/lib/python3.6/site-packages/airflow/example_dags/example_nested_branch_dag.py
[2024-12-17 10:57:12,077] {scheduler_job.py:643} INFO - DAG(s) dict_keys(['example_nested_branch_dag']) retrieved from /home/airflow/.local/lib/python3.6/site-packages/airflow/example_dags/example_nested_branch_dag.py
[2024-12-17 10:57:12,102] {logging_mixin.py:104} INFO - [2024-12-17 10:57:12,102] {dag.py:1833} INFO - Sync 1 DAGs
[2024-12-17 10:57:12,121] {logging_mixin.py:104} INFO - [2024-12-17 10:57:12,121] {dag.py:2306} INFO - Setting next_dagrun for example_nested_branch_dag to 2024-12-15 00:00:00+00:00
[2024-12-17 10:57:12,137] {scheduler_job.py:190} INFO - Processing /home/airflow/.local/lib/python3.6/site-packages/airflow/example_dags/example_nested_branch_dag.py took 0.084 seconds
[2024-12-17 10:57:42,746] {scheduler_job.py:182} INFO - Started process (PID=901) to work on /home/airflow/.local/lib/python3.6/site-packages/airflow/example_dags/example_nested_branch_dag.py
[2024-12-17 10:57:42,747] {scheduler_job.py:633} INFO - Processing file /home/airflow/.local/lib/python3.6/site-packages/airflow/example_dags/example_nested_branch_dag.py for tasks to queue
[2024-12-17 10:57:42,748] {logging_mixin.py:104} INFO - [2024-12-17 10:57:42,748] {dagbag.py:496} INFO - Filling up the DagBag from /home/airflow/.local/lib/python3.6/site-packages/airflow/example_dags/example_nested_branch_dag.py
[2024-12-17 10:57:42,764] {scheduler_job.py:643} INFO - DAG(s) dict_keys(['example_nested_branch_dag']) retrieved from /home/airflow/.local/lib/python3.6/site-packages/airflow/example_dags/example_nested_branch_dag.py
[2024-12-17 10:57:42,785] {logging_mixin.py:104} INFO - [2024-12-17 10:57:42,785] {dag.py:1833} INFO - Sync 1 DAGs
[2024-12-17 10:57:42,805] {logging_mixin.py:104} INFO - [2024-12-17 10:57:42,805] {dag.py:2306} INFO - Setting next_dagrun for example_nested_branch_dag to 2024-12-15 00:00:00+00:00
[2024-12-17 10:57:42,821] {scheduler_job.py:190} INFO - Processing /home/airflow/.local/lib/python3.6/site-packages/airflow/example_dags/example_nested_branch_dag.py took 0.078 seconds
[2024-12-17 10:58:13,386] {scheduler_job.py:182} INFO - Started process (PID=962) to work on /home/airflow/.local/lib/python3.6/site-packages/airflow/example_dags/example_nested_branch_dag.py
[2024-12-17 10:58:13,387] {scheduler_job.py:633} INFO - Processing file /home/airflow/.local/lib/python3.6/site-packages/airflow/example_dags/example_nested_branch_dag.py for tasks to queue
[2024-12-17 10:58:13,388] {logging_mixin.py:104} INFO - [2024-12-17 10:58:13,388] {dagbag.py:496} INFO - Filling up the DagBag from /home/airflow/.local/lib/python3.6/site-packages/airflow/example_dags/example_nested_branch_dag.py
[2024-12-17 10:58:13,479] {scheduler_job.py:643} INFO - DAG(s) dict_keys(['example_nested_branch_dag']) retrieved from /home/airflow/.local/lib/python3.6/site-packages/airflow/example_dags/example_nested_branch_dag.py
[2024-12-17 10:58:13,531] {logging_mixin.py:104} INFO - [2024-12-17 10:58:13,531] {dag.py:1833} INFO - Sync 1 DAGs
[2024-12-17 10:58:13,549] {logging_mixin.py:104} INFO - [2024-12-17 10:58:13,549] {dag.py:2306} INFO - Setting next_dagrun for example_nested_branch_dag to 2024-12-15 00:00:00+00:00
[2024-12-17 10:58:13,560] {scheduler_job.py:190} INFO - Processing /home/airflow/.local/lib/python3.6/site-packages/airflow/example_dags/example_nested_branch_dag.py took 0.177 seconds
[2024-12-17 10:58:44,415] {scheduler_job.py:182} INFO - Started process (PID=1018) to work on /home/airflow/.local/lib/python3.6/site-packages/airflow/example_dags/example_nested_branch_dag.py
[2024-12-17 10:58:44,416] {scheduler_job.py:633} INFO - Processing file /home/airflow/.local/lib/python3.6/site-packages/airflow/example_dags/example_nested_branch_dag.py for tasks to queue
[2024-12-17 10:58:44,417] {logging_mixin.py:104} INFO - [2024-12-17 10:58:44,417] {dagbag.py:496} INFO - Filling up the DagBag from /home/airflow/.local/lib/python3.6/site-packages/airflow/example_dags/example_nested_branch_dag.py
[2024-12-17 10:58:44,459] {scheduler_job.py:643} INFO - DAG(s) dict_keys(['example_nested_branch_dag']) retrieved from /home/airflow/.local/lib/python3.6/site-packages/airflow/example_dags/example_nested_branch_dag.py
[2024-12-17 10:58:44,549] {logging_mixin.py:104} INFO - [2024-12-17 10:58:44,547] {dag.py:1833} INFO - Sync 1 DAGs
[2024-12-17 10:58:44,592] {logging_mixin.py:104} INFO - [2024-12-17 10:58:44,592] {dag.py:2306} INFO - Setting next_dagrun for example_nested_branch_dag to 2024-12-15 00:00:00+00:00
[2024-12-17 10:58:44,612] {scheduler_job.py:190} INFO - Processing /home/airflow/.local/lib/python3.6/site-packages/airflow/example_dags/example_nested_branch_dag.py took 0.215 seconds
