[2024-12-17 10:51:00,370] {scheduler_job.py:182} INFO - Started process (PID=177) to work on /home/airflow/.local/lib/python3.6/site-packages/airflow/example_dags/example_short_circuit_operator.py
[2024-12-17 10:51:00,372] {scheduler_job.py:633} INFO - Processing file /home/airflow/.local/lib/python3.6/site-packages/airflow/example_dags/example_short_circuit_operator.py for tasks to queue
[2024-12-17 10:51:00,373] {logging_mixin.py:104} INFO - [2024-12-17 10:51:00,373] {dagbag.py:496} INFO - Filling up the DagBag from /home/airflow/.local/lib/python3.6/site-packages/airflow/example_dags/example_short_circuit_operator.py
[2024-12-17 10:51:00,399] {scheduler_job.py:643} INFO - DAG(s) dict_keys(['example_short_circuit_operator']) retrieved from /home/airflow/.local/lib/python3.6/site-packages/airflow/example_dags/example_short_circuit_operator.py
[2024-12-17 10:51:03,622] {logging_mixin.py:104} INFO - [2024-12-17 10:51:03,620] {dag.py:1833} INFO - Sync 1 DAGs
[2024-12-17 10:51:03,649] {logging_mixin.py:104} INFO - [2024-12-17 10:51:03,645] {dag.py:1852} INFO - Creating ORM DAG for example_short_circuit_operator
[2024-12-17 10:51:03,659] {logging_mixin.py:104} INFO - [2024-12-17 10:51:03,659] {dag.py:2306} INFO - Setting next_dagrun for example_short_circuit_operator to 2024-12-15 00:00:00+00:00
[2024-12-17 10:51:03,682] {scheduler_job.py:190} INFO - Processing /home/airflow/.local/lib/python3.6/site-packages/airflow/example_dags/example_short_circuit_operator.py took 3.317 seconds
[2024-12-17 10:51:34,055] {scheduler_job.py:182} INFO - Started process (PID=243) to work on /home/airflow/.local/lib/python3.6/site-packages/airflow/example_dags/example_short_circuit_operator.py
[2024-12-17 10:51:34,056] {scheduler_job.py:633} INFO - Processing file /home/airflow/.local/lib/python3.6/site-packages/airflow/example_dags/example_short_circuit_operator.py for tasks to queue
[2024-12-17 10:51:34,057] {logging_mixin.py:104} INFO - [2024-12-17 10:51:34,057] {dagbag.py:496} INFO - Filling up the DagBag from /home/airflow/.local/lib/python3.6/site-packages/airflow/example_dags/example_short_circuit_operator.py
[2024-12-17 10:51:34,085] {scheduler_job.py:643} INFO - DAG(s) dict_keys(['example_short_circuit_operator']) retrieved from /home/airflow/.local/lib/python3.6/site-packages/airflow/example_dags/example_short_circuit_operator.py
[2024-12-17 10:51:34,162] {logging_mixin.py:104} INFO - [2024-12-17 10:51:34,162] {dag.py:1833} INFO - Sync 1 DAGs
[2024-12-17 10:51:34,203] {logging_mixin.py:104} INFO - [2024-12-17 10:51:34,196] {dag.py:2306} INFO - Setting next_dagrun for example_short_circuit_operator to 2024-12-15 00:00:00+00:00
[2024-12-17 10:51:34,228] {scheduler_job.py:190} INFO - Processing /home/airflow/.local/lib/python3.6/site-packages/airflow/example_dags/example_short_circuit_operator.py took 0.178 seconds
[2024-12-17 10:52:05,071] {scheduler_job.py:182} INFO - Started process (PID=295) to work on /home/airflow/.local/lib/python3.6/site-packages/airflow/example_dags/example_short_circuit_operator.py
[2024-12-17 10:52:05,073] {scheduler_job.py:633} INFO - Processing file /home/airflow/.local/lib/python3.6/site-packages/airflow/example_dags/example_short_circuit_operator.py for tasks to queue
[2024-12-17 10:52:05,073] {logging_mixin.py:104} INFO - [2024-12-17 10:52:05,073] {dagbag.py:496} INFO - Filling up the DagBag from /home/airflow/.local/lib/python3.6/site-packages/airflow/example_dags/example_short_circuit_operator.py
[2024-12-17 10:52:05,088] {scheduler_job.py:643} INFO - DAG(s) dict_keys(['example_short_circuit_operator']) retrieved from /home/airflow/.local/lib/python3.6/site-packages/airflow/example_dags/example_short_circuit_operator.py
[2024-12-17 10:52:05,112] {logging_mixin.py:104} INFO - [2024-12-17 10:52:05,112] {dag.py:1833} INFO - Sync 1 DAGs
[2024-12-17 10:52:05,128] {logging_mixin.py:104} INFO - [2024-12-17 10:52:05,128] {dag.py:2306} INFO - Setting next_dagrun for example_short_circuit_operator to 2024-12-15 00:00:00+00:00
[2024-12-17 10:52:05,142] {scheduler_job.py:190} INFO - Processing /home/airflow/.local/lib/python3.6/site-packages/airflow/example_dags/example_short_circuit_operator.py took 0.075 seconds
[2024-12-17 10:52:35,810] {scheduler_job.py:182} INFO - Started process (PID=348) to work on /home/airflow/.local/lib/python3.6/site-packages/airflow/example_dags/example_short_circuit_operator.py
[2024-12-17 10:52:35,811] {scheduler_job.py:633} INFO - Processing file /home/airflow/.local/lib/python3.6/site-packages/airflow/example_dags/example_short_circuit_operator.py for tasks to queue
[2024-12-17 10:52:35,812] {logging_mixin.py:104} INFO - [2024-12-17 10:52:35,812] {dagbag.py:496} INFO - Filling up the DagBag from /home/airflow/.local/lib/python3.6/site-packages/airflow/example_dags/example_short_circuit_operator.py
[2024-12-17 10:52:35,825] {scheduler_job.py:643} INFO - DAG(s) dict_keys(['example_short_circuit_operator']) retrieved from /home/airflow/.local/lib/python3.6/site-packages/airflow/example_dags/example_short_circuit_operator.py
[2024-12-17 10:52:35,851] {logging_mixin.py:104} INFO - [2024-12-17 10:52:35,851] {dag.py:1833} INFO - Sync 1 DAGs
[2024-12-17 10:52:35,865] {logging_mixin.py:104} INFO - [2024-12-17 10:52:35,865] {dag.py:2306} INFO - Setting next_dagrun for example_short_circuit_operator to 2024-12-15 00:00:00+00:00
[2024-12-17 10:52:35,877] {scheduler_job.py:190} INFO - Processing /home/airflow/.local/lib/python3.6/site-packages/airflow/example_dags/example_short_circuit_operator.py took 0.070 seconds
[2024-12-17 10:53:06,751] {scheduler_job.py:182} INFO - Started process (PID=409) to work on /home/airflow/.local/lib/python3.6/site-packages/airflow/example_dags/example_short_circuit_operator.py
[2024-12-17 10:53:06,752] {scheduler_job.py:633} INFO - Processing file /home/airflow/.local/lib/python3.6/site-packages/airflow/example_dags/example_short_circuit_operator.py for tasks to queue
[2024-12-17 10:53:06,753] {logging_mixin.py:104} INFO - [2024-12-17 10:53:06,753] {dagbag.py:496} INFO - Filling up the DagBag from /home/airflow/.local/lib/python3.6/site-packages/airflow/example_dags/example_short_circuit_operator.py
[2024-12-17 10:53:06,768] {scheduler_job.py:643} INFO - DAG(s) dict_keys(['example_short_circuit_operator']) retrieved from /home/airflow/.local/lib/python3.6/site-packages/airflow/example_dags/example_short_circuit_operator.py
[2024-12-17 10:53:06,792] {logging_mixin.py:104} INFO - [2024-12-17 10:53:06,792] {dag.py:1833} INFO - Sync 1 DAGs
[2024-12-17 10:53:06,811] {logging_mixin.py:104} INFO - [2024-12-17 10:53:06,811] {dag.py:2306} INFO - Setting next_dagrun for example_short_circuit_operator to 2024-12-15 00:00:00+00:00
[2024-12-17 10:53:06,823] {scheduler_job.py:190} INFO - Processing /home/airflow/.local/lib/python3.6/site-packages/airflow/example_dags/example_short_circuit_operator.py took 0.076 seconds
[2024-12-17 10:53:37,456] {scheduler_job.py:182} INFO - Started process (PID=459) to work on /home/airflow/.local/lib/python3.6/site-packages/airflow/example_dags/example_short_circuit_operator.py
[2024-12-17 10:53:37,457] {scheduler_job.py:633} INFO - Processing file /home/airflow/.local/lib/python3.6/site-packages/airflow/example_dags/example_short_circuit_operator.py for tasks to queue
[2024-12-17 10:53:37,458] {logging_mixin.py:104} INFO - [2024-12-17 10:53:37,458] {dagbag.py:496} INFO - Filling up the DagBag from /home/airflow/.local/lib/python3.6/site-packages/airflow/example_dags/example_short_circuit_operator.py
[2024-12-17 10:53:37,474] {scheduler_job.py:643} INFO - DAG(s) dict_keys(['example_short_circuit_operator']) retrieved from /home/airflow/.local/lib/python3.6/site-packages/airflow/example_dags/example_short_circuit_operator.py
[2024-12-17 10:53:37,497] {logging_mixin.py:104} INFO - [2024-12-17 10:53:37,497] {dag.py:1833} INFO - Sync 1 DAGs
[2024-12-17 10:53:37,516] {logging_mixin.py:104} INFO - [2024-12-17 10:53:37,516] {dag.py:2306} INFO - Setting next_dagrun for example_short_circuit_operator to 2024-12-15 00:00:00+00:00
[2024-12-17 10:53:37,531] {scheduler_job.py:190} INFO - Processing /home/airflow/.local/lib/python3.6/site-packages/airflow/example_dags/example_short_circuit_operator.py took 0.081 seconds
[2024-12-17 10:54:07,681] {scheduler_job.py:182} INFO - Started process (PID=520) to work on /home/airflow/.local/lib/python3.6/site-packages/airflow/example_dags/example_short_circuit_operator.py
[2024-12-17 10:54:07,682] {scheduler_job.py:633} INFO - Processing file /home/airflow/.local/lib/python3.6/site-packages/airflow/example_dags/example_short_circuit_operator.py for tasks to queue
[2024-12-17 10:54:07,683] {logging_mixin.py:104} INFO - [2024-12-17 10:54:07,683] {dagbag.py:496} INFO - Filling up the DagBag from /home/airflow/.local/lib/python3.6/site-packages/airflow/example_dags/example_short_circuit_operator.py
[2024-12-17 10:54:07,698] {scheduler_job.py:643} INFO - DAG(s) dict_keys(['example_short_circuit_operator']) retrieved from /home/airflow/.local/lib/python3.6/site-packages/airflow/example_dags/example_short_circuit_operator.py
[2024-12-17 10:54:07,721] {logging_mixin.py:104} INFO - [2024-12-17 10:54:07,721] {dag.py:1833} INFO - Sync 1 DAGs
[2024-12-17 10:54:07,739] {logging_mixin.py:104} INFO - [2024-12-17 10:54:07,739] {dag.py:2306} INFO - Setting next_dagrun for example_short_circuit_operator to 2024-12-15 00:00:00+00:00
[2024-12-17 10:54:07,766] {scheduler_job.py:190} INFO - Processing /home/airflow/.local/lib/python3.6/site-packages/airflow/example_dags/example_short_circuit_operator.py took 0.088 seconds
[2024-12-17 10:54:38,296] {scheduler_job.py:182} INFO - Started process (PID=572) to work on /home/airflow/.local/lib/python3.6/site-packages/airflow/example_dags/example_short_circuit_operator.py
[2024-12-17 10:54:38,297] {scheduler_job.py:633} INFO - Processing file /home/airflow/.local/lib/python3.6/site-packages/airflow/example_dags/example_short_circuit_operator.py for tasks to queue
[2024-12-17 10:54:38,298] {logging_mixin.py:104} INFO - [2024-12-17 10:54:38,297] {dagbag.py:496} INFO - Filling up the DagBag from /home/airflow/.local/lib/python3.6/site-packages/airflow/example_dags/example_short_circuit_operator.py
[2024-12-17 10:54:38,311] {scheduler_job.py:643} INFO - DAG(s) dict_keys(['example_short_circuit_operator']) retrieved from /home/airflow/.local/lib/python3.6/site-packages/airflow/example_dags/example_short_circuit_operator.py
[2024-12-17 10:54:38,339] {logging_mixin.py:104} INFO - [2024-12-17 10:54:38,338] {dag.py:1833} INFO - Sync 1 DAGs
[2024-12-17 10:54:38,357] {logging_mixin.py:104} INFO - [2024-12-17 10:54:38,357] {dag.py:2306} INFO - Setting next_dagrun for example_short_circuit_operator to 2024-12-15 00:00:00+00:00
[2024-12-17 10:54:38,372] {scheduler_job.py:190} INFO - Processing /home/airflow/.local/lib/python3.6/site-packages/airflow/example_dags/example_short_circuit_operator.py took 0.080 seconds
[2024-12-17 10:55:09,315] {scheduler_job.py:182} INFO - Started process (PID=633) to work on /home/airflow/.local/lib/python3.6/site-packages/airflow/example_dags/example_short_circuit_operator.py
[2024-12-17 10:55:09,316] {scheduler_job.py:633} INFO - Processing file /home/airflow/.local/lib/python3.6/site-packages/airflow/example_dags/example_short_circuit_operator.py for tasks to queue
[2024-12-17 10:55:09,317] {logging_mixin.py:104} INFO - [2024-12-17 10:55:09,317] {dagbag.py:496} INFO - Filling up the DagBag from /home/airflow/.local/lib/python3.6/site-packages/airflow/example_dags/example_short_circuit_operator.py
[2024-12-17 10:55:09,334] {scheduler_job.py:643} INFO - DAG(s) dict_keys(['example_short_circuit_operator']) retrieved from /home/airflow/.local/lib/python3.6/site-packages/airflow/example_dags/example_short_circuit_operator.py
[2024-12-17 10:55:09,364] {logging_mixin.py:104} INFO - [2024-12-17 10:55:09,364] {dag.py:1833} INFO - Sync 1 DAGs
[2024-12-17 10:55:09,381] {logging_mixin.py:104} INFO - [2024-12-17 10:55:09,381] {dag.py:2306} INFO - Setting next_dagrun for example_short_circuit_operator to 2024-12-15 00:00:00+00:00
[2024-12-17 10:55:09,392] {scheduler_job.py:190} INFO - Processing /home/airflow/.local/lib/python3.6/site-packages/airflow/example_dags/example_short_circuit_operator.py took 0.081 seconds
[2024-12-17 10:55:40,193] {scheduler_job.py:182} INFO - Started process (PID=690) to work on /home/airflow/.local/lib/python3.6/site-packages/airflow/example_dags/example_short_circuit_operator.py
[2024-12-17 10:55:40,194] {scheduler_job.py:633} INFO - Processing file /home/airflow/.local/lib/python3.6/site-packages/airflow/example_dags/example_short_circuit_operator.py for tasks to queue
[2024-12-17 10:55:40,195] {logging_mixin.py:104} INFO - [2024-12-17 10:55:40,195] {dagbag.py:496} INFO - Filling up the DagBag from /home/airflow/.local/lib/python3.6/site-packages/airflow/example_dags/example_short_circuit_operator.py
[2024-12-17 10:55:40,209] {scheduler_job.py:643} INFO - DAG(s) dict_keys(['example_short_circuit_operator']) retrieved from /home/airflow/.local/lib/python3.6/site-packages/airflow/example_dags/example_short_circuit_operator.py
[2024-12-17 10:55:40,232] {logging_mixin.py:104} INFO - [2024-12-17 10:55:40,231] {dag.py:1833} INFO - Sync 1 DAGs
[2024-12-17 10:55:40,247] {logging_mixin.py:104} INFO - [2024-12-17 10:55:40,247] {dag.py:2306} INFO - Setting next_dagrun for example_short_circuit_operator to 2024-12-15 00:00:00+00:00
[2024-12-17 10:55:40,265] {scheduler_job.py:190} INFO - Processing /home/airflow/.local/lib/python3.6/site-packages/airflow/example_dags/example_short_circuit_operator.py took 0.075 seconds
[2024-12-17 10:56:11,036] {scheduler_job.py:182} INFO - Started process (PID=744) to work on /home/airflow/.local/lib/python3.6/site-packages/airflow/example_dags/example_short_circuit_operator.py
[2024-12-17 10:56:11,037] {scheduler_job.py:633} INFO - Processing file /home/airflow/.local/lib/python3.6/site-packages/airflow/example_dags/example_short_circuit_operator.py for tasks to queue
[2024-12-17 10:56:11,037] {logging_mixin.py:104} INFO - [2024-12-17 10:56:11,037] {dagbag.py:496} INFO - Filling up the DagBag from /home/airflow/.local/lib/python3.6/site-packages/airflow/example_dags/example_short_circuit_operator.py
[2024-12-17 10:56:11,048] {scheduler_job.py:643} INFO - DAG(s) dict_keys(['example_short_circuit_operator']) retrieved from /home/airflow/.local/lib/python3.6/site-packages/airflow/example_dags/example_short_circuit_operator.py
[2024-12-17 10:56:11,074] {logging_mixin.py:104} INFO - [2024-12-17 10:56:11,074] {dag.py:1833} INFO - Sync 1 DAGs
[2024-12-17 10:56:11,089] {logging_mixin.py:104} INFO - [2024-12-17 10:56:11,089] {dag.py:2306} INFO - Setting next_dagrun for example_short_circuit_operator to 2024-12-15 00:00:00+00:00
[2024-12-17 10:56:11,103] {scheduler_job.py:190} INFO - Processing /home/airflow/.local/lib/python3.6/site-packages/airflow/example_dags/example_short_circuit_operator.py took 0.071 seconds
[2024-12-17 10:56:41,640] {scheduler_job.py:182} INFO - Started process (PID=796) to work on /home/airflow/.local/lib/python3.6/site-packages/airflow/example_dags/example_short_circuit_operator.py
[2024-12-17 10:56:41,642] {scheduler_job.py:633} INFO - Processing file /home/airflow/.local/lib/python3.6/site-packages/airflow/example_dags/example_short_circuit_operator.py for tasks to queue
[2024-12-17 10:56:41,643] {logging_mixin.py:104} INFO - [2024-12-17 10:56:41,643] {dagbag.py:496} INFO - Filling up the DagBag from /home/airflow/.local/lib/python3.6/site-packages/airflow/example_dags/example_short_circuit_operator.py
[2024-12-17 10:56:41,658] {scheduler_job.py:643} INFO - DAG(s) dict_keys(['example_short_circuit_operator']) retrieved from /home/airflow/.local/lib/python3.6/site-packages/airflow/example_dags/example_short_circuit_operator.py
[2024-12-17 10:56:41,687] {logging_mixin.py:104} INFO - [2024-12-17 10:56:41,687] {dag.py:1833} INFO - Sync 1 DAGs
[2024-12-17 10:56:41,703] {logging_mixin.py:104} INFO - [2024-12-17 10:56:41,703] {dag.py:2306} INFO - Setting next_dagrun for example_short_circuit_operator to 2024-12-15 00:00:00+00:00
[2024-12-17 10:56:41,713] {scheduler_job.py:190} INFO - Processing /home/airflow/.local/lib/python3.6/site-packages/airflow/example_dags/example_short_circuit_operator.py took 0.078 seconds
[2024-12-17 10:57:12,261] {scheduler_job.py:182} INFO - Started process (PID=855) to work on /home/airflow/.local/lib/python3.6/site-packages/airflow/example_dags/example_short_circuit_operator.py
[2024-12-17 10:57:12,264] {scheduler_job.py:633} INFO - Processing file /home/airflow/.local/lib/python3.6/site-packages/airflow/example_dags/example_short_circuit_operator.py for tasks to queue
[2024-12-17 10:57:12,265] {logging_mixin.py:104} INFO - [2024-12-17 10:57:12,265] {dagbag.py:496} INFO - Filling up the DagBag from /home/airflow/.local/lib/python3.6/site-packages/airflow/example_dags/example_short_circuit_operator.py
[2024-12-17 10:57:12,278] {scheduler_job.py:643} INFO - DAG(s) dict_keys(['example_short_circuit_operator']) retrieved from /home/airflow/.local/lib/python3.6/site-packages/airflow/example_dags/example_short_circuit_operator.py
[2024-12-17 10:57:12,301] {logging_mixin.py:104} INFO - [2024-12-17 10:57:12,301] {dag.py:1833} INFO - Sync 1 DAGs
[2024-12-17 10:57:12,316] {logging_mixin.py:104} INFO - [2024-12-17 10:57:12,316] {dag.py:2306} INFO - Setting next_dagrun for example_short_circuit_operator to 2024-12-15 00:00:00+00:00
[2024-12-17 10:57:12,337] {scheduler_job.py:190} INFO - Processing /home/airflow/.local/lib/python3.6/site-packages/airflow/example_dags/example_short_circuit_operator.py took 0.079 seconds
[2024-12-17 10:57:42,946] {scheduler_job.py:182} INFO - Started process (PID=905) to work on /home/airflow/.local/lib/python3.6/site-packages/airflow/example_dags/example_short_circuit_operator.py
[2024-12-17 10:57:42,947] {scheduler_job.py:633} INFO - Processing file /home/airflow/.local/lib/python3.6/site-packages/airflow/example_dags/example_short_circuit_operator.py for tasks to queue
[2024-12-17 10:57:42,948] {logging_mixin.py:104} INFO - [2024-12-17 10:57:42,948] {dagbag.py:496} INFO - Filling up the DagBag from /home/airflow/.local/lib/python3.6/site-packages/airflow/example_dags/example_short_circuit_operator.py
[2024-12-17 10:57:42,967] {scheduler_job.py:643} INFO - DAG(s) dict_keys(['example_short_circuit_operator']) retrieved from /home/airflow/.local/lib/python3.6/site-packages/airflow/example_dags/example_short_circuit_operator.py
[2024-12-17 10:57:43,012] {logging_mixin.py:104} INFO - [2024-12-17 10:57:43,012] {dag.py:1833} INFO - Sync 1 DAGs
[2024-12-17 10:57:43,030] {logging_mixin.py:104} INFO - [2024-12-17 10:57:43,030] {dag.py:2306} INFO - Setting next_dagrun for example_short_circuit_operator to 2024-12-15 00:00:00+00:00
[2024-12-17 10:57:43,045] {scheduler_job.py:190} INFO - Processing /home/airflow/.local/lib/python3.6/site-packages/airflow/example_dags/example_short_circuit_operator.py took 0.104 seconds
[2024-12-17 10:58:13,758] {scheduler_job.py:182} INFO - Started process (PID=966) to work on /home/airflow/.local/lib/python3.6/site-packages/airflow/example_dags/example_short_circuit_operator.py
[2024-12-17 10:58:13,759] {scheduler_job.py:633} INFO - Processing file /home/airflow/.local/lib/python3.6/site-packages/airflow/example_dags/example_short_circuit_operator.py for tasks to queue
[2024-12-17 10:58:13,759] {logging_mixin.py:104} INFO - [2024-12-17 10:58:13,759] {dagbag.py:496} INFO - Filling up the DagBag from /home/airflow/.local/lib/python3.6/site-packages/airflow/example_dags/example_short_circuit_operator.py
[2024-12-17 10:58:13,794] {scheduler_job.py:643} INFO - DAG(s) dict_keys(['example_short_circuit_operator']) retrieved from /home/airflow/.local/lib/python3.6/site-packages/airflow/example_dags/example_short_circuit_operator.py
[2024-12-17 10:58:13,840] {logging_mixin.py:104} INFO - [2024-12-17 10:58:13,839] {dag.py:1833} INFO - Sync 1 DAGs
[2024-12-17 10:58:13,869] {logging_mixin.py:104} INFO - [2024-12-17 10:58:13,869] {dag.py:2306} INFO - Setting next_dagrun for example_short_circuit_operator to 2024-12-15 00:00:00+00:00
[2024-12-17 10:58:13,884] {scheduler_job.py:190} INFO - Processing /home/airflow/.local/lib/python3.6/site-packages/airflow/example_dags/example_short_circuit_operator.py took 0.129 seconds
[2024-12-17 10:58:44,865] {scheduler_job.py:182} INFO - Started process (PID=1023) to work on /home/airflow/.local/lib/python3.6/site-packages/airflow/example_dags/example_short_circuit_operator.py
[2024-12-17 10:58:44,865] {scheduler_job.py:633} INFO - Processing file /home/airflow/.local/lib/python3.6/site-packages/airflow/example_dags/example_short_circuit_operator.py for tasks to queue
[2024-12-17 10:58:44,866] {logging_mixin.py:104} INFO - [2024-12-17 10:58:44,866] {dagbag.py:496} INFO - Filling up the DagBag from /home/airflow/.local/lib/python3.6/site-packages/airflow/example_dags/example_short_circuit_operator.py
[2024-12-17 10:58:44,886] {scheduler_job.py:643} INFO - DAG(s) dict_keys(['example_short_circuit_operator']) retrieved from /home/airflow/.local/lib/python3.6/site-packages/airflow/example_dags/example_short_circuit_operator.py
[2024-12-17 10:58:44,945] {logging_mixin.py:104} INFO - [2024-12-17 10:58:44,945] {dag.py:1833} INFO - Sync 1 DAGs
[2024-12-17 10:58:44,962] {logging_mixin.py:104} INFO - [2024-12-17 10:58:44,962] {dag.py:2306} INFO - Setting next_dagrun for example_short_circuit_operator to 2024-12-15 00:00:00+00:00
[2024-12-17 10:58:44,974] {scheduler_job.py:190} INFO - Processing /home/airflow/.local/lib/python3.6/site-packages/airflow/example_dags/example_short_circuit_operator.py took 0.131 seconds
