[2024-12-17 10:50:29,373] {scheduler_job.py:182} INFO - Started process (PID=115) to work on /home/airflow/.local/lib/python3.6/site-packages/airflow/example_dags/example_bash_operator.py
[2024-12-17 10:50:29,376] {scheduler_job.py:633} INFO - Processing file /home/airflow/.local/lib/python3.6/site-packages/airflow/example_dags/example_bash_operator.py for tasks to queue
[2024-12-17 10:50:29,376] {logging_mixin.py:104} INFO - [2024-12-17 10:50:29,376] {dagbag.py:496} INFO - Filling up the DagBag from /home/airflow/.local/lib/python3.6/site-packages/airflow/example_dags/example_bash_operator.py
[2024-12-17 10:50:29,398] {scheduler_job.py:643} INFO - DAG(s) dict_keys(['example_bash_operator']) retrieved from /home/airflow/.local/lib/python3.6/site-packages/airflow/example_dags/example_bash_operator.py
[2024-12-17 10:50:32,218] {logging_mixin.py:104} INFO - [2024-12-17 10:50:32,216] {dag.py:1833} INFO - Sync 1 DAGs
[2024-12-17 10:50:32,231] {logging_mixin.py:104} INFO - [2024-12-17 10:50:32,230] {dag.py:1852} INFO - Creating ORM DAG for example_bash_operator
[2024-12-17 10:50:32,241] {logging_mixin.py:104} INFO - [2024-12-17 10:50:32,241] {dag.py:2306} INFO - Setting next_dagrun for example_bash_operator to 2024-12-15 00:00:00+00:00
[2024-12-17 10:50:32,262] {scheduler_job.py:190} INFO - Processing /home/airflow/.local/lib/python3.6/site-packages/airflow/example_dags/example_bash_operator.py took 2.894 seconds
[2024-12-17 10:51:05,467] {scheduler_job.py:182} INFO - Started process (PID=197) to work on /home/airflow/.local/lib/python3.6/site-packages/airflow/example_dags/example_bash_operator.py
[2024-12-17 10:51:05,479] {scheduler_job.py:633} INFO - Processing file /home/airflow/.local/lib/python3.6/site-packages/airflow/example_dags/example_bash_operator.py for tasks to queue
[2024-12-17 10:51:05,480] {logging_mixin.py:104} INFO - [2024-12-17 10:51:05,480] {dagbag.py:496} INFO - Filling up the DagBag from /home/airflow/.local/lib/python3.6/site-packages/airflow/example_dags/example_bash_operator.py
[2024-12-17 10:51:05,512] {scheduler_job.py:643} INFO - DAG(s) dict_keys(['example_bash_operator']) retrieved from /home/airflow/.local/lib/python3.6/site-packages/airflow/example_dags/example_bash_operator.py
[2024-12-17 10:51:05,549] {logging_mixin.py:104} INFO - [2024-12-17 10:51:05,549] {dag.py:1833} INFO - Sync 1 DAGs
[2024-12-17 10:51:05,572] {logging_mixin.py:104} INFO - [2024-12-17 10:51:05,572] {dag.py:2306} INFO - Setting next_dagrun for example_bash_operator to 2024-12-15 00:00:00+00:00
[2024-12-17 10:51:05,603] {scheduler_job.py:190} INFO - Processing /home/airflow/.local/lib/python3.6/site-packages/airflow/example_dags/example_bash_operator.py took 0.142 seconds
[2024-12-17 10:51:36,576] {scheduler_job.py:182} INFO - Started process (PID=256) to work on /home/airflow/.local/lib/python3.6/site-packages/airflow/example_dags/example_bash_operator.py
[2024-12-17 10:51:36,583] {scheduler_job.py:633} INFO - Processing file /home/airflow/.local/lib/python3.6/site-packages/airflow/example_dags/example_bash_operator.py for tasks to queue
[2024-12-17 10:51:36,583] {logging_mixin.py:104} INFO - [2024-12-17 10:51:36,583] {dagbag.py:496} INFO - Filling up the DagBag from /home/airflow/.local/lib/python3.6/site-packages/airflow/example_dags/example_bash_operator.py
[2024-12-17 10:51:36,626] {scheduler_job.py:643} INFO - DAG(s) dict_keys(['example_bash_operator']) retrieved from /home/airflow/.local/lib/python3.6/site-packages/airflow/example_dags/example_bash_operator.py
[2024-12-17 10:51:36,677] {logging_mixin.py:104} INFO - [2024-12-17 10:51:36,677] {dag.py:1833} INFO - Sync 1 DAGs
[2024-12-17 10:51:36,697] {logging_mixin.py:104} INFO - [2024-12-17 10:51:36,697] {dag.py:2306} INFO - Setting next_dagrun for example_bash_operator to 2024-12-15 00:00:00+00:00
[2024-12-17 10:51:36,709] {scheduler_job.py:190} INFO - Processing /home/airflow/.local/lib/python3.6/site-packages/airflow/example_dags/example_bash_operator.py took 0.142 seconds
[2024-12-17 10:52:06,819] {scheduler_job.py:182} INFO - Started process (PID=305) to work on /home/airflow/.local/lib/python3.6/site-packages/airflow/example_dags/example_bash_operator.py
[2024-12-17 10:52:06,821] {scheduler_job.py:633} INFO - Processing file /home/airflow/.local/lib/python3.6/site-packages/airflow/example_dags/example_bash_operator.py for tasks to queue
[2024-12-17 10:52:06,822] {logging_mixin.py:104} INFO - [2024-12-17 10:52:06,821] {dagbag.py:496} INFO - Filling up the DagBag from /home/airflow/.local/lib/python3.6/site-packages/airflow/example_dags/example_bash_operator.py
[2024-12-17 10:52:06,838] {scheduler_job.py:643} INFO - DAG(s) dict_keys(['example_bash_operator']) retrieved from /home/airflow/.local/lib/python3.6/site-packages/airflow/example_dags/example_bash_operator.py
[2024-12-17 10:52:06,866] {logging_mixin.py:104} INFO - [2024-12-17 10:52:06,866] {dag.py:1833} INFO - Sync 1 DAGs
[2024-12-17 10:52:06,884] {logging_mixin.py:104} INFO - [2024-12-17 10:52:06,884] {dag.py:2306} INFO - Setting next_dagrun for example_bash_operator to 2024-12-15 00:00:00+00:00
[2024-12-17 10:52:06,899] {scheduler_job.py:190} INFO - Processing /home/airflow/.local/lib/python3.6/site-packages/airflow/example_dags/example_bash_operator.py took 0.084 seconds
[2024-12-17 10:52:37,216] {scheduler_job.py:182} INFO - Started process (PID=356) to work on /home/airflow/.local/lib/python3.6/site-packages/airflow/example_dags/example_bash_operator.py
[2024-12-17 10:52:37,217] {scheduler_job.py:633} INFO - Processing file /home/airflow/.local/lib/python3.6/site-packages/airflow/example_dags/example_bash_operator.py for tasks to queue
[2024-12-17 10:52:37,218] {logging_mixin.py:104} INFO - [2024-12-17 10:52:37,218] {dagbag.py:496} INFO - Filling up the DagBag from /home/airflow/.local/lib/python3.6/site-packages/airflow/example_dags/example_bash_operator.py
[2024-12-17 10:52:37,233] {scheduler_job.py:643} INFO - DAG(s) dict_keys(['example_bash_operator']) retrieved from /home/airflow/.local/lib/python3.6/site-packages/airflow/example_dags/example_bash_operator.py
[2024-12-17 10:52:37,259] {logging_mixin.py:104} INFO - [2024-12-17 10:52:37,259] {dag.py:1833} INFO - Sync 1 DAGs
[2024-12-17 10:52:37,276] {logging_mixin.py:104} INFO - [2024-12-17 10:52:37,276] {dag.py:2306} INFO - Setting next_dagrun for example_bash_operator to 2024-12-15 00:00:00+00:00
[2024-12-17 10:52:37,288] {scheduler_job.py:190} INFO - Processing /home/airflow/.local/lib/python3.6/site-packages/airflow/example_dags/example_bash_operator.py took 0.075 seconds
[2024-12-17 10:53:08,363] {scheduler_job.py:182} INFO - Started process (PID=418) to work on /home/airflow/.local/lib/python3.6/site-packages/airflow/example_dags/example_bash_operator.py
[2024-12-17 10:53:08,364] {scheduler_job.py:633} INFO - Processing file /home/airflow/.local/lib/python3.6/site-packages/airflow/example_dags/example_bash_operator.py for tasks to queue
[2024-12-17 10:53:08,365] {logging_mixin.py:104} INFO - [2024-12-17 10:53:08,364] {dagbag.py:496} INFO - Filling up the DagBag from /home/airflow/.local/lib/python3.6/site-packages/airflow/example_dags/example_bash_operator.py
[2024-12-17 10:53:08,379] {scheduler_job.py:643} INFO - DAG(s) dict_keys(['example_bash_operator']) retrieved from /home/airflow/.local/lib/python3.6/site-packages/airflow/example_dags/example_bash_operator.py
[2024-12-17 10:53:08,402] {logging_mixin.py:104} INFO - [2024-12-17 10:53:08,402] {dag.py:1833} INFO - Sync 1 DAGs
[2024-12-17 10:53:08,421] {logging_mixin.py:104} INFO - [2024-12-17 10:53:08,421] {dag.py:2306} INFO - Setting next_dagrun for example_bash_operator to 2024-12-15 00:00:00+00:00
[2024-12-17 10:53:08,431] {scheduler_job.py:190} INFO - Processing /home/airflow/.local/lib/python3.6/site-packages/airflow/example_dags/example_bash_operator.py took 0.072 seconds
[2024-12-17 10:53:39,090] {scheduler_job.py:182} INFO - Started process (PID=467) to work on /home/airflow/.local/lib/python3.6/site-packages/airflow/example_dags/example_bash_operator.py
[2024-12-17 10:53:39,092] {scheduler_job.py:633} INFO - Processing file /home/airflow/.local/lib/python3.6/site-packages/airflow/example_dags/example_bash_operator.py for tasks to queue
[2024-12-17 10:53:39,093] {logging_mixin.py:104} INFO - [2024-12-17 10:53:39,093] {dagbag.py:496} INFO - Filling up the DagBag from /home/airflow/.local/lib/python3.6/site-packages/airflow/example_dags/example_bash_operator.py
[2024-12-17 10:53:39,109] {scheduler_job.py:643} INFO - DAG(s) dict_keys(['example_bash_operator']) retrieved from /home/airflow/.local/lib/python3.6/site-packages/airflow/example_dags/example_bash_operator.py
[2024-12-17 10:53:39,137] {logging_mixin.py:104} INFO - [2024-12-17 10:53:39,137] {dag.py:1833} INFO - Sync 1 DAGs
[2024-12-17 10:53:39,160] {logging_mixin.py:104} INFO - [2024-12-17 10:53:39,160] {dag.py:2306} INFO - Setting next_dagrun for example_bash_operator to 2024-12-15 00:00:00+00:00
[2024-12-17 10:53:39,174] {scheduler_job.py:190} INFO - Processing /home/airflow/.local/lib/python3.6/site-packages/airflow/example_dags/example_bash_operator.py took 0.087 seconds
[2024-12-17 10:54:10,535] {scheduler_job.py:182} INFO - Started process (PID=529) to work on /home/airflow/.local/lib/python3.6/site-packages/airflow/example_dags/example_bash_operator.py
[2024-12-17 10:54:10,536] {scheduler_job.py:633} INFO - Processing file /home/airflow/.local/lib/python3.6/site-packages/airflow/example_dags/example_bash_operator.py for tasks to queue
[2024-12-17 10:54:10,537] {logging_mixin.py:104} INFO - [2024-12-17 10:54:10,537] {dagbag.py:496} INFO - Filling up the DagBag from /home/airflow/.local/lib/python3.6/site-packages/airflow/example_dags/example_bash_operator.py
[2024-12-17 10:54:10,611] {scheduler_job.py:643} INFO - DAG(s) dict_keys(['example_bash_operator']) retrieved from /home/airflow/.local/lib/python3.6/site-packages/airflow/example_dags/example_bash_operator.py
[2024-12-17 10:54:10,750] {logging_mixin.py:104} INFO - [2024-12-17 10:54:10,750] {dag.py:1833} INFO - Sync 1 DAGs
[2024-12-17 10:54:10,787] {logging_mixin.py:104} INFO - [2024-12-17 10:54:10,787] {dag.py:2306} INFO - Setting next_dagrun for example_bash_operator to 2024-12-15 00:00:00+00:00
[2024-12-17 10:54:10,804] {scheduler_job.py:190} INFO - Processing /home/airflow/.local/lib/python3.6/site-packages/airflow/example_dags/example_bash_operator.py took 0.273 seconds
[2024-12-17 10:54:41,743] {scheduler_job.py:182} INFO - Started process (PID=591) to work on /home/airflow/.local/lib/python3.6/site-packages/airflow/example_dags/example_bash_operator.py
[2024-12-17 10:54:41,744] {scheduler_job.py:633} INFO - Processing file /home/airflow/.local/lib/python3.6/site-packages/airflow/example_dags/example_bash_operator.py for tasks to queue
[2024-12-17 10:54:41,744] {logging_mixin.py:104} INFO - [2024-12-17 10:54:41,744] {dagbag.py:496} INFO - Filling up the DagBag from /home/airflow/.local/lib/python3.6/site-packages/airflow/example_dags/example_bash_operator.py
[2024-12-17 10:54:41,758] {scheduler_job.py:643} INFO - DAG(s) dict_keys(['example_bash_operator']) retrieved from /home/airflow/.local/lib/python3.6/site-packages/airflow/example_dags/example_bash_operator.py
[2024-12-17 10:54:41,783] {logging_mixin.py:104} INFO - [2024-12-17 10:54:41,783] {dag.py:1833} INFO - Sync 1 DAGs
[2024-12-17 10:54:41,800] {logging_mixin.py:104} INFO - [2024-12-17 10:54:41,799] {dag.py:2306} INFO - Setting next_dagrun for example_bash_operator to 2024-12-15 00:00:00+00:00
[2024-12-17 10:54:41,813] {scheduler_job.py:190} INFO - Processing /home/airflow/.local/lib/python3.6/site-packages/airflow/example_dags/example_bash_operator.py took 0.072 seconds
[2024-12-17 10:55:12,071] {scheduler_job.py:182} INFO - Started process (PID=642) to work on /home/airflow/.local/lib/python3.6/site-packages/airflow/example_dags/example_bash_operator.py
[2024-12-17 10:55:12,072] {scheduler_job.py:633} INFO - Processing file /home/airflow/.local/lib/python3.6/site-packages/airflow/example_dags/example_bash_operator.py for tasks to queue
[2024-12-17 10:55:12,073] {logging_mixin.py:104} INFO - [2024-12-17 10:55:12,073] {dagbag.py:496} INFO - Filling up the DagBag from /home/airflow/.local/lib/python3.6/site-packages/airflow/example_dags/example_bash_operator.py
[2024-12-17 10:55:12,120] {scheduler_job.py:643} INFO - DAG(s) dict_keys(['example_bash_operator']) retrieved from /home/airflow/.local/lib/python3.6/site-packages/airflow/example_dags/example_bash_operator.py
[2024-12-17 10:55:12,267] {logging_mixin.py:104} INFO - [2024-12-17 10:55:12,267] {dag.py:1833} INFO - Sync 1 DAGs
[2024-12-17 10:55:12,287] {logging_mixin.py:104} INFO - [2024-12-17 10:55:12,287] {dag.py:2306} INFO - Setting next_dagrun for example_bash_operator to 2024-12-15 00:00:00+00:00
[2024-12-17 10:55:12,302] {scheduler_job.py:190} INFO - Processing /home/airflow/.local/lib/python3.6/site-packages/airflow/example_dags/example_bash_operator.py took 0.234 seconds
[2024-12-17 10:55:42,892] {scheduler_job.py:182} INFO - Started process (PID=702) to work on /home/airflow/.local/lib/python3.6/site-packages/airflow/example_dags/example_bash_operator.py
[2024-12-17 10:55:42,893] {scheduler_job.py:633} INFO - Processing file /home/airflow/.local/lib/python3.6/site-packages/airflow/example_dags/example_bash_operator.py for tasks to queue
[2024-12-17 10:55:42,894] {logging_mixin.py:104} INFO - [2024-12-17 10:55:42,894] {dagbag.py:496} INFO - Filling up the DagBag from /home/airflow/.local/lib/python3.6/site-packages/airflow/example_dags/example_bash_operator.py
[2024-12-17 10:55:42,936] {scheduler_job.py:643} INFO - DAG(s) dict_keys(['example_bash_operator']) retrieved from /home/airflow/.local/lib/python3.6/site-packages/airflow/example_dags/example_bash_operator.py
[2024-12-17 10:55:43,006] {logging_mixin.py:104} INFO - [2024-12-17 10:55:43,006] {dag.py:1833} INFO - Sync 1 DAGs
[2024-12-17 10:55:43,031] {logging_mixin.py:104} INFO - [2024-12-17 10:55:43,031] {dag.py:2306} INFO - Setting next_dagrun for example_bash_operator to 2024-12-15 00:00:00+00:00
[2024-12-17 10:55:43,043] {scheduler_job.py:190} INFO - Processing /home/airflow/.local/lib/python3.6/site-packages/airflow/example_dags/example_bash_operator.py took 0.165 seconds
[2024-12-17 10:56:13,732] {scheduler_job.py:182} INFO - Started process (PID=753) to work on /home/airflow/.local/lib/python3.6/site-packages/airflow/example_dags/example_bash_operator.py
[2024-12-17 10:56:13,734] {scheduler_job.py:633} INFO - Processing file /home/airflow/.local/lib/python3.6/site-packages/airflow/example_dags/example_bash_operator.py for tasks to queue
[2024-12-17 10:56:13,734] {logging_mixin.py:104} INFO - [2024-12-17 10:56:13,734] {dagbag.py:496} INFO - Filling up the DagBag from /home/airflow/.local/lib/python3.6/site-packages/airflow/example_dags/example_bash_operator.py
[2024-12-17 10:56:13,751] {scheduler_job.py:643} INFO - DAG(s) dict_keys(['example_bash_operator']) retrieved from /home/airflow/.local/lib/python3.6/site-packages/airflow/example_dags/example_bash_operator.py
[2024-12-17 10:56:13,773] {logging_mixin.py:104} INFO - [2024-12-17 10:56:13,773] {dag.py:1833} INFO - Sync 1 DAGs
[2024-12-17 10:56:13,791] {logging_mixin.py:104} INFO - [2024-12-17 10:56:13,791] {dag.py:2306} INFO - Setting next_dagrun for example_bash_operator to 2024-12-15 00:00:00+00:00
[2024-12-17 10:56:13,801] {scheduler_job.py:190} INFO - Processing /home/airflow/.local/lib/python3.6/site-packages/airflow/example_dags/example_bash_operator.py took 0.072 seconds
[2024-12-17 10:56:44,496] {scheduler_job.py:182} INFO - Started process (PID=813) to work on /home/airflow/.local/lib/python3.6/site-packages/airflow/example_dags/example_bash_operator.py
[2024-12-17 10:56:44,509] {scheduler_job.py:633} INFO - Processing file /home/airflow/.local/lib/python3.6/site-packages/airflow/example_dags/example_bash_operator.py for tasks to queue
[2024-12-17 10:56:44,510] {logging_mixin.py:104} INFO - [2024-12-17 10:56:44,510] {dagbag.py:496} INFO - Filling up the DagBag from /home/airflow/.local/lib/python3.6/site-packages/airflow/example_dags/example_bash_operator.py
[2024-12-17 10:56:44,536] {scheduler_job.py:643} INFO - DAG(s) dict_keys(['example_bash_operator']) retrieved from /home/airflow/.local/lib/python3.6/site-packages/airflow/example_dags/example_bash_operator.py
[2024-12-17 10:56:44,603] {logging_mixin.py:104} INFO - [2024-12-17 10:56:44,603] {dag.py:1833} INFO - Sync 1 DAGs
[2024-12-17 10:56:44,650] {logging_mixin.py:104} INFO - [2024-12-17 10:56:44,650] {dag.py:2306} INFO - Setting next_dagrun for example_bash_operator to 2024-12-15 00:00:00+00:00
[2024-12-17 10:56:44,680] {scheduler_job.py:190} INFO - Processing /home/airflow/.local/lib/python3.6/site-packages/airflow/example_dags/example_bash_operator.py took 0.188 seconds
[2024-12-17 10:57:15,204] {scheduler_job.py:182} INFO - Started process (PID=863) to work on /home/airflow/.local/lib/python3.6/site-packages/airflow/example_dags/example_bash_operator.py
[2024-12-17 10:57:15,206] {scheduler_job.py:633} INFO - Processing file /home/airflow/.local/lib/python3.6/site-packages/airflow/example_dags/example_bash_operator.py for tasks to queue
[2024-12-17 10:57:15,208] {logging_mixin.py:104} INFO - [2024-12-17 10:57:15,208] {dagbag.py:496} INFO - Filling up the DagBag from /home/airflow/.local/lib/python3.6/site-packages/airflow/example_dags/example_bash_operator.py
[2024-12-17 10:57:15,223] {scheduler_job.py:643} INFO - DAG(s) dict_keys(['example_bash_operator']) retrieved from /home/airflow/.local/lib/python3.6/site-packages/airflow/example_dags/example_bash_operator.py
[2024-12-17 10:57:15,252] {logging_mixin.py:104} INFO - [2024-12-17 10:57:15,252] {dag.py:1833} INFO - Sync 1 DAGs
[2024-12-17 10:57:15,270] {logging_mixin.py:104} INFO - [2024-12-17 10:57:15,270] {dag.py:2306} INFO - Setting next_dagrun for example_bash_operator to 2024-12-15 00:00:00+00:00
[2024-12-17 10:57:15,290] {scheduler_job.py:190} INFO - Processing /home/airflow/.local/lib/python3.6/site-packages/airflow/example_dags/example_bash_operator.py took 0.091 seconds
[2024-12-17 10:57:46,289] {scheduler_job.py:182} INFO - Started process (PID=924) to work on /home/airflow/.local/lib/python3.6/site-packages/airflow/example_dags/example_bash_operator.py
[2024-12-17 10:57:46,290] {scheduler_job.py:633} INFO - Processing file /home/airflow/.local/lib/python3.6/site-packages/airflow/example_dags/example_bash_operator.py for tasks to queue
[2024-12-17 10:57:46,291] {logging_mixin.py:104} INFO - [2024-12-17 10:57:46,291] {dagbag.py:496} INFO - Filling up the DagBag from /home/airflow/.local/lib/python3.6/site-packages/airflow/example_dags/example_bash_operator.py
[2024-12-17 10:57:46,315] {scheduler_job.py:643} INFO - DAG(s) dict_keys(['example_bash_operator']) retrieved from /home/airflow/.local/lib/python3.6/site-packages/airflow/example_dags/example_bash_operator.py
[2024-12-17 10:57:46,341] {logging_mixin.py:104} INFO - [2024-12-17 10:57:46,341] {dag.py:1833} INFO - Sync 1 DAGs
[2024-12-17 10:57:46,375] {logging_mixin.py:104} INFO - [2024-12-17 10:57:46,375] {dag.py:2306} INFO - Setting next_dagrun for example_bash_operator to 2024-12-15 00:00:00+00:00
[2024-12-17 10:57:46,391] {scheduler_job.py:190} INFO - Processing /home/airflow/.local/lib/python3.6/site-packages/airflow/example_dags/example_bash_operator.py took 0.106 seconds
[2024-12-17 10:58:16,700] {scheduler_job.py:182} INFO - Started process (PID=975) to work on /home/airflow/.local/lib/python3.6/site-packages/airflow/example_dags/example_bash_operator.py
[2024-12-17 10:58:16,702] {scheduler_job.py:633} INFO - Processing file /home/airflow/.local/lib/python3.6/site-packages/airflow/example_dags/example_bash_operator.py for tasks to queue
[2024-12-17 10:58:16,702] {logging_mixin.py:104} INFO - [2024-12-17 10:58:16,702] {dagbag.py:496} INFO - Filling up the DagBag from /home/airflow/.local/lib/python3.6/site-packages/airflow/example_dags/example_bash_operator.py
[2024-12-17 10:58:16,718] {scheduler_job.py:643} INFO - DAG(s) dict_keys(['example_bash_operator']) retrieved from /home/airflow/.local/lib/python3.6/site-packages/airflow/example_dags/example_bash_operator.py
[2024-12-17 10:58:16,746] {logging_mixin.py:104} INFO - [2024-12-17 10:58:16,746] {dag.py:1833} INFO - Sync 1 DAGs
[2024-12-17 10:58:16,775] {logging_mixin.py:104} INFO - [2024-12-17 10:58:16,775] {dag.py:2306} INFO - Setting next_dagrun for example_bash_operator to 2024-12-15 00:00:00+00:00
[2024-12-17 10:58:16,810] {scheduler_job.py:190} INFO - Processing /home/airflow/.local/lib/python3.6/site-packages/airflow/example_dags/example_bash_operator.py took 0.113 seconds
[2024-12-17 10:58:47,884] {scheduler_job.py:182} INFO - Started process (PID=1035) to work on /home/airflow/.local/lib/python3.6/site-packages/airflow/example_dags/example_bash_operator.py
[2024-12-17 10:58:47,885] {scheduler_job.py:633} INFO - Processing file /home/airflow/.local/lib/python3.6/site-packages/airflow/example_dags/example_bash_operator.py for tasks to queue
[2024-12-17 10:58:47,886] {logging_mixin.py:104} INFO - [2024-12-17 10:58:47,885] {dagbag.py:496} INFO - Filling up the DagBag from /home/airflow/.local/lib/python3.6/site-packages/airflow/example_dags/example_bash_operator.py
[2024-12-17 10:58:47,901] {scheduler_job.py:643} INFO - DAG(s) dict_keys(['example_bash_operator']) retrieved from /home/airflow/.local/lib/python3.6/site-packages/airflow/example_dags/example_bash_operator.py
[2024-12-17 10:58:47,928] {logging_mixin.py:104} INFO - [2024-12-17 10:58:47,928] {dag.py:1833} INFO - Sync 1 DAGs
[2024-12-17 10:58:47,946] {logging_mixin.py:104} INFO - [2024-12-17 10:58:47,946] {dag.py:2306} INFO - Setting next_dagrun for example_bash_operator to 2024-12-15 00:00:00+00:00
[2024-12-17 10:58:47,961] {scheduler_job.py:190} INFO - Processing /home/airflow/.local/lib/python3.6/site-packages/airflow/example_dags/example_bash_operator.py took 0.082 seconds
