[2024-12-17 10:50:25,375] {scheduler_job.py:182} INFO - Started process (PID=109) to work on /home/airflow/.local/lib/python3.6/site-packages/airflow/example_dags/example_latest_only.py
[2024-12-17 10:50:25,375] {scheduler_job.py:633} INFO - Processing file /home/airflow/.local/lib/python3.6/site-packages/airflow/example_dags/example_latest_only.py for tasks to queue
[2024-12-17 10:50:25,376] {logging_mixin.py:104} INFO - [2024-12-17 10:50:25,376] {dagbag.py:496} INFO - Filling up the DagBag from /home/airflow/.local/lib/python3.6/site-packages/airflow/example_dags/example_latest_only.py
[2024-12-17 10:50:25,392] {scheduler_job.py:643} INFO - DAG(s) dict_keys(['latest_only']) retrieved from /home/airflow/.local/lib/python3.6/site-packages/airflow/example_dags/example_latest_only.py
[2024-12-17 10:50:28,836] {logging_mixin.py:104} INFO - [2024-12-17 10:50:28,835] {dag.py:1833} INFO - Sync 1 DAGs
[2024-12-17 10:50:28,847] {logging_mixin.py:104} INFO - [2024-12-17 10:50:28,846] {dag.py:1852} INFO - Creating ORM DAG for latest_only
[2024-12-17 10:50:28,855] {logging_mixin.py:104} INFO - [2024-12-17 10:50:28,855] {dag.py:2306} INFO - Setting next_dagrun for latest_only to 2024-12-15 00:00:00+00:00
[2024-12-17 10:50:28,875] {scheduler_job.py:190} INFO - Processing /home/airflow/.local/lib/python3.6/site-packages/airflow/example_dags/example_latest_only.py took 3.506 seconds
[2024-12-17 10:51:05,225] {scheduler_job.py:182} INFO - Started process (PID=195) to work on /home/airflow/.local/lib/python3.6/site-packages/airflow/example_dags/example_latest_only.py
[2024-12-17 10:51:05,226] {scheduler_job.py:633} INFO - Processing file /home/airflow/.local/lib/python3.6/site-packages/airflow/example_dags/example_latest_only.py for tasks to queue
[2024-12-17 10:51:05,227] {logging_mixin.py:104} INFO - [2024-12-17 10:51:05,227] {dagbag.py:496} INFO - Filling up the DagBag from /home/airflow/.local/lib/python3.6/site-packages/airflow/example_dags/example_latest_only.py
[2024-12-17 10:51:05,262] {scheduler_job.py:643} INFO - DAG(s) dict_keys(['latest_only']) retrieved from /home/airflow/.local/lib/python3.6/site-packages/airflow/example_dags/example_latest_only.py
[2024-12-17 10:51:05,357] {logging_mixin.py:104} INFO - [2024-12-17 10:51:05,357] {dag.py:1833} INFO - Sync 1 DAGs
[2024-12-17 10:51:05,390] {logging_mixin.py:104} INFO - [2024-12-17 10:51:05,390] {dag.py:2306} INFO - Setting next_dagrun for latest_only to 2024-12-15 00:00:00+00:00
[2024-12-17 10:51:05,424] {scheduler_job.py:190} INFO - Processing /home/airflow/.local/lib/python3.6/site-packages/airflow/example_dags/example_latest_only.py took 0.203 seconds
[2024-12-17 10:51:36,424] {scheduler_job.py:182} INFO - Started process (PID=254) to work on /home/airflow/.local/lib/python3.6/site-packages/airflow/example_dags/example_latest_only.py
[2024-12-17 10:51:36,426] {scheduler_job.py:633} INFO - Processing file /home/airflow/.local/lib/python3.6/site-packages/airflow/example_dags/example_latest_only.py for tasks to queue
[2024-12-17 10:51:36,426] {logging_mixin.py:104} INFO - [2024-12-17 10:51:36,426] {dagbag.py:496} INFO - Filling up the DagBag from /home/airflow/.local/lib/python3.6/site-packages/airflow/example_dags/example_latest_only.py
[2024-12-17 10:51:36,440] {scheduler_job.py:643} INFO - DAG(s) dict_keys(['latest_only']) retrieved from /home/airflow/.local/lib/python3.6/site-packages/airflow/example_dags/example_latest_only.py
[2024-12-17 10:51:36,471] {logging_mixin.py:104} INFO - [2024-12-17 10:51:36,470] {dag.py:1833} INFO - Sync 1 DAGs
[2024-12-17 10:51:36,501] {logging_mixin.py:104} INFO - [2024-12-17 10:51:36,500] {dag.py:2306} INFO - Setting next_dagrun for latest_only to 2024-12-15 00:00:00+00:00
[2024-12-17 10:51:36,533] {scheduler_job.py:190} INFO - Processing /home/airflow/.local/lib/python3.6/site-packages/airflow/example_dags/example_latest_only.py took 0.113 seconds
[2024-12-17 10:52:06,729] {scheduler_job.py:182} INFO - Started process (PID=304) to work on /home/airflow/.local/lib/python3.6/site-packages/airflow/example_dags/example_latest_only.py
[2024-12-17 10:52:06,731] {scheduler_job.py:633} INFO - Processing file /home/airflow/.local/lib/python3.6/site-packages/airflow/example_dags/example_latest_only.py for tasks to queue
[2024-12-17 10:52:06,732] {logging_mixin.py:104} INFO - [2024-12-17 10:52:06,732] {dagbag.py:496} INFO - Filling up the DagBag from /home/airflow/.local/lib/python3.6/site-packages/airflow/example_dags/example_latest_only.py
[2024-12-17 10:52:06,742] {scheduler_job.py:643} INFO - DAG(s) dict_keys(['latest_only']) retrieved from /home/airflow/.local/lib/python3.6/site-packages/airflow/example_dags/example_latest_only.py
[2024-12-17 10:52:06,766] {logging_mixin.py:104} INFO - [2024-12-17 10:52:06,766] {dag.py:1833} INFO - Sync 1 DAGs
[2024-12-17 10:52:06,782] {logging_mixin.py:104} INFO - [2024-12-17 10:52:06,782] {dag.py:2306} INFO - Setting next_dagrun for latest_only to 2024-12-15 00:00:00+00:00
[2024-12-17 10:52:06,792] {scheduler_job.py:190} INFO - Processing /home/airflow/.local/lib/python3.6/site-packages/airflow/example_dags/example_latest_only.py took 0.067 seconds
[2024-12-17 10:52:37,130] {scheduler_job.py:182} INFO - Started process (PID=354) to work on /home/airflow/.local/lib/python3.6/site-packages/airflow/example_dags/example_latest_only.py
[2024-12-17 10:52:37,131] {scheduler_job.py:633} INFO - Processing file /home/airflow/.local/lib/python3.6/site-packages/airflow/example_dags/example_latest_only.py for tasks to queue
[2024-12-17 10:52:37,132] {logging_mixin.py:104} INFO - [2024-12-17 10:52:37,132] {dagbag.py:496} INFO - Filling up the DagBag from /home/airflow/.local/lib/python3.6/site-packages/airflow/example_dags/example_latest_only.py
[2024-12-17 10:52:37,143] {scheduler_job.py:643} INFO - DAG(s) dict_keys(['latest_only']) retrieved from /home/airflow/.local/lib/python3.6/site-packages/airflow/example_dags/example_latest_only.py
[2024-12-17 10:52:37,166] {logging_mixin.py:104} INFO - [2024-12-17 10:52:37,166] {dag.py:1833} INFO - Sync 1 DAGs
[2024-12-17 10:52:37,183] {logging_mixin.py:104} INFO - [2024-12-17 10:52:37,182] {dag.py:2306} INFO - Setting next_dagrun for latest_only to 2024-12-15 00:00:00+00:00
[2024-12-17 10:52:37,196] {scheduler_job.py:190} INFO - Processing /home/airflow/.local/lib/python3.6/site-packages/airflow/example_dags/example_latest_only.py took 0.069 seconds
[2024-12-17 10:53:08,255] {scheduler_job.py:182} INFO - Started process (PID=416) to work on /home/airflow/.local/lib/python3.6/site-packages/airflow/example_dags/example_latest_only.py
[2024-12-17 10:53:08,256] {scheduler_job.py:633} INFO - Processing file /home/airflow/.local/lib/python3.6/site-packages/airflow/example_dags/example_latest_only.py for tasks to queue
[2024-12-17 10:53:08,256] {logging_mixin.py:104} INFO - [2024-12-17 10:53:08,256] {dagbag.py:496} INFO - Filling up the DagBag from /home/airflow/.local/lib/python3.6/site-packages/airflow/example_dags/example_latest_only.py
[2024-12-17 10:53:08,265] {scheduler_job.py:643} INFO - DAG(s) dict_keys(['latest_only']) retrieved from /home/airflow/.local/lib/python3.6/site-packages/airflow/example_dags/example_latest_only.py
[2024-12-17 10:53:08,303] {logging_mixin.py:104} INFO - [2024-12-17 10:53:08,303] {dag.py:1833} INFO - Sync 1 DAGs
[2024-12-17 10:53:08,321] {logging_mixin.py:104} INFO - [2024-12-17 10:53:08,321] {dag.py:2306} INFO - Setting next_dagrun for latest_only to 2024-12-15 00:00:00+00:00
[2024-12-17 10:53:08,338] {scheduler_job.py:190} INFO - Processing /home/airflow/.local/lib/python3.6/site-packages/airflow/example_dags/example_latest_only.py took 0.088 seconds
[2024-12-17 10:53:39,021] {scheduler_job.py:182} INFO - Started process (PID=466) to work on /home/airflow/.local/lib/python3.6/site-packages/airflow/example_dags/example_latest_only.py
[2024-12-17 10:53:39,022] {scheduler_job.py:633} INFO - Processing file /home/airflow/.local/lib/python3.6/site-packages/airflow/example_dags/example_latest_only.py for tasks to queue
[2024-12-17 10:53:39,023] {logging_mixin.py:104} INFO - [2024-12-17 10:53:39,022] {dagbag.py:496} INFO - Filling up the DagBag from /home/airflow/.local/lib/python3.6/site-packages/airflow/example_dags/example_latest_only.py
[2024-12-17 10:53:39,038] {scheduler_job.py:643} INFO - DAG(s) dict_keys(['latest_only']) retrieved from /home/airflow/.local/lib/python3.6/site-packages/airflow/example_dags/example_latest_only.py
[2024-12-17 10:53:39,059] {logging_mixin.py:104} INFO - [2024-12-17 10:53:39,059] {dag.py:1833} INFO - Sync 1 DAGs
[2024-12-17 10:53:39,075] {logging_mixin.py:104} INFO - [2024-12-17 10:53:39,075] {dag.py:2306} INFO - Setting next_dagrun for latest_only to 2024-12-15 00:00:00+00:00
[2024-12-17 10:53:39,088] {scheduler_job.py:190} INFO - Processing /home/airflow/.local/lib/python3.6/site-packages/airflow/example_dags/example_latest_only.py took 0.071 seconds
[2024-12-17 10:54:09,826] {scheduler_job.py:182} INFO - Started process (PID=527) to work on /home/airflow/.local/lib/python3.6/site-packages/airflow/example_dags/example_latest_only.py
[2024-12-17 10:54:09,828] {scheduler_job.py:633} INFO - Processing file /home/airflow/.local/lib/python3.6/site-packages/airflow/example_dags/example_latest_only.py for tasks to queue
[2024-12-17 10:54:09,829] {logging_mixin.py:104} INFO - [2024-12-17 10:54:09,829] {dagbag.py:496} INFO - Filling up the DagBag from /home/airflow/.local/lib/python3.6/site-packages/airflow/example_dags/example_latest_only.py
[2024-12-17 10:54:09,849] {scheduler_job.py:643} INFO - DAG(s) dict_keys(['latest_only']) retrieved from /home/airflow/.local/lib/python3.6/site-packages/airflow/example_dags/example_latest_only.py
[2024-12-17 10:54:09,880] {logging_mixin.py:104} INFO - [2024-12-17 10:54:09,880] {dag.py:1833} INFO - Sync 1 DAGs
[2024-12-17 10:54:09,901] {logging_mixin.py:104} INFO - [2024-12-17 10:54:09,900] {dag.py:2306} INFO - Setting next_dagrun for latest_only to 2024-12-15 00:00:00+00:00
[2024-12-17 10:54:09,946] {scheduler_job.py:190} INFO - Processing /home/airflow/.local/lib/python3.6/site-packages/airflow/example_dags/example_latest_only.py took 0.125 seconds
[2024-12-17 10:54:41,200] {scheduler_job.py:182} INFO - Started process (PID=588) to work on /home/airflow/.local/lib/python3.6/site-packages/airflow/example_dags/example_latest_only.py
[2024-12-17 10:54:41,213] {scheduler_job.py:633} INFO - Processing file /home/airflow/.local/lib/python3.6/site-packages/airflow/example_dags/example_latest_only.py for tasks to queue
[2024-12-17 10:54:41,214] {logging_mixin.py:104} INFO - [2024-12-17 10:54:41,214] {dagbag.py:496} INFO - Filling up the DagBag from /home/airflow/.local/lib/python3.6/site-packages/airflow/example_dags/example_latest_only.py
[2024-12-17 10:54:41,236] {scheduler_job.py:643} INFO - DAG(s) dict_keys(['latest_only']) retrieved from /home/airflow/.local/lib/python3.6/site-packages/airflow/example_dags/example_latest_only.py
[2024-12-17 10:54:41,291] {logging_mixin.py:104} INFO - [2024-12-17 10:54:41,291] {dag.py:1833} INFO - Sync 1 DAGs
[2024-12-17 10:54:41,317] {logging_mixin.py:104} INFO - [2024-12-17 10:54:41,317] {dag.py:2306} INFO - Setting next_dagrun for latest_only to 2024-12-15 00:00:00+00:00
[2024-12-17 10:54:41,340] {scheduler_job.py:190} INFO - Processing /home/airflow/.local/lib/python3.6/site-packages/airflow/example_dags/example_latest_only.py took 0.143 seconds
[2024-12-17 10:55:11,801] {scheduler_job.py:182} INFO - Started process (PID=639) to work on /home/airflow/.local/lib/python3.6/site-packages/airflow/example_dags/example_latest_only.py
[2024-12-17 10:55:11,802] {scheduler_job.py:633} INFO - Processing file /home/airflow/.local/lib/python3.6/site-packages/airflow/example_dags/example_latest_only.py for tasks to queue
[2024-12-17 10:55:11,802] {logging_mixin.py:104} INFO - [2024-12-17 10:55:11,802] {dagbag.py:496} INFO - Filling up the DagBag from /home/airflow/.local/lib/python3.6/site-packages/airflow/example_dags/example_latest_only.py
[2024-12-17 10:55:11,822] {scheduler_job.py:643} INFO - DAG(s) dict_keys(['latest_only']) retrieved from /home/airflow/.local/lib/python3.6/site-packages/airflow/example_dags/example_latest_only.py
[2024-12-17 10:55:11,877] {logging_mixin.py:104} INFO - [2024-12-17 10:55:11,877] {dag.py:1833} INFO - Sync 1 DAGs
[2024-12-17 10:55:11,904] {logging_mixin.py:104} INFO - [2024-12-17 10:55:11,903] {dag.py:2306} INFO - Setting next_dagrun for latest_only to 2024-12-15 00:00:00+00:00
[2024-12-17 10:55:11,918] {scheduler_job.py:190} INFO - Processing /home/airflow/.local/lib/python3.6/site-packages/airflow/example_dags/example_latest_only.py took 0.123 seconds
[2024-12-17 10:55:42,786] {scheduler_job.py:182} INFO - Started process (PID=700) to work on /home/airflow/.local/lib/python3.6/site-packages/airflow/example_dags/example_latest_only.py
[2024-12-17 10:55:42,787] {scheduler_job.py:633} INFO - Processing file /home/airflow/.local/lib/python3.6/site-packages/airflow/example_dags/example_latest_only.py for tasks to queue
[2024-12-17 10:55:42,788] {logging_mixin.py:104} INFO - [2024-12-17 10:55:42,788] {dagbag.py:496} INFO - Filling up the DagBag from /home/airflow/.local/lib/python3.6/site-packages/airflow/example_dags/example_latest_only.py
[2024-12-17 10:55:42,802] {scheduler_job.py:643} INFO - DAG(s) dict_keys(['latest_only']) retrieved from /home/airflow/.local/lib/python3.6/site-packages/airflow/example_dags/example_latest_only.py
[2024-12-17 10:55:42,828] {logging_mixin.py:104} INFO - [2024-12-17 10:55:42,828] {dag.py:1833} INFO - Sync 1 DAGs
[2024-12-17 10:55:42,843] {logging_mixin.py:104} INFO - [2024-12-17 10:55:42,843] {dag.py:2306} INFO - Setting next_dagrun for latest_only to 2024-12-15 00:00:00+00:00
[2024-12-17 10:55:42,857] {scheduler_job.py:190} INFO - Processing /home/airflow/.local/lib/python3.6/site-packages/airflow/example_dags/example_latest_only.py took 0.076 seconds
[2024-12-17 10:56:13,588] {scheduler_job.py:182} INFO - Started process (PID=751) to work on /home/airflow/.local/lib/python3.6/site-packages/airflow/example_dags/example_latest_only.py
[2024-12-17 10:56:13,594] {scheduler_job.py:633} INFO - Processing file /home/airflow/.local/lib/python3.6/site-packages/airflow/example_dags/example_latest_only.py for tasks to queue
[2024-12-17 10:56:13,595] {logging_mixin.py:104} INFO - [2024-12-17 10:56:13,595] {dagbag.py:496} INFO - Filling up the DagBag from /home/airflow/.local/lib/python3.6/site-packages/airflow/example_dags/example_latest_only.py
[2024-12-17 10:56:13,625] {scheduler_job.py:643} INFO - DAG(s) dict_keys(['latest_only']) retrieved from /home/airflow/.local/lib/python3.6/site-packages/airflow/example_dags/example_latest_only.py
[2024-12-17 10:56:13,673] {logging_mixin.py:104} INFO - [2024-12-17 10:56:13,673] {dag.py:1833} INFO - Sync 1 DAGs
[2024-12-17 10:56:13,696] {logging_mixin.py:104} INFO - [2024-12-17 10:56:13,696] {dag.py:2306} INFO - Setting next_dagrun for latest_only to 2024-12-15 00:00:00+00:00
[2024-12-17 10:56:13,710] {scheduler_job.py:190} INFO - Processing /home/airflow/.local/lib/python3.6/site-packages/airflow/example_dags/example_latest_only.py took 0.126 seconds
[2024-12-17 10:56:44,246] {scheduler_job.py:182} INFO - Started process (PID=812) to work on /home/airflow/.local/lib/python3.6/site-packages/airflow/example_dags/example_latest_only.py
[2024-12-17 10:56:44,248] {scheduler_job.py:633} INFO - Processing file /home/airflow/.local/lib/python3.6/site-packages/airflow/example_dags/example_latest_only.py for tasks to queue
[2024-12-17 10:56:44,249] {logging_mixin.py:104} INFO - [2024-12-17 10:56:44,248] {dagbag.py:496} INFO - Filling up the DagBag from /home/airflow/.local/lib/python3.6/site-packages/airflow/example_dags/example_latest_only.py
[2024-12-17 10:56:44,314] {scheduler_job.py:643} INFO - DAG(s) dict_keys(['latest_only']) retrieved from /home/airflow/.local/lib/python3.6/site-packages/airflow/example_dags/example_latest_only.py
[2024-12-17 10:56:44,389] {logging_mixin.py:104} INFO - [2024-12-17 10:56:44,389] {dag.py:1833} INFO - Sync 1 DAGs
[2024-12-17 10:56:44,428] {logging_mixin.py:104} INFO - [2024-12-17 10:56:44,428] {dag.py:2306} INFO - Setting next_dagrun for latest_only to 2024-12-15 00:00:00+00:00
[2024-12-17 10:56:44,459] {scheduler_job.py:190} INFO - Processing /home/airflow/.local/lib/python3.6/site-packages/airflow/example_dags/example_latest_only.py took 0.217 seconds
[2024-12-17 10:57:15,168] {scheduler_job.py:182} INFO - Started process (PID=862) to work on /home/airflow/.local/lib/python3.6/site-packages/airflow/example_dags/example_latest_only.py
[2024-12-17 10:57:15,169] {scheduler_job.py:633} INFO - Processing file /home/airflow/.local/lib/python3.6/site-packages/airflow/example_dags/example_latest_only.py for tasks to queue
[2024-12-17 10:57:15,170] {logging_mixin.py:104} INFO - [2024-12-17 10:57:15,169] {dagbag.py:496} INFO - Filling up the DagBag from /home/airflow/.local/lib/python3.6/site-packages/airflow/example_dags/example_latest_only.py
[2024-12-17 10:57:15,182] {scheduler_job.py:643} INFO - DAG(s) dict_keys(['latest_only']) retrieved from /home/airflow/.local/lib/python3.6/site-packages/airflow/example_dags/example_latest_only.py
[2024-12-17 10:57:15,216] {logging_mixin.py:104} INFO - [2024-12-17 10:57:15,216] {dag.py:1833} INFO - Sync 1 DAGs
[2024-12-17 10:57:15,233] {logging_mixin.py:104} INFO - [2024-12-17 10:57:15,233] {dag.py:2306} INFO - Setting next_dagrun for latest_only to 2024-12-15 00:00:00+00:00
[2024-12-17 10:57:15,243] {scheduler_job.py:190} INFO - Processing /home/airflow/.local/lib/python3.6/site-packages/airflow/example_dags/example_latest_only.py took 0.081 seconds
[2024-12-17 10:57:45,971] {scheduler_job.py:182} INFO - Started process (PID=922) to work on /home/airflow/.local/lib/python3.6/site-packages/airflow/example_dags/example_latest_only.py
[2024-12-17 10:57:45,972] {scheduler_job.py:633} INFO - Processing file /home/airflow/.local/lib/python3.6/site-packages/airflow/example_dags/example_latest_only.py for tasks to queue
[2024-12-17 10:57:45,973] {logging_mixin.py:104} INFO - [2024-12-17 10:57:45,973] {dagbag.py:496} INFO - Filling up the DagBag from /home/airflow/.local/lib/python3.6/site-packages/airflow/example_dags/example_latest_only.py
[2024-12-17 10:57:45,993] {scheduler_job.py:643} INFO - DAG(s) dict_keys(['latest_only']) retrieved from /home/airflow/.local/lib/python3.6/site-packages/airflow/example_dags/example_latest_only.py
[2024-12-17 10:57:46,060] {logging_mixin.py:104} INFO - [2024-12-17 10:57:46,060] {dag.py:1833} INFO - Sync 1 DAGs
[2024-12-17 10:57:46,102] {logging_mixin.py:104} INFO - [2024-12-17 10:57:46,101] {dag.py:2306} INFO - Setting next_dagrun for latest_only to 2024-12-15 00:00:00+00:00
[2024-12-17 10:57:46,132] {scheduler_job.py:190} INFO - Processing /home/airflow/.local/lib/python3.6/site-packages/airflow/example_dags/example_latest_only.py took 0.169 seconds
[2024-12-17 10:58:16,559] {scheduler_job.py:182} INFO - Started process (PID=973) to work on /home/airflow/.local/lib/python3.6/site-packages/airflow/example_dags/example_latest_only.py
[2024-12-17 10:58:16,560] {scheduler_job.py:633} INFO - Processing file /home/airflow/.local/lib/python3.6/site-packages/airflow/example_dags/example_latest_only.py for tasks to queue
[2024-12-17 10:58:16,561] {logging_mixin.py:104} INFO - [2024-12-17 10:58:16,560] {dagbag.py:496} INFO - Filling up the DagBag from /home/airflow/.local/lib/python3.6/site-packages/airflow/example_dags/example_latest_only.py
[2024-12-17 10:58:16,573] {scheduler_job.py:643} INFO - DAG(s) dict_keys(['latest_only']) retrieved from /home/airflow/.local/lib/python3.6/site-packages/airflow/example_dags/example_latest_only.py
[2024-12-17 10:58:16,621] {logging_mixin.py:104} INFO - [2024-12-17 10:58:16,619] {dag.py:1833} INFO - Sync 1 DAGs
[2024-12-17 10:58:16,652] {logging_mixin.py:104} INFO - [2024-12-17 10:58:16,652] {dag.py:2306} INFO - Setting next_dagrun for latest_only to 2024-12-15 00:00:00+00:00
[2024-12-17 10:58:16,678] {scheduler_job.py:190} INFO - Processing /home/airflow/.local/lib/python3.6/site-packages/airflow/example_dags/example_latest_only.py took 0.123 seconds
[2024-12-17 10:58:47,774] {scheduler_job.py:182} INFO - Started process (PID=1033) to work on /home/airflow/.local/lib/python3.6/site-packages/airflow/example_dags/example_latest_only.py
[2024-12-17 10:58:47,775] {scheduler_job.py:633} INFO - Processing file /home/airflow/.local/lib/python3.6/site-packages/airflow/example_dags/example_latest_only.py for tasks to queue
[2024-12-17 10:58:47,776] {logging_mixin.py:104} INFO - [2024-12-17 10:58:47,776] {dagbag.py:496} INFO - Filling up the DagBag from /home/airflow/.local/lib/python3.6/site-packages/airflow/example_dags/example_latest_only.py
[2024-12-17 10:58:47,787] {scheduler_job.py:643} INFO - DAG(s) dict_keys(['latest_only']) retrieved from /home/airflow/.local/lib/python3.6/site-packages/airflow/example_dags/example_latest_only.py
[2024-12-17 10:58:47,822] {logging_mixin.py:104} INFO - [2024-12-17 10:58:47,822] {dag.py:1833} INFO - Sync 1 DAGs
[2024-12-17 10:58:47,840] {logging_mixin.py:104} INFO - [2024-12-17 10:58:47,839] {dag.py:2306} INFO - Setting next_dagrun for latest_only to 2024-12-15 00:00:00+00:00
[2024-12-17 10:58:47,858] {scheduler_job.py:190} INFO - Processing /home/airflow/.local/lib/python3.6/site-packages/airflow/example_dags/example_latest_only.py took 0.088 seconds
