[2024-12-17 10:50:12,275] {scheduler_job.py:182} INFO - Started process (PID=81) to work on /home/airflow/.local/lib/python3.6/site-packages/airflow/example_dags/example_latest_only_with_trigger.py
[2024-12-17 10:50:12,277] {scheduler_job.py:633} INFO - Processing file /home/airflow/.local/lib/python3.6/site-packages/airflow/example_dags/example_latest_only_with_trigger.py for tasks to queue
[2024-12-17 10:50:12,278] {logging_mixin.py:104} INFO - [2024-12-17 10:50:12,278] {dagbag.py:496} INFO - Filling up the DagBag from /home/airflow/.local/lib/python3.6/site-packages/airflow/example_dags/example_latest_only_with_trigger.py
[2024-12-17 10:50:12,298] {scheduler_job.py:643} INFO - DAG(s) dict_keys(['latest_only_with_trigger']) retrieved from /home/airflow/.local/lib/python3.6/site-packages/airflow/example_dags/example_latest_only_with_trigger.py
[2024-12-17 10:50:16,409] {logging_mixin.py:104} INFO - [2024-12-17 10:50:16,408] {dag.py:1833} INFO - Sync 1 DAGs
[2024-12-17 10:50:16,424] {logging_mixin.py:104} INFO - [2024-12-17 10:50:16,423] {dag.py:1852} INFO - Creating ORM DAG for latest_only_with_trigger
[2024-12-17 10:50:16,429] {logging_mixin.py:104} INFO - [2024-12-17 10:50:16,429] {dag.py:2306} INFO - Setting next_dagrun for latest_only_with_trigger to 2024-12-15 00:00:00+00:00
[2024-12-17 10:50:16,447] {scheduler_job.py:190} INFO - Processing /home/airflow/.local/lib/python3.6/site-packages/airflow/example_dags/example_latest_only_with_trigger.py took 4.184 seconds
[2024-12-17 10:51:04,145] {scheduler_job.py:182} INFO - Started process (PID=188) to work on /home/airflow/.local/lib/python3.6/site-packages/airflow/example_dags/example_latest_only_with_trigger.py
[2024-12-17 10:51:04,146] {scheduler_job.py:633} INFO - Processing file /home/airflow/.local/lib/python3.6/site-packages/airflow/example_dags/example_latest_only_with_trigger.py for tasks to queue
[2024-12-17 10:51:04,147] {logging_mixin.py:104} INFO - [2024-12-17 10:51:04,147] {dagbag.py:496} INFO - Filling up the DagBag from /home/airflow/.local/lib/python3.6/site-packages/airflow/example_dags/example_latest_only_with_trigger.py
[2024-12-17 10:51:04,171] {scheduler_job.py:643} INFO - DAG(s) dict_keys(['latest_only_with_trigger']) retrieved from /home/airflow/.local/lib/python3.6/site-packages/airflow/example_dags/example_latest_only_with_trigger.py
[2024-12-17 10:51:04,230] {logging_mixin.py:104} INFO - [2024-12-17 10:51:04,230] {dag.py:1833} INFO - Sync 1 DAGs
[2024-12-17 10:51:04,287] {logging_mixin.py:104} INFO - [2024-12-17 10:51:04,287] {dag.py:2306} INFO - Setting next_dagrun for latest_only_with_trigger to 2024-12-15 00:00:00+00:00
[2024-12-17 10:51:04,320] {scheduler_job.py:190} INFO - Processing /home/airflow/.local/lib/python3.6/site-packages/airflow/example_dags/example_latest_only_with_trigger.py took 0.179 seconds
[2024-12-17 10:51:34,879] {scheduler_job.py:182} INFO - Started process (PID=247) to work on /home/airflow/.local/lib/python3.6/site-packages/airflow/example_dags/example_latest_only_with_trigger.py
[2024-12-17 10:51:34,880] {scheduler_job.py:633} INFO - Processing file /home/airflow/.local/lib/python3.6/site-packages/airflow/example_dags/example_latest_only_with_trigger.py for tasks to queue
[2024-12-17 10:51:34,881] {logging_mixin.py:104} INFO - [2024-12-17 10:51:34,881] {dagbag.py:496} INFO - Filling up the DagBag from /home/airflow/.local/lib/python3.6/site-packages/airflow/example_dags/example_latest_only_with_trigger.py
[2024-12-17 10:51:34,914] {scheduler_job.py:643} INFO - DAG(s) dict_keys(['latest_only_with_trigger']) retrieved from /home/airflow/.local/lib/python3.6/site-packages/airflow/example_dags/example_latest_only_with_trigger.py
[2024-12-17 10:51:35,021] {logging_mixin.py:104} INFO - [2024-12-17 10:51:35,021] {dag.py:1833} INFO - Sync 1 DAGs
[2024-12-17 10:51:35,088] {logging_mixin.py:104} INFO - [2024-12-17 10:51:35,088] {dag.py:2306} INFO - Setting next_dagrun for latest_only_with_trigger to 2024-12-15 00:00:00+00:00
[2024-12-17 10:51:35,135] {scheduler_job.py:190} INFO - Processing /home/airflow/.local/lib/python3.6/site-packages/airflow/example_dags/example_latest_only_with_trigger.py took 0.274 seconds
[2024-12-17 10:52:05,251] {scheduler_job.py:182} INFO - Started process (PID=297) to work on /home/airflow/.local/lib/python3.6/site-packages/airflow/example_dags/example_latest_only_with_trigger.py
[2024-12-17 10:52:05,253] {scheduler_job.py:633} INFO - Processing file /home/airflow/.local/lib/python3.6/site-packages/airflow/example_dags/example_latest_only_with_trigger.py for tasks to queue
[2024-12-17 10:52:05,253] {logging_mixin.py:104} INFO - [2024-12-17 10:52:05,253] {dagbag.py:496} INFO - Filling up the DagBag from /home/airflow/.local/lib/python3.6/site-packages/airflow/example_dags/example_latest_only_with_trigger.py
[2024-12-17 10:52:05,265] {scheduler_job.py:643} INFO - DAG(s) dict_keys(['latest_only_with_trigger']) retrieved from /home/airflow/.local/lib/python3.6/site-packages/airflow/example_dags/example_latest_only_with_trigger.py
[2024-12-17 10:52:05,293] {logging_mixin.py:104} INFO - [2024-12-17 10:52:05,292] {dag.py:1833} INFO - Sync 1 DAGs
[2024-12-17 10:52:05,310] {logging_mixin.py:104} INFO - [2024-12-17 10:52:05,310] {dag.py:2306} INFO - Setting next_dagrun for latest_only_with_trigger to 2024-12-15 00:00:00+00:00
[2024-12-17 10:52:05,324] {scheduler_job.py:190} INFO - Processing /home/airflow/.local/lib/python3.6/site-packages/airflow/example_dags/example_latest_only_with_trigger.py took 0.078 seconds
[2024-12-17 10:52:35,723] {scheduler_job.py:182} INFO - Started process (PID=347) to work on /home/airflow/.local/lib/python3.6/site-packages/airflow/example_dags/example_latest_only_with_trigger.py
[2024-12-17 10:52:35,724] {scheduler_job.py:633} INFO - Processing file /home/airflow/.local/lib/python3.6/site-packages/airflow/example_dags/example_latest_only_with_trigger.py for tasks to queue
[2024-12-17 10:52:35,725] {logging_mixin.py:104} INFO - [2024-12-17 10:52:35,724] {dagbag.py:496} INFO - Filling up the DagBag from /home/airflow/.local/lib/python3.6/site-packages/airflow/example_dags/example_latest_only_with_trigger.py
[2024-12-17 10:52:35,737] {scheduler_job.py:643} INFO - DAG(s) dict_keys(['latest_only_with_trigger']) retrieved from /home/airflow/.local/lib/python3.6/site-packages/airflow/example_dags/example_latest_only_with_trigger.py
[2024-12-17 10:52:35,760] {logging_mixin.py:104} INFO - [2024-12-17 10:52:35,760] {dag.py:1833} INFO - Sync 1 DAGs
[2024-12-17 10:52:35,777] {logging_mixin.py:104} INFO - [2024-12-17 10:52:35,777] {dag.py:2306} INFO - Setting next_dagrun for latest_only_with_trigger to 2024-12-15 00:00:00+00:00
[2024-12-17 10:52:35,796] {scheduler_job.py:190} INFO - Processing /home/airflow/.local/lib/python3.6/site-packages/airflow/example_dags/example_latest_only_with_trigger.py took 0.077 seconds
[2024-12-17 10:53:06,607] {scheduler_job.py:182} INFO - Started process (PID=408) to work on /home/airflow/.local/lib/python3.6/site-packages/airflow/example_dags/example_latest_only_with_trigger.py
[2024-12-17 10:53:06,608] {scheduler_job.py:633} INFO - Processing file /home/airflow/.local/lib/python3.6/site-packages/airflow/example_dags/example_latest_only_with_trigger.py for tasks to queue
[2024-12-17 10:53:06,608] {logging_mixin.py:104} INFO - [2024-12-17 10:53:06,608] {dagbag.py:496} INFO - Filling up the DagBag from /home/airflow/.local/lib/python3.6/site-packages/airflow/example_dags/example_latest_only_with_trigger.py
[2024-12-17 10:53:06,620] {scheduler_job.py:643} INFO - DAG(s) dict_keys(['latest_only_with_trigger']) retrieved from /home/airflow/.local/lib/python3.6/site-packages/airflow/example_dags/example_latest_only_with_trigger.py
[2024-12-17 10:53:06,671] {logging_mixin.py:104} INFO - [2024-12-17 10:53:06,671] {dag.py:1833} INFO - Sync 1 DAGs
[2024-12-17 10:53:06,708] {logging_mixin.py:104} INFO - [2024-12-17 10:53:06,708] {dag.py:2306} INFO - Setting next_dagrun for latest_only_with_trigger to 2024-12-15 00:00:00+00:00
[2024-12-17 10:53:06,730] {scheduler_job.py:190} INFO - Processing /home/airflow/.local/lib/python3.6/site-packages/airflow/example_dags/example_latest_only_with_trigger.py took 0.127 seconds
[2024-12-17 10:53:37,413] {scheduler_job.py:182} INFO - Started process (PID=458) to work on /home/airflow/.local/lib/python3.6/site-packages/airflow/example_dags/example_latest_only_with_trigger.py
[2024-12-17 10:53:37,413] {scheduler_job.py:633} INFO - Processing file /home/airflow/.local/lib/python3.6/site-packages/airflow/example_dags/example_latest_only_with_trigger.py for tasks to queue
[2024-12-17 10:53:37,414] {logging_mixin.py:104} INFO - [2024-12-17 10:53:37,414] {dagbag.py:496} INFO - Filling up the DagBag from /home/airflow/.local/lib/python3.6/site-packages/airflow/example_dags/example_latest_only_with_trigger.py
[2024-12-17 10:53:37,427] {scheduler_job.py:643} INFO - DAG(s) dict_keys(['latest_only_with_trigger']) retrieved from /home/airflow/.local/lib/python3.6/site-packages/airflow/example_dags/example_latest_only_with_trigger.py
[2024-12-17 10:53:37,456] {logging_mixin.py:104} INFO - [2024-12-17 10:53:37,456] {dag.py:1833} INFO - Sync 1 DAGs
[2024-12-17 10:53:37,485] {logging_mixin.py:104} INFO - [2024-12-17 10:53:37,485] {dag.py:2306} INFO - Setting next_dagrun for latest_only_with_trigger to 2024-12-15 00:00:00+00:00
[2024-12-17 10:53:37,504] {scheduler_job.py:190} INFO - Processing /home/airflow/.local/lib/python3.6/site-packages/airflow/example_dags/example_latest_only_with_trigger.py took 0.097 seconds
[2024-12-17 10:54:07,675] {scheduler_job.py:182} INFO - Started process (PID=519) to work on /home/airflow/.local/lib/python3.6/site-packages/airflow/example_dags/example_latest_only_with_trigger.py
[2024-12-17 10:54:07,676] {scheduler_job.py:633} INFO - Processing file /home/airflow/.local/lib/python3.6/site-packages/airflow/example_dags/example_latest_only_with_trigger.py for tasks to queue
[2024-12-17 10:54:07,676] {logging_mixin.py:104} INFO - [2024-12-17 10:54:07,676] {dagbag.py:496} INFO - Filling up the DagBag from /home/airflow/.local/lib/python3.6/site-packages/airflow/example_dags/example_latest_only_with_trigger.py
[2024-12-17 10:54:07,688] {scheduler_job.py:643} INFO - DAG(s) dict_keys(['latest_only_with_trigger']) retrieved from /home/airflow/.local/lib/python3.6/site-packages/airflow/example_dags/example_latest_only_with_trigger.py
[2024-12-17 10:54:07,713] {logging_mixin.py:104} INFO - [2024-12-17 10:54:07,712] {dag.py:1833} INFO - Sync 1 DAGs
[2024-12-17 10:54:07,729] {logging_mixin.py:104} INFO - [2024-12-17 10:54:07,729] {dag.py:2306} INFO - Setting next_dagrun for latest_only_with_trigger to 2024-12-15 00:00:00+00:00
[2024-12-17 10:54:07,744] {scheduler_job.py:190} INFO - Processing /home/airflow/.local/lib/python3.6/site-packages/airflow/example_dags/example_latest_only_with_trigger.py took 0.078 seconds
[2024-12-17 10:54:38,216] {scheduler_job.py:182} INFO - Started process (PID=571) to work on /home/airflow/.local/lib/python3.6/site-packages/airflow/example_dags/example_latest_only_with_trigger.py
[2024-12-17 10:54:38,217] {scheduler_job.py:633} INFO - Processing file /home/airflow/.local/lib/python3.6/site-packages/airflow/example_dags/example_latest_only_with_trigger.py for tasks to queue
[2024-12-17 10:54:38,218] {logging_mixin.py:104} INFO - [2024-12-17 10:54:38,218] {dagbag.py:496} INFO - Filling up the DagBag from /home/airflow/.local/lib/python3.6/site-packages/airflow/example_dags/example_latest_only_with_trigger.py
[2024-12-17 10:54:38,233] {scheduler_job.py:643} INFO - DAG(s) dict_keys(['latest_only_with_trigger']) retrieved from /home/airflow/.local/lib/python3.6/site-packages/airflow/example_dags/example_latest_only_with_trigger.py
[2024-12-17 10:54:38,254] {logging_mixin.py:104} INFO - [2024-12-17 10:54:38,254] {dag.py:1833} INFO - Sync 1 DAGs
[2024-12-17 10:54:38,270] {logging_mixin.py:104} INFO - [2024-12-17 10:54:38,269] {dag.py:2306} INFO - Setting next_dagrun for latest_only_with_trigger to 2024-12-15 00:00:00+00:00
[2024-12-17 10:54:38,285] {scheduler_job.py:190} INFO - Processing /home/airflow/.local/lib/python3.6/site-packages/airflow/example_dags/example_latest_only_with_trigger.py took 0.074 seconds
[2024-12-17 10:55:09,248] {scheduler_job.py:182} INFO - Started process (PID=632) to work on /home/airflow/.local/lib/python3.6/site-packages/airflow/example_dags/example_latest_only_with_trigger.py
[2024-12-17 10:55:09,249] {scheduler_job.py:633} INFO - Processing file /home/airflow/.local/lib/python3.6/site-packages/airflow/example_dags/example_latest_only_with_trigger.py for tasks to queue
[2024-12-17 10:55:09,250] {logging_mixin.py:104} INFO - [2024-12-17 10:55:09,250] {dagbag.py:496} INFO - Filling up the DagBag from /home/airflow/.local/lib/python3.6/site-packages/airflow/example_dags/example_latest_only_with_trigger.py
[2024-12-17 10:55:09,262] {scheduler_job.py:643} INFO - DAG(s) dict_keys(['latest_only_with_trigger']) retrieved from /home/airflow/.local/lib/python3.6/site-packages/airflow/example_dags/example_latest_only_with_trigger.py
[2024-12-17 10:55:09,297] {logging_mixin.py:104} INFO - [2024-12-17 10:55:09,297] {dag.py:1833} INFO - Sync 1 DAGs
[2024-12-17 10:55:09,314] {logging_mixin.py:104} INFO - [2024-12-17 10:55:09,314] {dag.py:2306} INFO - Setting next_dagrun for latest_only_with_trigger to 2024-12-15 00:00:00+00:00
[2024-12-17 10:55:09,326] {scheduler_job.py:190} INFO - Processing /home/airflow/.local/lib/python3.6/site-packages/airflow/example_dags/example_latest_only_with_trigger.py took 0.083 seconds
[2024-12-17 10:55:40,186] {scheduler_job.py:182} INFO - Started process (PID=689) to work on /home/airflow/.local/lib/python3.6/site-packages/airflow/example_dags/example_latest_only_with_trigger.py
[2024-12-17 10:55:40,187] {scheduler_job.py:633} INFO - Processing file /home/airflow/.local/lib/python3.6/site-packages/airflow/example_dags/example_latest_only_with_trigger.py for tasks to queue
[2024-12-17 10:55:40,188] {logging_mixin.py:104} INFO - [2024-12-17 10:55:40,188] {dagbag.py:496} INFO - Filling up the DagBag from /home/airflow/.local/lib/python3.6/site-packages/airflow/example_dags/example_latest_only_with_trigger.py
[2024-12-17 10:55:40,210] {scheduler_job.py:643} INFO - DAG(s) dict_keys(['latest_only_with_trigger']) retrieved from /home/airflow/.local/lib/python3.6/site-packages/airflow/example_dags/example_latest_only_with_trigger.py
[2024-12-17 10:55:40,288] {logging_mixin.py:104} INFO - [2024-12-17 10:55:40,288] {dag.py:1833} INFO - Sync 1 DAGs
[2024-12-17 10:55:40,306] {logging_mixin.py:104} INFO - [2024-12-17 10:55:40,306] {dag.py:2306} INFO - Setting next_dagrun for latest_only_with_trigger to 2024-12-15 00:00:00+00:00
[2024-12-17 10:55:40,320] {scheduler_job.py:190} INFO - Processing /home/airflow/.local/lib/python3.6/site-packages/airflow/example_dags/example_latest_only_with_trigger.py took 0.137 seconds
[2024-12-17 10:56:10,954] {scheduler_job.py:182} INFO - Started process (PID=743) to work on /home/airflow/.local/lib/python3.6/site-packages/airflow/example_dags/example_latest_only_with_trigger.py
[2024-12-17 10:56:10,955] {scheduler_job.py:633} INFO - Processing file /home/airflow/.local/lib/python3.6/site-packages/airflow/example_dags/example_latest_only_with_trigger.py for tasks to queue
[2024-12-17 10:56:10,956] {logging_mixin.py:104} INFO - [2024-12-17 10:56:10,956] {dagbag.py:496} INFO - Filling up the DagBag from /home/airflow/.local/lib/python3.6/site-packages/airflow/example_dags/example_latest_only_with_trigger.py
[2024-12-17 10:56:10,965] {scheduler_job.py:643} INFO - DAG(s) dict_keys(['latest_only_with_trigger']) retrieved from /home/airflow/.local/lib/python3.6/site-packages/airflow/example_dags/example_latest_only_with_trigger.py
[2024-12-17 10:56:10,991] {logging_mixin.py:104} INFO - [2024-12-17 10:56:10,991] {dag.py:1833} INFO - Sync 1 DAGs
[2024-12-17 10:56:11,009] {logging_mixin.py:104} INFO - [2024-12-17 10:56:11,008] {dag.py:2306} INFO - Setting next_dagrun for latest_only_with_trigger to 2024-12-15 00:00:00+00:00
[2024-12-17 10:56:11,019] {scheduler_job.py:190} INFO - Processing /home/airflow/.local/lib/python3.6/site-packages/airflow/example_dags/example_latest_only_with_trigger.py took 0.067 seconds
[2024-12-17 10:56:41,534] {scheduler_job.py:182} INFO - Started process (PID=795) to work on /home/airflow/.local/lib/python3.6/site-packages/airflow/example_dags/example_latest_only_with_trigger.py
[2024-12-17 10:56:41,542] {scheduler_job.py:633} INFO - Processing file /home/airflow/.local/lib/python3.6/site-packages/airflow/example_dags/example_latest_only_with_trigger.py for tasks to queue
[2024-12-17 10:56:41,542] {logging_mixin.py:104} INFO - [2024-12-17 10:56:41,542] {dagbag.py:496} INFO - Filling up the DagBag from /home/airflow/.local/lib/python3.6/site-packages/airflow/example_dags/example_latest_only_with_trigger.py
[2024-12-17 10:56:41,562] {scheduler_job.py:643} INFO - DAG(s) dict_keys(['latest_only_with_trigger']) retrieved from /home/airflow/.local/lib/python3.6/site-packages/airflow/example_dags/example_latest_only_with_trigger.py
[2024-12-17 10:56:41,597] {logging_mixin.py:104} INFO - [2024-12-17 10:56:41,597] {dag.py:1833} INFO - Sync 1 DAGs
[2024-12-17 10:56:41,616] {logging_mixin.py:104} INFO - [2024-12-17 10:56:41,616] {dag.py:2306} INFO - Setting next_dagrun for latest_only_with_trigger to 2024-12-15 00:00:00+00:00
[2024-12-17 10:56:41,634] {scheduler_job.py:190} INFO - Processing /home/airflow/.local/lib/python3.6/site-packages/airflow/example_dags/example_latest_only_with_trigger.py took 0.104 seconds
[2024-12-17 10:57:12,243] {scheduler_job.py:182} INFO - Started process (PID=854) to work on /home/airflow/.local/lib/python3.6/site-packages/airflow/example_dags/example_latest_only_with_trigger.py
[2024-12-17 10:57:12,245] {scheduler_job.py:633} INFO - Processing file /home/airflow/.local/lib/python3.6/site-packages/airflow/example_dags/example_latest_only_with_trigger.py for tasks to queue
[2024-12-17 10:57:12,245] {logging_mixin.py:104} INFO - [2024-12-17 10:57:12,245] {dagbag.py:496} INFO - Filling up the DagBag from /home/airflow/.local/lib/python3.6/site-packages/airflow/example_dags/example_latest_only_with_trigger.py
[2024-12-17 10:57:12,258] {scheduler_job.py:643} INFO - DAG(s) dict_keys(['latest_only_with_trigger']) retrieved from /home/airflow/.local/lib/python3.6/site-packages/airflow/example_dags/example_latest_only_with_trigger.py
[2024-12-17 10:57:12,295] {logging_mixin.py:104} INFO - [2024-12-17 10:57:12,295] {dag.py:1833} INFO - Sync 1 DAGs
[2024-12-17 10:57:12,310] {logging_mixin.py:104} INFO - [2024-12-17 10:57:12,310] {dag.py:2306} INFO - Setting next_dagrun for latest_only_with_trigger to 2024-12-15 00:00:00+00:00
[2024-12-17 10:57:12,327] {scheduler_job.py:190} INFO - Processing /home/airflow/.local/lib/python3.6/site-packages/airflow/example_dags/example_latest_only_with_trigger.py took 0.087 seconds
[2024-12-17 10:57:42,921] {scheduler_job.py:182} INFO - Started process (PID=904) to work on /home/airflow/.local/lib/python3.6/site-packages/airflow/example_dags/example_latest_only_with_trigger.py
[2024-12-17 10:57:42,922] {scheduler_job.py:633} INFO - Processing file /home/airflow/.local/lib/python3.6/site-packages/airflow/example_dags/example_latest_only_with_trigger.py for tasks to queue
[2024-12-17 10:57:42,923] {logging_mixin.py:104} INFO - [2024-12-17 10:57:42,923] {dagbag.py:496} INFO - Filling up the DagBag from /home/airflow/.local/lib/python3.6/site-packages/airflow/example_dags/example_latest_only_with_trigger.py
[2024-12-17 10:57:42,939] {scheduler_job.py:643} INFO - DAG(s) dict_keys(['latest_only_with_trigger']) retrieved from /home/airflow/.local/lib/python3.6/site-packages/airflow/example_dags/example_latest_only_with_trigger.py
[2024-12-17 10:57:42,986] {logging_mixin.py:104} INFO - [2024-12-17 10:57:42,986] {dag.py:1833} INFO - Sync 1 DAGs
[2024-12-17 10:57:43,008] {logging_mixin.py:104} INFO - [2024-12-17 10:57:43,008] {dag.py:2306} INFO - Setting next_dagrun for latest_only_with_trigger to 2024-12-15 00:00:00+00:00
[2024-12-17 10:57:43,020] {scheduler_job.py:190} INFO - Processing /home/airflow/.local/lib/python3.6/site-packages/airflow/example_dags/example_latest_only_with_trigger.py took 0.103 seconds
[2024-12-17 10:58:13,708] {scheduler_job.py:182} INFO - Started process (PID=965) to work on /home/airflow/.local/lib/python3.6/site-packages/airflow/example_dags/example_latest_only_with_trigger.py
[2024-12-17 10:58:13,710] {scheduler_job.py:633} INFO - Processing file /home/airflow/.local/lib/python3.6/site-packages/airflow/example_dags/example_latest_only_with_trigger.py for tasks to queue
[2024-12-17 10:58:13,714] {logging_mixin.py:104} INFO - [2024-12-17 10:58:13,710] {dagbag.py:496} INFO - Filling up the DagBag from /home/airflow/.local/lib/python3.6/site-packages/airflow/example_dags/example_latest_only_with_trigger.py
[2024-12-17 10:58:13,741] {scheduler_job.py:643} INFO - DAG(s) dict_keys(['latest_only_with_trigger']) retrieved from /home/airflow/.local/lib/python3.6/site-packages/airflow/example_dags/example_latest_only_with_trigger.py
[2024-12-17 10:58:13,799] {logging_mixin.py:104} INFO - [2024-12-17 10:58:13,799] {dag.py:1833} INFO - Sync 1 DAGs
[2024-12-17 10:58:13,827] {logging_mixin.py:104} INFO - [2024-12-17 10:58:13,826] {dag.py:2306} INFO - Setting next_dagrun for latest_only_with_trigger to 2024-12-15 00:00:00+00:00
[2024-12-17 10:58:13,857] {scheduler_job.py:190} INFO - Processing /home/airflow/.local/lib/python3.6/site-packages/airflow/example_dags/example_latest_only_with_trigger.py took 0.154 seconds
[2024-12-17 10:58:44,722] {scheduler_job.py:182} INFO - Started process (PID=1022) to work on /home/airflow/.local/lib/python3.6/site-packages/airflow/example_dags/example_latest_only_with_trigger.py
[2024-12-17 10:58:44,730] {scheduler_job.py:633} INFO - Processing file /home/airflow/.local/lib/python3.6/site-packages/airflow/example_dags/example_latest_only_with_trigger.py for tasks to queue
[2024-12-17 10:58:44,730] {logging_mixin.py:104} INFO - [2024-12-17 10:58:44,730] {dagbag.py:496} INFO - Filling up the DagBag from /home/airflow/.local/lib/python3.6/site-packages/airflow/example_dags/example_latest_only_with_trigger.py
[2024-12-17 10:58:44,763] {scheduler_job.py:643} INFO - DAG(s) dict_keys(['latest_only_with_trigger']) retrieved from /home/airflow/.local/lib/python3.6/site-packages/airflow/example_dags/example_latest_only_with_trigger.py
[2024-12-17 10:58:44,810] {logging_mixin.py:104} INFO - [2024-12-17 10:58:44,810] {dag.py:1833} INFO - Sync 1 DAGs
[2024-12-17 10:58:44,851] {logging_mixin.py:104} INFO - [2024-12-17 10:58:44,851] {dag.py:2306} INFO - Setting next_dagrun for latest_only_with_trigger to 2024-12-15 00:00:00+00:00
[2024-12-17 10:58:44,899] {scheduler_job.py:190} INFO - Processing /home/airflow/.local/lib/python3.6/site-packages/airflow/example_dags/example_latest_only_with_trigger.py took 0.181 seconds
