[2024-12-17 10:50:31,868] {scheduler_job.py:182} INFO - Started process (PID=120) to work on /home/airflow/.local/lib/python3.6/site-packages/airflow/example_dags/example_subdag_operator.py
[2024-12-17 10:50:31,870] {scheduler_job.py:633} INFO - Processing file /home/airflow/.local/lib/python3.6/site-packages/airflow/example_dags/example_subdag_operator.py for tasks to queue
[2024-12-17 10:50:31,870] {logging_mixin.py:104} INFO - [2024-12-17 10:50:31,870] {dagbag.py:496} INFO - Filling up the DagBag from /home/airflow/.local/lib/python3.6/site-packages/airflow/example_dags/example_subdag_operator.py
[2024-12-17 10:50:31,920] {scheduler_job.py:643} INFO - DAG(s) dict_keys(['example_subdag_operator.section-1', 'example_subdag_operator.section-2', 'example_subdag_operator']) retrieved from /home/airflow/.local/lib/python3.6/site-packages/airflow/example_dags/example_subdag_operator.py
[2024-12-17 10:50:34,984] {logging_mixin.py:104} INFO - [2024-12-17 10:50:34,983] {dag.py:1833} INFO - Sync 3 DAGs
[2024-12-17 10:50:35,026] {logging_mixin.py:104} INFO - [2024-12-17 10:50:35,026] {dag.py:1852} INFO - Creating ORM DAG for example_subdag_operator.section-2
[2024-12-17 10:50:35,027] {logging_mixin.py:104} INFO - [2024-12-17 10:50:35,027] {dag.py:1852} INFO - Creating ORM DAG for example_subdag_operator.section-1
[2024-12-17 10:50:35,028] {logging_mixin.py:104} INFO - [2024-12-17 10:50:35,028] {dag.py:1852} INFO - Creating ORM DAG for example_subdag_operator
[2024-12-17 10:50:35,063] {logging_mixin.py:104} INFO - [2024-12-17 10:50:35,063] {dag.py:2306} INFO - Setting next_dagrun for example_subdag_operator to 2024-12-15 00:00:00+00:00
[2024-12-17 10:50:35,064] {logging_mixin.py:104} INFO - [2024-12-17 10:50:35,064] {dag.py:2306} INFO - Setting next_dagrun for example_subdag_operator.section-1 to None
[2024-12-17 10:50:35,065] {logging_mixin.py:104} INFO - [2024-12-17 10:50:35,065] {dag.py:2306} INFO - Setting next_dagrun for example_subdag_operator.section-2 to None
[2024-12-17 10:50:35,115] {logging_mixin.py:104} INFO - [2024-12-17 10:50:35,115] {dag.py:1833} INFO - Sync 2 DAGs
[2024-12-17 10:50:35,140] {logging_mixin.py:104} INFO - [2024-12-17 10:50:35,139] {dag.py:2306} INFO - Setting next_dagrun for example_subdag_operator.section-1 to None
[2024-12-17 10:50:35,141] {logging_mixin.py:104} INFO - [2024-12-17 10:50:35,141] {dag.py:2306} INFO - Setting next_dagrun for example_subdag_operator.section-2 to None
[2024-12-17 10:50:35,201] {scheduler_job.py:190} INFO - Processing /home/airflow/.local/lib/python3.6/site-packages/airflow/example_dags/example_subdag_operator.py took 3.337 seconds
[2024-12-17 10:51:05,861] {scheduler_job.py:182} INFO - Started process (PID=198) to work on /home/airflow/.local/lib/python3.6/site-packages/airflow/example_dags/example_subdag_operator.py
[2024-12-17 10:51:05,883] {scheduler_job.py:633} INFO - Processing file /home/airflow/.local/lib/python3.6/site-packages/airflow/example_dags/example_subdag_operator.py for tasks to queue
[2024-12-17 10:51:05,884] {logging_mixin.py:104} INFO - [2024-12-17 10:51:05,884] {dagbag.py:496} INFO - Filling up the DagBag from /home/airflow/.local/lib/python3.6/site-packages/airflow/example_dags/example_subdag_operator.py
[2024-12-17 10:51:05,978] {scheduler_job.py:643} INFO - DAG(s) dict_keys(['example_subdag_operator.section-1', 'example_subdag_operator.section-2', 'example_subdag_operator']) retrieved from /home/airflow/.local/lib/python3.6/site-packages/airflow/example_dags/example_subdag_operator.py
[2024-12-17 10:51:05,995] {logging_mixin.py:104} INFO - [2024-12-17 10:51:05,995] {dag.py:1833} INFO - Sync 3 DAGs
[2024-12-17 10:51:06,014] {logging_mixin.py:104} INFO - [2024-12-17 10:51:06,014] {dag.py:2306} INFO - Setting next_dagrun for example_subdag_operator to 2024-12-15 00:00:00+00:00
[2024-12-17 10:51:06,016] {logging_mixin.py:104} INFO - [2024-12-17 10:51:06,015] {dag.py:2306} INFO - Setting next_dagrun for example_subdag_operator.section-1 to None
[2024-12-17 10:51:06,016] {logging_mixin.py:104} INFO - [2024-12-17 10:51:06,016] {dag.py:2306} INFO - Setting next_dagrun for example_subdag_operator.section-2 to None
[2024-12-17 10:51:06,025] {logging_mixin.py:104} INFO - [2024-12-17 10:51:06,025] {dag.py:1833} INFO - Sync 2 DAGs
[2024-12-17 10:51:06,032] {logging_mixin.py:104} INFO - [2024-12-17 10:51:06,032] {dag.py:2306} INFO - Setting next_dagrun for example_subdag_operator.section-1 to None
[2024-12-17 10:51:06,033] {logging_mixin.py:104} INFO - [2024-12-17 10:51:06,033] {dag.py:2306} INFO - Setting next_dagrun for example_subdag_operator.section-2 to None
[2024-12-17 10:51:06,045] {scheduler_job.py:190} INFO - Processing /home/airflow/.local/lib/python3.6/site-packages/airflow/example_dags/example_subdag_operator.py took 0.190 seconds
[2024-12-17 10:51:36,736] {scheduler_job.py:182} INFO - Started process (PID=257) to work on /home/airflow/.local/lib/python3.6/site-packages/airflow/example_dags/example_subdag_operator.py
[2024-12-17 10:51:36,737] {scheduler_job.py:633} INFO - Processing file /home/airflow/.local/lib/python3.6/site-packages/airflow/example_dags/example_subdag_operator.py for tasks to queue
[2024-12-17 10:51:36,738] {logging_mixin.py:104} INFO - [2024-12-17 10:51:36,738] {dagbag.py:496} INFO - Filling up the DagBag from /home/airflow/.local/lib/python3.6/site-packages/airflow/example_dags/example_subdag_operator.py
[2024-12-17 10:51:36,771] {scheduler_job.py:643} INFO - DAG(s) dict_keys(['example_subdag_operator.section-1', 'example_subdag_operator.section-2', 'example_subdag_operator']) retrieved from /home/airflow/.local/lib/python3.6/site-packages/airflow/example_dags/example_subdag_operator.py
[2024-12-17 10:51:36,783] {logging_mixin.py:104} INFO - [2024-12-17 10:51:36,783] {dag.py:1833} INFO - Sync 3 DAGs
[2024-12-17 10:51:36,808] {logging_mixin.py:104} INFO - [2024-12-17 10:51:36,808] {dag.py:2306} INFO - Setting next_dagrun for example_subdag_operator to 2024-12-15 00:00:00+00:00
[2024-12-17 10:51:36,809] {logging_mixin.py:104} INFO - [2024-12-17 10:51:36,809] {dag.py:2306} INFO - Setting next_dagrun for example_subdag_operator.section-1 to None
[2024-12-17 10:51:36,810] {logging_mixin.py:104} INFO - [2024-12-17 10:51:36,810] {dag.py:2306} INFO - Setting next_dagrun for example_subdag_operator.section-2 to None
[2024-12-17 10:51:36,820] {logging_mixin.py:104} INFO - [2024-12-17 10:51:36,820] {dag.py:1833} INFO - Sync 2 DAGs
[2024-12-17 10:51:36,826] {logging_mixin.py:104} INFO - [2024-12-17 10:51:36,826] {dag.py:2306} INFO - Setting next_dagrun for example_subdag_operator.section-1 to None
[2024-12-17 10:51:36,827] {logging_mixin.py:104} INFO - [2024-12-17 10:51:36,827] {dag.py:2306} INFO - Setting next_dagrun for example_subdag_operator.section-2 to None
[2024-12-17 10:51:36,837] {scheduler_job.py:190} INFO - Processing /home/airflow/.local/lib/python3.6/site-packages/airflow/example_dags/example_subdag_operator.py took 0.105 seconds
[2024-12-17 10:52:06,916] {scheduler_job.py:182} INFO - Started process (PID=306) to work on /home/airflow/.local/lib/python3.6/site-packages/airflow/example_dags/example_subdag_operator.py
[2024-12-17 10:52:06,918] {scheduler_job.py:633} INFO - Processing file /home/airflow/.local/lib/python3.6/site-packages/airflow/example_dags/example_subdag_operator.py for tasks to queue
[2024-12-17 10:52:06,921] {logging_mixin.py:104} INFO - [2024-12-17 10:52:06,921] {dagbag.py:496} INFO - Filling up the DagBag from /home/airflow/.local/lib/python3.6/site-packages/airflow/example_dags/example_subdag_operator.py
[2024-12-17 10:52:06,959] {scheduler_job.py:643} INFO - DAG(s) dict_keys(['example_subdag_operator.section-1', 'example_subdag_operator.section-2', 'example_subdag_operator']) retrieved from /home/airflow/.local/lib/python3.6/site-packages/airflow/example_dags/example_subdag_operator.py
[2024-12-17 10:52:06,972] {logging_mixin.py:104} INFO - [2024-12-17 10:52:06,972] {dag.py:1833} INFO - Sync 3 DAGs
[2024-12-17 10:52:06,990] {logging_mixin.py:104} INFO - [2024-12-17 10:52:06,989] {dag.py:2306} INFO - Setting next_dagrun for example_subdag_operator to 2024-12-15 00:00:00+00:00
[2024-12-17 10:52:06,990] {logging_mixin.py:104} INFO - [2024-12-17 10:52:06,990] {dag.py:2306} INFO - Setting next_dagrun for example_subdag_operator.section-1 to None
[2024-12-17 10:52:06,991] {logging_mixin.py:104} INFO - [2024-12-17 10:52:06,991] {dag.py:2306} INFO - Setting next_dagrun for example_subdag_operator.section-2 to None
[2024-12-17 10:52:07,001] {logging_mixin.py:104} INFO - [2024-12-17 10:52:07,001] {dag.py:1833} INFO - Sync 2 DAGs
[2024-12-17 10:52:07,006] {logging_mixin.py:104} INFO - [2024-12-17 10:52:07,006] {dag.py:2306} INFO - Setting next_dagrun for example_subdag_operator.section-1 to None
[2024-12-17 10:52:07,006] {logging_mixin.py:104} INFO - [2024-12-17 10:52:07,006] {dag.py:2306} INFO - Setting next_dagrun for example_subdag_operator.section-2 to None
[2024-12-17 10:52:07,016] {scheduler_job.py:190} INFO - Processing /home/airflow/.local/lib/python3.6/site-packages/airflow/example_dags/example_subdag_operator.py took 0.103 seconds
[2024-12-17 10:52:37,310] {scheduler_job.py:182} INFO - Started process (PID=357) to work on /home/airflow/.local/lib/python3.6/site-packages/airflow/example_dags/example_subdag_operator.py
[2024-12-17 10:52:37,311] {scheduler_job.py:633} INFO - Processing file /home/airflow/.local/lib/python3.6/site-packages/airflow/example_dags/example_subdag_operator.py for tasks to queue
[2024-12-17 10:52:37,312] {logging_mixin.py:104} INFO - [2024-12-17 10:52:37,312] {dagbag.py:496} INFO - Filling up the DagBag from /home/airflow/.local/lib/python3.6/site-packages/airflow/example_dags/example_subdag_operator.py
[2024-12-17 10:52:37,356] {scheduler_job.py:643} INFO - DAG(s) dict_keys(['example_subdag_operator.section-1', 'example_subdag_operator.section-2', 'example_subdag_operator']) retrieved from /home/airflow/.local/lib/python3.6/site-packages/airflow/example_dags/example_subdag_operator.py
[2024-12-17 10:52:37,371] {logging_mixin.py:104} INFO - [2024-12-17 10:52:37,371] {dag.py:1833} INFO - Sync 3 DAGs
[2024-12-17 10:52:37,390] {logging_mixin.py:104} INFO - [2024-12-17 10:52:37,390] {dag.py:2306} INFO - Setting next_dagrun for example_subdag_operator to 2024-12-15 00:00:00+00:00
[2024-12-17 10:52:37,391] {logging_mixin.py:104} INFO - [2024-12-17 10:52:37,391] {dag.py:2306} INFO - Setting next_dagrun for example_subdag_operator.section-1 to None
[2024-12-17 10:52:37,391] {logging_mixin.py:104} INFO - [2024-12-17 10:52:37,391] {dag.py:2306} INFO - Setting next_dagrun for example_subdag_operator.section-2 to None
[2024-12-17 10:52:37,401] {logging_mixin.py:104} INFO - [2024-12-17 10:52:37,401] {dag.py:1833} INFO - Sync 2 DAGs
[2024-12-17 10:52:37,412] {logging_mixin.py:104} INFO - [2024-12-17 10:52:37,412] {dag.py:2306} INFO - Setting next_dagrun for example_subdag_operator.section-1 to None
[2024-12-17 10:52:37,413] {logging_mixin.py:104} INFO - [2024-12-17 10:52:37,413] {dag.py:2306} INFO - Setting next_dagrun for example_subdag_operator.section-2 to None
[2024-12-17 10:52:37,433] {scheduler_job.py:190} INFO - Processing /home/airflow/.local/lib/python3.6/site-packages/airflow/example_dags/example_subdag_operator.py took 0.127 seconds
[2024-12-17 10:53:08,452] {scheduler_job.py:182} INFO - Started process (PID=419) to work on /home/airflow/.local/lib/python3.6/site-packages/airflow/example_dags/example_subdag_operator.py
[2024-12-17 10:53:08,453] {scheduler_job.py:633} INFO - Processing file /home/airflow/.local/lib/python3.6/site-packages/airflow/example_dags/example_subdag_operator.py for tasks to queue
[2024-12-17 10:53:08,454] {logging_mixin.py:104} INFO - [2024-12-17 10:53:08,454] {dagbag.py:496} INFO - Filling up the DagBag from /home/airflow/.local/lib/python3.6/site-packages/airflow/example_dags/example_subdag_operator.py
[2024-12-17 10:53:08,487] {scheduler_job.py:643} INFO - DAG(s) dict_keys(['example_subdag_operator.section-1', 'example_subdag_operator.section-2', 'example_subdag_operator']) retrieved from /home/airflow/.local/lib/python3.6/site-packages/airflow/example_dags/example_subdag_operator.py
[2024-12-17 10:53:08,499] {logging_mixin.py:104} INFO - [2024-12-17 10:53:08,499] {dag.py:1833} INFO - Sync 3 DAGs
[2024-12-17 10:53:08,518] {logging_mixin.py:104} INFO - [2024-12-17 10:53:08,518] {dag.py:2306} INFO - Setting next_dagrun for example_subdag_operator to 2024-12-15 00:00:00+00:00
[2024-12-17 10:53:08,519] {logging_mixin.py:104} INFO - [2024-12-17 10:53:08,519] {dag.py:2306} INFO - Setting next_dagrun for example_subdag_operator.section-1 to None
[2024-12-17 10:53:08,519] {logging_mixin.py:104} INFO - [2024-12-17 10:53:08,519] {dag.py:2306} INFO - Setting next_dagrun for example_subdag_operator.section-2 to None
[2024-12-17 10:53:08,531] {logging_mixin.py:104} INFO - [2024-12-17 10:53:08,531] {dag.py:1833} INFO - Sync 2 DAGs
[2024-12-17 10:53:08,538] {logging_mixin.py:104} INFO - [2024-12-17 10:53:08,538] {dag.py:2306} INFO - Setting next_dagrun for example_subdag_operator.section-1 to None
[2024-12-17 10:53:08,539] {logging_mixin.py:104} INFO - [2024-12-17 10:53:08,539] {dag.py:2306} INFO - Setting next_dagrun for example_subdag_operator.section-2 to None
[2024-12-17 10:53:08,550] {scheduler_job.py:190} INFO - Processing /home/airflow/.local/lib/python3.6/site-packages/airflow/example_dags/example_subdag_operator.py took 0.102 seconds
[2024-12-17 10:53:39,198] {scheduler_job.py:182} INFO - Started process (PID=469) to work on /home/airflow/.local/lib/python3.6/site-packages/airflow/example_dags/example_subdag_operator.py
[2024-12-17 10:53:39,199] {scheduler_job.py:633} INFO - Processing file /home/airflow/.local/lib/python3.6/site-packages/airflow/example_dags/example_subdag_operator.py for tasks to queue
[2024-12-17 10:53:39,200] {logging_mixin.py:104} INFO - [2024-12-17 10:53:39,200] {dagbag.py:496} INFO - Filling up the DagBag from /home/airflow/.local/lib/python3.6/site-packages/airflow/example_dags/example_subdag_operator.py
[2024-12-17 10:53:39,232] {scheduler_job.py:643} INFO - DAG(s) dict_keys(['example_subdag_operator.section-1', 'example_subdag_operator.section-2', 'example_subdag_operator']) retrieved from /home/airflow/.local/lib/python3.6/site-packages/airflow/example_dags/example_subdag_operator.py
[2024-12-17 10:53:39,245] {logging_mixin.py:104} INFO - [2024-12-17 10:53:39,245] {dag.py:1833} INFO - Sync 3 DAGs
[2024-12-17 10:53:39,259] {logging_mixin.py:104} INFO - [2024-12-17 10:53:39,259] {dag.py:2306} INFO - Setting next_dagrun for example_subdag_operator to 2024-12-15 00:00:00+00:00
[2024-12-17 10:53:39,259] {logging_mixin.py:104} INFO - [2024-12-17 10:53:39,259] {dag.py:2306} INFO - Setting next_dagrun for example_subdag_operator.section-1 to None
[2024-12-17 10:53:39,260] {logging_mixin.py:104} INFO - [2024-12-17 10:53:39,260] {dag.py:2306} INFO - Setting next_dagrun for example_subdag_operator.section-2 to None
[2024-12-17 10:53:39,269] {logging_mixin.py:104} INFO - [2024-12-17 10:53:39,268] {dag.py:1833} INFO - Sync 2 DAGs
[2024-12-17 10:53:39,281] {logging_mixin.py:104} INFO - [2024-12-17 10:53:39,281] {dag.py:2306} INFO - Setting next_dagrun for example_subdag_operator.section-1 to None
[2024-12-17 10:53:39,281] {logging_mixin.py:104} INFO - [2024-12-17 10:53:39,281] {dag.py:2306} INFO - Setting next_dagrun for example_subdag_operator.section-2 to None
[2024-12-17 10:53:39,300] {scheduler_job.py:190} INFO - Processing /home/airflow/.local/lib/python3.6/site-packages/airflow/example_dags/example_subdag_operator.py took 0.107 seconds
[2024-12-17 10:54:10,544] {scheduler_job.py:182} INFO - Started process (PID=530) to work on /home/airflow/.local/lib/python3.6/site-packages/airflow/example_dags/example_subdag_operator.py
[2024-12-17 10:54:10,545] {scheduler_job.py:633} INFO - Processing file /home/airflow/.local/lib/python3.6/site-packages/airflow/example_dags/example_subdag_operator.py for tasks to queue
[2024-12-17 10:54:10,546] {logging_mixin.py:104} INFO - [2024-12-17 10:54:10,546] {dagbag.py:496} INFO - Filling up the DagBag from /home/airflow/.local/lib/python3.6/site-packages/airflow/example_dags/example_subdag_operator.py
[2024-12-17 10:54:10,626] {scheduler_job.py:643} INFO - DAG(s) dict_keys(['example_subdag_operator.section-1', 'example_subdag_operator.section-2', 'example_subdag_operator']) retrieved from /home/airflow/.local/lib/python3.6/site-packages/airflow/example_dags/example_subdag_operator.py
[2024-12-17 10:54:10,647] {logging_mixin.py:104} INFO - [2024-12-17 10:54:10,643] {dag.py:1833} INFO - Sync 3 DAGs
[2024-12-17 10:54:10,719] {logging_mixin.py:104} INFO - [2024-12-17 10:54:10,719] {dag.py:2306} INFO - Setting next_dagrun for example_subdag_operator to 2024-12-15 00:00:00+00:00
[2024-12-17 10:54:10,721] {logging_mixin.py:104} INFO - [2024-12-17 10:54:10,720] {dag.py:2306} INFO - Setting next_dagrun for example_subdag_operator.section-1 to None
[2024-12-17 10:54:10,721] {logging_mixin.py:104} INFO - [2024-12-17 10:54:10,721] {dag.py:2306} INFO - Setting next_dagrun for example_subdag_operator.section-2 to None
[2024-12-17 10:54:10,738] {logging_mixin.py:104} INFO - [2024-12-17 10:54:10,738] {dag.py:1833} INFO - Sync 2 DAGs
[2024-12-17 10:54:10,765] {logging_mixin.py:104} INFO - [2024-12-17 10:54:10,765] {dag.py:2306} INFO - Setting next_dagrun for example_subdag_operator.section-1 to None
[2024-12-17 10:54:10,765] {logging_mixin.py:104} INFO - [2024-12-17 10:54:10,765] {dag.py:2306} INFO - Setting next_dagrun for example_subdag_operator.section-2 to None
[2024-12-17 10:54:10,785] {scheduler_job.py:190} INFO - Processing /home/airflow/.local/lib/python3.6/site-packages/airflow/example_dags/example_subdag_operator.py took 0.248 seconds
[2024-12-17 10:54:41,844] {scheduler_job.py:182} INFO - Started process (PID=592) to work on /home/airflow/.local/lib/python3.6/site-packages/airflow/example_dags/example_subdag_operator.py
[2024-12-17 10:54:41,863] {scheduler_job.py:633} INFO - Processing file /home/airflow/.local/lib/python3.6/site-packages/airflow/example_dags/example_subdag_operator.py for tasks to queue
[2024-12-17 10:54:41,864] {logging_mixin.py:104} INFO - [2024-12-17 10:54:41,864] {dagbag.py:496} INFO - Filling up the DagBag from /home/airflow/.local/lib/python3.6/site-packages/airflow/example_dags/example_subdag_operator.py
[2024-12-17 10:54:41,909] {scheduler_job.py:643} INFO - DAG(s) dict_keys(['example_subdag_operator.section-1', 'example_subdag_operator.section-2', 'example_subdag_operator']) retrieved from /home/airflow/.local/lib/python3.6/site-packages/airflow/example_dags/example_subdag_operator.py
[2024-12-17 10:54:41,925] {logging_mixin.py:104} INFO - [2024-12-17 10:54:41,925] {dag.py:1833} INFO - Sync 3 DAGs
[2024-12-17 10:54:41,946] {logging_mixin.py:104} INFO - [2024-12-17 10:54:41,945] {dag.py:2306} INFO - Setting next_dagrun for example_subdag_operator to 2024-12-15 00:00:00+00:00
[2024-12-17 10:54:41,946] {logging_mixin.py:104} INFO - [2024-12-17 10:54:41,946] {dag.py:2306} INFO - Setting next_dagrun for example_subdag_operator.section-1 to None
[2024-12-17 10:54:41,946] {logging_mixin.py:104} INFO - [2024-12-17 10:54:41,946] {dag.py:2306} INFO - Setting next_dagrun for example_subdag_operator.section-2 to None
[2024-12-17 10:54:41,955] {logging_mixin.py:104} INFO - [2024-12-17 10:54:41,955] {dag.py:1833} INFO - Sync 2 DAGs
[2024-12-17 10:54:41,962] {logging_mixin.py:104} INFO - [2024-12-17 10:54:41,962] {dag.py:2306} INFO - Setting next_dagrun for example_subdag_operator.section-1 to None
[2024-12-17 10:54:41,962] {logging_mixin.py:104} INFO - [2024-12-17 10:54:41,962] {dag.py:2306} INFO - Setting next_dagrun for example_subdag_operator.section-2 to None
[2024-12-17 10:54:41,972] {scheduler_job.py:190} INFO - Processing /home/airflow/.local/lib/python3.6/site-packages/airflow/example_dags/example_subdag_operator.py took 0.132 seconds
[2024-12-17 10:55:12,333] {scheduler_job.py:182} INFO - Started process (PID=643) to work on /home/airflow/.local/lib/python3.6/site-packages/airflow/example_dags/example_subdag_operator.py
[2024-12-17 10:55:12,334] {scheduler_job.py:633} INFO - Processing file /home/airflow/.local/lib/python3.6/site-packages/airflow/example_dags/example_subdag_operator.py for tasks to queue
[2024-12-17 10:55:12,335] {logging_mixin.py:104} INFO - [2024-12-17 10:55:12,335] {dagbag.py:496} INFO - Filling up the DagBag from /home/airflow/.local/lib/python3.6/site-packages/airflow/example_dags/example_subdag_operator.py
[2024-12-17 10:55:12,445] {scheduler_job.py:643} INFO - DAG(s) dict_keys(['example_subdag_operator.section-1', 'example_subdag_operator.section-2', 'example_subdag_operator']) retrieved from /home/airflow/.local/lib/python3.6/site-packages/airflow/example_dags/example_subdag_operator.py
[2024-12-17 10:55:12,469] {logging_mixin.py:104} INFO - [2024-12-17 10:55:12,469] {dag.py:1833} INFO - Sync 3 DAGs
[2024-12-17 10:55:12,492] {logging_mixin.py:104} INFO - [2024-12-17 10:55:12,492] {dag.py:2306} INFO - Setting next_dagrun for example_subdag_operator to 2024-12-15 00:00:00+00:00
[2024-12-17 10:55:12,493] {logging_mixin.py:104} INFO - [2024-12-17 10:55:12,493] {dag.py:2306} INFO - Setting next_dagrun for example_subdag_operator.section-1 to None
[2024-12-17 10:55:12,493] {logging_mixin.py:104} INFO - [2024-12-17 10:55:12,493] {dag.py:2306} INFO - Setting next_dagrun for example_subdag_operator.section-2 to None
[2024-12-17 10:55:12,504] {logging_mixin.py:104} INFO - [2024-12-17 10:55:12,504] {dag.py:1833} INFO - Sync 2 DAGs
[2024-12-17 10:55:12,515] {logging_mixin.py:104} INFO - [2024-12-17 10:55:12,514] {dag.py:2306} INFO - Setting next_dagrun for example_subdag_operator.section-1 to None
[2024-12-17 10:55:12,515] {logging_mixin.py:104} INFO - [2024-12-17 10:55:12,515] {dag.py:2306} INFO - Setting next_dagrun for example_subdag_operator.section-2 to None
[2024-12-17 10:55:12,526] {scheduler_job.py:190} INFO - Processing /home/airflow/.local/lib/python3.6/site-packages/airflow/example_dags/example_subdag_operator.py took 0.197 seconds
[2024-12-17 10:55:43,070] {scheduler_job.py:182} INFO - Started process (PID=703) to work on /home/airflow/.local/lib/python3.6/site-packages/airflow/example_dags/example_subdag_operator.py
[2024-12-17 10:55:43,071] {scheduler_job.py:633} INFO - Processing file /home/airflow/.local/lib/python3.6/site-packages/airflow/example_dags/example_subdag_operator.py for tasks to queue
[2024-12-17 10:55:43,072] {logging_mixin.py:104} INFO - [2024-12-17 10:55:43,072] {dagbag.py:496} INFO - Filling up the DagBag from /home/airflow/.local/lib/python3.6/site-packages/airflow/example_dags/example_subdag_operator.py
[2024-12-17 10:55:43,115] {scheduler_job.py:643} INFO - DAG(s) dict_keys(['example_subdag_operator.section-1', 'example_subdag_operator.section-2', 'example_subdag_operator']) retrieved from /home/airflow/.local/lib/python3.6/site-packages/airflow/example_dags/example_subdag_operator.py
[2024-12-17 10:55:43,129] {logging_mixin.py:104} INFO - [2024-12-17 10:55:43,129] {dag.py:1833} INFO - Sync 3 DAGs
[2024-12-17 10:55:43,149] {logging_mixin.py:104} INFO - [2024-12-17 10:55:43,149] {dag.py:2306} INFO - Setting next_dagrun for example_subdag_operator to 2024-12-15 00:00:00+00:00
[2024-12-17 10:55:43,150] {logging_mixin.py:104} INFO - [2024-12-17 10:55:43,150] {dag.py:2306} INFO - Setting next_dagrun for example_subdag_operator.section-1 to None
[2024-12-17 10:55:43,150] {logging_mixin.py:104} INFO - [2024-12-17 10:55:43,150] {dag.py:2306} INFO - Setting next_dagrun for example_subdag_operator.section-2 to None
[2024-12-17 10:55:43,158] {logging_mixin.py:104} INFO - [2024-12-17 10:55:43,158] {dag.py:1833} INFO - Sync 2 DAGs
[2024-12-17 10:55:43,172] {logging_mixin.py:104} INFO - [2024-12-17 10:55:43,172] {dag.py:2306} INFO - Setting next_dagrun for example_subdag_operator.section-1 to None
[2024-12-17 10:55:43,172] {logging_mixin.py:104} INFO - [2024-12-17 10:55:43,172] {dag.py:2306} INFO - Setting next_dagrun for example_subdag_operator.section-2 to None
[2024-12-17 10:55:43,184] {scheduler_job.py:190} INFO - Processing /home/airflow/.local/lib/python3.6/site-packages/airflow/example_dags/example_subdag_operator.py took 0.118 seconds
[2024-12-17 10:56:13,826] {scheduler_job.py:182} INFO - Started process (PID=754) to work on /home/airflow/.local/lib/python3.6/site-packages/airflow/example_dags/example_subdag_operator.py
[2024-12-17 10:56:13,827] {scheduler_job.py:633} INFO - Processing file /home/airflow/.local/lib/python3.6/site-packages/airflow/example_dags/example_subdag_operator.py for tasks to queue
[2024-12-17 10:56:13,828] {logging_mixin.py:104} INFO - [2024-12-17 10:56:13,827] {dagbag.py:496} INFO - Filling up the DagBag from /home/airflow/.local/lib/python3.6/site-packages/airflow/example_dags/example_subdag_operator.py
[2024-12-17 10:56:13,863] {scheduler_job.py:643} INFO - DAG(s) dict_keys(['example_subdag_operator.section-1', 'example_subdag_operator.section-2', 'example_subdag_operator']) retrieved from /home/airflow/.local/lib/python3.6/site-packages/airflow/example_dags/example_subdag_operator.py
[2024-12-17 10:56:13,875] {logging_mixin.py:104} INFO - [2024-12-17 10:56:13,875] {dag.py:1833} INFO - Sync 3 DAGs
[2024-12-17 10:56:13,890] {logging_mixin.py:104} INFO - [2024-12-17 10:56:13,889] {dag.py:2306} INFO - Setting next_dagrun for example_subdag_operator to 2024-12-15 00:00:00+00:00
[2024-12-17 10:56:13,892] {logging_mixin.py:104} INFO - [2024-12-17 10:56:13,891] {dag.py:2306} INFO - Setting next_dagrun for example_subdag_operator.section-1 to None
[2024-12-17 10:56:13,892] {logging_mixin.py:104} INFO - [2024-12-17 10:56:13,892] {dag.py:2306} INFO - Setting next_dagrun for example_subdag_operator.section-2 to None
[2024-12-17 10:56:13,904] {logging_mixin.py:104} INFO - [2024-12-17 10:56:13,904] {dag.py:1833} INFO - Sync 2 DAGs
[2024-12-17 10:56:13,913] {logging_mixin.py:104} INFO - [2024-12-17 10:56:13,911] {dag.py:2306} INFO - Setting next_dagrun for example_subdag_operator.section-1 to None
[2024-12-17 10:56:13,913] {logging_mixin.py:104} INFO - [2024-12-17 10:56:13,913] {dag.py:2306} INFO - Setting next_dagrun for example_subdag_operator.section-2 to None
[2024-12-17 10:56:13,926] {scheduler_job.py:190} INFO - Processing /home/airflow/.local/lib/python3.6/site-packages/airflow/example_dags/example_subdag_operator.py took 0.104 seconds
[2024-12-17 10:56:45,012] {scheduler_job.py:182} INFO - Started process (PID=815) to work on /home/airflow/.local/lib/python3.6/site-packages/airflow/example_dags/example_subdag_operator.py
[2024-12-17 10:56:45,014] {scheduler_job.py:633} INFO - Processing file /home/airflow/.local/lib/python3.6/site-packages/airflow/example_dags/example_subdag_operator.py for tasks to queue
[2024-12-17 10:56:45,015] {logging_mixin.py:104} INFO - [2024-12-17 10:56:45,015] {dagbag.py:496} INFO - Filling up the DagBag from /home/airflow/.local/lib/python3.6/site-packages/airflow/example_dags/example_subdag_operator.py
[2024-12-17 10:56:45,152] {scheduler_job.py:643} INFO - DAG(s) dict_keys(['example_subdag_operator.section-1', 'example_subdag_operator.section-2', 'example_subdag_operator']) retrieved from /home/airflow/.local/lib/python3.6/site-packages/airflow/example_dags/example_subdag_operator.py
[2024-12-17 10:56:45,169] {logging_mixin.py:104} INFO - [2024-12-17 10:56:45,169] {dag.py:1833} INFO - Sync 3 DAGs
[2024-12-17 10:56:45,185] {logging_mixin.py:104} INFO - [2024-12-17 10:56:45,185] {dag.py:2306} INFO - Setting next_dagrun for example_subdag_operator to 2024-12-15 00:00:00+00:00
[2024-12-17 10:56:45,186] {logging_mixin.py:104} INFO - [2024-12-17 10:56:45,186] {dag.py:2306} INFO - Setting next_dagrun for example_subdag_operator.section-1 to None
[2024-12-17 10:56:45,186] {logging_mixin.py:104} INFO - [2024-12-17 10:56:45,186] {dag.py:2306} INFO - Setting next_dagrun for example_subdag_operator.section-2 to None
[2024-12-17 10:56:45,206] {logging_mixin.py:104} INFO - [2024-12-17 10:56:45,206] {dag.py:1833} INFO - Sync 2 DAGs
[2024-12-17 10:56:45,233] {logging_mixin.py:104} INFO - [2024-12-17 10:56:45,233] {dag.py:2306} INFO - Setting next_dagrun for example_subdag_operator.section-1 to None
[2024-12-17 10:56:45,235] {logging_mixin.py:104} INFO - [2024-12-17 10:56:45,235] {dag.py:2306} INFO - Setting next_dagrun for example_subdag_operator.section-2 to None
[2024-12-17 10:56:45,261] {scheduler_job.py:190} INFO - Processing /home/airflow/.local/lib/python3.6/site-packages/airflow/example_dags/example_subdag_operator.py took 0.252 seconds
[2024-12-17 10:57:15,307] {scheduler_job.py:182} INFO - Started process (PID=864) to work on /home/airflow/.local/lib/python3.6/site-packages/airflow/example_dags/example_subdag_operator.py
[2024-12-17 10:57:15,308] {scheduler_job.py:633} INFO - Processing file /home/airflow/.local/lib/python3.6/site-packages/airflow/example_dags/example_subdag_operator.py for tasks to queue
[2024-12-17 10:57:15,308] {logging_mixin.py:104} INFO - [2024-12-17 10:57:15,308] {dagbag.py:496} INFO - Filling up the DagBag from /home/airflow/.local/lib/python3.6/site-packages/airflow/example_dags/example_subdag_operator.py
[2024-12-17 10:57:15,346] {scheduler_job.py:643} INFO - DAG(s) dict_keys(['example_subdag_operator.section-1', 'example_subdag_operator.section-2', 'example_subdag_operator']) retrieved from /home/airflow/.local/lib/python3.6/site-packages/airflow/example_dags/example_subdag_operator.py
[2024-12-17 10:57:15,359] {logging_mixin.py:104} INFO - [2024-12-17 10:57:15,358] {dag.py:1833} INFO - Sync 3 DAGs
[2024-12-17 10:57:15,375] {logging_mixin.py:104} INFO - [2024-12-17 10:57:15,375] {dag.py:2306} INFO - Setting next_dagrun for example_subdag_operator to 2024-12-15 00:00:00+00:00
[2024-12-17 10:57:15,376] {logging_mixin.py:104} INFO - [2024-12-17 10:57:15,376] {dag.py:2306} INFO - Setting next_dagrun for example_subdag_operator.section-1 to None
[2024-12-17 10:57:15,376] {logging_mixin.py:104} INFO - [2024-12-17 10:57:15,376] {dag.py:2306} INFO - Setting next_dagrun for example_subdag_operator.section-2 to None
[2024-12-17 10:57:15,387] {logging_mixin.py:104} INFO - [2024-12-17 10:57:15,387] {dag.py:1833} INFO - Sync 2 DAGs
[2024-12-17 10:57:15,394] {logging_mixin.py:104} INFO - [2024-12-17 10:57:15,394] {dag.py:2306} INFO - Setting next_dagrun for example_subdag_operator.section-1 to None
[2024-12-17 10:57:15,395] {logging_mixin.py:104} INFO - [2024-12-17 10:57:15,395] {dag.py:2306} INFO - Setting next_dagrun for example_subdag_operator.section-2 to None
[2024-12-17 10:57:15,408] {scheduler_job.py:190} INFO - Processing /home/airflow/.local/lib/python3.6/site-packages/airflow/example_dags/example_subdag_operator.py took 0.105 seconds
[2024-12-17 10:57:46,373] {scheduler_job.py:182} INFO - Started process (PID=925) to work on /home/airflow/.local/lib/python3.6/site-packages/airflow/example_dags/example_subdag_operator.py
[2024-12-17 10:57:46,374] {scheduler_job.py:633} INFO - Processing file /home/airflow/.local/lib/python3.6/site-packages/airflow/example_dags/example_subdag_operator.py for tasks to queue
[2024-12-17 10:57:46,375] {logging_mixin.py:104} INFO - [2024-12-17 10:57:46,375] {dagbag.py:496} INFO - Filling up the DagBag from /home/airflow/.local/lib/python3.6/site-packages/airflow/example_dags/example_subdag_operator.py
[2024-12-17 10:57:46,411] {scheduler_job.py:643} INFO - DAG(s) dict_keys(['example_subdag_operator.section-1', 'example_subdag_operator.section-2', 'example_subdag_operator']) retrieved from /home/airflow/.local/lib/python3.6/site-packages/airflow/example_dags/example_subdag_operator.py
[2024-12-17 10:57:46,421] {logging_mixin.py:104} INFO - [2024-12-17 10:57:46,421] {dag.py:1833} INFO - Sync 3 DAGs
[2024-12-17 10:57:46,441] {logging_mixin.py:104} INFO - [2024-12-17 10:57:46,441] {dag.py:2306} INFO - Setting next_dagrun for example_subdag_operator to 2024-12-15 00:00:00+00:00
[2024-12-17 10:57:46,442] {logging_mixin.py:104} INFO - [2024-12-17 10:57:46,442] {dag.py:2306} INFO - Setting next_dagrun for example_subdag_operator.section-1 to None
[2024-12-17 10:57:46,442] {logging_mixin.py:104} INFO - [2024-12-17 10:57:46,442] {dag.py:2306} INFO - Setting next_dagrun for example_subdag_operator.section-2 to None
[2024-12-17 10:57:46,456] {logging_mixin.py:104} INFO - [2024-12-17 10:57:46,456] {dag.py:1833} INFO - Sync 2 DAGs
[2024-12-17 10:57:46,467] {logging_mixin.py:104} INFO - [2024-12-17 10:57:46,467] {dag.py:2306} INFO - Setting next_dagrun for example_subdag_operator.section-1 to None
[2024-12-17 10:57:46,467] {logging_mixin.py:104} INFO - [2024-12-17 10:57:46,467] {dag.py:2306} INFO - Setting next_dagrun for example_subdag_operator.section-2 to None
[2024-12-17 10:57:46,486] {scheduler_job.py:190} INFO - Processing /home/airflow/.local/lib/python3.6/site-packages/airflow/example_dags/example_subdag_operator.py took 0.120 seconds
[2024-12-17 10:58:16,833] {scheduler_job.py:182} INFO - Started process (PID=976) to work on /home/airflow/.local/lib/python3.6/site-packages/airflow/example_dags/example_subdag_operator.py
[2024-12-17 10:58:16,834] {scheduler_job.py:633} INFO - Processing file /home/airflow/.local/lib/python3.6/site-packages/airflow/example_dags/example_subdag_operator.py for tasks to queue
[2024-12-17 10:58:16,837] {logging_mixin.py:104} INFO - [2024-12-17 10:58:16,837] {dagbag.py:496} INFO - Filling up the DagBag from /home/airflow/.local/lib/python3.6/site-packages/airflow/example_dags/example_subdag_operator.py
[2024-12-17 10:58:16,877] {scheduler_job.py:643} INFO - DAG(s) dict_keys(['example_subdag_operator.section-1', 'example_subdag_operator.section-2', 'example_subdag_operator']) retrieved from /home/airflow/.local/lib/python3.6/site-packages/airflow/example_dags/example_subdag_operator.py
[2024-12-17 10:58:16,889] {logging_mixin.py:104} INFO - [2024-12-17 10:58:16,888] {dag.py:1833} INFO - Sync 3 DAGs
[2024-12-17 10:58:16,913] {logging_mixin.py:104} INFO - [2024-12-17 10:58:16,913] {dag.py:2306} INFO - Setting next_dagrun for example_subdag_operator to 2024-12-15 00:00:00+00:00
[2024-12-17 10:58:16,915] {logging_mixin.py:104} INFO - [2024-12-17 10:58:16,914] {dag.py:2306} INFO - Setting next_dagrun for example_subdag_operator.section-1 to None
[2024-12-17 10:58:16,915] {logging_mixin.py:104} INFO - [2024-12-17 10:58:16,915] {dag.py:2306} INFO - Setting next_dagrun for example_subdag_operator.section-2 to None
[2024-12-17 10:58:16,923] {logging_mixin.py:104} INFO - [2024-12-17 10:58:16,923] {dag.py:1833} INFO - Sync 2 DAGs
[2024-12-17 10:58:16,930] {logging_mixin.py:104} INFO - [2024-12-17 10:58:16,930] {dag.py:2306} INFO - Setting next_dagrun for example_subdag_operator.section-1 to None
[2024-12-17 10:58:16,930] {logging_mixin.py:104} INFO - [2024-12-17 10:58:16,930] {dag.py:2306} INFO - Setting next_dagrun for example_subdag_operator.section-2 to None
[2024-12-17 10:58:16,941] {scheduler_job.py:190} INFO - Processing /home/airflow/.local/lib/python3.6/site-packages/airflow/example_dags/example_subdag_operator.py took 0.111 seconds
[2024-12-17 10:58:47,984] {scheduler_job.py:182} INFO - Started process (PID=1036) to work on /home/airflow/.local/lib/python3.6/site-packages/airflow/example_dags/example_subdag_operator.py
[2024-12-17 10:58:47,985] {scheduler_job.py:633} INFO - Processing file /home/airflow/.local/lib/python3.6/site-packages/airflow/example_dags/example_subdag_operator.py for tasks to queue
[2024-12-17 10:58:47,986] {logging_mixin.py:104} INFO - [2024-12-17 10:58:47,985] {dagbag.py:496} INFO - Filling up the DagBag from /home/airflow/.local/lib/python3.6/site-packages/airflow/example_dags/example_subdag_operator.py
[2024-12-17 10:58:48,017] {scheduler_job.py:643} INFO - DAG(s) dict_keys(['example_subdag_operator.section-1', 'example_subdag_operator.section-2', 'example_subdag_operator']) retrieved from /home/airflow/.local/lib/python3.6/site-packages/airflow/example_dags/example_subdag_operator.py
[2024-12-17 10:58:48,028] {logging_mixin.py:104} INFO - [2024-12-17 10:58:48,028] {dag.py:1833} INFO - Sync 3 DAGs
[2024-12-17 10:58:48,045] {logging_mixin.py:104} INFO - [2024-12-17 10:58:48,045] {dag.py:2306} INFO - Setting next_dagrun for example_subdag_operator to 2024-12-15 00:00:00+00:00
[2024-12-17 10:58:48,047] {logging_mixin.py:104} INFO - [2024-12-17 10:58:48,046] {dag.py:2306} INFO - Setting next_dagrun for example_subdag_operator.section-1 to None
[2024-12-17 10:58:48,047] {logging_mixin.py:104} INFO - [2024-12-17 10:58:48,047] {dag.py:2306} INFO - Setting next_dagrun for example_subdag_operator.section-2 to None
[2024-12-17 10:58:48,055] {logging_mixin.py:104} INFO - [2024-12-17 10:58:48,055] {dag.py:1833} INFO - Sync 2 DAGs
[2024-12-17 10:58:48,062] {logging_mixin.py:104} INFO - [2024-12-17 10:58:48,061] {dag.py:2306} INFO - Setting next_dagrun for example_subdag_operator.section-1 to None
[2024-12-17 10:58:48,062] {logging_mixin.py:104} INFO - [2024-12-17 10:58:48,062] {dag.py:2306} INFO - Setting next_dagrun for example_subdag_operator.section-2 to None
[2024-12-17 10:58:48,073] {scheduler_job.py:190} INFO - Processing /home/airflow/.local/lib/python3.6/site-packages/airflow/example_dags/example_subdag_operator.py took 0.092 seconds
