[2024-12-17 10:50:41,114] {scheduler_job.py:182} INFO - Started process (PID=140) to work on /home/airflow/.local/lib/python3.6/site-packages/airflow/example_dags/example_xcomargs.py
[2024-12-17 10:50:41,115] {scheduler_job.py:633} INFO - Processing file /home/airflow/.local/lib/python3.6/site-packages/airflow/example_dags/example_xcomargs.py for tasks to queue
[2024-12-17 10:50:41,116] {logging_mixin.py:104} INFO - [2024-12-17 10:50:41,116] {dagbag.py:496} INFO - Filling up the DagBag from /home/airflow/.local/lib/python3.6/site-packages/airflow/example_dags/example_xcomargs.py
[2024-12-17 10:50:41,152] {scheduler_job.py:643} INFO - DAG(s) dict_keys(['example_xcom_args', 'example_xcom_args_with_operators']) retrieved from /home/airflow/.local/lib/python3.6/site-packages/airflow/example_dags/example_xcomargs.py
[2024-12-17 10:50:44,651] {logging_mixin.py:104} INFO - [2024-12-17 10:50:44,650] {dag.py:1833} INFO - Sync 2 DAGs
[2024-12-17 10:50:44,684] {logging_mixin.py:104} INFO - [2024-12-17 10:50:44,683] {dag.py:1852} INFO - Creating ORM DAG for example_xcom_args_with_operators
[2024-12-17 10:50:44,685] {logging_mixin.py:104} INFO - [2024-12-17 10:50:44,685] {dag.py:1852} INFO - Creating ORM DAG for example_xcom_args
[2024-12-17 10:50:44,712] {logging_mixin.py:104} INFO - [2024-12-17 10:50:44,712] {dag.py:2306} INFO - Setting next_dagrun for example_xcom_args to None
[2024-12-17 10:50:44,713] {logging_mixin.py:104} INFO - [2024-12-17 10:50:44,712] {dag.py:2306} INFO - Setting next_dagrun for example_xcom_args_with_operators to None
[2024-12-17 10:50:44,769] {scheduler_job.py:190} INFO - Processing /home/airflow/.local/lib/python3.6/site-packages/airflow/example_dags/example_xcomargs.py took 3.673 seconds
[2024-12-17 10:51:15,736] {scheduler_job.py:182} INFO - Started process (PID=211) to work on /home/airflow/.local/lib/python3.6/site-packages/airflow/example_dags/example_xcomargs.py
[2024-12-17 10:51:15,738] {scheduler_job.py:633} INFO - Processing file /home/airflow/.local/lib/python3.6/site-packages/airflow/example_dags/example_xcomargs.py for tasks to queue
[2024-12-17 10:51:15,740] {logging_mixin.py:104} INFO - [2024-12-17 10:51:15,740] {dagbag.py:496} INFO - Filling up the DagBag from /home/airflow/.local/lib/python3.6/site-packages/airflow/example_dags/example_xcomargs.py
[2024-12-17 10:51:15,809] {scheduler_job.py:643} INFO - DAG(s) dict_keys(['example_xcom_args', 'example_xcom_args_with_operators']) retrieved from /home/airflow/.local/lib/python3.6/site-packages/airflow/example_dags/example_xcomargs.py
[2024-12-17 10:51:16,625] {logging_mixin.py:104} INFO - [2024-12-17 10:51:16,625] {dag.py:1833} INFO - Sync 2 DAGs
[2024-12-17 10:51:16,682] {logging_mixin.py:104} INFO - [2024-12-17 10:51:16,682] {dag.py:2306} INFO - Setting next_dagrun for example_xcom_args to None
[2024-12-17 10:51:16,684] {logging_mixin.py:104} INFO - [2024-12-17 10:51:16,683] {dag.py:2306} INFO - Setting next_dagrun for example_xcom_args_with_operators to None
[2024-12-17 10:51:16,720] {scheduler_job.py:190} INFO - Processing /home/airflow/.local/lib/python3.6/site-packages/airflow/example_dags/example_xcomargs.py took 0.998 seconds
[2024-12-17 10:51:47,382] {scheduler_job.py:182} INFO - Started process (PID=270) to work on /home/airflow/.local/lib/python3.6/site-packages/airflow/example_dags/example_xcomargs.py
[2024-12-17 10:51:47,395] {scheduler_job.py:633} INFO - Processing file /home/airflow/.local/lib/python3.6/site-packages/airflow/example_dags/example_xcomargs.py for tasks to queue
[2024-12-17 10:51:47,396] {logging_mixin.py:104} INFO - [2024-12-17 10:51:47,395] {dagbag.py:496} INFO - Filling up the DagBag from /home/airflow/.local/lib/python3.6/site-packages/airflow/example_dags/example_xcomargs.py
[2024-12-17 10:51:47,444] {scheduler_job.py:643} INFO - DAG(s) dict_keys(['example_xcom_args', 'example_xcom_args_with_operators']) retrieved from /home/airflow/.local/lib/python3.6/site-packages/airflow/example_dags/example_xcomargs.py
[2024-12-17 10:51:47,681] {logging_mixin.py:104} INFO - [2024-12-17 10:51:47,681] {dag.py:1833} INFO - Sync 2 DAGs
[2024-12-17 10:51:47,705] {logging_mixin.py:104} INFO - [2024-12-17 10:51:47,704] {dag.py:2306} INFO - Setting next_dagrun for example_xcom_args to None
[2024-12-17 10:51:47,705] {logging_mixin.py:104} INFO - [2024-12-17 10:51:47,705] {dag.py:2306} INFO - Setting next_dagrun for example_xcom_args_with_operators to None
[2024-12-17 10:51:47,739] {scheduler_job.py:190} INFO - Processing /home/airflow/.local/lib/python3.6/site-packages/airflow/example_dags/example_xcomargs.py took 0.363 seconds
[2024-12-17 10:52:18,047] {scheduler_job.py:182} INFO - Started process (PID=322) to work on /home/airflow/.local/lib/python3.6/site-packages/airflow/example_dags/example_xcomargs.py
[2024-12-17 10:52:18,048] {scheduler_job.py:633} INFO - Processing file /home/airflow/.local/lib/python3.6/site-packages/airflow/example_dags/example_xcomargs.py for tasks to queue
[2024-12-17 10:52:18,049] {logging_mixin.py:104} INFO - [2024-12-17 10:52:18,049] {dagbag.py:496} INFO - Filling up the DagBag from /home/airflow/.local/lib/python3.6/site-packages/airflow/example_dags/example_xcomargs.py
[2024-12-17 10:52:18,068] {scheduler_job.py:643} INFO - DAG(s) dict_keys(['example_xcom_args', 'example_xcom_args_with_operators']) retrieved from /home/airflow/.local/lib/python3.6/site-packages/airflow/example_dags/example_xcomargs.py
[2024-12-17 10:52:18,245] {logging_mixin.py:104} INFO - [2024-12-17 10:52:18,244] {dag.py:1833} INFO - Sync 2 DAGs
[2024-12-17 10:52:18,285] {logging_mixin.py:104} INFO - [2024-12-17 10:52:18,285] {dag.py:2306} INFO - Setting next_dagrun for example_xcom_args to None
[2024-12-17 10:52:18,289] {logging_mixin.py:104} INFO - [2024-12-17 10:52:18,288] {dag.py:2306} INFO - Setting next_dagrun for example_xcom_args_with_operators to None
[2024-12-17 10:52:18,312] {scheduler_job.py:190} INFO - Processing /home/airflow/.local/lib/python3.6/site-packages/airflow/example_dags/example_xcomargs.py took 0.268 seconds
[2024-12-17 10:52:48,567] {scheduler_job.py:182} INFO - Started process (PID=373) to work on /home/airflow/.local/lib/python3.6/site-packages/airflow/example_dags/example_xcomargs.py
[2024-12-17 10:52:48,568] {scheduler_job.py:633} INFO - Processing file /home/airflow/.local/lib/python3.6/site-packages/airflow/example_dags/example_xcomargs.py for tasks to queue
[2024-12-17 10:52:48,569] {logging_mixin.py:104} INFO - [2024-12-17 10:52:48,568] {dagbag.py:496} INFO - Filling up the DagBag from /home/airflow/.local/lib/python3.6/site-packages/airflow/example_dags/example_xcomargs.py
[2024-12-17 10:52:48,588] {scheduler_job.py:643} INFO - DAG(s) dict_keys(['example_xcom_args', 'example_xcom_args_with_operators']) retrieved from /home/airflow/.local/lib/python3.6/site-packages/airflow/example_dags/example_xcomargs.py
[2024-12-17 10:52:48,615] {logging_mixin.py:104} INFO - [2024-12-17 10:52:48,615] {dag.py:1833} INFO - Sync 2 DAGs
[2024-12-17 10:52:48,630] {logging_mixin.py:104} INFO - [2024-12-17 10:52:48,630] {dag.py:2306} INFO - Setting next_dagrun for example_xcom_args to None
[2024-12-17 10:52:48,631] {logging_mixin.py:104} INFO - [2024-12-17 10:52:48,631] {dag.py:2306} INFO - Setting next_dagrun for example_xcom_args_with_operators to None
[2024-12-17 10:52:48,646] {scheduler_job.py:190} INFO - Processing /home/airflow/.local/lib/python3.6/site-packages/airflow/example_dags/example_xcomargs.py took 0.083 seconds
[2024-12-17 10:53:19,392] {scheduler_job.py:182} INFO - Started process (PID=433) to work on /home/airflow/.local/lib/python3.6/site-packages/airflow/example_dags/example_xcomargs.py
[2024-12-17 10:53:19,394] {scheduler_job.py:633} INFO - Processing file /home/airflow/.local/lib/python3.6/site-packages/airflow/example_dags/example_xcomargs.py for tasks to queue
[2024-12-17 10:53:19,395] {logging_mixin.py:104} INFO - [2024-12-17 10:53:19,395] {dagbag.py:496} INFO - Filling up the DagBag from /home/airflow/.local/lib/python3.6/site-packages/airflow/example_dags/example_xcomargs.py
[2024-12-17 10:53:19,421] {scheduler_job.py:643} INFO - DAG(s) dict_keys(['example_xcom_args', 'example_xcom_args_with_operators']) retrieved from /home/airflow/.local/lib/python3.6/site-packages/airflow/example_dags/example_xcomargs.py
[2024-12-17 10:53:19,671] {logging_mixin.py:104} INFO - [2024-12-17 10:53:19,671] {dag.py:1833} INFO - Sync 2 DAGs
[2024-12-17 10:53:19,686] {logging_mixin.py:104} INFO - [2024-12-17 10:53:19,685] {dag.py:2306} INFO - Setting next_dagrun for example_xcom_args to None
[2024-12-17 10:53:19,686] {logging_mixin.py:104} INFO - [2024-12-17 10:53:19,686] {dag.py:2306} INFO - Setting next_dagrun for example_xcom_args_with_operators to None
[2024-12-17 10:53:19,705] {scheduler_job.py:190} INFO - Processing /home/airflow/.local/lib/python3.6/site-packages/airflow/example_dags/example_xcomargs.py took 0.320 seconds
[2024-12-17 10:53:50,138] {scheduler_job.py:182} INFO - Started process (PID=484) to work on /home/airflow/.local/lib/python3.6/site-packages/airflow/example_dags/example_xcomargs.py
[2024-12-17 10:53:50,139] {scheduler_job.py:633} INFO - Processing file /home/airflow/.local/lib/python3.6/site-packages/airflow/example_dags/example_xcomargs.py for tasks to queue
[2024-12-17 10:53:50,140] {logging_mixin.py:104} INFO - [2024-12-17 10:53:50,140] {dagbag.py:496} INFO - Filling up the DagBag from /home/airflow/.local/lib/python3.6/site-packages/airflow/example_dags/example_xcomargs.py
[2024-12-17 10:53:50,162] {scheduler_job.py:643} INFO - DAG(s) dict_keys(['example_xcom_args', 'example_xcom_args_with_operators']) retrieved from /home/airflow/.local/lib/python3.6/site-packages/airflow/example_dags/example_xcomargs.py
[2024-12-17 10:53:50,347] {logging_mixin.py:104} INFO - [2024-12-17 10:53:50,347] {dag.py:1833} INFO - Sync 2 DAGs
[2024-12-17 10:53:50,360] {logging_mixin.py:104} INFO - [2024-12-17 10:53:50,360] {dag.py:2306} INFO - Setting next_dagrun for example_xcom_args to None
[2024-12-17 10:53:50,361] {logging_mixin.py:104} INFO - [2024-12-17 10:53:50,361] {dag.py:2306} INFO - Setting next_dagrun for example_xcom_args_with_operators to None
[2024-12-17 10:53:50,371] {scheduler_job.py:190} INFO - Processing /home/airflow/.local/lib/python3.6/site-packages/airflow/example_dags/example_xcomargs.py took 0.236 seconds
[2024-12-17 10:54:20,552] {scheduler_job.py:182} INFO - Started process (PID=545) to work on /home/airflow/.local/lib/python3.6/site-packages/airflow/example_dags/example_xcomargs.py
[2024-12-17 10:54:20,554] {scheduler_job.py:633} INFO - Processing file /home/airflow/.local/lib/python3.6/site-packages/airflow/example_dags/example_xcomargs.py for tasks to queue
[2024-12-17 10:54:20,555] {logging_mixin.py:104} INFO - [2024-12-17 10:54:20,555] {dagbag.py:496} INFO - Filling up the DagBag from /home/airflow/.local/lib/python3.6/site-packages/airflow/example_dags/example_xcomargs.py
[2024-12-17 10:54:20,580] {scheduler_job.py:643} INFO - DAG(s) dict_keys(['example_xcom_args', 'example_xcom_args_with_operators']) retrieved from /home/airflow/.local/lib/python3.6/site-packages/airflow/example_dags/example_xcomargs.py
[2024-12-17 10:54:20,788] {logging_mixin.py:104} INFO - [2024-12-17 10:54:20,788] {dag.py:1833} INFO - Sync 2 DAGs
[2024-12-17 10:54:20,811] {logging_mixin.py:104} INFO - [2024-12-17 10:54:20,811] {dag.py:2306} INFO - Setting next_dagrun for example_xcom_args to None
[2024-12-17 10:54:20,812] {logging_mixin.py:104} INFO - [2024-12-17 10:54:20,812] {dag.py:2306} INFO - Setting next_dagrun for example_xcom_args_with_operators to None
[2024-12-17 10:54:20,838] {scheduler_job.py:190} INFO - Processing /home/airflow/.local/lib/python3.6/site-packages/airflow/example_dags/example_xcomargs.py took 0.291 seconds
[2024-12-17 10:54:51,424] {scheduler_job.py:182} INFO - Started process (PID=597) to work on /home/airflow/.local/lib/python3.6/site-packages/airflow/example_dags/example_xcomargs.py
[2024-12-17 10:54:51,425] {scheduler_job.py:633} INFO - Processing file /home/airflow/.local/lib/python3.6/site-packages/airflow/example_dags/example_xcomargs.py for tasks to queue
[2024-12-17 10:54:51,426] {logging_mixin.py:104} INFO - [2024-12-17 10:54:51,426] {dagbag.py:496} INFO - Filling up the DagBag from /home/airflow/.local/lib/python3.6/site-packages/airflow/example_dags/example_xcomargs.py
[2024-12-17 10:54:51,448] {scheduler_job.py:643} INFO - DAG(s) dict_keys(['example_xcom_args', 'example_xcom_args_with_operators']) retrieved from /home/airflow/.local/lib/python3.6/site-packages/airflow/example_dags/example_xcomargs.py
[2024-12-17 10:54:51,618] {logging_mixin.py:104} INFO - [2024-12-17 10:54:51,618] {dag.py:1833} INFO - Sync 2 DAGs
[2024-12-17 10:54:51,633] {logging_mixin.py:104} INFO - [2024-12-17 10:54:51,633] {dag.py:2306} INFO - Setting next_dagrun for example_xcom_args to None
[2024-12-17 10:54:51,633] {logging_mixin.py:104} INFO - [2024-12-17 10:54:51,633] {dag.py:2306} INFO - Setting next_dagrun for example_xcom_args_with_operators to None
[2024-12-17 10:54:51,648] {scheduler_job.py:190} INFO - Processing /home/airflow/.local/lib/python3.6/site-packages/airflow/example_dags/example_xcomargs.py took 0.228 seconds
[2024-12-17 10:55:22,458] {scheduler_job.py:182} INFO - Started process (PID=658) to work on /home/airflow/.local/lib/python3.6/site-packages/airflow/example_dags/example_xcomargs.py
[2024-12-17 10:55:22,459] {scheduler_job.py:633} INFO - Processing file /home/airflow/.local/lib/python3.6/site-packages/airflow/example_dags/example_xcomargs.py for tasks to queue
[2024-12-17 10:55:22,460] {logging_mixin.py:104} INFO - [2024-12-17 10:55:22,460] {dagbag.py:496} INFO - Filling up the DagBag from /home/airflow/.local/lib/python3.6/site-packages/airflow/example_dags/example_xcomargs.py
[2024-12-17 10:55:22,478] {scheduler_job.py:643} INFO - DAG(s) dict_keys(['example_xcom_args', 'example_xcom_args_with_operators']) retrieved from /home/airflow/.local/lib/python3.6/site-packages/airflow/example_dags/example_xcomargs.py
[2024-12-17 10:55:22,630] {logging_mixin.py:104} INFO - [2024-12-17 10:55:22,630] {dag.py:1833} INFO - Sync 2 DAGs
[2024-12-17 10:55:22,641] {logging_mixin.py:104} INFO - [2024-12-17 10:55:22,641] {dag.py:2306} INFO - Setting next_dagrun for example_xcom_args to None
[2024-12-17 10:55:22,642] {logging_mixin.py:104} INFO - [2024-12-17 10:55:22,642] {dag.py:2306} INFO - Setting next_dagrun for example_xcom_args_with_operators to None
[2024-12-17 10:55:22,662] {scheduler_job.py:190} INFO - Processing /home/airflow/.local/lib/python3.6/site-packages/airflow/example_dags/example_xcomargs.py took 0.207 seconds
[2024-12-17 10:55:53,386] {scheduler_job.py:182} INFO - Started process (PID=719) to work on /home/airflow/.local/lib/python3.6/site-packages/airflow/example_dags/example_xcomargs.py
[2024-12-17 10:55:53,387] {scheduler_job.py:633} INFO - Processing file /home/airflow/.local/lib/python3.6/site-packages/airflow/example_dags/example_xcomargs.py for tasks to queue
[2024-12-17 10:55:53,388] {logging_mixin.py:104} INFO - [2024-12-17 10:55:53,388] {dagbag.py:496} INFO - Filling up the DagBag from /home/airflow/.local/lib/python3.6/site-packages/airflow/example_dags/example_xcomargs.py
[2024-12-17 10:55:53,409] {scheduler_job.py:643} INFO - DAG(s) dict_keys(['example_xcom_args', 'example_xcom_args_with_operators']) retrieved from /home/airflow/.local/lib/python3.6/site-packages/airflow/example_dags/example_xcomargs.py
[2024-12-17 10:55:53,626] {logging_mixin.py:104} INFO - [2024-12-17 10:55:53,626] {dag.py:1833} INFO - Sync 2 DAGs
[2024-12-17 10:55:53,642] {logging_mixin.py:104} INFO - [2024-12-17 10:55:53,642] {dag.py:2306} INFO - Setting next_dagrun for example_xcom_args to None
[2024-12-17 10:55:53,642] {logging_mixin.py:104} INFO - [2024-12-17 10:55:53,642] {dag.py:2306} INFO - Setting next_dagrun for example_xcom_args_with_operators to None
[2024-12-17 10:55:53,659] {scheduler_job.py:190} INFO - Processing /home/airflow/.local/lib/python3.6/site-packages/airflow/example_dags/example_xcomargs.py took 0.275 seconds
[2024-12-17 10:56:24,448] {scheduler_job.py:182} INFO - Started process (PID=770) to work on /home/airflow/.local/lib/python3.6/site-packages/airflow/example_dags/example_xcomargs.py
[2024-12-17 10:56:24,449] {scheduler_job.py:633} INFO - Processing file /home/airflow/.local/lib/python3.6/site-packages/airflow/example_dags/example_xcomargs.py for tasks to queue
[2024-12-17 10:56:24,450] {logging_mixin.py:104} INFO - [2024-12-17 10:56:24,450] {dagbag.py:496} INFO - Filling up the DagBag from /home/airflow/.local/lib/python3.6/site-packages/airflow/example_dags/example_xcomargs.py
[2024-12-17 10:56:24,466] {scheduler_job.py:643} INFO - DAG(s) dict_keys(['example_xcom_args', 'example_xcom_args_with_operators']) retrieved from /home/airflow/.local/lib/python3.6/site-packages/airflow/example_dags/example_xcomargs.py
[2024-12-17 10:56:24,489] {logging_mixin.py:104} INFO - [2024-12-17 10:56:24,489] {dag.py:1833} INFO - Sync 2 DAGs
[2024-12-17 10:56:24,503] {logging_mixin.py:104} INFO - [2024-12-17 10:56:24,503] {dag.py:2306} INFO - Setting next_dagrun for example_xcom_args to None
[2024-12-17 10:56:24,504] {logging_mixin.py:104} INFO - [2024-12-17 10:56:24,504] {dag.py:2306} INFO - Setting next_dagrun for example_xcom_args_with_operators to None
[2024-12-17 10:56:24,524] {scheduler_job.py:190} INFO - Processing /home/airflow/.local/lib/python3.6/site-packages/airflow/example_dags/example_xcomargs.py took 0.080 seconds
[2024-12-17 10:56:54,778] {scheduler_job.py:182} INFO - Started process (PID=820) to work on /home/airflow/.local/lib/python3.6/site-packages/airflow/example_dags/example_xcomargs.py
[2024-12-17 10:56:54,779] {scheduler_job.py:633} INFO - Processing file /home/airflow/.local/lib/python3.6/site-packages/airflow/example_dags/example_xcomargs.py for tasks to queue
[2024-12-17 10:56:54,780] {logging_mixin.py:104} INFO - [2024-12-17 10:56:54,780] {dagbag.py:496} INFO - Filling up the DagBag from /home/airflow/.local/lib/python3.6/site-packages/airflow/example_dags/example_xcomargs.py
[2024-12-17 10:56:54,810] {scheduler_job.py:643} INFO - DAG(s) dict_keys(['example_xcom_args', 'example_xcom_args_with_operators']) retrieved from /home/airflow/.local/lib/python3.6/site-packages/airflow/example_dags/example_xcomargs.py
[2024-12-17 10:56:55,011] {logging_mixin.py:104} INFO - [2024-12-17 10:56:55,011] {dag.py:1833} INFO - Sync 2 DAGs
[2024-12-17 10:56:55,025] {logging_mixin.py:104} INFO - [2024-12-17 10:56:55,025] {dag.py:2306} INFO - Setting next_dagrun for example_xcom_args to None
[2024-12-17 10:56:55,025] {logging_mixin.py:104} INFO - [2024-12-17 10:56:55,025] {dag.py:2306} INFO - Setting next_dagrun for example_xcom_args_with_operators to None
[2024-12-17 10:56:55,035] {scheduler_job.py:190} INFO - Processing /home/airflow/.local/lib/python3.6/site-packages/airflow/example_dags/example_xcomargs.py took 0.261 seconds
[2024-12-17 10:57:25,138] {scheduler_job.py:182} INFO - Started process (PID=881) to work on /home/airflow/.local/lib/python3.6/site-packages/airflow/example_dags/example_xcomargs.py
[2024-12-17 10:57:25,139] {scheduler_job.py:633} INFO - Processing file /home/airflow/.local/lib/python3.6/site-packages/airflow/example_dags/example_xcomargs.py for tasks to queue
[2024-12-17 10:57:25,139] {logging_mixin.py:104} INFO - [2024-12-17 10:57:25,139] {dagbag.py:496} INFO - Filling up the DagBag from /home/airflow/.local/lib/python3.6/site-packages/airflow/example_dags/example_xcomargs.py
[2024-12-17 10:57:25,156] {scheduler_job.py:643} INFO - DAG(s) dict_keys(['example_xcom_args', 'example_xcom_args_with_operators']) retrieved from /home/airflow/.local/lib/python3.6/site-packages/airflow/example_dags/example_xcomargs.py
[2024-12-17 10:57:25,328] {logging_mixin.py:104} INFO - [2024-12-17 10:57:25,328] {dag.py:1833} INFO - Sync 2 DAGs
[2024-12-17 10:57:25,339] {logging_mixin.py:104} INFO - [2024-12-17 10:57:25,339] {dag.py:2306} INFO - Setting next_dagrun for example_xcom_args to None
[2024-12-17 10:57:25,340] {logging_mixin.py:104} INFO - [2024-12-17 10:57:25,340] {dag.py:2306} INFO - Setting next_dagrun for example_xcom_args_with_operators to None
[2024-12-17 10:57:25,356] {scheduler_job.py:190} INFO - Processing /home/airflow/.local/lib/python3.6/site-packages/airflow/example_dags/example_xcomargs.py took 0.221 seconds
[2024-12-17 10:57:56,259] {scheduler_job.py:182} INFO - Started process (PID=931) to work on /home/airflow/.local/lib/python3.6/site-packages/airflow/example_dags/example_xcomargs.py
[2024-12-17 10:57:56,260] {scheduler_job.py:633} INFO - Processing file /home/airflow/.local/lib/python3.6/site-packages/airflow/example_dags/example_xcomargs.py for tasks to queue
[2024-12-17 10:57:56,261] {logging_mixin.py:104} INFO - [2024-12-17 10:57:56,261] {dagbag.py:496} INFO - Filling up the DagBag from /home/airflow/.local/lib/python3.6/site-packages/airflow/example_dags/example_xcomargs.py
[2024-12-17 10:57:56,281] {scheduler_job.py:643} INFO - DAG(s) dict_keys(['example_xcom_args', 'example_xcom_args_with_operators']) retrieved from /home/airflow/.local/lib/python3.6/site-packages/airflow/example_dags/example_xcomargs.py
[2024-12-17 10:57:56,305] {logging_mixin.py:104} INFO - [2024-12-17 10:57:56,305] {dag.py:1833} INFO - Sync 2 DAGs
[2024-12-17 10:57:56,320] {logging_mixin.py:104} INFO - [2024-12-17 10:57:56,319] {dag.py:2306} INFO - Setting next_dagrun for example_xcom_args to None
[2024-12-17 10:57:56,321] {logging_mixin.py:104} INFO - [2024-12-17 10:57:56,321] {dag.py:2306} INFO - Setting next_dagrun for example_xcom_args_with_operators to None
[2024-12-17 10:57:56,339] {scheduler_job.py:190} INFO - Processing /home/airflow/.local/lib/python3.6/site-packages/airflow/example_dags/example_xcomargs.py took 0.083 seconds
[2024-12-17 10:58:26,402] {scheduler_job.py:182} INFO - Started process (PID=991) to work on /home/airflow/.local/lib/python3.6/site-packages/airflow/example_dags/example_xcomargs.py
[2024-12-17 10:58:26,403] {scheduler_job.py:633} INFO - Processing file /home/airflow/.local/lib/python3.6/site-packages/airflow/example_dags/example_xcomargs.py for tasks to queue
[2024-12-17 10:58:26,403] {logging_mixin.py:104} INFO - [2024-12-17 10:58:26,403] {dagbag.py:496} INFO - Filling up the DagBag from /home/airflow/.local/lib/python3.6/site-packages/airflow/example_dags/example_xcomargs.py
[2024-12-17 10:58:26,444] {scheduler_job.py:643} INFO - DAG(s) dict_keys(['example_xcom_args', 'example_xcom_args_with_operators']) retrieved from /home/airflow/.local/lib/python3.6/site-packages/airflow/example_dags/example_xcomargs.py
[2024-12-17 10:58:26,751] {logging_mixin.py:104} INFO - [2024-12-17 10:58:26,751] {dag.py:1833} INFO - Sync 2 DAGs
[2024-12-17 10:58:26,774] {logging_mixin.py:104} INFO - [2024-12-17 10:58:26,774] {dag.py:2306} INFO - Setting next_dagrun for example_xcom_args to None
[2024-12-17 10:58:26,775] {logging_mixin.py:104} INFO - [2024-12-17 10:58:26,775] {dag.py:2306} INFO - Setting next_dagrun for example_xcom_args_with_operators to None
[2024-12-17 10:58:26,794] {scheduler_job.py:190} INFO - Processing /home/airflow/.local/lib/python3.6/site-packages/airflow/example_dags/example_xcomargs.py took 0.397 seconds
