[2024-12-17 10:50:19,912] {scheduler_job.py:182} INFO - Started process (PID=94) to work on /home/airflow/.local/lib/python3.6/site-packages/airflow/example_dags/example_branch_python_dop_operator_3.py
[2024-12-17 10:50:19,913] {scheduler_job.py:633} INFO - Processing file /home/airflow/.local/lib/python3.6/site-packages/airflow/example_dags/example_branch_python_dop_operator_3.py for tasks to queue
[2024-12-17 10:50:19,914] {logging_mixin.py:104} INFO - [2024-12-17 10:50:19,914] {dagbag.py:496} INFO - Filling up the DagBag from /home/airflow/.local/lib/python3.6/site-packages/airflow/example_dags/example_branch_python_dop_operator_3.py
[2024-12-17 10:50:19,967] {scheduler_job.py:643} INFO - DAG(s) dict_keys(['example_branch_dop_operator_v3']) retrieved from /home/airflow/.local/lib/python3.6/site-packages/airflow/example_dags/example_branch_python_dop_operator_3.py
[2024-12-17 10:50:25,168] {logging_mixin.py:104} INFO - [2024-12-17 10:50:25,166] {dag.py:1833} INFO - Sync 1 DAGs
[2024-12-17 10:50:25,179] {logging_mixin.py:104} INFO - [2024-12-17 10:50:25,178] {dag.py:1852} INFO - Creating ORM DAG for example_branch_dop_operator_v3
[2024-12-17 10:50:25,201] {logging_mixin.py:104} INFO - [2024-12-17 10:50:25,201] {dag.py:2306} INFO - Setting next_dagrun for example_branch_dop_operator_v3 to 2024-12-15 00:00:00+00:00
[2024-12-17 10:50:25,244] {scheduler_job.py:190} INFO - Processing /home/airflow/.local/lib/python3.6/site-packages/airflow/example_dags/example_branch_python_dop_operator_3.py took 5.336 seconds
[2024-12-17 10:51:05,062] {scheduler_job.py:182} INFO - Started process (PID=193) to work on /home/airflow/.local/lib/python3.6/site-packages/airflow/example_dags/example_branch_python_dop_operator_3.py
[2024-12-17 10:51:05,063] {scheduler_job.py:633} INFO - Processing file /home/airflow/.local/lib/python3.6/site-packages/airflow/example_dags/example_branch_python_dop_operator_3.py for tasks to queue
[2024-12-17 10:51:05,064] {logging_mixin.py:104} INFO - [2024-12-17 10:51:05,064] {dagbag.py:496} INFO - Filling up the DagBag from /home/airflow/.local/lib/python3.6/site-packages/airflow/example_dags/example_branch_python_dop_operator_3.py
[2024-12-17 10:51:05,116] {scheduler_job.py:643} INFO - DAG(s) dict_keys(['example_branch_dop_operator_v3']) retrieved from /home/airflow/.local/lib/python3.6/site-packages/airflow/example_dags/example_branch_python_dop_operator_3.py
[2024-12-17 10:51:05,150] {logging_mixin.py:104} INFO - [2024-12-17 10:51:05,149] {dag.py:1833} INFO - Sync 1 DAGs
[2024-12-17 10:51:05,181] {logging_mixin.py:104} INFO - [2024-12-17 10:51:05,181] {dag.py:2306} INFO - Setting next_dagrun for example_branch_dop_operator_v3 to 2024-12-15 00:00:00+00:00
[2024-12-17 10:51:05,196] {scheduler_job.py:190} INFO - Processing /home/airflow/.local/lib/python3.6/site-packages/airflow/example_dags/example_branch_python_dop_operator_3.py took 0.140 seconds
[2024-12-17 10:51:36,095] {scheduler_job.py:182} INFO - Started process (PID=252) to work on /home/airflow/.local/lib/python3.6/site-packages/airflow/example_dags/example_branch_python_dop_operator_3.py
[2024-12-17 10:51:36,096] {scheduler_job.py:633} INFO - Processing file /home/airflow/.local/lib/python3.6/site-packages/airflow/example_dags/example_branch_python_dop_operator_3.py for tasks to queue
[2024-12-17 10:51:36,102] {logging_mixin.py:104} INFO - [2024-12-17 10:51:36,101] {dagbag.py:496} INFO - Filling up the DagBag from /home/airflow/.local/lib/python3.6/site-packages/airflow/example_dags/example_branch_python_dop_operator_3.py
[2024-12-17 10:51:36,125] {scheduler_job.py:643} INFO - DAG(s) dict_keys(['example_branch_dop_operator_v3']) retrieved from /home/airflow/.local/lib/python3.6/site-packages/airflow/example_dags/example_branch_python_dop_operator_3.py
[2024-12-17 10:51:36,172] {logging_mixin.py:104} INFO - [2024-12-17 10:51:36,172] {dag.py:1833} INFO - Sync 1 DAGs
[2024-12-17 10:51:36,224] {logging_mixin.py:104} INFO - [2024-12-17 10:51:36,224] {dag.py:2306} INFO - Setting next_dagrun for example_branch_dop_operator_v3 to 2024-12-15 00:00:00+00:00
[2024-12-17 10:51:36,244] {scheduler_job.py:190} INFO - Processing /home/airflow/.local/lib/python3.6/site-packages/airflow/example_dags/example_branch_python_dop_operator_3.py took 0.153 seconds
[2024-12-17 10:52:06,546] {scheduler_job.py:182} INFO - Started process (PID=301) to work on /home/airflow/.local/lib/python3.6/site-packages/airflow/example_dags/example_branch_python_dop_operator_3.py
[2024-12-17 10:52:06,547] {scheduler_job.py:633} INFO - Processing file /home/airflow/.local/lib/python3.6/site-packages/airflow/example_dags/example_branch_python_dop_operator_3.py for tasks to queue
[2024-12-17 10:52:06,548] {logging_mixin.py:104} INFO - [2024-12-17 10:52:06,547] {dagbag.py:496} INFO - Filling up the DagBag from /home/airflow/.local/lib/python3.6/site-packages/airflow/example_dags/example_branch_python_dop_operator_3.py
[2024-12-17 10:52:06,562] {scheduler_job.py:643} INFO - DAG(s) dict_keys(['example_branch_dop_operator_v3']) retrieved from /home/airflow/.local/lib/python3.6/site-packages/airflow/example_dags/example_branch_python_dop_operator_3.py
[2024-12-17 10:52:06,583] {logging_mixin.py:104} INFO - [2024-12-17 10:52:06,583] {dag.py:1833} INFO - Sync 1 DAGs
[2024-12-17 10:52:06,606] {logging_mixin.py:104} INFO - [2024-12-17 10:52:06,606] {dag.py:2306} INFO - Setting next_dagrun for example_branch_dop_operator_v3 to 2024-12-15 00:00:00+00:00
[2024-12-17 10:52:06,620] {scheduler_job.py:190} INFO - Processing /home/airflow/.local/lib/python3.6/site-packages/airflow/example_dags/example_branch_python_dop_operator_3.py took 0.078 seconds
[2024-12-17 10:52:37,028] {scheduler_job.py:182} INFO - Started process (PID=352) to work on /home/airflow/.local/lib/python3.6/site-packages/airflow/example_dags/example_branch_python_dop_operator_3.py
[2024-12-17 10:52:37,029] {scheduler_job.py:633} INFO - Processing file /home/airflow/.local/lib/python3.6/site-packages/airflow/example_dags/example_branch_python_dop_operator_3.py for tasks to queue
[2024-12-17 10:52:37,029] {logging_mixin.py:104} INFO - [2024-12-17 10:52:37,029] {dagbag.py:496} INFO - Filling up the DagBag from /home/airflow/.local/lib/python3.6/site-packages/airflow/example_dags/example_branch_python_dop_operator_3.py
[2024-12-17 10:52:37,043] {scheduler_job.py:643} INFO - DAG(s) dict_keys(['example_branch_dop_operator_v3']) retrieved from /home/airflow/.local/lib/python3.6/site-packages/airflow/example_dags/example_branch_python_dop_operator_3.py
[2024-12-17 10:52:37,069] {logging_mixin.py:104} INFO - [2024-12-17 10:52:37,068] {dag.py:1833} INFO - Sync 1 DAGs
[2024-12-17 10:52:37,093] {logging_mixin.py:104} INFO - [2024-12-17 10:52:37,093] {dag.py:2306} INFO - Setting next_dagrun for example_branch_dop_operator_v3 to 2024-12-15 00:00:00+00:00
[2024-12-17 10:52:37,105] {scheduler_job.py:190} INFO - Processing /home/airflow/.local/lib/python3.6/site-packages/airflow/example_dags/example_branch_python_dop_operator_3.py took 0.081 seconds
[2024-12-17 10:53:08,065] {scheduler_job.py:182} INFO - Started process (PID=414) to work on /home/airflow/.local/lib/python3.6/site-packages/airflow/example_dags/example_branch_python_dop_operator_3.py
[2024-12-17 10:53:08,067] {scheduler_job.py:633} INFO - Processing file /home/airflow/.local/lib/python3.6/site-packages/airflow/example_dags/example_branch_python_dop_operator_3.py for tasks to queue
[2024-12-17 10:53:08,067] {logging_mixin.py:104} INFO - [2024-12-17 10:53:08,067] {dagbag.py:496} INFO - Filling up the DagBag from /home/airflow/.local/lib/python3.6/site-packages/airflow/example_dags/example_branch_python_dop_operator_3.py
[2024-12-17 10:53:08,081] {scheduler_job.py:643} INFO - DAG(s) dict_keys(['example_branch_dop_operator_v3']) retrieved from /home/airflow/.local/lib/python3.6/site-packages/airflow/example_dags/example_branch_python_dop_operator_3.py
[2024-12-17 10:53:08,108] {logging_mixin.py:104} INFO - [2024-12-17 10:53:08,108] {dag.py:1833} INFO - Sync 1 DAGs
[2024-12-17 10:53:08,134] {logging_mixin.py:104} INFO - [2024-12-17 10:53:08,134] {dag.py:2306} INFO - Setting next_dagrun for example_branch_dop_operator_v3 to 2024-12-15 00:00:00+00:00
[2024-12-17 10:53:08,144] {scheduler_job.py:190} INFO - Processing /home/airflow/.local/lib/python3.6/site-packages/airflow/example_dags/example_branch_python_dop_operator_3.py took 0.083 seconds
[2024-12-17 10:53:38,819] {scheduler_job.py:182} INFO - Started process (PID=464) to work on /home/airflow/.local/lib/python3.6/site-packages/airflow/example_dags/example_branch_python_dop_operator_3.py
[2024-12-17 10:53:38,826] {scheduler_job.py:633} INFO - Processing file /home/airflow/.local/lib/python3.6/site-packages/airflow/example_dags/example_branch_python_dop_operator_3.py for tasks to queue
[2024-12-17 10:53:38,829] {logging_mixin.py:104} INFO - [2024-12-17 10:53:38,828] {dagbag.py:496} INFO - Filling up the DagBag from /home/airflow/.local/lib/python3.6/site-packages/airflow/example_dags/example_branch_python_dop_operator_3.py
[2024-12-17 10:53:38,849] {scheduler_job.py:643} INFO - DAG(s) dict_keys(['example_branch_dop_operator_v3']) retrieved from /home/airflow/.local/lib/python3.6/site-packages/airflow/example_dags/example_branch_python_dop_operator_3.py
[2024-12-17 10:53:38,878] {logging_mixin.py:104} INFO - [2024-12-17 10:53:38,878] {dag.py:1833} INFO - Sync 1 DAGs
[2024-12-17 10:53:38,899] {logging_mixin.py:104} INFO - [2024-12-17 10:53:38,899] {dag.py:2306} INFO - Setting next_dagrun for example_branch_dop_operator_v3 to 2024-12-15 00:00:00+00:00
[2024-12-17 10:53:38,913] {scheduler_job.py:190} INFO - Processing /home/airflow/.local/lib/python3.6/site-packages/airflow/example_dags/example_branch_python_dop_operator_3.py took 0.097 seconds
[2024-12-17 10:54:09,576] {scheduler_job.py:182} INFO - Started process (PID=524) to work on /home/airflow/.local/lib/python3.6/site-packages/airflow/example_dags/example_branch_python_dop_operator_3.py
[2024-12-17 10:54:09,584] {scheduler_job.py:633} INFO - Processing file /home/airflow/.local/lib/python3.6/site-packages/airflow/example_dags/example_branch_python_dop_operator_3.py for tasks to queue
[2024-12-17 10:54:09,585] {logging_mixin.py:104} INFO - [2024-12-17 10:54:09,585] {dagbag.py:496} INFO - Filling up the DagBag from /home/airflow/.local/lib/python3.6/site-packages/airflow/example_dags/example_branch_python_dop_operator_3.py
[2024-12-17 10:54:09,627] {scheduler_job.py:643} INFO - DAG(s) dict_keys(['example_branch_dop_operator_v3']) retrieved from /home/airflow/.local/lib/python3.6/site-packages/airflow/example_dags/example_branch_python_dop_operator_3.py
[2024-12-17 10:54:09,701] {logging_mixin.py:104} INFO - [2024-12-17 10:54:09,701] {dag.py:1833} INFO - Sync 1 DAGs
[2024-12-17 10:54:09,744] {logging_mixin.py:104} INFO - [2024-12-17 10:54:09,744] {dag.py:2306} INFO - Setting next_dagrun for example_branch_dop_operator_v3 to 2024-12-15 00:00:00+00:00
[2024-12-17 10:54:09,772] {scheduler_job.py:190} INFO - Processing /home/airflow/.local/lib/python3.6/site-packages/airflow/example_dags/example_branch_python_dop_operator_3.py took 0.218 seconds
[2024-12-17 10:54:41,069] {scheduler_job.py:182} INFO - Started process (PID=586) to work on /home/airflow/.local/lib/python3.6/site-packages/airflow/example_dags/example_branch_python_dop_operator_3.py
[2024-12-17 10:54:41,071] {scheduler_job.py:633} INFO - Processing file /home/airflow/.local/lib/python3.6/site-packages/airflow/example_dags/example_branch_python_dop_operator_3.py for tasks to queue
[2024-12-17 10:54:41,071] {logging_mixin.py:104} INFO - [2024-12-17 10:54:41,071] {dagbag.py:496} INFO - Filling up the DagBag from /home/airflow/.local/lib/python3.6/site-packages/airflow/example_dags/example_branch_python_dop_operator_3.py
[2024-12-17 10:54:41,086] {scheduler_job.py:643} INFO - DAG(s) dict_keys(['example_branch_dop_operator_v3']) retrieved from /home/airflow/.local/lib/python3.6/site-packages/airflow/example_dags/example_branch_python_dop_operator_3.py
[2024-12-17 10:54:41,124] {logging_mixin.py:104} INFO - [2024-12-17 10:54:41,124] {dag.py:1833} INFO - Sync 1 DAGs
[2024-12-17 10:54:41,150] {logging_mixin.py:104} INFO - [2024-12-17 10:54:41,150] {dag.py:2306} INFO - Setting next_dagrun for example_branch_dop_operator_v3 to 2024-12-15 00:00:00+00:00
[2024-12-17 10:54:41,163] {scheduler_job.py:190} INFO - Processing /home/airflow/.local/lib/python3.6/site-packages/airflow/example_dags/example_branch_python_dop_operator_3.py took 0.097 seconds
[2024-12-17 10:55:11,647] {scheduler_job.py:182} INFO - Started process (PID=637) to work on /home/airflow/.local/lib/python3.6/site-packages/airflow/example_dags/example_branch_python_dop_operator_3.py
[2024-12-17 10:55:11,648] {scheduler_job.py:633} INFO - Processing file /home/airflow/.local/lib/python3.6/site-packages/airflow/example_dags/example_branch_python_dop_operator_3.py for tasks to queue
[2024-12-17 10:55:11,649] {logging_mixin.py:104} INFO - [2024-12-17 10:55:11,649] {dagbag.py:496} INFO - Filling up the DagBag from /home/airflow/.local/lib/python3.6/site-packages/airflow/example_dags/example_branch_python_dop_operator_3.py
[2024-12-17 10:55:11,667] {scheduler_job.py:643} INFO - DAG(s) dict_keys(['example_branch_dop_operator_v3']) retrieved from /home/airflow/.local/lib/python3.6/site-packages/airflow/example_dags/example_branch_python_dop_operator_3.py
[2024-12-17 10:55:11,698] {logging_mixin.py:104} INFO - [2024-12-17 10:55:11,698] {dag.py:1833} INFO - Sync 1 DAGs
[2024-12-17 10:55:11,723] {logging_mixin.py:104} INFO - [2024-12-17 10:55:11,723] {dag.py:2306} INFO - Setting next_dagrun for example_branch_dop_operator_v3 to 2024-12-15 00:00:00+00:00
[2024-12-17 10:55:11,766] {scheduler_job.py:190} INFO - Processing /home/airflow/.local/lib/python3.6/site-packages/airflow/example_dags/example_branch_python_dop_operator_3.py took 0.122 seconds
[2024-12-17 10:55:42,679] {scheduler_job.py:182} INFO - Started process (PID=698) to work on /home/airflow/.local/lib/python3.6/site-packages/airflow/example_dags/example_branch_python_dop_operator_3.py
[2024-12-17 10:55:42,680] {scheduler_job.py:633} INFO - Processing file /home/airflow/.local/lib/python3.6/site-packages/airflow/example_dags/example_branch_python_dop_operator_3.py for tasks to queue
[2024-12-17 10:55:42,682] {logging_mixin.py:104} INFO - [2024-12-17 10:55:42,682] {dagbag.py:496} INFO - Filling up the DagBag from /home/airflow/.local/lib/python3.6/site-packages/airflow/example_dags/example_branch_python_dop_operator_3.py
[2024-12-17 10:55:42,697] {scheduler_job.py:643} INFO - DAG(s) dict_keys(['example_branch_dop_operator_v3']) retrieved from /home/airflow/.local/lib/python3.6/site-packages/airflow/example_dags/example_branch_python_dop_operator_3.py
[2024-12-17 10:55:42,718] {logging_mixin.py:104} INFO - [2024-12-17 10:55:42,718] {dag.py:1833} INFO - Sync 1 DAGs
[2024-12-17 10:55:42,744] {logging_mixin.py:104} INFO - [2024-12-17 10:55:42,744] {dag.py:2306} INFO - Setting next_dagrun for example_branch_dop_operator_v3 to 2024-12-15 00:00:00+00:00
[2024-12-17 10:55:42,761] {scheduler_job.py:190} INFO - Processing /home/airflow/.local/lib/python3.6/site-packages/airflow/example_dags/example_branch_python_dop_operator_3.py took 0.086 seconds
[2024-12-17 10:56:13,337] {scheduler_job.py:182} INFO - Started process (PID=749) to work on /home/airflow/.local/lib/python3.6/site-packages/airflow/example_dags/example_branch_python_dop_operator_3.py
[2024-12-17 10:56:13,338] {scheduler_job.py:633} INFO - Processing file /home/airflow/.local/lib/python3.6/site-packages/airflow/example_dags/example_branch_python_dop_operator_3.py for tasks to queue
[2024-12-17 10:56:13,339] {logging_mixin.py:104} INFO - [2024-12-17 10:56:13,339] {dagbag.py:496} INFO - Filling up the DagBag from /home/airflow/.local/lib/python3.6/site-packages/airflow/example_dags/example_branch_python_dop_operator_3.py
[2024-12-17 10:56:13,356] {scheduler_job.py:643} INFO - DAG(s) dict_keys(['example_branch_dop_operator_v3']) retrieved from /home/airflow/.local/lib/python3.6/site-packages/airflow/example_dags/example_branch_python_dop_operator_3.py
[2024-12-17 10:56:13,379] {logging_mixin.py:104} INFO - [2024-12-17 10:56:13,379] {dag.py:1833} INFO - Sync 1 DAGs
[2024-12-17 10:56:13,403] {logging_mixin.py:104} INFO - [2024-12-17 10:56:13,403] {dag.py:2306} INFO - Setting next_dagrun for example_branch_dop_operator_v3 to 2024-12-15 00:00:00+00:00
[2024-12-17 10:56:13,415] {scheduler_job.py:190} INFO - Processing /home/airflow/.local/lib/python3.6/site-packages/airflow/example_dags/example_branch_python_dop_operator_3.py took 0.081 seconds
[2024-12-17 10:56:44,104] {scheduler_job.py:182} INFO - Started process (PID=810) to work on /home/airflow/.local/lib/python3.6/site-packages/airflow/example_dags/example_branch_python_dop_operator_3.py
[2024-12-17 10:56:44,105] {scheduler_job.py:633} INFO - Processing file /home/airflow/.local/lib/python3.6/site-packages/airflow/example_dags/example_branch_python_dop_operator_3.py for tasks to queue
[2024-12-17 10:56:44,106] {logging_mixin.py:104} INFO - [2024-12-17 10:56:44,106] {dagbag.py:496} INFO - Filling up the DagBag from /home/airflow/.local/lib/python3.6/site-packages/airflow/example_dags/example_branch_python_dop_operator_3.py
[2024-12-17 10:56:44,118] {scheduler_job.py:643} INFO - DAG(s) dict_keys(['example_branch_dop_operator_v3']) retrieved from /home/airflow/.local/lib/python3.6/site-packages/airflow/example_dags/example_branch_python_dop_operator_3.py
[2024-12-17 10:56:44,141] {logging_mixin.py:104} INFO - [2024-12-17 10:56:44,141] {dag.py:1833} INFO - Sync 1 DAGs
[2024-12-17 10:56:44,163] {logging_mixin.py:104} INFO - [2024-12-17 10:56:44,163] {dag.py:2306} INFO - Setting next_dagrun for example_branch_dop_operator_v3 to 2024-12-15 00:00:00+00:00
[2024-12-17 10:56:44,190] {scheduler_job.py:190} INFO - Processing /home/airflow/.local/lib/python3.6/site-packages/airflow/example_dags/example_branch_python_dop_operator_3.py took 0.097 seconds
[2024-12-17 10:57:14,957] {scheduler_job.py:182} INFO - Started process (PID=860) to work on /home/airflow/.local/lib/python3.6/site-packages/airflow/example_dags/example_branch_python_dop_operator_3.py
[2024-12-17 10:57:14,959] {scheduler_job.py:633} INFO - Processing file /home/airflow/.local/lib/python3.6/site-packages/airflow/example_dags/example_branch_python_dop_operator_3.py for tasks to queue
[2024-12-17 10:57:14,959] {logging_mixin.py:104} INFO - [2024-12-17 10:57:14,959] {dagbag.py:496} INFO - Filling up the DagBag from /home/airflow/.local/lib/python3.6/site-packages/airflow/example_dags/example_branch_python_dop_operator_3.py
[2024-12-17 10:57:14,975] {scheduler_job.py:643} INFO - DAG(s) dict_keys(['example_branch_dop_operator_v3']) retrieved from /home/airflow/.local/lib/python3.6/site-packages/airflow/example_dags/example_branch_python_dop_operator_3.py
[2024-12-17 10:57:15,010] {logging_mixin.py:104} INFO - [2024-12-17 10:57:15,010] {dag.py:1833} INFO - Sync 1 DAGs
[2024-12-17 10:57:15,035] {logging_mixin.py:104} INFO - [2024-12-17 10:57:15,035] {dag.py:2306} INFO - Setting next_dagrun for example_branch_dop_operator_v3 to 2024-12-15 00:00:00+00:00
[2024-12-17 10:57:15,046] {scheduler_job.py:190} INFO - Processing /home/airflow/.local/lib/python3.6/site-packages/airflow/example_dags/example_branch_python_dop_operator_3.py took 0.093 seconds
[2024-12-17 10:57:45,824] {scheduler_job.py:182} INFO - Started process (PID=920) to work on /home/airflow/.local/lib/python3.6/site-packages/airflow/example_dags/example_branch_python_dop_operator_3.py
[2024-12-17 10:57:45,825] {scheduler_job.py:633} INFO - Processing file /home/airflow/.local/lib/python3.6/site-packages/airflow/example_dags/example_branch_python_dop_operator_3.py for tasks to queue
[2024-12-17 10:57:45,826] {logging_mixin.py:104} INFO - [2024-12-17 10:57:45,826] {dagbag.py:496} INFO - Filling up the DagBag from /home/airflow/.local/lib/python3.6/site-packages/airflow/example_dags/example_branch_python_dop_operator_3.py
[2024-12-17 10:57:45,853] {scheduler_job.py:643} INFO - DAG(s) dict_keys(['example_branch_dop_operator_v3']) retrieved from /home/airflow/.local/lib/python3.6/site-packages/airflow/example_dags/example_branch_python_dop_operator_3.py
[2024-12-17 10:57:45,920] {logging_mixin.py:104} INFO - [2024-12-17 10:57:45,920] {dag.py:1833} INFO - Sync 1 DAGs
[2024-12-17 10:57:45,958] {logging_mixin.py:104} INFO - [2024-12-17 10:57:45,958] {dag.py:2306} INFO - Setting next_dagrun for example_branch_dop_operator_v3 to 2024-12-15 00:00:00+00:00
[2024-12-17 10:57:45,997] {scheduler_job.py:190} INFO - Processing /home/airflow/.local/lib/python3.6/site-packages/airflow/example_dags/example_branch_python_dop_operator_3.py took 0.175 seconds
[2024-12-17 10:58:16,342] {scheduler_job.py:182} INFO - Started process (PID=971) to work on /home/airflow/.local/lib/python3.6/site-packages/airflow/example_dags/example_branch_python_dop_operator_3.py
[2024-12-17 10:58:16,343] {scheduler_job.py:633} INFO - Processing file /home/airflow/.local/lib/python3.6/site-packages/airflow/example_dags/example_branch_python_dop_operator_3.py for tasks to queue
[2024-12-17 10:58:16,343] {logging_mixin.py:104} INFO - [2024-12-17 10:58:16,343] {dagbag.py:496} INFO - Filling up the DagBag from /home/airflow/.local/lib/python3.6/site-packages/airflow/example_dags/example_branch_python_dop_operator_3.py
[2024-12-17 10:58:16,361] {scheduler_job.py:643} INFO - DAG(s) dict_keys(['example_branch_dop_operator_v3']) retrieved from /home/airflow/.local/lib/python3.6/site-packages/airflow/example_dags/example_branch_python_dop_operator_3.py
[2024-12-17 10:58:16,385] {logging_mixin.py:104} INFO - [2024-12-17 10:58:16,385] {dag.py:1833} INFO - Sync 1 DAGs
[2024-12-17 10:58:16,411] {logging_mixin.py:104} INFO - [2024-12-17 10:58:16,411] {dag.py:2306} INFO - Setting next_dagrun for example_branch_dop_operator_v3 to 2024-12-15 00:00:00+00:00
[2024-12-17 10:58:16,429] {scheduler_job.py:190} INFO - Processing /home/airflow/.local/lib/python3.6/site-packages/airflow/example_dags/example_branch_python_dop_operator_3.py took 0.091 seconds
[2024-12-17 10:58:47,660] {scheduler_job.py:182} INFO - Started process (PID=1031) to work on /home/airflow/.local/lib/python3.6/site-packages/airflow/example_dags/example_branch_python_dop_operator_3.py
[2024-12-17 10:58:47,661] {scheduler_job.py:633} INFO - Processing file /home/airflow/.local/lib/python3.6/site-packages/airflow/example_dags/example_branch_python_dop_operator_3.py for tasks to queue
[2024-12-17 10:58:47,661] {logging_mixin.py:104} INFO - [2024-12-17 10:58:47,661] {dagbag.py:496} INFO - Filling up the DagBag from /home/airflow/.local/lib/python3.6/site-packages/airflow/example_dags/example_branch_python_dop_operator_3.py
[2024-12-17 10:58:47,676] {scheduler_job.py:643} INFO - DAG(s) dict_keys(['example_branch_dop_operator_v3']) retrieved from /home/airflow/.local/lib/python3.6/site-packages/airflow/example_dags/example_branch_python_dop_operator_3.py
[2024-12-17 10:58:47,719] {logging_mixin.py:104} INFO - [2024-12-17 10:58:47,719] {dag.py:1833} INFO - Sync 1 DAGs
[2024-12-17 10:58:47,741] {logging_mixin.py:104} INFO - [2024-12-17 10:58:47,741] {dag.py:2306} INFO - Setting next_dagrun for example_branch_dop_operator_v3 to 2024-12-15 00:00:00+00:00
[2024-12-17 10:58:47,757] {scheduler_job.py:190} INFO - Processing /home/airflow/.local/lib/python3.6/site-packages/airflow/example_dags/example_branch_python_dop_operator_3.py took 0.101 seconds
