[2024-12-17 10:50:25,336] {scheduler_job.py:182} INFO - Started process (PID=108) to work on /home/airflow/.local/lib/python3.6/site-packages/airflow/example_dags/tutorial_etl_dag.py
[2024-12-17 10:50:25,337] {scheduler_job.py:633} INFO - Processing file /home/airflow/.local/lib/python3.6/site-packages/airflow/example_dags/tutorial_etl_dag.py for tasks to queue
[2024-12-17 10:50:25,338] {logging_mixin.py:104} INFO - [2024-12-17 10:50:25,338] {dagbag.py:496} INFO - Filling up the DagBag from /home/airflow/.local/lib/python3.6/site-packages/airflow/example_dags/tutorial_etl_dag.py
[2024-12-17 10:50:25,389] {scheduler_job.py:643} INFO - DAG(s) dict_keys(['tutorial_etl_dag']) retrieved from /home/airflow/.local/lib/python3.6/site-packages/airflow/example_dags/tutorial_etl_dag.py
[2024-12-17 10:50:29,240] {logging_mixin.py:104} INFO - [2024-12-17 10:50:29,238] {dag.py:1833} INFO - Sync 1 DAGs
[2024-12-17 10:50:29,276] {logging_mixin.py:104} INFO - [2024-12-17 10:50:29,274] {dag.py:1852} INFO - Creating ORM DAG for tutorial_etl_dag
[2024-12-17 10:50:29,287] {logging_mixin.py:104} INFO - [2024-12-17 10:50:29,287] {dag.py:2306} INFO - Setting next_dagrun for tutorial_etl_dag to None
[2024-12-17 10:50:29,331] {scheduler_job.py:190} INFO - Processing /home/airflow/.local/lib/python3.6/site-packages/airflow/example_dags/tutorial_etl_dag.py took 4.011 seconds
[2024-12-17 10:51:05,211] {scheduler_job.py:182} INFO - Started process (PID=194) to work on /home/airflow/.local/lib/python3.6/site-packages/airflow/example_dags/tutorial_etl_dag.py
[2024-12-17 10:51:05,211] {scheduler_job.py:633} INFO - Processing file /home/airflow/.local/lib/python3.6/site-packages/airflow/example_dags/tutorial_etl_dag.py for tasks to queue
[2024-12-17 10:51:05,212] {logging_mixin.py:104} INFO - [2024-12-17 10:51:05,212] {dagbag.py:496} INFO - Filling up the DagBag from /home/airflow/.local/lib/python3.6/site-packages/airflow/example_dags/tutorial_etl_dag.py
[2024-12-17 10:51:05,252] {scheduler_job.py:643} INFO - DAG(s) dict_keys(['tutorial_etl_dag']) retrieved from /home/airflow/.local/lib/python3.6/site-packages/airflow/example_dags/tutorial_etl_dag.py
[2024-12-17 10:51:05,325] {logging_mixin.py:104} INFO - [2024-12-17 10:51:05,325] {dag.py:1833} INFO - Sync 1 DAGs
[2024-12-17 10:51:05,344] {logging_mixin.py:104} INFO - [2024-12-17 10:51:05,344] {dag.py:2306} INFO - Setting next_dagrun for tutorial_etl_dag to None
[2024-12-17 10:51:05,360] {scheduler_job.py:190} INFO - Processing /home/airflow/.local/lib/python3.6/site-packages/airflow/example_dags/tutorial_etl_dag.py took 0.156 seconds
[2024-12-17 10:51:36,310] {scheduler_job.py:182} INFO - Started process (PID=253) to work on /home/airflow/.local/lib/python3.6/site-packages/airflow/example_dags/tutorial_etl_dag.py
[2024-12-17 10:51:36,311] {scheduler_job.py:633} INFO - Processing file /home/airflow/.local/lib/python3.6/site-packages/airflow/example_dags/tutorial_etl_dag.py for tasks to queue
[2024-12-17 10:51:36,312] {logging_mixin.py:104} INFO - [2024-12-17 10:51:36,312] {dagbag.py:496} INFO - Filling up the DagBag from /home/airflow/.local/lib/python3.6/site-packages/airflow/example_dags/tutorial_etl_dag.py
[2024-12-17 10:51:36,360] {scheduler_job.py:643} INFO - DAG(s) dict_keys(['tutorial_etl_dag']) retrieved from /home/airflow/.local/lib/python3.6/site-packages/airflow/example_dags/tutorial_etl_dag.py
[2024-12-17 10:51:36,428] {logging_mixin.py:104} INFO - [2024-12-17 10:51:36,428] {dag.py:1833} INFO - Sync 1 DAGs
[2024-12-17 10:51:36,469] {logging_mixin.py:104} INFO - [2024-12-17 10:51:36,469] {dag.py:2306} INFO - Setting next_dagrun for tutorial_etl_dag to None
[2024-12-17 10:51:36,493] {scheduler_job.py:190} INFO - Processing /home/airflow/.local/lib/python3.6/site-packages/airflow/example_dags/tutorial_etl_dag.py took 0.187 seconds
[2024-12-17 10:52:06,648] {scheduler_job.py:182} INFO - Started process (PID=303) to work on /home/airflow/.local/lib/python3.6/site-packages/airflow/example_dags/tutorial_etl_dag.py
[2024-12-17 10:52:06,650] {scheduler_job.py:633} INFO - Processing file /home/airflow/.local/lib/python3.6/site-packages/airflow/example_dags/tutorial_etl_dag.py for tasks to queue
[2024-12-17 10:52:06,650] {logging_mixin.py:104} INFO - [2024-12-17 10:52:06,650] {dagbag.py:496} INFO - Filling up the DagBag from /home/airflow/.local/lib/python3.6/site-packages/airflow/example_dags/tutorial_etl_dag.py
[2024-12-17 10:52:06,663] {scheduler_job.py:643} INFO - DAG(s) dict_keys(['tutorial_etl_dag']) retrieved from /home/airflow/.local/lib/python3.6/site-packages/airflow/example_dags/tutorial_etl_dag.py
[2024-12-17 10:52:06,683] {logging_mixin.py:104} INFO - [2024-12-17 10:52:06,683] {dag.py:1833} INFO - Sync 1 DAGs
[2024-12-17 10:52:06,698] {logging_mixin.py:104} INFO - [2024-12-17 10:52:06,697] {dag.py:2306} INFO - Setting next_dagrun for tutorial_etl_dag to None
[2024-12-17 10:52:06,708] {scheduler_job.py:190} INFO - Processing /home/airflow/.local/lib/python3.6/site-packages/airflow/example_dags/tutorial_etl_dag.py took 0.063 seconds
[2024-12-17 10:52:37,091] {scheduler_job.py:182} INFO - Started process (PID=353) to work on /home/airflow/.local/lib/python3.6/site-packages/airflow/example_dags/tutorial_etl_dag.py
[2024-12-17 10:52:37,093] {scheduler_job.py:633} INFO - Processing file /home/airflow/.local/lib/python3.6/site-packages/airflow/example_dags/tutorial_etl_dag.py for tasks to queue
[2024-12-17 10:52:37,093] {logging_mixin.py:104} INFO - [2024-12-17 10:52:37,093] {dagbag.py:496} INFO - Filling up the DagBag from /home/airflow/.local/lib/python3.6/site-packages/airflow/example_dags/tutorial_etl_dag.py
[2024-12-17 10:52:37,108] {scheduler_job.py:643} INFO - DAG(s) dict_keys(['tutorial_etl_dag']) retrieved from /home/airflow/.local/lib/python3.6/site-packages/airflow/example_dags/tutorial_etl_dag.py
[2024-12-17 10:52:37,131] {logging_mixin.py:104} INFO - [2024-12-17 10:52:37,131] {dag.py:1833} INFO - Sync 1 DAGs
[2024-12-17 10:52:37,146] {logging_mixin.py:104} INFO - [2024-12-17 10:52:37,146] {dag.py:2306} INFO - Setting next_dagrun for tutorial_etl_dag to None
[2024-12-17 10:52:37,160] {scheduler_job.py:190} INFO - Processing /home/airflow/.local/lib/python3.6/site-packages/airflow/example_dags/tutorial_etl_dag.py took 0.072 seconds
[2024-12-17 10:53:08,169] {scheduler_job.py:182} INFO - Started process (PID=415) to work on /home/airflow/.local/lib/python3.6/site-packages/airflow/example_dags/tutorial_etl_dag.py
[2024-12-17 10:53:08,170] {scheduler_job.py:633} INFO - Processing file /home/airflow/.local/lib/python3.6/site-packages/airflow/example_dags/tutorial_etl_dag.py for tasks to queue
[2024-12-17 10:53:08,170] {logging_mixin.py:104} INFO - [2024-12-17 10:53:08,170] {dagbag.py:496} INFO - Filling up the DagBag from /home/airflow/.local/lib/python3.6/site-packages/airflow/example_dags/tutorial_etl_dag.py
[2024-12-17 10:53:08,183] {scheduler_job.py:643} INFO - DAG(s) dict_keys(['tutorial_etl_dag']) retrieved from /home/airflow/.local/lib/python3.6/site-packages/airflow/example_dags/tutorial_etl_dag.py
[2024-12-17 10:53:08,206] {logging_mixin.py:104} INFO - [2024-12-17 10:53:08,205] {dag.py:1833} INFO - Sync 1 DAGs
[2024-12-17 10:53:08,221] {logging_mixin.py:104} INFO - [2024-12-17 10:53:08,221] {dag.py:2306} INFO - Setting next_dagrun for tutorial_etl_dag to None
[2024-12-17 10:53:08,233] {scheduler_job.py:190} INFO - Processing /home/airflow/.local/lib/python3.6/site-packages/airflow/example_dags/tutorial_etl_dag.py took 0.069 seconds
[2024-12-17 10:53:38,936] {scheduler_job.py:182} INFO - Started process (PID=465) to work on /home/airflow/.local/lib/python3.6/site-packages/airflow/example_dags/tutorial_etl_dag.py
[2024-12-17 10:53:38,937] {scheduler_job.py:633} INFO - Processing file /home/airflow/.local/lib/python3.6/site-packages/airflow/example_dags/tutorial_etl_dag.py for tasks to queue
[2024-12-17 10:53:38,938] {logging_mixin.py:104} INFO - [2024-12-17 10:53:38,938] {dagbag.py:496} INFO - Filling up the DagBag from /home/airflow/.local/lib/python3.6/site-packages/airflow/example_dags/tutorial_etl_dag.py
[2024-12-17 10:53:38,951] {scheduler_job.py:643} INFO - DAG(s) dict_keys(['tutorial_etl_dag']) retrieved from /home/airflow/.local/lib/python3.6/site-packages/airflow/example_dags/tutorial_etl_dag.py
[2024-12-17 10:53:38,974] {logging_mixin.py:104} INFO - [2024-12-17 10:53:38,974] {dag.py:1833} INFO - Sync 1 DAGs
[2024-12-17 10:53:38,990] {logging_mixin.py:104} INFO - [2024-12-17 10:53:38,990] {dag.py:2306} INFO - Setting next_dagrun for tutorial_etl_dag to None
[2024-12-17 10:53:39,001] {scheduler_job.py:190} INFO - Processing /home/airflow/.local/lib/python3.6/site-packages/airflow/example_dags/tutorial_etl_dag.py took 0.068 seconds
[2024-12-17 10:54:09,669] {scheduler_job.py:182} INFO - Started process (PID=525) to work on /home/airflow/.local/lib/python3.6/site-packages/airflow/example_dags/tutorial_etl_dag.py
[2024-12-17 10:54:09,675] {scheduler_job.py:633} INFO - Processing file /home/airflow/.local/lib/python3.6/site-packages/airflow/example_dags/tutorial_etl_dag.py for tasks to queue
[2024-12-17 10:54:09,675] {logging_mixin.py:104} INFO - [2024-12-17 10:54:09,675] {dagbag.py:496} INFO - Filling up the DagBag from /home/airflow/.local/lib/python3.6/site-packages/airflow/example_dags/tutorial_etl_dag.py
[2024-12-17 10:54:09,696] {scheduler_job.py:643} INFO - DAG(s) dict_keys(['tutorial_etl_dag']) retrieved from /home/airflow/.local/lib/python3.6/site-packages/airflow/example_dags/tutorial_etl_dag.py
[2024-12-17 10:54:09,748] {logging_mixin.py:104} INFO - [2024-12-17 10:54:09,748] {dag.py:1833} INFO - Sync 1 DAGs
[2024-12-17 10:54:09,774] {logging_mixin.py:104} INFO - [2024-12-17 10:54:09,774] {dag.py:2306} INFO - Setting next_dagrun for tutorial_etl_dag to None
[2024-12-17 10:54:09,795] {scheduler_job.py:190} INFO - Processing /home/airflow/.local/lib/python3.6/site-packages/airflow/example_dags/tutorial_etl_dag.py took 0.134 seconds
[2024-12-17 10:54:41,189] {scheduler_job.py:182} INFO - Started process (PID=587) to work on /home/airflow/.local/lib/python3.6/site-packages/airflow/example_dags/tutorial_etl_dag.py
[2024-12-17 10:54:41,201] {scheduler_job.py:633} INFO - Processing file /home/airflow/.local/lib/python3.6/site-packages/airflow/example_dags/tutorial_etl_dag.py for tasks to queue
[2024-12-17 10:54:41,202] {logging_mixin.py:104} INFO - [2024-12-17 10:54:41,201] {dagbag.py:496} INFO - Filling up the DagBag from /home/airflow/.local/lib/python3.6/site-packages/airflow/example_dags/tutorial_etl_dag.py
[2024-12-17 10:54:41,227] {scheduler_job.py:643} INFO - DAG(s) dict_keys(['tutorial_etl_dag']) retrieved from /home/airflow/.local/lib/python3.6/site-packages/airflow/example_dags/tutorial_etl_dag.py
[2024-12-17 10:54:41,270] {logging_mixin.py:104} INFO - [2024-12-17 10:54:41,270] {dag.py:1833} INFO - Sync 1 DAGs
[2024-12-17 10:54:41,303] {logging_mixin.py:104} INFO - [2024-12-17 10:54:41,302] {dag.py:2306} INFO - Setting next_dagrun for tutorial_etl_dag to None
[2024-12-17 10:54:41,335] {scheduler_job.py:190} INFO - Processing /home/airflow/.local/lib/python3.6/site-packages/airflow/example_dags/tutorial_etl_dag.py took 0.149 seconds
[2024-12-17 10:55:11,718] {scheduler_job.py:182} INFO - Started process (PID=638) to work on /home/airflow/.local/lib/python3.6/site-packages/airflow/example_dags/tutorial_etl_dag.py
[2024-12-17 10:55:11,719] {scheduler_job.py:633} INFO - Processing file /home/airflow/.local/lib/python3.6/site-packages/airflow/example_dags/tutorial_etl_dag.py for tasks to queue
[2024-12-17 10:55:11,720] {logging_mixin.py:104} INFO - [2024-12-17 10:55:11,720] {dagbag.py:496} INFO - Filling up the DagBag from /home/airflow/.local/lib/python3.6/site-packages/airflow/example_dags/tutorial_etl_dag.py
[2024-12-17 10:55:11,773] {scheduler_job.py:643} INFO - DAG(s) dict_keys(['tutorial_etl_dag']) retrieved from /home/airflow/.local/lib/python3.6/site-packages/airflow/example_dags/tutorial_etl_dag.py
[2024-12-17 10:55:11,846] {logging_mixin.py:104} INFO - [2024-12-17 10:55:11,846] {dag.py:1833} INFO - Sync 1 DAGs
[2024-12-17 10:55:11,883] {logging_mixin.py:104} INFO - [2024-12-17 10:55:11,883] {dag.py:2306} INFO - Setting next_dagrun for tutorial_etl_dag to None
[2024-12-17 10:55:11,902] {scheduler_job.py:190} INFO - Processing /home/airflow/.local/lib/python3.6/site-packages/airflow/example_dags/tutorial_etl_dag.py took 0.190 seconds
[2024-12-17 10:55:42,736] {scheduler_job.py:182} INFO - Started process (PID=699) to work on /home/airflow/.local/lib/python3.6/site-packages/airflow/example_dags/tutorial_etl_dag.py
[2024-12-17 10:55:42,738] {scheduler_job.py:633} INFO - Processing file /home/airflow/.local/lib/python3.6/site-packages/airflow/example_dags/tutorial_etl_dag.py for tasks to queue
[2024-12-17 10:55:42,739] {logging_mixin.py:104} INFO - [2024-12-17 10:55:42,739] {dagbag.py:496} INFO - Filling up the DagBag from /home/airflow/.local/lib/python3.6/site-packages/airflow/example_dags/tutorial_etl_dag.py
[2024-12-17 10:55:42,755] {scheduler_job.py:643} INFO - DAG(s) dict_keys(['tutorial_etl_dag']) retrieved from /home/airflow/.local/lib/python3.6/site-packages/airflow/example_dags/tutorial_etl_dag.py
[2024-12-17 10:55:42,780] {logging_mixin.py:104} INFO - [2024-12-17 10:55:42,780] {dag.py:1833} INFO - Sync 1 DAGs
[2024-12-17 10:55:42,799] {logging_mixin.py:104} INFO - [2024-12-17 10:55:42,799] {dag.py:2306} INFO - Setting next_dagrun for tutorial_etl_dag to None
[2024-12-17 10:55:42,815] {scheduler_job.py:190} INFO - Processing /home/airflow/.local/lib/python3.6/site-packages/airflow/example_dags/tutorial_etl_dag.py took 0.085 seconds
[2024-12-17 10:56:13,438] {scheduler_job.py:182} INFO - Started process (PID=750) to work on /home/airflow/.local/lib/python3.6/site-packages/airflow/example_dags/tutorial_etl_dag.py
[2024-12-17 10:56:13,439] {scheduler_job.py:633} INFO - Processing file /home/airflow/.local/lib/python3.6/site-packages/airflow/example_dags/tutorial_etl_dag.py for tasks to queue
[2024-12-17 10:56:13,440] {logging_mixin.py:104} INFO - [2024-12-17 10:56:13,439] {dagbag.py:496} INFO - Filling up the DagBag from /home/airflow/.local/lib/python3.6/site-packages/airflow/example_dags/tutorial_etl_dag.py
[2024-12-17 10:56:13,466] {scheduler_job.py:643} INFO - DAG(s) dict_keys(['tutorial_etl_dag']) retrieved from /home/airflow/.local/lib/python3.6/site-packages/airflow/example_dags/tutorial_etl_dag.py
[2024-12-17 10:56:13,504] {logging_mixin.py:104} INFO - [2024-12-17 10:56:13,504] {dag.py:1833} INFO - Sync 1 DAGs
[2024-12-17 10:56:13,538] {logging_mixin.py:104} INFO - [2024-12-17 10:56:13,538] {dag.py:2306} INFO - Setting next_dagrun for tutorial_etl_dag to None
[2024-12-17 10:56:13,560] {scheduler_job.py:190} INFO - Processing /home/airflow/.local/lib/python3.6/site-packages/airflow/example_dags/tutorial_etl_dag.py took 0.127 seconds
[2024-12-17 10:56:44,231] {scheduler_job.py:182} INFO - Started process (PID=811) to work on /home/airflow/.local/lib/python3.6/site-packages/airflow/example_dags/tutorial_etl_dag.py
[2024-12-17 10:56:44,233] {scheduler_job.py:633} INFO - Processing file /home/airflow/.local/lib/python3.6/site-packages/airflow/example_dags/tutorial_etl_dag.py for tasks to queue
[2024-12-17 10:56:44,234] {logging_mixin.py:104} INFO - [2024-12-17 10:56:44,234] {dagbag.py:496} INFO - Filling up the DagBag from /home/airflow/.local/lib/python3.6/site-packages/airflow/example_dags/tutorial_etl_dag.py
[2024-12-17 10:56:44,268] {scheduler_job.py:643} INFO - DAG(s) dict_keys(['tutorial_etl_dag']) retrieved from /home/airflow/.local/lib/python3.6/site-packages/airflow/example_dags/tutorial_etl_dag.py
[2024-12-17 10:56:44,345] {logging_mixin.py:104} INFO - [2024-12-17 10:56:44,344] {dag.py:1833} INFO - Sync 1 DAGs
[2024-12-17 10:56:44,403] {logging_mixin.py:104} INFO - [2024-12-17 10:56:44,403] {dag.py:2306} INFO - Setting next_dagrun for tutorial_etl_dag to None
[2024-12-17 10:56:44,454] {scheduler_job.py:190} INFO - Processing /home/airflow/.local/lib/python3.6/site-packages/airflow/example_dags/tutorial_etl_dag.py took 0.237 seconds
[2024-12-17 10:57:15,072] {scheduler_job.py:182} INFO - Started process (PID=861) to work on /home/airflow/.local/lib/python3.6/site-packages/airflow/example_dags/tutorial_etl_dag.py
[2024-12-17 10:57:15,073] {scheduler_job.py:633} INFO - Processing file /home/airflow/.local/lib/python3.6/site-packages/airflow/example_dags/tutorial_etl_dag.py for tasks to queue
[2024-12-17 10:57:15,074] {logging_mixin.py:104} INFO - [2024-12-17 10:57:15,074] {dagbag.py:496} INFO - Filling up the DagBag from /home/airflow/.local/lib/python3.6/site-packages/airflow/example_dags/tutorial_etl_dag.py
[2024-12-17 10:57:15,087] {scheduler_job.py:643} INFO - DAG(s) dict_keys(['tutorial_etl_dag']) retrieved from /home/airflow/.local/lib/python3.6/site-packages/airflow/example_dags/tutorial_etl_dag.py
[2024-12-17 10:57:15,107] {logging_mixin.py:104} INFO - [2024-12-17 10:57:15,107] {dag.py:1833} INFO - Sync 1 DAGs
[2024-12-17 10:57:15,124] {logging_mixin.py:104} INFO - [2024-12-17 10:57:15,124] {dag.py:2306} INFO - Setting next_dagrun for tutorial_etl_dag to None
[2024-12-17 10:57:15,138] {scheduler_job.py:190} INFO - Processing /home/airflow/.local/lib/python3.6/site-packages/airflow/example_dags/tutorial_etl_dag.py took 0.069 seconds
[2024-12-17 10:57:45,818] {scheduler_job.py:182} INFO - Started process (PID=921) to work on /home/airflow/.local/lib/python3.6/site-packages/airflow/example_dags/tutorial_etl_dag.py
[2024-12-17 10:57:45,819] {scheduler_job.py:633} INFO - Processing file /home/airflow/.local/lib/python3.6/site-packages/airflow/example_dags/tutorial_etl_dag.py for tasks to queue
[2024-12-17 10:57:45,831] {logging_mixin.py:104} INFO - [2024-12-17 10:57:45,831] {dagbag.py:496} INFO - Filling up the DagBag from /home/airflow/.local/lib/python3.6/site-packages/airflow/example_dags/tutorial_etl_dag.py
[2024-12-17 10:57:45,860] {scheduler_job.py:643} INFO - DAG(s) dict_keys(['tutorial_etl_dag']) retrieved from /home/airflow/.local/lib/python3.6/site-packages/airflow/example_dags/tutorial_etl_dag.py
[2024-12-17 10:57:45,892] {logging_mixin.py:104} INFO - [2024-12-17 10:57:45,892] {dag.py:1833} INFO - Sync 1 DAGs
[2024-12-17 10:57:45,917] {logging_mixin.py:104} INFO - [2024-12-17 10:57:45,916] {dag.py:2306} INFO - Setting next_dagrun for tutorial_etl_dag to None
[2024-12-17 10:57:45,937] {scheduler_job.py:190} INFO - Processing /home/airflow/.local/lib/python3.6/site-packages/airflow/example_dags/tutorial_etl_dag.py took 0.122 seconds
[2024-12-17 10:58:16,462] {scheduler_job.py:182} INFO - Started process (PID=972) to work on /home/airflow/.local/lib/python3.6/site-packages/airflow/example_dags/tutorial_etl_dag.py
[2024-12-17 10:58:16,462] {scheduler_job.py:633} INFO - Processing file /home/airflow/.local/lib/python3.6/site-packages/airflow/example_dags/tutorial_etl_dag.py for tasks to queue
[2024-12-17 10:58:16,463] {logging_mixin.py:104} INFO - [2024-12-17 10:58:16,463] {dagbag.py:496} INFO - Filling up the DagBag from /home/airflow/.local/lib/python3.6/site-packages/airflow/example_dags/tutorial_etl_dag.py
[2024-12-17 10:58:16,478] {scheduler_job.py:643} INFO - DAG(s) dict_keys(['tutorial_etl_dag']) retrieved from /home/airflow/.local/lib/python3.6/site-packages/airflow/example_dags/tutorial_etl_dag.py
[2024-12-17 10:58:16,503] {logging_mixin.py:104} INFO - [2024-12-17 10:58:16,502] {dag.py:1833} INFO - Sync 1 DAGs
[2024-12-17 10:58:16,519] {logging_mixin.py:104} INFO - [2024-12-17 10:58:16,519] {dag.py:2306} INFO - Setting next_dagrun for tutorial_etl_dag to None
[2024-12-17 10:58:16,535] {scheduler_job.py:190} INFO - Processing /home/airflow/.local/lib/python3.6/site-packages/airflow/example_dags/tutorial_etl_dag.py took 0.077 seconds
[2024-12-17 10:58:47,668] {scheduler_job.py:182} INFO - Started process (PID=1032) to work on /home/airflow/.local/lib/python3.6/site-packages/airflow/example_dags/tutorial_etl_dag.py
[2024-12-17 10:58:47,669] {scheduler_job.py:633} INFO - Processing file /home/airflow/.local/lib/python3.6/site-packages/airflow/example_dags/tutorial_etl_dag.py for tasks to queue
[2024-12-17 10:58:47,670] {logging_mixin.py:104} INFO - [2024-12-17 10:58:47,670] {dagbag.py:496} INFO - Filling up the DagBag from /home/airflow/.local/lib/python3.6/site-packages/airflow/example_dags/tutorial_etl_dag.py
[2024-12-17 10:58:47,685] {scheduler_job.py:643} INFO - DAG(s) dict_keys(['tutorial_etl_dag']) retrieved from /home/airflow/.local/lib/python3.6/site-packages/airflow/example_dags/tutorial_etl_dag.py
[2024-12-17 10:58:47,720] {logging_mixin.py:104} INFO - [2024-12-17 10:58:47,720] {dag.py:1833} INFO - Sync 1 DAGs
[2024-12-17 10:58:47,736] {logging_mixin.py:104} INFO - [2024-12-17 10:58:47,736] {dag.py:2306} INFO - Setting next_dagrun for tutorial_etl_dag to None
[2024-12-17 10:58:47,750] {scheduler_job.py:190} INFO - Processing /home/airflow/.local/lib/python3.6/site-packages/airflow/example_dags/tutorial_etl_dag.py took 0.087 seconds
