[2024-12-17 10:50:49,155] {scheduler_job.py:182} INFO - Started process (PID=155) to work on /home/airflow/.local/lib/python3.6/site-packages/airflow/example_dags/tutorial_taskflow_api_etl.py
[2024-12-17 10:50:49,179] {scheduler_job.py:633} INFO - Processing file /home/airflow/.local/lib/python3.6/site-packages/airflow/example_dags/tutorial_taskflow_api_etl.py for tasks to queue
[2024-12-17 10:50:49,180] {logging_mixin.py:104} INFO - [2024-12-17 10:50:49,180] {dagbag.py:496} INFO - Filling up the DagBag from /home/airflow/.local/lib/python3.6/site-packages/airflow/example_dags/tutorial_taskflow_api_etl.py
[2024-12-17 10:50:49,310] {scheduler_job.py:643} INFO - DAG(s) dict_keys(['tutorial_taskflow_api_etl']) retrieved from /home/airflow/.local/lib/python3.6/site-packages/airflow/example_dags/tutorial_taskflow_api_etl.py
[2024-12-17 10:50:56,098] {logging_mixin.py:104} INFO - [2024-12-17 10:50:56,097] {dag.py:1833} INFO - Sync 1 DAGs
[2024-12-17 10:50:56,313] {logging_mixin.py:104} INFO - [2024-12-17 10:50:56,311] {dag.py:1852} INFO - Creating ORM DAG for tutorial_taskflow_api_etl
[2024-12-17 10:50:56,335] {logging_mixin.py:104} INFO - [2024-12-17 10:50:56,334] {dag.py:2306} INFO - Setting next_dagrun for tutorial_taskflow_api_etl to None
[2024-12-17 10:50:56,385] {scheduler_job.py:190} INFO - Processing /home/airflow/.local/lib/python3.6/site-packages/airflow/example_dags/tutorial_taskflow_api_etl.py took 7.236 seconds
[2024-12-17 10:51:27,188] {scheduler_job.py:182} INFO - Started process (PID=225) to work on /home/airflow/.local/lib/python3.6/site-packages/airflow/example_dags/tutorial_taskflow_api_etl.py
[2024-12-17 10:51:27,189] {scheduler_job.py:633} INFO - Processing file /home/airflow/.local/lib/python3.6/site-packages/airflow/example_dags/tutorial_taskflow_api_etl.py for tasks to queue
[2024-12-17 10:51:27,190] {logging_mixin.py:104} INFO - [2024-12-17 10:51:27,190] {dagbag.py:496} INFO - Filling up the DagBag from /home/airflow/.local/lib/python3.6/site-packages/airflow/example_dags/tutorial_taskflow_api_etl.py
[2024-12-17 10:51:27,211] {scheduler_job.py:643} INFO - DAG(s) dict_keys(['tutorial_taskflow_api_etl']) retrieved from /home/airflow/.local/lib/python3.6/site-packages/airflow/example_dags/tutorial_taskflow_api_etl.py
[2024-12-17 10:51:27,434] {logging_mixin.py:104} INFO - [2024-12-17 10:51:27,434] {dag.py:1833} INFO - Sync 1 DAGs
[2024-12-17 10:51:27,453] {logging_mixin.py:104} INFO - [2024-12-17 10:51:27,453] {dag.py:2306} INFO - Setting next_dagrun for tutorial_taskflow_api_etl to None
[2024-12-17 10:51:27,473] {scheduler_job.py:190} INFO - Processing /home/airflow/.local/lib/python3.6/site-packages/airflow/example_dags/tutorial_taskflow_api_etl.py took 0.289 seconds
[2024-12-17 10:51:58,341] {scheduler_job.py:182} INFO - Started process (PID=275) to work on /home/airflow/.local/lib/python3.6/site-packages/airflow/example_dags/tutorial_taskflow_api_etl.py
[2024-12-17 10:51:58,342] {scheduler_job.py:633} INFO - Processing file /home/airflow/.local/lib/python3.6/site-packages/airflow/example_dags/tutorial_taskflow_api_etl.py for tasks to queue
[2024-12-17 10:51:58,344] {logging_mixin.py:104} INFO - [2024-12-17 10:51:58,343] {dagbag.py:496} INFO - Filling up the DagBag from /home/airflow/.local/lib/python3.6/site-packages/airflow/example_dags/tutorial_taskflow_api_etl.py
[2024-12-17 10:51:58,359] {scheduler_job.py:643} INFO - DAG(s) dict_keys(['tutorial_taskflow_api_etl']) retrieved from /home/airflow/.local/lib/python3.6/site-packages/airflow/example_dags/tutorial_taskflow_api_etl.py
[2024-12-17 10:51:58,538] {logging_mixin.py:104} INFO - [2024-12-17 10:51:58,538] {dag.py:1833} INFO - Sync 1 DAGs
[2024-12-17 10:51:58,555] {logging_mixin.py:104} INFO - [2024-12-17 10:51:58,555] {dag.py:2306} INFO - Setting next_dagrun for tutorial_taskflow_api_etl to None
[2024-12-17 10:51:58,573] {scheduler_job.py:190} INFO - Processing /home/airflow/.local/lib/python3.6/site-packages/airflow/example_dags/tutorial_taskflow_api_etl.py took 0.235 seconds
[2024-12-17 10:52:29,054] {scheduler_job.py:182} INFO - Started process (PID=336) to work on /home/airflow/.local/lib/python3.6/site-packages/airflow/example_dags/tutorial_taskflow_api_etl.py
[2024-12-17 10:52:29,055] {scheduler_job.py:633} INFO - Processing file /home/airflow/.local/lib/python3.6/site-packages/airflow/example_dags/tutorial_taskflow_api_etl.py for tasks to queue
[2024-12-17 10:52:29,055] {logging_mixin.py:104} INFO - [2024-12-17 10:52:29,055] {dagbag.py:496} INFO - Filling up the DagBag from /home/airflow/.local/lib/python3.6/site-packages/airflow/example_dags/tutorial_taskflow_api_etl.py
[2024-12-17 10:52:29,068] {scheduler_job.py:643} INFO - DAG(s) dict_keys(['tutorial_taskflow_api_etl']) retrieved from /home/airflow/.local/lib/python3.6/site-packages/airflow/example_dags/tutorial_taskflow_api_etl.py
[2024-12-17 10:52:29,232] {logging_mixin.py:104} INFO - [2024-12-17 10:52:29,232] {dag.py:1833} INFO - Sync 1 DAGs
[2024-12-17 10:52:29,244] {logging_mixin.py:104} INFO - [2024-12-17 10:52:29,243] {dag.py:2306} INFO - Setting next_dagrun for tutorial_taskflow_api_etl to None
[2024-12-17 10:52:29,265] {scheduler_job.py:190} INFO - Processing /home/airflow/.local/lib/python3.6/site-packages/airflow/example_dags/tutorial_taskflow_api_etl.py took 0.214 seconds
[2024-12-17 10:53:00,017] {scheduler_job.py:182} INFO - Started process (PID=387) to work on /home/airflow/.local/lib/python3.6/site-packages/airflow/example_dags/tutorial_taskflow_api_etl.py
[2024-12-17 10:53:00,018] {scheduler_job.py:633} INFO - Processing file /home/airflow/.local/lib/python3.6/site-packages/airflow/example_dags/tutorial_taskflow_api_etl.py for tasks to queue
[2024-12-17 10:53:00,018] {logging_mixin.py:104} INFO - [2024-12-17 10:53:00,018] {dagbag.py:496} INFO - Filling up the DagBag from /home/airflow/.local/lib/python3.6/site-packages/airflow/example_dags/tutorial_taskflow_api_etl.py
[2024-12-17 10:53:00,049] {scheduler_job.py:643} INFO - DAG(s) dict_keys(['tutorial_taskflow_api_etl']) retrieved from /home/airflow/.local/lib/python3.6/site-packages/airflow/example_dags/tutorial_taskflow_api_etl.py
[2024-12-17 10:53:00,228] {logging_mixin.py:104} INFO - [2024-12-17 10:53:00,228] {dag.py:1833} INFO - Sync 1 DAGs
[2024-12-17 10:53:00,241] {logging_mixin.py:104} INFO - [2024-12-17 10:53:00,241] {dag.py:2306} INFO - Setting next_dagrun for tutorial_taskflow_api_etl to None
[2024-12-17 10:53:00,255] {scheduler_job.py:190} INFO - Processing /home/airflow/.local/lib/python3.6/site-packages/airflow/example_dags/tutorial_taskflow_api_etl.py took 0.246 seconds
[2024-12-17 10:53:30,738] {scheduler_job.py:182} INFO - Started process (PID=447) to work on /home/airflow/.local/lib/python3.6/site-packages/airflow/example_dags/tutorial_taskflow_api_etl.py
[2024-12-17 10:53:30,739] {scheduler_job.py:633} INFO - Processing file /home/airflow/.local/lib/python3.6/site-packages/airflow/example_dags/tutorial_taskflow_api_etl.py for tasks to queue
[2024-12-17 10:53:30,740] {logging_mixin.py:104} INFO - [2024-12-17 10:53:30,739] {dagbag.py:496} INFO - Filling up the DagBag from /home/airflow/.local/lib/python3.6/site-packages/airflow/example_dags/tutorial_taskflow_api_etl.py
[2024-12-17 10:53:30,756] {scheduler_job.py:643} INFO - DAG(s) dict_keys(['tutorial_taskflow_api_etl']) retrieved from /home/airflow/.local/lib/python3.6/site-packages/airflow/example_dags/tutorial_taskflow_api_etl.py
[2024-12-17 10:53:30,960] {logging_mixin.py:104} INFO - [2024-12-17 10:53:30,960] {dag.py:1833} INFO - Sync 1 DAGs
[2024-12-17 10:53:30,975] {logging_mixin.py:104} INFO - [2024-12-17 10:53:30,975] {dag.py:2306} INFO - Setting next_dagrun for tutorial_taskflow_api_etl to None
[2024-12-17 10:53:31,000] {scheduler_job.py:190} INFO - Processing /home/airflow/.local/lib/python3.6/site-packages/airflow/example_dags/tutorial_taskflow_api_etl.py took 0.267 seconds
[2024-12-17 10:54:01,474] {scheduler_job.py:182} INFO - Started process (PID=498) to work on /home/airflow/.local/lib/python3.6/site-packages/airflow/example_dags/tutorial_taskflow_api_etl.py
[2024-12-17 10:54:01,475] {scheduler_job.py:633} INFO - Processing file /home/airflow/.local/lib/python3.6/site-packages/airflow/example_dags/tutorial_taskflow_api_etl.py for tasks to queue
[2024-12-17 10:54:01,477] {logging_mixin.py:104} INFO - [2024-12-17 10:54:01,476] {dagbag.py:496} INFO - Filling up the DagBag from /home/airflow/.local/lib/python3.6/site-packages/airflow/example_dags/tutorial_taskflow_api_etl.py
[2024-12-17 10:54:01,496] {scheduler_job.py:643} INFO - DAG(s) dict_keys(['tutorial_taskflow_api_etl']) retrieved from /home/airflow/.local/lib/python3.6/site-packages/airflow/example_dags/tutorial_taskflow_api_etl.py
[2024-12-17 10:54:01,693] {logging_mixin.py:104} INFO - [2024-12-17 10:54:01,693] {dag.py:1833} INFO - Sync 1 DAGs
[2024-12-17 10:54:01,709] {logging_mixin.py:104} INFO - [2024-12-17 10:54:01,708] {dag.py:2306} INFO - Setting next_dagrun for tutorial_taskflow_api_etl to None
[2024-12-17 10:54:01,722] {scheduler_job.py:190} INFO - Processing /home/airflow/.local/lib/python3.6/site-packages/airflow/example_dags/tutorial_taskflow_api_etl.py took 0.253 seconds
[2024-12-17 10:54:32,050] {scheduler_job.py:182} INFO - Started process (PID=560) to work on /home/airflow/.local/lib/python3.6/site-packages/airflow/example_dags/tutorial_taskflow_api_etl.py
[2024-12-17 10:54:32,051] {scheduler_job.py:633} INFO - Processing file /home/airflow/.local/lib/python3.6/site-packages/airflow/example_dags/tutorial_taskflow_api_etl.py for tasks to queue
[2024-12-17 10:54:32,052] {logging_mixin.py:104} INFO - [2024-12-17 10:54:32,052] {dagbag.py:496} INFO - Filling up the DagBag from /home/airflow/.local/lib/python3.6/site-packages/airflow/example_dags/tutorial_taskflow_api_etl.py
[2024-12-17 10:54:32,067] {scheduler_job.py:643} INFO - DAG(s) dict_keys(['tutorial_taskflow_api_etl']) retrieved from /home/airflow/.local/lib/python3.6/site-packages/airflow/example_dags/tutorial_taskflow_api_etl.py
[2024-12-17 10:54:32,245] {logging_mixin.py:104} INFO - [2024-12-17 10:54:32,245] {dag.py:1833} INFO - Sync 1 DAGs
[2024-12-17 10:54:32,258] {logging_mixin.py:104} INFO - [2024-12-17 10:54:32,258] {dag.py:2306} INFO - Setting next_dagrun for tutorial_taskflow_api_etl to None
[2024-12-17 10:54:32,276] {scheduler_job.py:190} INFO - Processing /home/airflow/.local/lib/python3.6/site-packages/airflow/example_dags/tutorial_taskflow_api_etl.py took 0.229 seconds
[2024-12-17 10:55:03,050] {scheduler_job.py:182} INFO - Started process (PID=611) to work on /home/airflow/.local/lib/python3.6/site-packages/airflow/example_dags/tutorial_taskflow_api_etl.py
[2024-12-17 10:55:03,051] {scheduler_job.py:633} INFO - Processing file /home/airflow/.local/lib/python3.6/site-packages/airflow/example_dags/tutorial_taskflow_api_etl.py for tasks to queue
[2024-12-17 10:55:03,052] {logging_mixin.py:104} INFO - [2024-12-17 10:55:03,051] {dagbag.py:496} INFO - Filling up the DagBag from /home/airflow/.local/lib/python3.6/site-packages/airflow/example_dags/tutorial_taskflow_api_etl.py
[2024-12-17 10:55:03,067] {scheduler_job.py:643} INFO - DAG(s) dict_keys(['tutorial_taskflow_api_etl']) retrieved from /home/airflow/.local/lib/python3.6/site-packages/airflow/example_dags/tutorial_taskflow_api_etl.py
[2024-12-17 10:55:03,240] {logging_mixin.py:104} INFO - [2024-12-17 10:55:03,239] {dag.py:1833} INFO - Sync 1 DAGs
[2024-12-17 10:55:03,250] {logging_mixin.py:104} INFO - [2024-12-17 10:55:03,250] {dag.py:2306} INFO - Setting next_dagrun for tutorial_taskflow_api_etl to None
[2024-12-17 10:55:03,269] {scheduler_job.py:190} INFO - Processing /home/airflow/.local/lib/python3.6/site-packages/airflow/example_dags/tutorial_taskflow_api_etl.py took 0.222 seconds
[2024-12-17 10:55:33,998] {scheduler_job.py:182} INFO - Started process (PID=671) to work on /home/airflow/.local/lib/python3.6/site-packages/airflow/example_dags/tutorial_taskflow_api_etl.py
[2024-12-17 10:55:33,999] {scheduler_job.py:633} INFO - Processing file /home/airflow/.local/lib/python3.6/site-packages/airflow/example_dags/tutorial_taskflow_api_etl.py for tasks to queue
[2024-12-17 10:55:34,000] {logging_mixin.py:104} INFO - [2024-12-17 10:55:34,000] {dagbag.py:496} INFO - Filling up the DagBag from /home/airflow/.local/lib/python3.6/site-packages/airflow/example_dags/tutorial_taskflow_api_etl.py
[2024-12-17 10:55:34,019] {scheduler_job.py:643} INFO - DAG(s) dict_keys(['tutorial_taskflow_api_etl']) retrieved from /home/airflow/.local/lib/python3.6/site-packages/airflow/example_dags/tutorial_taskflow_api_etl.py
[2024-12-17 10:55:34,228] {logging_mixin.py:104} INFO - [2024-12-17 10:55:34,228] {dag.py:1833} INFO - Sync 1 DAGs
[2024-12-17 10:55:34,241] {logging_mixin.py:104} INFO - [2024-12-17 10:55:34,241] {dag.py:2306} INFO - Setting next_dagrun for tutorial_taskflow_api_etl to None
[2024-12-17 10:55:34,255] {scheduler_job.py:190} INFO - Processing /home/airflow/.local/lib/python3.6/site-packages/airflow/example_dags/tutorial_taskflow_api_etl.py took 0.262 seconds
[2024-12-17 10:56:05,329] {scheduler_job.py:182} INFO - Started process (PID=733) to work on /home/airflow/.local/lib/python3.6/site-packages/airflow/example_dags/tutorial_taskflow_api_etl.py
[2024-12-17 10:56:05,330] {scheduler_job.py:633} INFO - Processing file /home/airflow/.local/lib/python3.6/site-packages/airflow/example_dags/tutorial_taskflow_api_etl.py for tasks to queue
[2024-12-17 10:56:05,331] {logging_mixin.py:104} INFO - [2024-12-17 10:56:05,331] {dagbag.py:496} INFO - Filling up the DagBag from /home/airflow/.local/lib/python3.6/site-packages/airflow/example_dags/tutorial_taskflow_api_etl.py
[2024-12-17 10:56:05,357] {scheduler_job.py:643} INFO - DAG(s) dict_keys(['tutorial_taskflow_api_etl']) retrieved from /home/airflow/.local/lib/python3.6/site-packages/airflow/example_dags/tutorial_taskflow_api_etl.py
[2024-12-17 10:56:05,377] {logging_mixin.py:104} INFO - [2024-12-17 10:56:05,376] {dag.py:1833} INFO - Sync 1 DAGs
[2024-12-17 10:56:05,390] {logging_mixin.py:104} INFO - [2024-12-17 10:56:05,390] {dag.py:2306} INFO - Setting next_dagrun for tutorial_taskflow_api_etl to None
[2024-12-17 10:56:05,403] {scheduler_job.py:190} INFO - Processing /home/airflow/.local/lib/python3.6/site-packages/airflow/example_dags/tutorial_taskflow_api_etl.py took 0.077 seconds
[2024-12-17 10:56:35,671] {scheduler_job.py:182} INFO - Started process (PID=785) to work on /home/airflow/.local/lib/python3.6/site-packages/airflow/example_dags/tutorial_taskflow_api_etl.py
[2024-12-17 10:56:35,673] {scheduler_job.py:633} INFO - Processing file /home/airflow/.local/lib/python3.6/site-packages/airflow/example_dags/tutorial_taskflow_api_etl.py for tasks to queue
[2024-12-17 10:56:35,674] {logging_mixin.py:104} INFO - [2024-12-17 10:56:35,674] {dagbag.py:496} INFO - Filling up the DagBag from /home/airflow/.local/lib/python3.6/site-packages/airflow/example_dags/tutorial_taskflow_api_etl.py
[2024-12-17 10:56:35,699] {scheduler_job.py:643} INFO - DAG(s) dict_keys(['tutorial_taskflow_api_etl']) retrieved from /home/airflow/.local/lib/python3.6/site-packages/airflow/example_dags/tutorial_taskflow_api_etl.py
[2024-12-17 10:56:35,915] {logging_mixin.py:104} INFO - [2024-12-17 10:56:35,915] {dag.py:1833} INFO - Sync 1 DAGs
[2024-12-17 10:56:35,927] {logging_mixin.py:104} INFO - [2024-12-17 10:56:35,927] {dag.py:2306} INFO - Setting next_dagrun for tutorial_taskflow_api_etl to None
[2024-12-17 10:56:35,954] {scheduler_job.py:190} INFO - Processing /home/airflow/.local/lib/python3.6/site-packages/airflow/example_dags/tutorial_taskflow_api_etl.py took 0.286 seconds
[2024-12-17 10:57:07,024] {scheduler_job.py:182} INFO - Started process (PID=834) to work on /home/airflow/.local/lib/python3.6/site-packages/airflow/example_dags/tutorial_taskflow_api_etl.py
[2024-12-17 10:57:07,025] {scheduler_job.py:633} INFO - Processing file /home/airflow/.local/lib/python3.6/site-packages/airflow/example_dags/tutorial_taskflow_api_etl.py for tasks to queue
[2024-12-17 10:57:07,025] {logging_mixin.py:104} INFO - [2024-12-17 10:57:07,025] {dagbag.py:496} INFO - Filling up the DagBag from /home/airflow/.local/lib/python3.6/site-packages/airflow/example_dags/tutorial_taskflow_api_etl.py
[2024-12-17 10:57:07,044] {scheduler_job.py:643} INFO - DAG(s) dict_keys(['tutorial_taskflow_api_etl']) retrieved from /home/airflow/.local/lib/python3.6/site-packages/airflow/example_dags/tutorial_taskflow_api_etl.py
[2024-12-17 10:57:07,247] {logging_mixin.py:104} INFO - [2024-12-17 10:57:07,247] {dag.py:1833} INFO - Sync 1 DAGs
[2024-12-17 10:57:07,260] {logging_mixin.py:104} INFO - [2024-12-17 10:57:07,260] {dag.py:2306} INFO - Setting next_dagrun for tutorial_taskflow_api_etl to None
[2024-12-17 10:57:07,279] {scheduler_job.py:190} INFO - Processing /home/airflow/.local/lib/python3.6/site-packages/airflow/example_dags/tutorial_taskflow_api_etl.py took 0.259 seconds
[2024-12-17 10:57:38,137] {scheduler_job.py:182} INFO - Started process (PID=896) to work on /home/airflow/.local/lib/python3.6/site-packages/airflow/example_dags/tutorial_taskflow_api_etl.py
[2024-12-17 10:57:38,138] {scheduler_job.py:633} INFO - Processing file /home/airflow/.local/lib/python3.6/site-packages/airflow/example_dags/tutorial_taskflow_api_etl.py for tasks to queue
[2024-12-17 10:57:38,139] {logging_mixin.py:104} INFO - [2024-12-17 10:57:38,139] {dagbag.py:496} INFO - Filling up the DagBag from /home/airflow/.local/lib/python3.6/site-packages/airflow/example_dags/tutorial_taskflow_api_etl.py
[2024-12-17 10:57:38,156] {scheduler_job.py:643} INFO - DAG(s) dict_keys(['tutorial_taskflow_api_etl']) retrieved from /home/airflow/.local/lib/python3.6/site-packages/airflow/example_dags/tutorial_taskflow_api_etl.py
[2024-12-17 10:57:38,394] {logging_mixin.py:104} INFO - [2024-12-17 10:57:38,394] {dag.py:1833} INFO - Sync 1 DAGs
[2024-12-17 10:57:38,408] {logging_mixin.py:104} INFO - [2024-12-17 10:57:38,407] {dag.py:2306} INFO - Setting next_dagrun for tutorial_taskflow_api_etl to None
[2024-12-17 10:57:38,425] {scheduler_job.py:190} INFO - Processing /home/airflow/.local/lib/python3.6/site-packages/airflow/example_dags/tutorial_taskflow_api_etl.py took 0.291 seconds
[2024-12-17 10:58:09,289] {scheduler_job.py:182} INFO - Started process (PID=957) to work on /home/airflow/.local/lib/python3.6/site-packages/airflow/example_dags/tutorial_taskflow_api_etl.py
[2024-12-17 10:58:09,289] {scheduler_job.py:633} INFO - Processing file /home/airflow/.local/lib/python3.6/site-packages/airflow/example_dags/tutorial_taskflow_api_etl.py for tasks to queue
[2024-12-17 10:58:09,290] {logging_mixin.py:104} INFO - [2024-12-17 10:58:09,290] {dagbag.py:496} INFO - Filling up the DagBag from /home/airflow/.local/lib/python3.6/site-packages/airflow/example_dags/tutorial_taskflow_api_etl.py
[2024-12-17 10:58:09,328] {scheduler_job.py:643} INFO - DAG(s) dict_keys(['tutorial_taskflow_api_etl']) retrieved from /home/airflow/.local/lib/python3.6/site-packages/airflow/example_dags/tutorial_taskflow_api_etl.py
[2024-12-17 10:58:09,596] {logging_mixin.py:104} INFO - [2024-12-17 10:58:09,596] {dag.py:1833} INFO - Sync 1 DAGs
[2024-12-17 10:58:09,632] {logging_mixin.py:104} INFO - [2024-12-17 10:58:09,632] {dag.py:2306} INFO - Setting next_dagrun for tutorial_taskflow_api_etl to None
[2024-12-17 10:58:09,663] {scheduler_job.py:190} INFO - Processing /home/airflow/.local/lib/python3.6/site-packages/airflow/example_dags/tutorial_taskflow_api_etl.py took 0.377 seconds
[2024-12-17 10:58:39,921] {scheduler_job.py:182} INFO - Started process (PID=1008) to work on /home/airflow/.local/lib/python3.6/site-packages/airflow/example_dags/tutorial_taskflow_api_etl.py
[2024-12-17 10:58:39,922] {scheduler_job.py:633} INFO - Processing file /home/airflow/.local/lib/python3.6/site-packages/airflow/example_dags/tutorial_taskflow_api_etl.py for tasks to queue
[2024-12-17 10:58:39,923] {logging_mixin.py:104} INFO - [2024-12-17 10:58:39,923] {dagbag.py:496} INFO - Filling up the DagBag from /home/airflow/.local/lib/python3.6/site-packages/airflow/example_dags/tutorial_taskflow_api_etl.py
[2024-12-17 10:58:39,969] {scheduler_job.py:643} INFO - DAG(s) dict_keys(['tutorial_taskflow_api_etl']) retrieved from /home/airflow/.local/lib/python3.6/site-packages/airflow/example_dags/tutorial_taskflow_api_etl.py
[2024-12-17 10:58:40,212] {logging_mixin.py:104} INFO - [2024-12-17 10:58:40,212] {dag.py:1833} INFO - Sync 1 DAGs
[2024-12-17 10:58:40,229] {logging_mixin.py:104} INFO - [2024-12-17 10:58:40,229] {dag.py:2306} INFO - Setting next_dagrun for tutorial_taskflow_api_etl to None
[2024-12-17 10:58:40,256] {scheduler_job.py:190} INFO - Processing /home/airflow/.local/lib/python3.6/site-packages/airflow/example_dags/tutorial_taskflow_api_etl.py took 0.339 seconds
