[2024-12-17 10:49:40,926] {scheduler_job.py:182} INFO - Started process (PID=43) to work on /home/airflow/.local/lib/python3.6/site-packages/airflow/example_dags/tutorial.py
[2024-12-17 10:49:40,927] {scheduler_job.py:633} INFO - Processing file /home/airflow/.local/lib/python3.6/site-packages/airflow/example_dags/tutorial.py for tasks to queue
[2024-12-17 10:49:40,929] {logging_mixin.py:104} INFO - [2024-12-17 10:49:40,928] {dagbag.py:496} INFO - Filling up the DagBag from /home/airflow/.local/lib/python3.6/site-packages/airflow/example_dags/tutorial.py
[2024-12-17 10:49:41,016] {scheduler_job.py:643} INFO - DAG(s) dict_keys(['tutorial']) retrieved from /home/airflow/.local/lib/python3.6/site-packages/airflow/example_dags/tutorial.py
[2024-12-17 10:49:58,002] {logging_mixin.py:104} INFO - [2024-12-17 10:49:58,001] {dag.py:1833} INFO - Sync 1 DAGs
[2024-12-17 10:49:58,132] {logging_mixin.py:104} INFO - [2024-12-17 10:49:58,131] {dag.py:1852} INFO - Creating ORM DAG for tutorial
[2024-12-17 10:49:58,242] {logging_mixin.py:104} INFO - [2024-12-17 10:49:58,242] {dag.py:2306} INFO - Setting next_dagrun for tutorial to 2024-12-15 00:00:00+00:00
[2024-12-17 10:49:58,396] {scheduler_job.py:190} INFO - Processing /home/airflow/.local/lib/python3.6/site-packages/airflow/example_dags/tutorial.py took 17.477 seconds
[2024-12-17 10:51:02,673] {scheduler_job.py:182} INFO - Started process (PID=181) to work on /home/airflow/.local/lib/python3.6/site-packages/airflow/example_dags/tutorial.py
[2024-12-17 10:51:02,676] {scheduler_job.py:633} INFO - Processing file /home/airflow/.local/lib/python3.6/site-packages/airflow/example_dags/tutorial.py for tasks to queue
[2024-12-17 10:51:02,677] {logging_mixin.py:104} INFO - [2024-12-17 10:51:02,677] {dagbag.py:496} INFO - Filling up the DagBag from /home/airflow/.local/lib/python3.6/site-packages/airflow/example_dags/tutorial.py
[2024-12-17 10:51:02,699] {scheduler_job.py:643} INFO - DAG(s) dict_keys(['tutorial']) retrieved from /home/airflow/.local/lib/python3.6/site-packages/airflow/example_dags/tutorial.py
[2024-12-17 10:51:02,838] {logging_mixin.py:104} INFO - [2024-12-17 10:51:02,837] {dag.py:1833} INFO - Sync 1 DAGs
[2024-12-17 10:51:02,865] {logging_mixin.py:104} INFO - [2024-12-17 10:51:02,864] {dag.py:2306} INFO - Setting next_dagrun for tutorial to 2024-12-15 00:00:00+00:00
[2024-12-17 10:51:02,882] {scheduler_job.py:190} INFO - Processing /home/airflow/.local/lib/python3.6/site-packages/airflow/example_dags/tutorial.py took 0.214 seconds
[2024-12-17 10:51:33,145] {scheduler_job.py:182} INFO - Started process (PID=236) to work on /home/airflow/.local/lib/python3.6/site-packages/airflow/example_dags/tutorial.py
[2024-12-17 10:51:33,148] {scheduler_job.py:633} INFO - Processing file /home/airflow/.local/lib/python3.6/site-packages/airflow/example_dags/tutorial.py for tasks to queue
[2024-12-17 10:51:33,161] {logging_mixin.py:104} INFO - [2024-12-17 10:51:33,161] {dagbag.py:496} INFO - Filling up the DagBag from /home/airflow/.local/lib/python3.6/site-packages/airflow/example_dags/tutorial.py
[2024-12-17 10:51:33,178] {scheduler_job.py:643} INFO - DAG(s) dict_keys(['tutorial']) retrieved from /home/airflow/.local/lib/python3.6/site-packages/airflow/example_dags/tutorial.py
[2024-12-17 10:51:33,425] {logging_mixin.py:104} INFO - [2024-12-17 10:51:33,425] {dag.py:1833} INFO - Sync 1 DAGs
[2024-12-17 10:51:33,452] {logging_mixin.py:104} INFO - [2024-12-17 10:51:33,452] {dag.py:2306} INFO - Setting next_dagrun for tutorial to 2024-12-15 00:00:00+00:00
[2024-12-17 10:51:33,479] {scheduler_job.py:190} INFO - Processing /home/airflow/.local/lib/python3.6/site-packages/airflow/example_dags/tutorial.py took 0.337 seconds
[2024-12-17 10:52:03,796] {scheduler_job.py:182} INFO - Started process (PID=288) to work on /home/airflow/.local/lib/python3.6/site-packages/airflow/example_dags/tutorial.py
[2024-12-17 10:52:03,798] {scheduler_job.py:633} INFO - Processing file /home/airflow/.local/lib/python3.6/site-packages/airflow/example_dags/tutorial.py for tasks to queue
[2024-12-17 10:52:03,799] {logging_mixin.py:104} INFO - [2024-12-17 10:52:03,798] {dagbag.py:496} INFO - Filling up the DagBag from /home/airflow/.local/lib/python3.6/site-packages/airflow/example_dags/tutorial.py
[2024-12-17 10:52:03,812] {scheduler_job.py:643} INFO - DAG(s) dict_keys(['tutorial']) retrieved from /home/airflow/.local/lib/python3.6/site-packages/airflow/example_dags/tutorial.py
[2024-12-17 10:52:03,844] {logging_mixin.py:104} INFO - [2024-12-17 10:52:03,843] {dag.py:1833} INFO - Sync 1 DAGs
[2024-12-17 10:52:03,859] {logging_mixin.py:104} INFO - [2024-12-17 10:52:03,859] {dag.py:2306} INFO - Setting next_dagrun for tutorial to 2024-12-15 00:00:00+00:00
[2024-12-17 10:52:03,877] {scheduler_job.py:190} INFO - Processing /home/airflow/.local/lib/python3.6/site-packages/airflow/example_dags/tutorial.py took 0.085 seconds
[2024-12-17 10:52:34,313] {scheduler_job.py:182} INFO - Started process (PID=339) to work on /home/airflow/.local/lib/python3.6/site-packages/airflow/example_dags/tutorial.py
[2024-12-17 10:52:34,314] {scheduler_job.py:633} INFO - Processing file /home/airflow/.local/lib/python3.6/site-packages/airflow/example_dags/tutorial.py for tasks to queue
[2024-12-17 10:52:34,315] {logging_mixin.py:104} INFO - [2024-12-17 10:52:34,315] {dagbag.py:496} INFO - Filling up the DagBag from /home/airflow/.local/lib/python3.6/site-packages/airflow/example_dags/tutorial.py
[2024-12-17 10:52:34,331] {scheduler_job.py:643} INFO - DAG(s) dict_keys(['tutorial']) retrieved from /home/airflow/.local/lib/python3.6/site-packages/airflow/example_dags/tutorial.py
[2024-12-17 10:52:34,367] {logging_mixin.py:104} INFO - [2024-12-17 10:52:34,367] {dag.py:1833} INFO - Sync 1 DAGs
[2024-12-17 10:52:34,397] {logging_mixin.py:104} INFO - [2024-12-17 10:52:34,397] {dag.py:2306} INFO - Setting next_dagrun for tutorial to 2024-12-15 00:00:00+00:00
[2024-12-17 10:52:34,416] {scheduler_job.py:190} INFO - Processing /home/airflow/.local/lib/python3.6/site-packages/airflow/example_dags/tutorial.py took 0.108 seconds
[2024-12-17 10:53:04,589] {scheduler_job.py:182} INFO - Started process (PID=400) to work on /home/airflow/.local/lib/python3.6/site-packages/airflow/example_dags/tutorial.py
[2024-12-17 10:53:04,590] {scheduler_job.py:633} INFO - Processing file /home/airflow/.local/lib/python3.6/site-packages/airflow/example_dags/tutorial.py for tasks to queue
[2024-12-17 10:53:04,591] {logging_mixin.py:104} INFO - [2024-12-17 10:53:04,591] {dagbag.py:496} INFO - Filling up the DagBag from /home/airflow/.local/lib/python3.6/site-packages/airflow/example_dags/tutorial.py
[2024-12-17 10:53:04,620] {scheduler_job.py:643} INFO - DAG(s) dict_keys(['tutorial']) retrieved from /home/airflow/.local/lib/python3.6/site-packages/airflow/example_dags/tutorial.py
[2024-12-17 10:53:04,719] {logging_mixin.py:104} INFO - [2024-12-17 10:53:04,719] {dag.py:1833} INFO - Sync 1 DAGs
[2024-12-17 10:53:04,857] {logging_mixin.py:104} INFO - [2024-12-17 10:53:04,857] {dag.py:2306} INFO - Setting next_dagrun for tutorial to 2024-12-15 00:00:00+00:00
[2024-12-17 10:53:04,908] {scheduler_job.py:190} INFO - Processing /home/airflow/.local/lib/python3.6/site-packages/airflow/example_dags/tutorial.py took 0.323 seconds
[2024-12-17 10:53:35,030] {scheduler_job.py:182} INFO - Started process (PID=450) to work on /home/airflow/.local/lib/python3.6/site-packages/airflow/example_dags/tutorial.py
[2024-12-17 10:53:35,031] {scheduler_job.py:633} INFO - Processing file /home/airflow/.local/lib/python3.6/site-packages/airflow/example_dags/tutorial.py for tasks to queue
[2024-12-17 10:53:35,032] {logging_mixin.py:104} INFO - [2024-12-17 10:53:35,032] {dagbag.py:496} INFO - Filling up the DagBag from /home/airflow/.local/lib/python3.6/site-packages/airflow/example_dags/tutorial.py
[2024-12-17 10:53:35,044] {scheduler_job.py:643} INFO - DAG(s) dict_keys(['tutorial']) retrieved from /home/airflow/.local/lib/python3.6/site-packages/airflow/example_dags/tutorial.py
[2024-12-17 10:53:35,068] {logging_mixin.py:104} INFO - [2024-12-17 10:53:35,067] {dag.py:1833} INFO - Sync 1 DAGs
[2024-12-17 10:53:35,083] {logging_mixin.py:104} INFO - [2024-12-17 10:53:35,082] {dag.py:2306} INFO - Setting next_dagrun for tutorial to 2024-12-15 00:00:00+00:00
[2024-12-17 10:53:35,105] {scheduler_job.py:190} INFO - Processing /home/airflow/.local/lib/python3.6/site-packages/airflow/example_dags/tutorial.py took 0.078 seconds
[2024-12-17 10:54:05,140] {scheduler_job.py:182} INFO - Started process (PID=511) to work on /home/airflow/.local/lib/python3.6/site-packages/airflow/example_dags/tutorial.py
[2024-12-17 10:54:05,141] {scheduler_job.py:633} INFO - Processing file /home/airflow/.local/lib/python3.6/site-packages/airflow/example_dags/tutorial.py for tasks to queue
[2024-12-17 10:54:05,142] {logging_mixin.py:104} INFO - [2024-12-17 10:54:05,142] {dagbag.py:496} INFO - Filling up the DagBag from /home/airflow/.local/lib/python3.6/site-packages/airflow/example_dags/tutorial.py
[2024-12-17 10:54:05,158] {scheduler_job.py:643} INFO - DAG(s) dict_keys(['tutorial']) retrieved from /home/airflow/.local/lib/python3.6/site-packages/airflow/example_dags/tutorial.py
[2024-12-17 10:54:05,182] {logging_mixin.py:104} INFO - [2024-12-17 10:54:05,182] {dag.py:1833} INFO - Sync 1 DAGs
[2024-12-17 10:54:05,198] {logging_mixin.py:104} INFO - [2024-12-17 10:54:05,198] {dag.py:2306} INFO - Setting next_dagrun for tutorial to 2024-12-15 00:00:00+00:00
[2024-12-17 10:54:05,209] {scheduler_job.py:190} INFO - Processing /home/airflow/.local/lib/python3.6/site-packages/airflow/example_dags/tutorial.py took 0.073 seconds
[2024-12-17 10:54:35,347] {scheduler_job.py:182} INFO - Started process (PID=563) to work on /home/airflow/.local/lib/python3.6/site-packages/airflow/example_dags/tutorial.py
[2024-12-17 10:54:35,348] {scheduler_job.py:633} INFO - Processing file /home/airflow/.local/lib/python3.6/site-packages/airflow/example_dags/tutorial.py for tasks to queue
[2024-12-17 10:54:35,349] {logging_mixin.py:104} INFO - [2024-12-17 10:54:35,349] {dagbag.py:496} INFO - Filling up the DagBag from /home/airflow/.local/lib/python3.6/site-packages/airflow/example_dags/tutorial.py
[2024-12-17 10:54:35,365] {scheduler_job.py:643} INFO - DAG(s) dict_keys(['tutorial']) retrieved from /home/airflow/.local/lib/python3.6/site-packages/airflow/example_dags/tutorial.py
[2024-12-17 10:54:35,419] {logging_mixin.py:104} INFO - [2024-12-17 10:54:35,419] {dag.py:1833} INFO - Sync 1 DAGs
[2024-12-17 10:54:35,455] {logging_mixin.py:104} INFO - [2024-12-17 10:54:35,455] {dag.py:2306} INFO - Setting next_dagrun for tutorial to 2024-12-15 00:00:00+00:00
[2024-12-17 10:54:35,479] {scheduler_job.py:190} INFO - Processing /home/airflow/.local/lib/python3.6/site-packages/airflow/example_dags/tutorial.py took 0.156 seconds
[2024-12-17 10:55:05,654] {scheduler_job.py:182} INFO - Started process (PID=624) to work on /home/airflow/.local/lib/python3.6/site-packages/airflow/example_dags/tutorial.py
[2024-12-17 10:55:05,655] {scheduler_job.py:633} INFO - Processing file /home/airflow/.local/lib/python3.6/site-packages/airflow/example_dags/tutorial.py for tasks to queue
[2024-12-17 10:55:05,656] {logging_mixin.py:104} INFO - [2024-12-17 10:55:05,656] {dagbag.py:496} INFO - Filling up the DagBag from /home/airflow/.local/lib/python3.6/site-packages/airflow/example_dags/tutorial.py
[2024-12-17 10:55:05,671] {scheduler_job.py:643} INFO - DAG(s) dict_keys(['tutorial']) retrieved from /home/airflow/.local/lib/python3.6/site-packages/airflow/example_dags/tutorial.py
[2024-12-17 10:55:05,702] {logging_mixin.py:104} INFO - [2024-12-17 10:55:05,702] {dag.py:1833} INFO - Sync 1 DAGs
[2024-12-17 10:55:05,720] {logging_mixin.py:104} INFO - [2024-12-17 10:55:05,720] {dag.py:2306} INFO - Setting next_dagrun for tutorial to 2024-12-15 00:00:00+00:00
[2024-12-17 10:55:05,741] {scheduler_job.py:190} INFO - Processing /home/airflow/.local/lib/python3.6/site-packages/airflow/example_dags/tutorial.py took 0.091 seconds
[2024-12-17 10:55:36,358] {scheduler_job.py:182} INFO - Started process (PID=674) to work on /home/airflow/.local/lib/python3.6/site-packages/airflow/example_dags/tutorial.py
[2024-12-17 10:55:36,359] {scheduler_job.py:633} INFO - Processing file /home/airflow/.local/lib/python3.6/site-packages/airflow/example_dags/tutorial.py for tasks to queue
[2024-12-17 10:55:36,360] {logging_mixin.py:104} INFO - [2024-12-17 10:55:36,360] {dagbag.py:496} INFO - Filling up the DagBag from /home/airflow/.local/lib/python3.6/site-packages/airflow/example_dags/tutorial.py
[2024-12-17 10:55:36,372] {scheduler_job.py:643} INFO - DAG(s) dict_keys(['tutorial']) retrieved from /home/airflow/.local/lib/python3.6/site-packages/airflow/example_dags/tutorial.py
[2024-12-17 10:55:36,397] {logging_mixin.py:104} INFO - [2024-12-17 10:55:36,397] {dag.py:1833} INFO - Sync 1 DAGs
[2024-12-17 10:55:36,412] {logging_mixin.py:104} INFO - [2024-12-17 10:55:36,412] {dag.py:2306} INFO - Setting next_dagrun for tutorial to 2024-12-15 00:00:00+00:00
[2024-12-17 10:55:36,423] {scheduler_job.py:190} INFO - Processing /home/airflow/.local/lib/python3.6/site-packages/airflow/example_dags/tutorial.py took 0.070 seconds
[2024-12-17 10:56:06,549] {scheduler_job.py:182} INFO - Started process (PID=735) to work on /home/airflow/.local/lib/python3.6/site-packages/airflow/example_dags/tutorial.py
[2024-12-17 10:56:06,550] {scheduler_job.py:633} INFO - Processing file /home/airflow/.local/lib/python3.6/site-packages/airflow/example_dags/tutorial.py for tasks to queue
[2024-12-17 10:56:06,551] {logging_mixin.py:104} INFO - [2024-12-17 10:56:06,550] {dagbag.py:496} INFO - Filling up the DagBag from /home/airflow/.local/lib/python3.6/site-packages/airflow/example_dags/tutorial.py
[2024-12-17 10:56:06,565] {scheduler_job.py:643} INFO - DAG(s) dict_keys(['tutorial']) retrieved from /home/airflow/.local/lib/python3.6/site-packages/airflow/example_dags/tutorial.py
[2024-12-17 10:56:06,600] {logging_mixin.py:104} INFO - [2024-12-17 10:56:06,600] {dag.py:1833} INFO - Sync 1 DAGs
[2024-12-17 10:56:06,617] {logging_mixin.py:104} INFO - [2024-12-17 10:56:06,617] {dag.py:2306} INFO - Setting next_dagrun for tutorial to 2024-12-15 00:00:00+00:00
[2024-12-17 10:56:06,629] {scheduler_job.py:190} INFO - Processing /home/airflow/.local/lib/python3.6/site-packages/airflow/example_dags/tutorial.py took 0.084 seconds
[2024-12-17 10:56:36,990] {scheduler_job.py:182} INFO - Started process (PID=787) to work on /home/airflow/.local/lib/python3.6/site-packages/airflow/example_dags/tutorial.py
[2024-12-17 10:56:36,993] {scheduler_job.py:633} INFO - Processing file /home/airflow/.local/lib/python3.6/site-packages/airflow/example_dags/tutorial.py for tasks to queue
[2024-12-17 10:56:36,995] {logging_mixin.py:104} INFO - [2024-12-17 10:56:36,995] {dagbag.py:496} INFO - Filling up the DagBag from /home/airflow/.local/lib/python3.6/site-packages/airflow/example_dags/tutorial.py
[2024-12-17 10:56:37,008] {scheduler_job.py:643} INFO - DAG(s) dict_keys(['tutorial']) retrieved from /home/airflow/.local/lib/python3.6/site-packages/airflow/example_dags/tutorial.py
[2024-12-17 10:56:37,047] {logging_mixin.py:104} INFO - [2024-12-17 10:56:37,047] {dag.py:1833} INFO - Sync 1 DAGs
[2024-12-17 10:56:37,064] {logging_mixin.py:104} INFO - [2024-12-17 10:56:37,064] {dag.py:2306} INFO - Setting next_dagrun for tutorial to 2024-12-15 00:00:00+00:00
[2024-12-17 10:56:37,076] {scheduler_job.py:190} INFO - Processing /home/airflow/.local/lib/python3.6/site-packages/airflow/example_dags/tutorial.py took 0.090 seconds
[2024-12-17 10:57:07,338] {scheduler_job.py:182} INFO - Started process (PID=836) to work on /home/airflow/.local/lib/python3.6/site-packages/airflow/example_dags/tutorial.py
[2024-12-17 10:57:07,340] {scheduler_job.py:633} INFO - Processing file /home/airflow/.local/lib/python3.6/site-packages/airflow/example_dags/tutorial.py for tasks to queue
[2024-12-17 10:57:07,341] {logging_mixin.py:104} INFO - [2024-12-17 10:57:07,341] {dagbag.py:496} INFO - Filling up the DagBag from /home/airflow/.local/lib/python3.6/site-packages/airflow/example_dags/tutorial.py
[2024-12-17 10:57:07,364] {scheduler_job.py:643} INFO - DAG(s) dict_keys(['tutorial']) retrieved from /home/airflow/.local/lib/python3.6/site-packages/airflow/example_dags/tutorial.py
[2024-12-17 10:57:07,453] {logging_mixin.py:104} INFO - [2024-12-17 10:57:07,453] {dag.py:1833} INFO - Sync 1 DAGs
[2024-12-17 10:57:07,472] {logging_mixin.py:104} INFO - [2024-12-17 10:57:07,472] {dag.py:2306} INFO - Setting next_dagrun for tutorial to 2024-12-15 00:00:00+00:00
[2024-12-17 10:57:07,498] {scheduler_job.py:190} INFO - Processing /home/airflow/.local/lib/python3.6/site-packages/airflow/example_dags/tutorial.py took 0.181 seconds
[2024-12-17 10:57:37,999] {scheduler_job.py:182} INFO - Started process (PID=894) to work on /home/airflow/.local/lib/python3.6/site-packages/airflow/example_dags/tutorial.py
[2024-12-17 10:57:38,000] {scheduler_job.py:633} INFO - Processing file /home/airflow/.local/lib/python3.6/site-packages/airflow/example_dags/tutorial.py for tasks to queue
[2024-12-17 10:57:38,001] {logging_mixin.py:104} INFO - [2024-12-17 10:57:38,001] {dagbag.py:496} INFO - Filling up the DagBag from /home/airflow/.local/lib/python3.6/site-packages/airflow/example_dags/tutorial.py
[2024-12-17 10:57:38,017] {scheduler_job.py:643} INFO - DAG(s) dict_keys(['tutorial']) retrieved from /home/airflow/.local/lib/python3.6/site-packages/airflow/example_dags/tutorial.py
[2024-12-17 10:57:38,070] {logging_mixin.py:104} INFO - [2024-12-17 10:57:38,069] {dag.py:1833} INFO - Sync 1 DAGs
[2024-12-17 10:57:38,096] {logging_mixin.py:104} INFO - [2024-12-17 10:57:38,096] {dag.py:2306} INFO - Setting next_dagrun for tutorial to 2024-12-15 00:00:00+00:00
[2024-12-17 10:57:38,114] {scheduler_job.py:190} INFO - Processing /home/airflow/.local/lib/python3.6/site-packages/airflow/example_dags/tutorial.py took 0.120 seconds
[2024-12-17 10:58:09,038] {scheduler_job.py:182} INFO - Started process (PID=955) to work on /home/airflow/.local/lib/python3.6/site-packages/airflow/example_dags/tutorial.py
[2024-12-17 10:58:09,038] {scheduler_job.py:633} INFO - Processing file /home/airflow/.local/lib/python3.6/site-packages/airflow/example_dags/tutorial.py for tasks to queue
[2024-12-17 10:58:09,039] {logging_mixin.py:104} INFO - [2024-12-17 10:58:09,039] {dagbag.py:496} INFO - Filling up the DagBag from /home/airflow/.local/lib/python3.6/site-packages/airflow/example_dags/tutorial.py
[2024-12-17 10:58:09,112] {scheduler_job.py:643} INFO - DAG(s) dict_keys(['tutorial']) retrieved from /home/airflow/.local/lib/python3.6/site-packages/airflow/example_dags/tutorial.py
[2024-12-17 10:58:09,189] {logging_mixin.py:104} INFO - [2024-12-17 10:58:09,189] {dag.py:1833} INFO - Sync 1 DAGs
[2024-12-17 10:58:09,218] {logging_mixin.py:104} INFO - [2024-12-17 10:58:09,218] {dag.py:2306} INFO - Setting next_dagrun for tutorial to 2024-12-15 00:00:00+00:00
[2024-12-17 10:58:09,244] {scheduler_job.py:190} INFO - Processing /home/airflow/.local/lib/python3.6/site-packages/airflow/example_dags/tutorial.py took 0.217 seconds
[2024-12-17 10:58:39,692] {scheduler_job.py:182} INFO - Started process (PID=1005) to work on /home/airflow/.local/lib/python3.6/site-packages/airflow/example_dags/tutorial.py
[2024-12-17 10:58:39,693] {scheduler_job.py:633} INFO - Processing file /home/airflow/.local/lib/python3.6/site-packages/airflow/example_dags/tutorial.py for tasks to queue
[2024-12-17 10:58:39,694] {logging_mixin.py:104} INFO - [2024-12-17 10:58:39,694] {dagbag.py:496} INFO - Filling up the DagBag from /home/airflow/.local/lib/python3.6/site-packages/airflow/example_dags/tutorial.py
[2024-12-17 10:58:39,713] {scheduler_job.py:643} INFO - DAG(s) dict_keys(['tutorial']) retrieved from /home/airflow/.local/lib/python3.6/site-packages/airflow/example_dags/tutorial.py
[2024-12-17 10:58:39,806] {logging_mixin.py:104} INFO - [2024-12-17 10:58:39,804] {dag.py:1833} INFO - Sync 1 DAGs
[2024-12-17 10:58:39,846] {logging_mixin.py:104} INFO - [2024-12-17 10:58:39,846] {dag.py:2306} INFO - Setting next_dagrun for tutorial to 2024-12-15 00:00:00+00:00
[2024-12-17 10:58:39,875] {scheduler_job.py:190} INFO - Processing /home/airflow/.local/lib/python3.6/site-packages/airflow/example_dags/tutorial.py took 0.188 seconds
