[2024-12-19 12:49:42,269] {taskinstance.py:896} INFO - Dependencies all met for <TaskInstance: run_python_script_dag.run_python_script 2024-12-19T12:49:40.940562+00:00 [queued]>
[2024-12-19 12:49:42,290] {taskinstance.py:896} INFO - Dependencies all met for <TaskInstance: run_python_script_dag.run_python_script 2024-12-19T12:49:40.940562+00:00 [queued]>
[2024-12-19 12:49:42,290] {taskinstance.py:1087} INFO - 
--------------------------------------------------------------------------------
[2024-12-19 12:49:42,290] {taskinstance.py:1088} INFO - Starting attempt 1 of 1
[2024-12-19 12:49:42,291] {taskinstance.py:1089} INFO - 
--------------------------------------------------------------------------------
[2024-12-19 12:49:42,318] {taskinstance.py:1107} INFO - Executing <Task(BashOperator): run_python_script> on 2024-12-19T12:49:40.940562+00:00
[2024-12-19 12:49:42,324] {standard_task_runner.py:52} INFO - Started process 10873 to run task
[2024-12-19 12:49:42,330] {standard_task_runner.py:76} INFO - Running: ['***', 'tasks', 'run', 'run_python_script_dag', 'run_python_script', '2024-12-19T12:49:40.940562+00:00', '--job-id', '3', '--pool', 'default_pool', '--raw', '--subdir', 'DAGS_FOLDER/creation.py', '--cfg-path', '/tmp/tmpant92a2m', '--error-file', '/tmp/tmpmx0uevpv']
[2024-12-19 12:49:42,330] {standard_task_runner.py:77} INFO - Job 3: Subtask run_python_script
[2024-12-19 12:49:42,406] {logging_mixin.py:104} INFO - Running <TaskInstance: run_python_script_dag.run_python_script 2024-12-19T12:49:40.940562+00:00 [running]> on host 837a3c72cb91
[2024-12-19 12:49:42,493] {taskinstance.py:1302} INFO - Exporting the following env vars:
AIRFLOW_CTX_DAG_OWNER=***
AIRFLOW_CTX_DAG_ID=run_python_script_dag
AIRFLOW_CTX_TASK_ID=run_python_script
AIRFLOW_CTX_EXECUTION_DATE=2024-12-19T12:49:40.940562+00:00
AIRFLOW_CTX_DAG_RUN_ID=manual__2024-12-19T12:49:40.940562+00:00
[2024-12-19 12:49:42,495] {subprocess.py:52} INFO - Tmp dir root location: 
 /tmp
[2024-12-19 12:49:42,495] {subprocess.py:63} INFO - Running command: ['bash', '-c', 'cd /opt/***/scripts/ && python tableCreation.py']
[2024-12-19 12:49:42,508] {subprocess.py:75} INFO - Output:
[2024-12-19 12:49:43,588] {subprocess.py:83} INFO - Command exited with return code 0
[2024-12-19 12:49:43,697] {taskinstance.py:1211} INFO - Marking task as SUCCESS. dag_id=run_python_script_dag, task_id=run_python_script, execution_date=20241219T124940, start_date=20241219T124942, end_date=20241219T124943
[2024-12-19 12:49:43,767] {taskinstance.py:1265} INFO - 0 downstream tasks scheduled from follow-on schedule check
[2024-12-19 12:49:43,808] {local_task_job.py:151} INFO - Task exited with return code 0
